2020-02-24 13:21:04,858 [INFO] (StartupInfoLogger.java:50)- Starting BreastApplication on LAPTOP-562395R3 with PID 19232 (started by 爱哭的周小姐 in D:\软件应用\java IDE\IntelliJ IDEA 2019.1\项目\breastfeed\新建文件夹\server\bfbackend)
2020-02-24 13:21:04,892 [DEBUG] (StartupInfoLogger.java:53)- Running with Spring Boot v2.1.9.RELEASE, Spring v5.1.10.RELEASE
2020-02-24 13:21:04,893 [INFO] (SpringApplication.java:648)- No active profile set, falling back to default profiles: default
2020-02-24 13:21:11,556 [INFO] (StartupInfoLogger.java:59)- Started BreastApplication in 7.788 seconds (JVM running for 13.978)
2020-02-24 13:21:45,593 [DEBUG] (BaseJdbcLogger.java:143)- ==>  Preparing: select id, title, audioURL, category, cover_url from audio 
2020-02-24 13:21:45,624 [DEBUG] (BaseJdbcLogger.java:143)- ==> Parameters: 
2020-02-24 13:21:45,713 [DEBUG] (BaseJdbcLogger.java:143)- <==      Total: 6
2020-02-24 13:21:45,717 [DEBUG] (BaseJdbcLogger.java:143)- ==>  Preparing: select id, title, description, img_url, category from article 
2020-02-24 13:21:45,717 [DEBUG] (BaseJdbcLogger.java:143)- ==> Parameters: 
2020-02-24 13:21:45,856 [DEBUG] (BaseJdbcLogger.java:143)- <==      Total: 20
2020-02-24 13:21:45,857 [DEBUG] (BaseJdbcLogger.java:143)- ==>  Preparing: select id, title, vedioURL, cover_url, category, description from vedio 
2020-02-24 13:21:45,858 [DEBUG] (BaseJdbcLogger.java:143)- ==> Parameters: 
2020-02-24 13:21:45,946 [DEBUG] (BaseJdbcLogger.java:143)- <==      Total: 9
2020-02-24 13:22:22,390 [DEBUG] (BaseJdbcLogger.java:143)- ==>  Preparing: select id, user_name, user_password, token, name, consult_cost, license_number from doctor where user_name = ? 
2020-02-24 13:22:22,391 [DEBUG] (BaseJdbcLogger.java:143)- ==> Parameters: 111(String)
2020-02-24 13:22:22,554 [DEBUG] (BaseJdbcLogger.java:143)- <==      Total: 1
2020-02-24 13:22:29,674 [DEBUG] (BaseJdbcLogger.java:143)- ==>  Preparing: select id, user_name, user_password, token, name, consult_cost, license_number from doctor where token = ? 
2020-02-24 13:22:29,674 [DEBUG] (BaseJdbcLogger.java:143)- ==> Parameters: b1e071cfd4b74d2e89794641d68db84a(String)
2020-02-24 13:22:29,801 [DEBUG] (BaseJdbcLogger.java:143)- <==      Total: 1
2020-02-24 13:22:29,988 [DEBUG] (BaseJdbcLogger.java:143)- ==>  Preparing: select id, title, audioURL, category, cover_url from audio 
2020-02-24 13:22:29,988 [DEBUG] (BaseJdbcLogger.java:143)- ==> Parameters: 
2020-02-24 13:22:29,990 [DEBUG] (BaseJdbcLogger.java:143)- ==>  Preparing: select id, title, description, img_url, category from article 
2020-02-24 13:22:29,990 [DEBUG] (BaseJdbcLogger.java:143)- ==> Parameters: 
2020-02-24 13:22:30,066 [DEBUG] (BaseJdbcLogger.java:143)- <==      Total: 20
2020-02-24 13:22:30,068 [DEBUG] (BaseJdbcLogger.java:143)- <==      Total: 6
2020-02-24 13:22:30,071 [DEBUG] (BaseJdbcLogger.java:143)- ==>  Preparing: select id, title, vedioURL, cover_url, category, description from vedio 
2020-02-24 13:22:30,071 [DEBUG] (BaseJdbcLogger.java:143)- ==> Parameters: 
2020-02-24 13:22:30,147 [DEBUG] (BaseJdbcLogger.java:143)- <==      Total: 9
2020-02-24 13:31:02,825 [DEBUG] (BaseJdbcLogger.java:143)- ==>  Preparing: select id, user_name, user_password, token, name, consult_cost, license_number from doctor where token = ? 
2020-02-24 13:31:02,826 [DEBUG] (BaseJdbcLogger.java:143)- ==> Parameters: b1e071cfd4b74d2e89794641d68db84a(String)
2020-02-24 13:31:02,900 [DEBUG] (BaseJdbcLogger.java:143)- <==      Total: 1
2020-02-24 13:31:02,912 [DEBUG] (BaseJdbcLogger.java:143)- ==>  Preparing: select id, title, description, img_url, category from article 
2020-02-24 13:31:02,912 [DEBUG] (BaseJdbcLogger.java:143)- ==> Parameters: 
2020-02-24 13:31:03,021 [DEBUG] (BaseJdbcLogger.java:143)- <==      Total: 20
2020-02-24 13:31:03,024 [DEBUG] (BaseJdbcLogger.java:143)- ==>  Preparing: select id, title, audioURL, category, cover_url from audio 
2020-02-24 13:31:03,025 [DEBUG] (BaseJdbcLogger.java:143)- ==> Parameters: 
2020-02-24 13:31:03,026 [DEBUG] (BaseJdbcLogger.java:143)- ==>  Preparing: select id, title, vedioURL, cover_url, category, description from vedio 
2020-02-24 13:31:03,026 [DEBUG] (BaseJdbcLogger.java:143)- ==> Parameters: 
2020-02-24 13:31:03,120 [DEBUG] (BaseJdbcLogger.java:143)- <==      Total: 9
2020-02-24 13:31:03,131 [DEBUG] (BaseJdbcLogger.java:143)- <==      Total: 6
2020-02-24 13:34:03,337 [DEBUG] (BaseJdbcLogger.java:143)- ==>  Preparing: select id, user_name, user_password, token, name, consult_cost, license_number from doctor where token = ? 
2020-02-24 13:34:03,337 [DEBUG] (BaseJdbcLogger.java:143)- ==> Parameters: b1e071cfd4b74d2e89794641d68db84a(String)
2020-02-24 13:34:03,422 [DEBUG] (BaseJdbcLogger.java:143)- <==      Total: 1
2020-02-24 13:34:03,424 [DEBUG] (BaseJdbcLogger.java:143)- ==>  Preparing: select id, title, description, img_url, category from article 
2020-02-24 13:34:03,424 [DEBUG] (BaseJdbcLogger.java:143)- ==> Parameters: 
2020-02-24 13:34:03,427 [DEBUG] (BaseJdbcLogger.java:143)- ==>  Preparing: select id, title, audioURL, category, cover_url from audio 
2020-02-24 13:34:03,427 [DEBUG] (BaseJdbcLogger.java:143)- ==> Parameters: 
2020-02-24 13:34:03,437 [DEBUG] (BaseJdbcLogger.java:143)- ==>  Preparing: select id, title, vedioURL, cover_url, category, description from vedio 
2020-02-24 13:34:03,438 [DEBUG] (BaseJdbcLogger.java:143)- ==> Parameters: 
2020-02-24 13:34:03,508 [DEBUG] (BaseJdbcLogger.java:143)- <==      Total: 20
2020-02-24 13:34:03,509 [DEBUG] (BaseJdbcLogger.java:143)- <==      Total: 6
2020-02-24 13:34:03,528 [DEBUG] (BaseJdbcLogger.java:143)- <==      Total: 9
2020-02-24 13:36:07,465 [DEBUG] (BaseJdbcLogger.java:143)- ==>  Preparing: select id, user_name, user_password, token, name, consult_cost, license_number from doctor where token = ? 
2020-02-24 13:36:07,466 [DEBUG] (BaseJdbcLogger.java:143)- ==> Parameters: b1e071cfd4b74d2e89794641d68db84a(String)
2020-02-24 13:36:07,542 [DEBUG] (BaseJdbcLogger.java:143)- <==      Total: 1
2020-02-24 13:36:07,586 [DEBUG] (BaseJdbcLogger.java:143)- ==>  Preparing: select id, title, description, img_url, category from article 
2020-02-24 13:36:07,586 [DEBUG] (BaseJdbcLogger.java:143)- ==> Parameters: 
2020-02-24 13:36:07,675 [DEBUG] (BaseJdbcLogger.java:143)- ==>  Preparing: select id, title, audioURL, category, cover_url from audio 
2020-02-24 13:36:07,676 [DEBUG] (BaseJdbcLogger.java:143)- ==> Parameters: 
2020-02-24 13:36:07,677 [DEBUG] (BaseJdbcLogger.java:143)- <==      Total: 20
2020-02-24 13:36:07,679 [DEBUG] (BaseJdbcLogger.java:143)- ==>  Preparing: select id, title, vedioURL, cover_url, category, description from vedio 
2020-02-24 13:36:07,679 [DEBUG] (BaseJdbcLogger.java:143)- ==> Parameters: 
2020-02-24 13:36:07,763 [DEBUG] (BaseJdbcLogger.java:143)- <==      Total: 6
2020-02-24 13:36:07,770 [DEBUG] (BaseJdbcLogger.java:143)- <==      Total: 9
2020-02-24 13:36:42,875 [DEBUG] (BaseJdbcLogger.java:143)- ==>  Preparing: select id, user_name, user_password, token, name, consult_cost, license_number from doctor where token = ? 
2020-02-24 13:36:42,875 [DEBUG] (BaseJdbcLogger.java:143)- ==> Parameters: b1e071cfd4b74d2e89794641d68db84a(String)
2020-02-24 13:36:43,048 [DEBUG] (BaseJdbcLogger.java:143)- <==      Total: 1
2020-02-24 13:36:43,139 [DEBUG] (BaseJdbcLogger.java:143)- ==>  Preparing: select id, title, description, img_url, category from article 
2020-02-24 13:36:43,139 [DEBUG] (BaseJdbcLogger.java:143)- ==> Parameters: 
2020-02-24 13:36:43,140 [DEBUG] (BaseJdbcLogger.java:143)- ==>  Preparing: select id, title, audioURL, category, cover_url from audio 
2020-02-24 13:36:43,141 [DEBUG] (BaseJdbcLogger.java:143)- ==> Parameters: 
2020-02-24 13:36:43,141 [DEBUG] (BaseJdbcLogger.java:143)- ==>  Preparing: select id, title, vedioURL, cover_url, category, description from vedio 
2020-02-24 13:36:43,142 [DEBUG] (BaseJdbcLogger.java:143)- ==> Parameters: 
2020-02-24 13:36:43,212 [DEBUG] (BaseJdbcLogger.java:143)- <==      Total: 20
2020-02-24 13:36:43,231 [DEBUG] (BaseJdbcLogger.java:143)- <==      Total: 6
2020-02-24 13:36:43,232 [DEBUG] (BaseJdbcLogger.java:143)- <==      Total: 9
2020-02-24 13:45:03,807 [DEBUG] (BaseJdbcLogger.java:143)- ==>  Preparing: select id, user_name, user_password, token, name, consult_cost, license_number from doctor where token = ? 
2020-02-24 13:45:03,808 [DEBUG] (BaseJdbcLogger.java:143)- ==> Parameters: b1e071cfd4b74d2e89794641d68db84a(String)
2020-02-24 13:45:03,906 [DEBUG] (BaseJdbcLogger.java:143)- <==      Total: 1
2020-02-24 13:45:03,928 [DEBUG] (BaseJdbcLogger.java:143)- ==>  Preparing: select id, title, description, img_url, category from article 
2020-02-24 13:45:03,928 [DEBUG] (BaseJdbcLogger.java:143)- ==> Parameters: 
2020-02-24 13:45:03,934 [DEBUG] (BaseJdbcLogger.java:143)- ==>  Preparing: select id, title, vedioURL, cover_url, category, description from vedio 
2020-02-24 13:45:03,934 [DEBUG] (BaseJdbcLogger.java:143)- ==> Parameters: 
2020-02-24 13:45:03,937 [DEBUG] (BaseJdbcLogger.java:143)- ==>  Preparing: select id, title, audioURL, category, cover_url from audio 
2020-02-24 13:45:03,937 [DEBUG] (BaseJdbcLogger.java:143)- ==> Parameters: 
2020-02-24 13:45:04,016 [DEBUG] (BaseJdbcLogger.java:143)- <==      Total: 9
2020-02-24 13:45:04,029 [DEBUG] (BaseJdbcLogger.java:143)- <==      Total: 20
2020-02-24 13:45:04,029 [DEBUG] (BaseJdbcLogger.java:143)- <==      Total: 6
2020-02-24 13:50:05,920 [DEBUG] (BaseJdbcLogger.java:143)- ==>  Preparing: select id, title, vedioURL, cover_url, category, description from vedio 
2020-02-24 13:50:05,921 [DEBUG] (BaseJdbcLogger.java:143)- ==> Parameters: 
2020-02-24 13:50:05,924 [DEBUG] (BaseJdbcLogger.java:143)- ==>  Preparing: select id, user_name, user_password, token, name, consult_cost, license_number from doctor where token = ? 
2020-02-24 13:50:05,925 [DEBUG] (BaseJdbcLogger.java:143)- ==> Parameters: b1e071cfd4b74d2e89794641d68db84a(String)
2020-02-24 13:50:05,926 [DEBUG] (BaseJdbcLogger.java:143)- ==>  Preparing: select id, title, description, img_url, category from article 
2020-02-24 13:50:05,927 [DEBUG] (BaseJdbcLogger.java:143)- ==> Parameters: 
2020-02-24 13:50:05,928 [DEBUG] (BaseJdbcLogger.java:143)- ==>  Preparing: select id, title, audioURL, category, cover_url from audio 
2020-02-24 13:50:05,928 [DEBUG] (BaseJdbcLogger.java:143)- ==> Parameters: 
2020-02-24 13:50:06,005 [DEBUG] (BaseJdbcLogger.java:143)- <==      Total: 9
2020-02-24 13:50:06,008 [DEBUG] (BaseJdbcLogger.java:143)- <==      Total: 1
2020-02-24 13:50:06,009 [DEBUG] (BaseJdbcLogger.java:143)- <==      Total: 20
2020-02-24 13:50:06,010 [DEBUG] (BaseJdbcLogger.java:143)- <==      Total: 6
2020-02-24 13:53:12,153 [DEBUG] (BaseJdbcLogger.java:143)- ==>  Preparing: select id, title, vedioURL, cover_url, category, description from vedio 
2020-02-24 13:53:12,153 [DEBUG] (BaseJdbcLogger.java:143)- ==> Parameters: 
2020-02-24 13:53:12,154 [DEBUG] (BaseJdbcLogger.java:143)- ==>  Preparing: select id, title, description, img_url, category from article 
2020-02-24 13:53:12,155 [DEBUG] (BaseJdbcLogger.java:143)- ==> Parameters: 
2020-02-24 13:53:12,156 [DEBUG] (BaseJdbcLogger.java:143)- ==>  Preparing: select id, title, audioURL, category, cover_url from audio 
2020-02-24 13:53:12,157 [DEBUG] (BaseJdbcLogger.java:143)- ==> Parameters: 
2020-02-24 13:53:12,247 [DEBUG] (BaseJdbcLogger.java:143)- <==      Total: 6
2020-02-24 13:53:12,248 [DEBUG] (BaseJdbcLogger.java:143)- <==      Total: 9
2020-02-24 13:53:12,250 [DEBUG] (BaseJdbcLogger.java:143)- <==      Total: 20
2020-02-24 13:53:44,020 [DEBUG] (BaseJdbcLogger.java:143)- ==>  Preparing: select user_id, age, credit_id, pregnant_type, pregnant_week, job, confinement_date, confinement_week, confinement_type, user_name, user_password, user_token from user where user_name = ? 
2020-02-24 13:53:44,021 [DEBUG] (BaseJdbcLogger.java:143)- ==> Parameters: 111(String)
2020-02-24 13:53:44,106 [DEBUG] (BaseJdbcLogger.java:143)- <==      Total: 1
2020-02-24 14:03:52,707 [DEBUG] (BaseJdbcLogger.java:143)- ==>  Preparing: select id, user_name, user_password, token, name, consult_cost, license_number from doctor where token = ? 
2020-02-24 14:03:52,708 [DEBUG] (BaseJdbcLogger.java:143)- ==> Parameters: b1e071cfd4b74d2e89794641d68db84a(String)
2020-02-24 14:03:52,752 [DEBUG] (BaseJdbcLogger.java:143)- ==>  Preparing: select id, title, description, img_url, category from article 
2020-02-24 14:03:52,752 [DEBUG] (BaseJdbcLogger.java:143)- ==> Parameters: 
2020-02-24 14:03:52,753 [DEBUG] (BaseJdbcLogger.java:143)- ==>  Preparing: select id, title, audioURL, category, cover_url from audio 
2020-02-24 14:03:52,754 [DEBUG] (BaseJdbcLogger.java:143)- ==> Parameters: 
2020-02-24 14:03:52,771 [DEBUG] (BaseJdbcLogger.java:143)- ==>  Preparing: select id, title, vedioURL, cover_url, category, description from vedio 
2020-02-24 14:03:52,772 [DEBUG] (BaseJdbcLogger.java:143)- ==> Parameters: 
2020-02-24 14:03:52,797 [DEBUG] (BaseJdbcLogger.java:143)- <==      Total: 1
2020-02-24 14:03:52,827 [DEBUG] (BaseJdbcLogger.java:143)- <==      Total: 20
2020-02-24 14:03:52,828 [DEBUG] (BaseJdbcLogger.java:143)- <==      Total: 6
2020-02-24 14:03:52,854 [DEBUG] (BaseJdbcLogger.java:143)- <==      Total: 9
2020-02-24 17:29:03,083 [INFO] (StartupInfoLogger.java:50)- Starting BreastApplication on LAPTOP-562395R3 with PID 19416 (started by 爱哭的周小姐 in D:\软件应用\java IDE\IntelliJ IDEA 2019.1\项目\breastfeed\新建文件夹\server\bfbackend)
2020-02-24 17:29:03,108 [DEBUG] (StartupInfoLogger.java:53)- Running with Spring Boot v2.1.9.RELEASE, Spring v5.1.10.RELEASE
2020-02-24 17:29:03,109 [INFO] (SpringApplication.java:648)- No active profile set, falling back to default profiles: default
2020-02-24 17:29:07,860 [INFO] (StartupInfoLogger.java:59)- Started BreastApplication in 5.407 seconds (JVM running for 9.104)
2020-02-24 17:29:21,441 [DEBUG] (BaseJdbcLogger.java:143)- ==>  Preparing: select id, user_name, user_password, token, name, consult_cost, license_number from doctor where token = ? 
2020-02-24 17:29:21,470 [DEBUG] (BaseJdbcLogger.java:143)- ==> Parameters: b1e071cfd4b74d2e89794641d68db84a(String)
2020-02-24 17:29:21,594 [DEBUG] (BaseJdbcLogger.java:143)- <==      Total: 1
2020-02-24 17:29:21,597 [DEBUG] (BaseJdbcLogger.java:143)- ==>  Preparing: select id, title, description, img_url, category from article 
2020-02-24 17:29:21,597 [DEBUG] (BaseJdbcLogger.java:143)- ==> Parameters: 
2020-02-24 17:29:21,691 [DEBUG] (BaseJdbcLogger.java:143)- <==      Total: 20
2020-02-24 17:29:21,692 [DEBUG] (BaseJdbcLogger.java:143)- ==>  Preparing: select id, title, audioURL, category, cover_url from audio 
2020-02-24 17:29:21,693 [DEBUG] (BaseJdbcLogger.java:143)- ==> Parameters: 
2020-02-24 17:29:21,765 [DEBUG] (BaseJdbcLogger.java:143)- <==      Total: 6
2020-02-24 17:29:21,766 [DEBUG] (BaseJdbcLogger.java:143)- ==>  Preparing: select id, title, vedioURL, cover_url, category, description from vedio 
2020-02-24 17:29:21,767 [DEBUG] (BaseJdbcLogger.java:143)- ==> Parameters: 
2020-02-24 17:29:21,846 [DEBUG] (BaseJdbcLogger.java:143)- <==      Total: 9
2020-02-24 17:30:32,450 [DEBUG] (BaseJdbcLogger.java:143)- ==>  Preparing: select id, user_name, user_password, token, name, consult_cost, license_number from doctor where token = ? 
2020-02-24 17:30:32,451 [DEBUG] (BaseJdbcLogger.java:143)- ==> Parameters: b1e071cfd4b74d2e89794641d68db84a(String)
2020-02-24 17:30:32,522 [DEBUG] (BaseJdbcLogger.java:143)- <==      Total: 1
2020-02-24 17:30:33,240 [DEBUG] (BaseJdbcLogger.java:143)- ==>  Preparing: select id, title, description, img_url, category from article 
2020-02-24 17:30:33,241 [DEBUG] (BaseJdbcLogger.java:143)- ==> Parameters: 
2020-02-24 17:30:33,406 [DEBUG] (BaseJdbcLogger.java:143)- <==      Total: 20
2020-02-24 17:30:33,407 [DEBUG] (BaseJdbcLogger.java:143)- ==>  Preparing: select id, title, audioURL, category, cover_url from audio 
2020-02-24 17:30:33,408 [DEBUG] (BaseJdbcLogger.java:143)- ==> Parameters: 
2020-02-24 17:30:33,413 [DEBUG] (BaseJdbcLogger.java:143)- ==>  Preparing: select id, title, vedioURL, cover_url, category, description from vedio 
2020-02-24 17:30:33,414 [DEBUG] (BaseJdbcLogger.java:143)- ==> Parameters: 
2020-02-24 17:30:33,488 [DEBUG] (BaseJdbcLogger.java:143)- <==      Total: 6
2020-02-24 17:30:33,490 [DEBUG] (BaseJdbcLogger.java:143)- <==      Total: 9
2020-02-24 17:32:09,078 [DEBUG] (BaseJdbcLogger.java:143)- ==>  Preparing: select id, title, audioURL, category, cover_url from audio 
2020-02-24 17:32:09,079 [DEBUG] (BaseJdbcLogger.java:143)- ==> Parameters: 
2020-02-24 17:32:09,080 [DEBUG] (BaseJdbcLogger.java:143)- ==>  Preparing: select id, title, vedioURL, cover_url, category, description from vedio 
2020-02-24 17:32:09,081 [DEBUG] (BaseJdbcLogger.java:143)- ==> Parameters: 
2020-02-24 17:32:09,082 [DEBUG] (BaseJdbcLogger.java:143)- ==>  Preparing: select id, title, description, img_url, category from article 
2020-02-24 17:32:09,082 [DEBUG] (BaseJdbcLogger.java:143)- ==> Parameters: 
2020-02-24 17:32:09,156 [DEBUG] (BaseJdbcLogger.java:143)- <==      Total: 6
2020-02-24 17:32:09,161 [DEBUG] (BaseJdbcLogger.java:143)- <==      Total: 9
2020-02-24 17:32:09,165 [DEBUG] (BaseJdbcLogger.java:143)- <==      Total: 20
2020-02-24 17:32:18,377 [DEBUG] (BaseJdbcLogger.java:143)- ==>  Preparing: select id, title, description, img_url, category from article 
2020-02-24 17:32:18,377 [DEBUG] (BaseJdbcLogger.java:143)- ==> Parameters: 
2020-02-24 17:32:18,384 [DEBUG] (BaseJdbcLogger.java:143)- ==>  Preparing: select id, title, audioURL, category, cover_url from audio 
2020-02-24 17:32:18,384 [DEBUG] (BaseJdbcLogger.java:143)- ==> Parameters: 
2020-02-24 17:32:18,385 [DEBUG] (BaseJdbcLogger.java:143)- ==>  Preparing: select id, title, vedioURL, cover_url, category, description from vedio 
2020-02-24 17:32:18,386 [DEBUG] (BaseJdbcLogger.java:143)- ==> Parameters: 
2020-02-24 17:32:18,507 [DEBUG] (BaseJdbcLogger.java:143)- <==      Total: 20
2020-02-24 17:32:18,510 [DEBUG] (BaseJdbcLogger.java:143)- <==      Total: 9
2020-02-24 17:32:18,510 [DEBUG] (BaseJdbcLogger.java:143)- <==      Total: 6
2020-02-24 17:32:42,406 [DEBUG] (BaseJdbcLogger.java:143)- ==>  Preparing: select id, user_name, user_password, token, name, consult_cost, license_number from doctor where token = ? 
2020-02-24 17:32:42,407 [DEBUG] (BaseJdbcLogger.java:143)- ==> Parameters: b1e071cfd4b74d2e89794641d68db84a(String)
2020-02-24 17:32:42,587 [DEBUG] (BaseJdbcLogger.java:143)- <==      Total: 1
2020-02-24 17:32:42,696 [DEBUG] (BaseJdbcLogger.java:143)- ==>  Preparing: select id, title, description, img_url, category from article 
2020-02-24 17:32:42,697 [DEBUG] (BaseJdbcLogger.java:143)- ==> Parameters: 
2020-02-24 17:32:42,703 [DEBUG] (BaseJdbcLogger.java:143)- ==>  Preparing: select id, title, audioURL, category, cover_url from audio 
2020-02-24 17:32:42,704 [DEBUG] (BaseJdbcLogger.java:143)- ==> Parameters: 
2020-02-24 17:32:42,715 [DEBUG] (BaseJdbcLogger.java:143)- ==>  Preparing: select id, title, vedioURL, cover_url, category, description from vedio 
2020-02-24 17:32:42,716 [DEBUG] (BaseJdbcLogger.java:143)- ==> Parameters: 
2020-02-24 17:32:42,789 [DEBUG] (BaseJdbcLogger.java:143)- <==      Total: 6
2020-02-24 17:32:42,796 [DEBUG] (BaseJdbcLogger.java:143)- <==      Total: 20
2020-02-24 17:32:42,799 [DEBUG] (BaseJdbcLogger.java:143)- <==      Total: 9
2020-02-24 17:33:07,597 [DEBUG] (BaseJdbcLogger.java:143)- ==>  Preparing: select id, user_name, user_password, token, name, consult_cost, license_number from doctor where token = ? 
2020-02-24 17:33:07,598 [DEBUG] (BaseJdbcLogger.java:143)- ==> Parameters: b1e071cfd4b74d2e89794641d68db84a(String)
2020-02-24 17:33:07,843 [DEBUG] (BaseJdbcLogger.java:143)- ==>  Preparing: select id, title, description, img_url, category from article 
2020-02-24 17:33:07,843 [DEBUG] (BaseJdbcLogger.java:143)- ==> Parameters: 
2020-02-24 17:33:07,855 [DEBUG] (BaseJdbcLogger.java:143)- ==>  Preparing: select id, title, audioURL, category, cover_url from audio 
2020-02-24 17:33:07,855 [DEBUG] (BaseJdbcLogger.java:143)- ==> Parameters: 
2020-02-24 17:33:07,922 [DEBUG] (BaseJdbcLogger.java:143)- <==      Total: 1
2020-02-24 17:33:07,922 [DEBUG] (BaseJdbcLogger.java:143)- ==>  Preparing: select id, title, vedioURL, cover_url, category, description from vedio 
2020-02-24 17:33:07,923 [DEBUG] (BaseJdbcLogger.java:143)- ==> Parameters: 
2020-02-24 17:33:07,966 [DEBUG] (BaseJdbcLogger.java:143)- <==      Total: 6
2020-02-24 17:33:07,970 [DEBUG] (BaseJdbcLogger.java:143)- <==      Total: 20
2020-02-24 17:33:08,007 [DEBUG] (BaseJdbcLogger.java:143)- <==      Total: 9
2020-02-24 17:44:34,339 [DEBUG] (BaseJdbcLogger.java:143)- ==>  Preparing: select id, user_name, user_password, token, name, consult_cost, license_number from doctor where token = ? 
2020-02-24 17:44:34,340 [DEBUG] (BaseJdbcLogger.java:143)- ==> Parameters: b1e071cfd4b74d2e89794641d68db84a(String)
2020-02-24 17:44:34,427 [DEBUG] (BaseJdbcLogger.java:143)- <==      Total: 1
2020-02-24 17:44:34,481 [DEBUG] (BaseJdbcLogger.java:143)- ==>  Preparing: select id, title, description, img_url, category from article 
2020-02-24 17:44:34,482 [DEBUG] (BaseJdbcLogger.java:143)- ==> Parameters: 
2020-02-24 17:44:34,563 [DEBUG] (BaseJdbcLogger.java:143)- ==>  Preparing: select id, title, audioURL, category, cover_url from audio 
2020-02-24 17:44:34,564 [DEBUG] (BaseJdbcLogger.java:143)- ==> Parameters: 
2020-02-24 17:44:34,575 [DEBUG] (BaseJdbcLogger.java:143)- <==      Total: 20
2020-02-24 17:44:34,577 [DEBUG] (BaseJdbcLogger.java:143)- ==>  Preparing: select id, title, vedioURL, cover_url, category, description from vedio 
2020-02-24 17:44:34,578 [DEBUG] (BaseJdbcLogger.java:143)- ==> Parameters: 
2020-02-24 17:44:34,634 [DEBUG] (BaseJdbcLogger.java:143)- <==      Total: 6
2020-02-24 17:44:34,656 [DEBUG] (BaseJdbcLogger.java:143)- <==      Total: 9
2020-02-24 17:45:05,793 [DEBUG] (BaseJdbcLogger.java:143)- ==>  Preparing: select id, title, description, img_url, category from article 
2020-02-24 17:45:05,793 [DEBUG] (BaseJdbcLogger.java:143)- ==>  Preparing: select id, title, audioURL, category, cover_url from audio 
2020-02-24 17:45:05,794 [DEBUG] (BaseJdbcLogger.java:143)- ==> Parameters: 
2020-02-24 17:45:05,794 [DEBUG] (BaseJdbcLogger.java:143)- ==> Parameters: 
2020-02-24 17:45:05,796 [DEBUG] (BaseJdbcLogger.java:143)- ==>  Preparing: select id, title, vedioURL, cover_url, category, description from vedio 
2020-02-24 17:45:05,796 [DEBUG] (BaseJdbcLogger.java:143)- ==> Parameters: 
2020-02-24 17:45:05,969 [DEBUG] (BaseJdbcLogger.java:143)- <==      Total: 20
2020-02-24 17:45:05,970 [DEBUG] (BaseJdbcLogger.java:143)- <==      Total: 6
2020-02-24 17:45:05,982 [DEBUG] (BaseJdbcLogger.java:143)- <==      Total: 9
2020-02-24 17:45:20,306 [DEBUG] (BaseJdbcLogger.java:143)- ==>  Preparing: select id, title, description, img_url, category from article 
2020-02-24 17:45:20,306 [DEBUG] (BaseJdbcLogger.java:143)- ==>  Preparing: select id, title, audioURL, category, cover_url from audio 
2020-02-24 17:45:20,306 [DEBUG] (BaseJdbcLogger.java:143)- ==> Parameters: 
2020-02-24 17:45:20,306 [DEBUG] (BaseJdbcLogger.java:143)- ==> Parameters: 
2020-02-24 17:45:20,309 [DEBUG] (BaseJdbcLogger.java:143)- ==>  Preparing: select id, title, vedioURL, cover_url, category, description from vedio 
2020-02-24 17:45:20,310 [DEBUG] (BaseJdbcLogger.java:143)- ==> Parameters: 
2020-02-24 17:45:20,408 [DEBUG] (BaseJdbcLogger.java:143)- <==      Total: 6
2020-02-24 17:45:20,421 [DEBUG] (BaseJdbcLogger.java:143)- <==      Total: 9
2020-02-24 17:45:20,433 [DEBUG] (BaseJdbcLogger.java:143)- <==      Total: 20
2020-02-24 17:45:32,594 [DEBUG] (BaseJdbcLogger.java:143)- ==>  Preparing: select user_id, age, credit_id, pregnant_type, pregnant_week, job, confinement_date, confinement_week, confinement_type, user_name, user_password, user_token from user where user_name = ? 
2020-02-24 17:45:32,595 [DEBUG] (BaseJdbcLogger.java:143)- ==> Parameters: 111(String)
2020-02-24 17:45:32,764 [DEBUG] (BaseJdbcLogger.java:143)- <==      Total: 1
2020-02-24 17:47:53,271 [DEBUG] (BaseJdbcLogger.java:143)- ==>  Preparing: select id, title, audioURL, category, cover_url from audio 
2020-02-24 17:47:53,271 [DEBUG] (BaseJdbcLogger.java:143)- ==> Parameters: 
2020-02-24 17:47:53,275 [DEBUG] (BaseJdbcLogger.java:143)- ==>  Preparing: select id, title, vedioURL, cover_url, category, description from vedio 
2020-02-24 17:47:53,275 [DEBUG] (BaseJdbcLogger.java:143)- ==> Parameters: 
2020-02-24 17:47:53,276 [DEBUG] (BaseJdbcLogger.java:143)- ==>  Preparing: select id, title, description, img_url, category from article 
2020-02-24 17:47:53,277 [DEBUG] (BaseJdbcLogger.java:143)- ==> Parameters: 
2020-02-24 17:47:53,343 [DEBUG] (BaseJdbcLogger.java:143)- <==      Total: 6
2020-02-24 17:47:53,352 [DEBUG] (BaseJdbcLogger.java:143)- <==      Total: 9
2020-02-24 17:47:53,360 [DEBUG] (BaseJdbcLogger.java:143)- <==      Total: 20
2020-02-24 17:48:05,293 [DEBUG] (BaseJdbcLogger.java:143)- ==>  Preparing: select user_id, age, credit_id, pregnant_type, pregnant_week, job, confinement_date, confinement_week, confinement_type, user_name, user_password, user_token from user where user_name = ? 
2020-02-24 17:48:05,293 [DEBUG] (BaseJdbcLogger.java:143)- ==> Parameters: 111(String)
2020-02-24 17:48:05,443 [DEBUG] (BaseJdbcLogger.java:143)- <==      Total: 1
2020-02-24 17:48:28,561 [DEBUG] (BaseJdbcLogger.java:143)- ==>  Preparing: select id, title, description, img_url, category from article 
2020-02-24 17:48:28,562 [DEBUG] (BaseJdbcLogger.java:143)- ==> Parameters: 
2020-02-24 17:48:28,563 [DEBUG] (BaseJdbcLogger.java:143)- ==>  Preparing: select id, title, vedioURL, cover_url, category, description from vedio 
2020-02-24 17:48:28,563 [DEBUG] (BaseJdbcLogger.java:143)- ==> Parameters: 
2020-02-24 17:48:28,563 [DEBUG] (BaseJdbcLogger.java:143)- ==>  Preparing: select id, title, audioURL, category, cover_url from audio 
2020-02-24 17:48:28,563 [DEBUG] (BaseJdbcLogger.java:143)- ==> Parameters: 
2020-02-24 17:48:28,718 [DEBUG] (BaseJdbcLogger.java:143)- <==      Total: 6
2020-02-24 17:48:28,730 [DEBUG] (BaseJdbcLogger.java:143)- <==      Total: 9
2020-02-24 17:48:28,731 [DEBUG] (BaseJdbcLogger.java:143)- <==      Total: 20
2020-02-24 17:48:35,582 [DEBUG] (BaseJdbcLogger.java:143)- ==>  Preparing: select user_id, age, credit_id, pregnant_type, pregnant_week, job, confinement_date, confinement_week, confinement_type, user_name, user_password, user_token from user where user_name = ? 
2020-02-24 17:48:35,583 [DEBUG] (BaseJdbcLogger.java:143)- ==> Parameters: 111(String)
2020-02-24 17:48:35,661 [DEBUG] (BaseJdbcLogger.java:143)- <==      Total: 1
2020-02-24 17:49:46,765 [DEBUG] (BaseJdbcLogger.java:143)- ==>  Preparing: select id, title, vedioURL, cover_url, category, description from vedio 
2020-02-24 17:49:46,766 [DEBUG] (BaseJdbcLogger.java:143)- ==> Parameters: 
2020-02-24 17:49:46,768 [DEBUG] (BaseJdbcLogger.java:143)- ==>  Preparing: select id, title, audioURL, category, cover_url from audio 
2020-02-24 17:49:46,769 [DEBUG] (BaseJdbcLogger.java:143)- ==> Parameters: 
2020-02-24 17:49:46,770 [DEBUG] (BaseJdbcLogger.java:143)- ==>  Preparing: select id, title, description, img_url, category from article 
2020-02-24 17:49:46,770 [DEBUG] (BaseJdbcLogger.java:143)- ==> Parameters: 
2020-02-24 17:49:46,845 [DEBUG] (BaseJdbcLogger.java:143)- <==      Total: 9
2020-02-24 17:49:46,847 [DEBUG] (BaseJdbcLogger.java:143)- <==      Total: 6
2020-02-24 17:49:46,861 [DEBUG] (BaseJdbcLogger.java:143)- <==      Total: 20
2020-02-24 17:49:54,398 [DEBUG] (BaseJdbcLogger.java:143)- ==>  Preparing: select user_id, age, credit_id, pregnant_type, pregnant_week, job, confinement_date, confinement_week, confinement_type, user_name, user_password, user_token from user where user_name = ? 
2020-02-24 17:49:54,399 [DEBUG] (BaseJdbcLogger.java:143)- ==> Parameters: 111(String)
2020-02-24 17:49:54,542 [DEBUG] (BaseJdbcLogger.java:143)- <==      Total: 1
2020-02-24 17:50:56,713 [DEBUG] (BaseJdbcLogger.java:143)- ==>  Preparing: select id, title, vedioURL, cover_url, category, description from vedio 
2020-02-24 17:50:56,713 [DEBUG] (BaseJdbcLogger.java:143)- ==> Parameters: 
2020-02-24 17:50:56,715 [DEBUG] (BaseJdbcLogger.java:143)- ==>  Preparing: select id, title, audioURL, category, cover_url from audio 
2020-02-24 17:50:56,716 [DEBUG] (BaseJdbcLogger.java:143)- ==> Parameters: 
2020-02-24 17:50:56,717 [DEBUG] (BaseJdbcLogger.java:143)- ==>  Preparing: select id, title, description, img_url, category from article 
2020-02-24 17:50:56,717 [DEBUG] (BaseJdbcLogger.java:143)- ==> Parameters: 
2020-02-24 17:50:56,789 [DEBUG] (BaseJdbcLogger.java:143)- <==      Total: 9
2020-02-24 17:50:56,792 [DEBUG] (BaseJdbcLogger.java:143)- <==      Total: 6
2020-02-24 17:50:56,796 [DEBUG] (BaseJdbcLogger.java:143)- <==      Total: 20
2020-02-24 17:51:03,334 [DEBUG] (BaseJdbcLogger.java:143)- ==>  Preparing: select user_id, age, credit_id, pregnant_type, pregnant_week, job, confinement_date, confinement_week, confinement_type, user_name, user_password, user_token from user where user_name = ? 
2020-02-24 17:51:03,335 [DEBUG] (BaseJdbcLogger.java:143)- ==> Parameters: 111(String)
2020-02-24 17:51:03,461 [DEBUG] (BaseJdbcLogger.java:143)- <==      Total: 1
2020-02-24 20:31:44,869 [INFO] (StartupInfoLogger.java:50)- Starting BreastApplication on LAPTOP-562395R3 with PID 17336 (started by 爱哭的周小姐 in D:\软件应用\java IDE\IntelliJ IDEA 2019.1\项目\breastfeed\新建文件夹\server\bfbackend)
2020-02-24 20:31:44,872 [DEBUG] (StartupInfoLogger.java:53)- Running with Spring Boot v2.1.9.RELEASE, Spring v5.1.10.RELEASE
2020-02-24 20:31:44,873 [INFO] (SpringApplication.java:648)- No active profile set, falling back to default profiles: default
2020-02-24 20:31:49,971 [INFO] (StartupInfoLogger.java:59)- Started BreastApplication in 6.369 seconds (JVM running for 9.918)
2020-02-24 20:35:25,531 [INFO] (StartupInfoLogger.java:50)- Starting BreastApplication on LAPTOP-562395R3 with PID 17968 (started by 爱哭的周小姐 in D:\软件应用\java IDE\IntelliJ IDEA 2019.1\项目\breastfeed\新建文件夹\server\bfbackend)
2020-02-24 20:35:25,542 [DEBUG] (StartupInfoLogger.java:53)- Running with Spring Boot v2.1.9.RELEASE, Spring v5.1.10.RELEASE
2020-02-24 20:35:25,542 [INFO] (SpringApplication.java:648)- No active profile set, falling back to default profiles: default
2020-02-24 20:35:28,395 [INFO] (StartupInfoLogger.java:59)- Started BreastApplication in 4.483 seconds (JVM running for 6.562)
2020-02-24 20:35:55,880 [DEBUG] (BaseJdbcLogger.java:143)- ==>  Preparing: select id, title, description, img_url, category from article 
2020-02-24 20:35:55,911 [DEBUG] (BaseJdbcLogger.java:143)- ==> Parameters: 
2020-02-24 20:35:56,021 [DEBUG] (BaseJdbcLogger.java:143)- <==      Total: 20
2020-02-24 20:35:56,024 [DEBUG] (BaseJdbcLogger.java:143)- ==>  Preparing: select id, title, audioURL, category, cover_url from audio 
2020-02-24 20:35:56,025 [DEBUG] (BaseJdbcLogger.java:143)- ==> Parameters: 
2020-02-24 20:35:56,125 [DEBUG] (BaseJdbcLogger.java:143)- <==      Total: 6
2020-02-24 20:35:56,126 [DEBUG] (BaseJdbcLogger.java:143)- ==>  Preparing: select id, title, vedioURL, cover_url, category, description from vedio 
2020-02-24 20:35:56,127 [DEBUG] (BaseJdbcLogger.java:143)- ==> Parameters: 
2020-02-24 20:35:56,207 [DEBUG] (BaseJdbcLogger.java:143)- <==      Total: 9
2020-02-24 20:37:51,712 [DEBUG] (BaseJdbcLogger.java:143)- ==>  Preparing: select user_id, age, credit_id, pregnant_type, pregnant_week, job, confinement_date, confinement_week, confinement_type, user_name, user_password, user_token from user where user_name = ? 
2020-02-24 20:37:51,714 [DEBUG] (BaseJdbcLogger.java:143)- ==> Parameters: 111(String)
2020-02-24 20:37:51,788 [DEBUG] (BaseJdbcLogger.java:143)- <==      Total: 1
2020-02-24 20:41:23,195 [DEBUG] (BaseJdbcLogger.java:143)- ==>  Preparing: select id, title, description, img_url, category from article 
2020-02-24 20:41:23,196 [DEBUG] (BaseJdbcLogger.java:143)- ==> Parameters: 
2020-02-24 20:41:23,207 [DEBUG] (BaseJdbcLogger.java:143)- ==>  Preparing: select id, title, vedioURL, cover_url, category, description from vedio 
2020-02-24 20:41:23,208 [DEBUG] (BaseJdbcLogger.java:143)- ==> Parameters: 
2020-02-24 20:41:23,287 [DEBUG] (BaseJdbcLogger.java:143)- <==      Total: 20
2020-02-24 20:41:23,291 [DEBUG] (BaseJdbcLogger.java:143)- <==      Total: 9
2020-02-24 20:41:23,294 [DEBUG] (BaseJdbcLogger.java:143)- ==>  Preparing: select id, title, audioURL, category, cover_url from audio 
2020-02-24 20:41:23,295 [DEBUG] (BaseJdbcLogger.java:143)- ==> Parameters: 
2020-02-24 20:41:23,372 [DEBUG] (BaseJdbcLogger.java:143)- <==      Total: 6
2020-02-24 20:41:32,287 [DEBUG] (BaseJdbcLogger.java:143)- ==>  Preparing: select user_id, age, credit_id, pregnant_type, pregnant_week, job, confinement_date, confinement_week, confinement_type, user_name, user_password, user_token from user where user_name = ? 
2020-02-24 20:41:32,288 [DEBUG] (BaseJdbcLogger.java:143)- ==> Parameters: 111(String)
2020-02-24 20:41:32,432 [DEBUG] (BaseJdbcLogger.java:143)- <==      Total: 1
2020-02-24 20:45:45,619 [DEBUG] (BaseJdbcLogger.java:143)- ==>  Preparing: select id, title, description, img_url, category from article 
2020-02-24 20:45:45,619 [DEBUG] (BaseJdbcLogger.java:143)- ==> Parameters: 
2020-02-24 20:45:45,620 [DEBUG] (BaseJdbcLogger.java:143)- ==>  Preparing: select id, title, vedioURL, cover_url, category, description from vedio 
2020-02-24 20:45:45,621 [DEBUG] (BaseJdbcLogger.java:143)- ==> Parameters: 
2020-02-24 20:45:45,622 [DEBUG] (BaseJdbcLogger.java:143)- ==>  Preparing: select id, title, audioURL, category, cover_url from audio 
2020-02-24 20:45:45,623 [DEBUG] (BaseJdbcLogger.java:143)- ==> Parameters: 
2020-02-24 20:45:45,769 [DEBUG] (BaseJdbcLogger.java:143)- <==      Total: 20
2020-02-24 20:45:45,808 [DEBUG] (BaseJdbcLogger.java:143)- <==      Total: 9
2020-02-24 20:45:45,809 [DEBUG] (BaseJdbcLogger.java:143)- <==      Total: 6
2020-02-24 20:45:56,806 [DEBUG] (BaseJdbcLogger.java:143)- ==>  Preparing: select user_id, age, credit_id, pregnant_type, pregnant_week, job, confinement_date, confinement_week, confinement_type, user_name, user_password, user_token from user where user_name = ? 
2020-02-24 20:45:56,806 [DEBUG] (BaseJdbcLogger.java:143)- ==> Parameters: 111(String)
2020-02-24 20:45:56,947 [DEBUG] (BaseJdbcLogger.java:143)- <==      Total: 1
2020-02-24 20:47:53,342 [DEBUG] (BaseJdbcLogger.java:143)- ==>  Preparing: select id, title, vedioURL, cover_url, category, description from vedio 
2020-02-24 20:47:53,344 [DEBUG] (BaseJdbcLogger.java:143)- ==> Parameters: 
2020-02-24 20:47:53,344 [DEBUG] (BaseJdbcLogger.java:143)- ==>  Preparing: select id, title, audioURL, category, cover_url from audio 
2020-02-24 20:47:53,345 [DEBUG] (BaseJdbcLogger.java:143)- ==> Parameters: 
2020-02-24 20:47:53,346 [DEBUG] (BaseJdbcLogger.java:143)- ==>  Preparing: select id, title, description, img_url, category from article 
2020-02-24 20:47:53,346 [DEBUG] (BaseJdbcLogger.java:143)- ==> Parameters: 
2020-02-24 20:47:53,426 [DEBUG] (BaseJdbcLogger.java:143)- <==      Total: 6
2020-02-24 20:47:53,431 [DEBUG] (BaseJdbcLogger.java:143)- <==      Total: 9
2020-02-24 20:47:53,460 [DEBUG] (BaseJdbcLogger.java:143)- <==      Total: 20
2020-02-24 20:48:01,423 [DEBUG] (BaseJdbcLogger.java:143)- ==>  Preparing: select user_id, age, credit_id, pregnant_type, pregnant_week, job, confinement_date, confinement_week, confinement_type, user_name, user_password, user_token from user where user_name = ? 
2020-02-24 20:48:01,425 [DEBUG] (BaseJdbcLogger.java:143)- ==> Parameters: 111(String)
2020-02-24 20:48:01,597 [DEBUG] (BaseJdbcLogger.java:143)- <==      Total: 1
2020-02-24 20:51:38,141 [DEBUG] (BaseJdbcLogger.java:143)- ==>  Preparing: select id, title, description, img_url, category from article 
2020-02-24 20:51:38,142 [DEBUG] (BaseJdbcLogger.java:143)- ==> Parameters: 
2020-02-24 20:51:38,150 [DEBUG] (BaseJdbcLogger.java:143)- ==>  Preparing: select id, title, vedioURL, cover_url, category, description from vedio 
2020-02-24 20:51:38,150 [DEBUG] (BaseJdbcLogger.java:143)- ==> Parameters: 
2020-02-24 20:51:38,154 [DEBUG] (BaseJdbcLogger.java:143)- ==>  Preparing: select id, title, audioURL, category, cover_url from audio 
2020-02-24 20:51:38,154 [DEBUG] (BaseJdbcLogger.java:143)- ==> Parameters: 
2020-02-24 20:51:38,234 [DEBUG] (BaseJdbcLogger.java:143)- <==      Total: 20
2020-02-24 20:51:38,237 [DEBUG] (BaseJdbcLogger.java:143)- <==      Total: 6
2020-02-24 20:51:38,237 [DEBUG] (BaseJdbcLogger.java:143)- <==      Total: 9
2020-02-24 20:51:45,510 [DEBUG] (BaseJdbcLogger.java:143)- ==>  Preparing: select user_id, age, credit_id, pregnant_type, pregnant_week, job, confinement_date, confinement_week, confinement_type, user_name, user_password, user_token from user where user_name = ? 
2020-02-24 20:51:45,511 [DEBUG] (BaseJdbcLogger.java:143)- ==> Parameters: 111(String)
2020-02-24 20:51:45,673 [DEBUG] (BaseJdbcLogger.java:143)- <==      Total: 1
2020-02-24 20:52:00,608 [DEBUG] (BaseJdbcLogger.java:143)- ==>  Preparing: select id, title, description, img_url, category from article 
2020-02-24 20:52:00,609 [DEBUG] (BaseJdbcLogger.java:143)- ==> Parameters: 
2020-02-24 20:52:00,611 [DEBUG] (BaseJdbcLogger.java:143)- ==>  Preparing: select id, title, audioURL, category, cover_url from audio 
2020-02-24 20:52:00,611 [DEBUG] (BaseJdbcLogger.java:143)- ==>  Preparing: select id, title, vedioURL, cover_url, category, description from vedio 
2020-02-24 20:52:00,611 [DEBUG] (BaseJdbcLogger.java:143)- ==> Parameters: 
2020-02-24 20:52:00,611 [DEBUG] (BaseJdbcLogger.java:143)- ==> Parameters: 
2020-02-24 20:52:00,699 [DEBUG] (BaseJdbcLogger.java:143)- <==      Total: 20
2020-02-24 20:52:00,702 [DEBUG] (BaseJdbcLogger.java:143)- <==      Total: 9
2020-02-24 20:52:00,704 [DEBUG] (BaseJdbcLogger.java:143)- <==      Total: 6
2020-02-24 20:52:10,358 [DEBUG] (BaseJdbcLogger.java:143)- ==>  Preparing: select user_id, age, credit_id, pregnant_type, pregnant_week, job, confinement_date, confinement_week, confinement_type, user_name, user_password, user_token from user where user_name = ? 
2020-02-24 20:52:10,358 [DEBUG] (BaseJdbcLogger.java:143)- ==> Parameters: 111(String)
2020-02-24 20:52:10,497 [DEBUG] (BaseJdbcLogger.java:143)- <==      Total: 1
2020-02-24 20:52:21,891 [DEBUG] (BaseJdbcLogger.java:143)- ==>  Preparing: select id, title, description, img_url, category from article 
2020-02-24 20:52:21,892 [DEBUG] (BaseJdbcLogger.java:143)- ==> Parameters: 
2020-02-24 20:52:21,892 [DEBUG] (BaseJdbcLogger.java:143)- ==>  Preparing: select id, title, audioURL, category, cover_url from audio 
2020-02-24 20:52:21,893 [DEBUG] (BaseJdbcLogger.java:143)- ==> Parameters: 
2020-02-24 20:52:21,903 [DEBUG] (BaseJdbcLogger.java:143)- ==>  Preparing: select id, title, vedioURL, cover_url, category, description from vedio 
2020-02-24 20:52:21,904 [DEBUG] (BaseJdbcLogger.java:143)- ==> Parameters: 
2020-02-24 20:52:22,065 [DEBUG] (BaseJdbcLogger.java:143)- <==      Total: 6
2020-02-24 20:52:22,078 [DEBUG] (BaseJdbcLogger.java:143)- <==      Total: 9
2020-02-24 20:52:22,081 [DEBUG] (BaseJdbcLogger.java:143)- <==      Total: 20
2020-02-24 20:52:36,533 [DEBUG] (BaseJdbcLogger.java:143)- ==>  Preparing: select user_id, age, credit_id, pregnant_type, pregnant_week, job, confinement_date, confinement_week, confinement_type, user_name, user_password, user_token from user where user_name = ? 
2020-02-24 20:52:36,534 [DEBUG] (BaseJdbcLogger.java:143)- ==> Parameters: 111(String)
2020-02-24 20:52:36,724 [DEBUG] (BaseJdbcLogger.java:143)- <==      Total: 1
2020-02-24 20:53:56,668 [DEBUG] (BaseJdbcLogger.java:143)- ==>  Preparing: select id, title, description, img_url, category from article 
2020-02-24 20:53:56,668 [DEBUG] (BaseJdbcLogger.java:143)- ==> Parameters: 
2020-02-24 20:53:56,676 [DEBUG] (BaseJdbcLogger.java:143)- ==>  Preparing: select id, title, audioURL, category, cover_url from audio 
2020-02-24 20:53:56,677 [DEBUG] (BaseJdbcLogger.java:143)- ==> Parameters: 
2020-02-24 20:53:56,678 [DEBUG] (BaseJdbcLogger.java:143)- ==>  Preparing: select id, title, vedioURL, cover_url, category, description from vedio 
2020-02-24 20:53:56,679 [DEBUG] (BaseJdbcLogger.java:143)- ==> Parameters: 
2020-02-24 20:53:56,762 [DEBUG] (BaseJdbcLogger.java:143)- <==      Total: 20
2020-02-24 20:53:56,777 [DEBUG] (BaseJdbcLogger.java:143)- <==      Total: 9
2020-02-24 20:53:56,779 [DEBUG] (BaseJdbcLogger.java:143)- <==      Total: 6
2020-02-24 20:54:07,230 [DEBUG] (BaseJdbcLogger.java:143)- ==>  Preparing: select user_id, age, credit_id, pregnant_type, pregnant_week, job, confinement_date, confinement_week, confinement_type, user_name, user_password, user_token from user where user_name = ? 
2020-02-24 20:54:07,231 [DEBUG] (BaseJdbcLogger.java:143)- ==> Parameters: 111(String)
2020-02-24 20:54:07,405 [DEBUG] (BaseJdbcLogger.java:143)- <==      Total: 1
2020-02-24 21:32:27,478 [DEBUG] (BaseJdbcLogger.java:143)- ==>  Preparing: select id, title, description, img_url, category from article 
2020-02-24 21:32:27,479 [DEBUG] (BaseJdbcLogger.java:143)- ==> Parameters: 
2020-02-24 21:32:27,560 [DEBUG] (BaseJdbcLogger.java:143)- <==      Total: 20
2020-02-24 21:32:27,561 [DEBUG] (BaseJdbcLogger.java:143)- ==>  Preparing: select id, title, audioURL, category, cover_url from audio 
2020-02-24 21:32:27,562 [DEBUG] (BaseJdbcLogger.java:143)- ==> Parameters: 
2020-02-24 21:32:27,640 [DEBUG] (BaseJdbcLogger.java:143)- <==      Total: 6
2020-02-24 21:32:27,641 [DEBUG] (BaseJdbcLogger.java:143)- ==>  Preparing: select id, title, vedioURL, cover_url, category, description from vedio 
2020-02-24 21:32:27,642 [DEBUG] (BaseJdbcLogger.java:143)- ==> Parameters: 
2020-02-24 21:32:27,739 [DEBUG] (BaseJdbcLogger.java:143)- <==      Total: 9
2020-02-24 21:32:38,027 [DEBUG] (BaseJdbcLogger.java:143)- ==>  Preparing: select user_id, age, credit_id, pregnant_type, pregnant_week, job, confinement_date, confinement_week, confinement_type, user_name, user_password, user_token from user where user_name = ? 
2020-02-24 21:32:38,028 [DEBUG] (BaseJdbcLogger.java:143)- ==> Parameters: 111(String)
2020-02-24 21:32:38,171 [DEBUG] (BaseJdbcLogger.java:143)- <==      Total: 1
2020-02-24 21:34:56,429 [DEBUG] (BaseJdbcLogger.java:143)- ==>  Preparing: select id, title, audioURL, category, cover_url from audio 
2020-02-24 21:34:56,430 [DEBUG] (BaseJdbcLogger.java:143)- ==> Parameters: 
2020-02-24 21:34:56,435 [DEBUG] (BaseJdbcLogger.java:143)- ==>  Preparing: select id, title, description, img_url, category from article 
2020-02-24 21:34:56,435 [DEBUG] (BaseJdbcLogger.java:143)- ==> Parameters: 
2020-02-24 21:34:56,506 [DEBUG] (BaseJdbcLogger.java:143)- <==      Total: 6
2020-02-24 21:34:56,508 [DEBUG] (BaseJdbcLogger.java:143)- ==>  Preparing: select id, title, vedioURL, cover_url, category, description from vedio 
2020-02-24 21:34:56,508 [DEBUG] (BaseJdbcLogger.java:143)- ==> Parameters: 
2020-02-24 21:34:56,513 [DEBUG] (BaseJdbcLogger.java:143)- <==      Total: 20
2020-02-24 21:34:56,592 [DEBUG] (BaseJdbcLogger.java:143)- <==      Total: 9
2020-02-24 21:35:22,835 [DEBUG] (BaseJdbcLogger.java:143)- ==>  Preparing: select user_id, age, credit_id, pregnant_type, pregnant_week, job, confinement_date, confinement_week, confinement_type, user_name, user_password, user_token from user where user_name = ? 
2020-02-24 21:35:22,835 [DEBUG] (BaseJdbcLogger.java:143)- ==> Parameters: 111(String)
2020-02-24 21:35:23,093 [DEBUG] (BaseJdbcLogger.java:143)- <==      Total: 1
2020-02-24 21:40:43,606 [DEBUG] (BaseJdbcLogger.java:143)- ==>  Preparing: select id, user_name, user_password, token, name, consult_cost, license_number from doctor where user_name = ? 
2020-02-24 21:40:43,606 [DEBUG] (BaseJdbcLogger.java:143)- ==> Parameters: 111(String)
2020-02-24 21:40:43,682 [DEBUG] (BaseJdbcLogger.java:143)- <==      Total: 1
2020-02-24 21:41:30,487 [DEBUG] (BaseJdbcLogger.java:143)- ==>  Preparing: select id, title, description, img_url, category from article 
2020-02-24 21:41:30,488 [DEBUG] (BaseJdbcLogger.java:143)- ==> Parameters: 
2020-02-24 21:41:30,644 [DEBUG] (BaseJdbcLogger.java:143)- <==      Total: 20
2020-02-24 21:41:30,645 [DEBUG] (BaseJdbcLogger.java:143)- ==>  Preparing: select id, title, audioURL, category, cover_url from audio 
2020-02-24 21:41:30,645 [DEBUG] (BaseJdbcLogger.java:143)- ==> Parameters: 
2020-02-24 21:41:30,647 [DEBUG] (BaseJdbcLogger.java:143)- ==>  Preparing: select id, title, vedioURL, cover_url, category, description from vedio 
2020-02-24 21:41:30,648 [DEBUG] (BaseJdbcLogger.java:143)- ==> Parameters: 
2020-02-24 21:41:30,722 [DEBUG] (BaseJdbcLogger.java:143)- <==      Total: 6
2020-02-24 21:41:30,728 [DEBUG] (BaseJdbcLogger.java:143)- <==      Total: 9
2020-02-24 21:41:42,642 [DEBUG] (BaseJdbcLogger.java:143)- ==>  Preparing: select user_id, age, credit_id, pregnant_type, pregnant_week, job, confinement_date, confinement_week, confinement_type, user_name, user_password, user_token from user where user_name = ? 
2020-02-24 21:41:42,642 [DEBUG] (BaseJdbcLogger.java:143)- ==> Parameters: 119(String)
2020-02-24 21:41:42,818 [DEBUG] (BaseJdbcLogger.java:143)- <==      Total: 1
2020-02-24 22:06:44,852 [INFO] (StartupInfoLogger.java:50)- Starting BreastApplication on LAPTOP-562395R3 with PID 12752 (started by 爱哭的周小姐 in D:\软件应用\java IDE\IntelliJ IDEA 2019.1\项目\breastfeed\新建文件夹\server\bfbackend)
2020-02-24 22:06:44,891 [DEBUG] (StartupInfoLogger.java:53)- Running with Spring Boot v2.1.9.RELEASE, Spring v5.1.10.RELEASE
2020-02-24 22:06:44,891 [INFO] (SpringApplication.java:648)- No active profile set, falling back to default profiles: default
2020-02-24 22:08:57,433 [INFO] (StartupInfoLogger.java:50)- Starting BreastApplication on LAPTOP-562395R3 with PID 10028 (started by 爱哭的周小姐 in D:\软件应用\java IDE\IntelliJ IDEA 2019.1\项目\breastfeed\新建文件夹\server\bfbackend)
2020-02-24 22:08:57,444 [DEBUG] (StartupInfoLogger.java:53)- Running with Spring Boot v2.1.9.RELEASE, Spring v5.1.10.RELEASE
2020-02-24 22:08:57,445 [INFO] (SpringApplication.java:648)- No active profile set, falling back to default profiles: default
2020-02-24 22:09:00,115 [INFO] (StartupInfoLogger.java:59)- Started BreastApplication in 3.347 seconds (JVM running for 5.098)
2020-02-24 22:09:17,961 [DEBUG] (BaseJdbcLogger.java:143)- ==>  Preparing: select id, user_name, name, consult_cost, license_number from doctor 
2020-02-24 22:09:17,986 [DEBUG] (BaseJdbcLogger.java:143)- ==> Parameters: 
2020-02-24 22:09:18,098 [DEBUG] (BaseJdbcLogger.java:143)- <==      Total: 3
2020-02-24 22:09:58,029 [INFO] (StartupInfoLogger.java:50)- Starting BreastApplication on LAPTOP-562395R3 with PID 10812 (started by 爱哭的周小姐 in D:\软件应用\java IDE\IntelliJ IDEA 2019.1\项目\breastfeed\新建文件夹\server\bfbackend)
2020-02-24 22:09:58,032 [DEBUG] (StartupInfoLogger.java:53)- Running with Spring Boot v2.1.9.RELEASE, Spring v5.1.10.RELEASE
2020-02-24 22:09:58,034 [INFO] (SpringApplication.java:648)- No active profile set, falling back to default profiles: default
2020-02-24 22:10:00,951 [INFO] (StartupInfoLogger.java:59)- Started BreastApplication in 3.525 seconds (JVM running for 5.31)
2020-02-24 22:10:04,709 [DEBUG] (BaseJdbcLogger.java:143)- ==>  Preparing: select id, user_name, name, consult_cost, license_number from doctor 
2020-02-24 22:10:04,732 [DEBUG] (BaseJdbcLogger.java:143)- ==> Parameters: 
2020-02-24 22:10:04,829 [DEBUG] (BaseJdbcLogger.java:143)- <==      Total: 3
2020-02-24 22:16:00,453 [DEBUG] (BaseJdbcLogger.java:143)- ==>  Preparing: select id, title, description, img_url, category from article 
2020-02-24 22:16:00,453 [DEBUG] (BaseJdbcLogger.java:143)- ==> Parameters: 
2020-02-24 22:16:00,534 [DEBUG] (BaseJdbcLogger.java:143)- <==      Total: 20
2020-02-24 22:16:00,535 [DEBUG] (BaseJdbcLogger.java:143)- ==>  Preparing: select id, title, audioURL, category, cover_url from audio 
2020-02-24 22:16:00,536 [DEBUG] (BaseJdbcLogger.java:143)- ==> Parameters: 
2020-02-24 22:16:00,619 [DEBUG] (BaseJdbcLogger.java:143)- <==      Total: 6
2020-02-24 22:16:00,623 [DEBUG] (BaseJdbcLogger.java:143)- ==>  Preparing: select id, title, vedioURL, cover_url, category, description from vedio 
2020-02-24 22:16:00,624 [DEBUG] (BaseJdbcLogger.java:143)- ==> Parameters: 
2020-02-24 22:16:00,699 [DEBUG] (BaseJdbcLogger.java:143)- <==      Total: 9
2020-02-24 22:16:00,703 [DEBUG] (BaseJdbcLogger.java:143)- ==>  Preparing: select user_id, age, credit_id, pregnant_type, pregnant_week, job, confinement_date, confinement_week, confinement_type, user_name, user_password, user_token from user where user_token = ? 
2020-02-24 22:16:00,733 [DEBUG] (BaseJdbcLogger.java:143)- ==> Parameters: 6742d3466985435b85fa18482d534224(String)
2020-02-24 22:16:00,834 [DEBUG] (BaseJdbcLogger.java:143)- <==      Total: 1
2020-02-24 22:16:55,907 [DEBUG] (BaseJdbcLogger.java:143)- ==>  Preparing: select user_id, age, credit_id, pregnant_type, pregnant_week, job, confinement_date, confinement_week, confinement_type, user_name, user_password, user_token from user where user_token = ? 
2020-02-24 22:16:55,908 [DEBUG] (BaseJdbcLogger.java:143)- ==> Parameters: 6742d3466985435b85fa18482d534224(String)
2020-02-24 22:16:56,085 [DEBUG] (BaseJdbcLogger.java:143)- <==      Total: 1
2020-02-24 22:16:56,701 [DEBUG] (BaseJdbcLogger.java:143)- ==>  Preparing: select id, title, description, img_url, category from article 
2020-02-24 22:16:56,701 [DEBUG] (BaseJdbcLogger.java:143)- ==> Parameters: 
2020-02-24 22:16:56,701 [DEBUG] (BaseJdbcLogger.java:143)- ==>  Preparing: select id, title, vedioURL, cover_url, category, description from vedio 
2020-02-24 22:16:56,702 [DEBUG] (BaseJdbcLogger.java:143)- ==> Parameters: 
2020-02-24 22:16:56,823 [DEBUG] (BaseJdbcLogger.java:143)- <==      Total: 9
2020-02-24 22:16:56,824 [DEBUG] (BaseJdbcLogger.java:143)- <==      Total: 20
2020-02-24 22:16:56,831 [DEBUG] (BaseJdbcLogger.java:143)- ==>  Preparing: select id, title, audioURL, category, cover_url from audio 
2020-02-24 22:16:56,832 [DEBUG] (BaseJdbcLogger.java:143)- ==> Parameters: 
2020-02-24 22:16:56,899 [DEBUG] (BaseJdbcLogger.java:143)- <==      Total: 6
2020-02-24 22:17:02,328 [DEBUG] (BaseJdbcLogger.java:143)- ==>  Preparing: select id, user_name, name, consult_cost, license_number from doctor 
2020-02-24 22:17:02,329 [DEBUG] (BaseJdbcLogger.java:143)- ==> Parameters: 
2020-02-24 22:17:02,421 [DEBUG] (BaseJdbcLogger.java:143)- <==      Total: 3
2020-02-24 22:25:44,090 [DEBUG] (BaseJdbcLogger.java:143)- ==>  Preparing: select user_id, age, credit_id, pregnant_type, pregnant_week, job, confinement_date, confinement_week, confinement_type, user_name, user_password, user_token from user where user_token = ? 
2020-02-24 22:25:44,091 [DEBUG] (BaseJdbcLogger.java:143)- ==> Parameters: 6742d3466985435b85fa18482d534224(String)
2020-02-24 22:25:44,092 [DEBUG] (BaseJdbcLogger.java:143)- ==>  Preparing: select id, title, vedioURL, cover_url, category, description from vedio 
2020-02-24 22:25:44,093 [DEBUG] (BaseJdbcLogger.java:143)- ==> Parameters: 
2020-02-24 22:25:44,094 [DEBUG] (BaseJdbcLogger.java:143)- ==>  Preparing: select user_id, age, credit_id, pregnant_type, pregnant_week, job, confinement_date, confinement_week, confinement_type, user_name, user_password, user_token from user where user_token = ? 
2020-02-24 22:25:44,095 [DEBUG] (BaseJdbcLogger.java:143)- ==> Parameters: 6742d3466985435b85fa18482d534224(String)
2020-02-24 22:25:44,180 [DEBUG] (BaseJdbcLogger.java:143)- <==      Total: 1
2020-02-24 22:25:44,181 [DEBUG] (BaseJdbcLogger.java:143)- ==>  Preparing: select user_id, age, credit_id, pregnant_type, pregnant_week, job, confinement_date, confinement_week, confinement_type, user_name, user_password, user_token from user where user_token = ? 
2020-02-24 22:25:44,182 [DEBUG] (BaseJdbcLogger.java:143)- ==> Parameters: 6742d3466985435b85fa18482d534224(String)
2020-02-24 22:25:44,193 [DEBUG] (BaseJdbcLogger.java:143)- <==      Total: 9
2020-02-24 22:25:44,194 [DEBUG] (BaseJdbcLogger.java:143)- <==      Total: 1
2020-02-24 22:25:44,195 [DEBUG] (BaseJdbcLogger.java:143)- ==>  Preparing: select id, title, description, img_url, category from article 
2020-02-24 22:25:44,196 [DEBUG] (BaseJdbcLogger.java:143)- ==> Parameters: 
2020-02-24 22:25:44,196 [DEBUG] (BaseJdbcLogger.java:143)- ==>  Preparing: select id, title, audioURL, category, cover_url from audio 
2020-02-24 22:25:44,197 [DEBUG] (BaseJdbcLogger.java:143)- ==> Parameters: 
2020-02-24 22:25:44,248 [DEBUG] (BaseJdbcLogger.java:143)- <==      Total: 1
2020-02-24 22:25:44,282 [DEBUG] (BaseJdbcLogger.java:143)- <==      Total: 6
2020-02-24 22:25:44,282 [DEBUG] (BaseJdbcLogger.java:143)- <==      Total: 20
2020-02-24 22:25:55,291 [DEBUG] (BaseJdbcLogger.java:143)- ==>  Preparing: select id, user_name, name, consult_cost, license_number from doctor 
2020-02-24 22:25:55,292 [DEBUG] (BaseJdbcLogger.java:143)- ==> Parameters: 
2020-02-24 22:25:55,452 [DEBUG] (BaseJdbcLogger.java:143)- <==      Total: 3
2020-02-24 22:28:48,174 [DEBUG] (BaseJdbcLogger.java:143)- ==>  Preparing: select user_id, age, credit_id, pregnant_type, pregnant_week, job, confinement_date, confinement_week, confinement_type, user_name, user_password, user_token from user where user_token = ? 
2020-02-24 22:28:48,175 [DEBUG] (BaseJdbcLogger.java:143)- ==> Parameters: 6742d3466985435b85fa18482d534224(String)
2020-02-24 22:28:48,253 [DEBUG] (BaseJdbcLogger.java:143)- <==      Total: 1
2020-02-24 22:28:49,201 [DEBUG] (BaseJdbcLogger.java:143)- ==>  Preparing: select id, title, description, img_url, category from article 
2020-02-24 22:28:49,201 [DEBUG] (BaseJdbcLogger.java:143)- ==> Parameters: 
2020-02-24 22:28:49,361 [DEBUG] (BaseJdbcLogger.java:143)- <==      Total: 20
2020-02-24 22:28:49,362 [DEBUG] (BaseJdbcLogger.java:143)- ==>  Preparing: select id, title, audioURL, category, cover_url from audio 
2020-02-24 22:28:49,363 [DEBUG] (BaseJdbcLogger.java:143)- ==> Parameters: 
2020-02-24 22:28:49,371 [DEBUG] (BaseJdbcLogger.java:143)- ==>  Preparing: select id, title, vedioURL, cover_url, category, description from vedio 
2020-02-24 22:28:49,372 [DEBUG] (BaseJdbcLogger.java:143)- ==> Parameters: 
2020-02-24 22:28:49,442 [DEBUG] (BaseJdbcLogger.java:143)- <==      Total: 6
2020-02-24 22:28:49,457 [DEBUG] (BaseJdbcLogger.java:143)- <==      Total: 9
