2020-03-02 08:05:25,461 [INFO] (StartupInfoLogger.java:50)- Starting BreastApplication on LAPTOP-SKN1FD88 with PID 1904 (started by 12284 in F:\Ajava\A母乳喂养项目\breastfeed\server\bfbackend)
2020-03-02 08:05:25,468 [DEBUG] (StartupInfoLogger.java:53)- Running with Spring Boot v2.1.9.RELEASE, Spring v5.1.10.RELEASE
2020-03-02 08:05:25,468 [INFO] (SpringApplication.java:648)- No active profile set, falling back to default profiles: default
2020-03-02 08:05:31,191 [INFO] (StartupInfoLogger.java:59)- Started BreastApplication in 6.832 seconds (JVM running for 11.293)
2020-03-02 08:06:27,393 [DEBUG] (BaseJdbcLogger.java:143)- ==>  Preparing: select id, user_name, name, consult_cost, license_number from doctor 
2020-03-02 08:06:27,417 [DEBUG] (BaseJdbcLogger.java:143)- ==> Parameters: 
2020-03-02 08:06:27,488 [DEBUG] (BaseJdbcLogger.java:143)- <==      Total: 3
2020-03-02 08:33:57,897 [DEBUG] (BaseJdbcLogger.java:143)- ==>  Preparing: select id, user_name, name, consult_cost, license_number from doctor 
2020-03-02 08:33:57,927 [DEBUG] (BaseJdbcLogger.java:143)- ==> Parameters: 
2020-03-02 08:33:57,984 [DEBUG] (BaseJdbcLogger.java:143)- <==      Total: 3
2020-03-02 08:36:25,682 [DEBUG] (BaseJdbcLogger.java:143)- ==>  Preparing: select id, user_name, name, consult_cost, license_number from doctor 
2020-03-02 08:36:25,683 [DEBUG] (BaseJdbcLogger.java:143)- ==> Parameters: 
2020-03-02 08:36:25,722 [DEBUG] (BaseJdbcLogger.java:143)- <==      Total: 3
2020-03-02 18:57:15,561 [INFO] (StartupInfoLogger.java:50)- Starting BreastApplication on LAPTOP-SKN1FD88 with PID 17688 (started by 12284 in F:\Ajava\A母乳喂养项目\breastfeed\server\bfbackend)
2020-03-02 18:57:15,580 [DEBUG] (StartupInfoLogger.java:53)- Running with Spring Boot v2.1.9.RELEASE, Spring v5.1.10.RELEASE
2020-03-02 18:57:15,581 [INFO] (SpringApplication.java:648)- No active profile set, falling back to default profiles: default
2020-03-02 18:57:22,802 [INFO] (StartupInfoLogger.java:59)- Started BreastApplication in 8.128 seconds (JVM running for 14.169)
2020-03-02 18:58:02,961 [DEBUG] (BaseJdbcLogger.java:143)- ==>  Preparing: select id, title, audioURL, category, cover_url from audio 
2020-03-02 18:58:03,073 [DEBUG] (BaseJdbcLogger.java:143)- ==> Parameters: 
2020-03-02 18:58:03,144 [DEBUG] (BaseJdbcLogger.java:143)- <==      Total: 6
2020-03-02 18:58:03,148 [DEBUG] (BaseJdbcLogger.java:143)- ==>  Preparing: select id, title, vedioURL, cover_url, category, description from vedio 
2020-03-02 18:58:03,155 [DEBUG] (BaseJdbcLogger.java:143)- ==> Parameters: 
2020-03-02 18:58:03,215 [DEBUG] (BaseJdbcLogger.java:143)- <==      Total: 9
2020-03-02 18:58:03,216 [DEBUG] (BaseJdbcLogger.java:143)- ==>  Preparing: select id, title, description, img_url, category from article 
2020-03-02 18:58:03,219 [DEBUG] (BaseJdbcLogger.java:143)- ==> Parameters: 
2020-03-02 18:58:03,263 [DEBUG] (BaseJdbcLogger.java:143)- <==      Total: 20
2020-03-02 18:58:40,485 [DEBUG] (BaseJdbcLogger.java:143)- ==>  Preparing: select id, title, description, img_url, category from article 
2020-03-02 18:58:40,486 [DEBUG] (BaseJdbcLogger.java:143)- ==> Parameters: 
2020-03-02 18:58:40,500 [DEBUG] (BaseJdbcLogger.java:143)- ==>  Preparing: select id, title, audioURL, category, cover_url from audio 
2020-03-02 18:58:40,502 [DEBUG] (BaseJdbcLogger.java:143)- ==> Parameters: 
2020-03-02 18:58:40,540 [DEBUG] (BaseJdbcLogger.java:143)- <==      Total: 20
2020-03-02 18:58:40,548 [DEBUG] (BaseJdbcLogger.java:143)- ==>  Preparing: select id, title, vedioURL, cover_url, category, description from vedio 
2020-03-02 18:58:40,549 [DEBUG] (BaseJdbcLogger.java:143)- ==> Parameters: 
2020-03-02 18:58:40,554 [DEBUG] (BaseJdbcLogger.java:143)- <==      Total: 6
2020-03-02 18:58:40,595 [DEBUG] (BaseJdbcLogger.java:143)- <==      Total: 9
2020-03-02 18:58:49,024 [DEBUG] (BaseJdbcLogger.java:143)- ==>  Preparing: select id, user_name, name, consult_cost, license_number from doctor 
2020-03-02 18:58:49,025 [DEBUG] (BaseJdbcLogger.java:143)- ==> Parameters: 
2020-03-02 18:58:49,077 [DEBUG] (BaseJdbcLogger.java:143)- <==      Total: 3
2020-03-02 22:57:36,752 [INFO] (StartupInfoLogger.java:50)- Starting BreastApplication on LAPTOP-SKN1FD88 with PID 2824 (started by 12284 in F:\Ajava\A母乳喂养项目\breastfeed\server\bfbackend)
2020-03-02 22:57:36,756 [DEBUG] (StartupInfoLogger.java:53)- Running with Spring Boot v2.1.9.RELEASE, Spring v5.1.10.RELEASE
2020-03-02 22:57:36,758 [INFO] (SpringApplication.java:648)- No active profile set, falling back to default profiles: default
2020-03-02 22:57:42,981 [INFO] (StartupInfoLogger.java:59)- Started BreastApplication in 7.564 seconds (JVM running for 11.457)
2020-03-02 22:58:34,514 [DEBUG] (BaseJdbcLogger.java:143)- ==>  Preparing: select id, title, description, img_url, category from article 
2020-03-02 22:58:34,552 [DEBUG] (BaseJdbcLogger.java:143)- ==> Parameters: 
2020-03-02 22:58:34,743 [DEBUG] (BaseJdbcLogger.java:143)- <==      Total: 20
2020-03-02 22:58:34,747 [DEBUG] (BaseJdbcLogger.java:143)- ==>  Preparing: select id, title, vedioURL, cover_url, category, description from vedio 
2020-03-02 22:58:34,747 [DEBUG] (BaseJdbcLogger.java:143)- ==> Parameters: 
2020-03-02 22:58:34,829 [DEBUG] (BaseJdbcLogger.java:143)- <==      Total: 9
2020-03-02 22:58:34,831 [DEBUG] (BaseJdbcLogger.java:143)- ==>  Preparing: select id, title, audioURL, category, cover_url from audio 
2020-03-02 22:58:34,832 [DEBUG] (BaseJdbcLogger.java:143)- ==> Parameters: 
2020-03-02 22:58:34,877 [DEBUG] (BaseJdbcLogger.java:143)- <==      Total: 6
2020-03-02 22:58:48,646 [DEBUG] (BaseJdbcLogger.java:143)- ==>  Preparing: select id, user_name, name, consult_cost, license_number from doctor 
2020-03-02 22:58:48,647 [DEBUG] (BaseJdbcLogger.java:143)- ==> Parameters: 
2020-03-02 22:58:48,689 [DEBUG] (BaseJdbcLogger.java:143)- <==      Total: 3
2020-03-02 22:59:57,252 [DEBUG] (BaseJdbcLogger.java:143)- ==>  Preparing: select id, title, audioURL, category, cover_url from audio 
2020-03-02 22:59:57,253 [DEBUG] (BaseJdbcLogger.java:143)- ==> Parameters: 
2020-03-02 22:59:57,259 [DEBUG] (BaseJdbcLogger.java:143)- ==>  Preparing: select id, title, vedioURL, cover_url, category, description from vedio 
2020-03-02 22:59:57,259 [DEBUG] (BaseJdbcLogger.java:143)- ==> Parameters: 
2020-03-02 22:59:57,302 [DEBUG] (BaseJdbcLogger.java:143)- <==      Total: 6
2020-03-02 22:59:57,309 [DEBUG] (BaseJdbcLogger.java:143)- <==      Total: 9
2020-03-02 22:59:57,310 [DEBUG] (BaseJdbcLogger.java:143)- ==>  Preparing: select id, title, description, img_url, category from article 
2020-03-02 22:59:57,311 [DEBUG] (BaseJdbcLogger.java:143)- ==> Parameters: 
2020-03-02 22:59:57,362 [DEBUG] (BaseJdbcLogger.java:143)- <==      Total: 20
2020-03-02 23:00:25,185 [DEBUG] (BaseJdbcLogger.java:143)- ==>  Preparing: select id, user_name, name, consult_cost, license_number from doctor 
2020-03-02 23:00:25,186 [DEBUG] (BaseJdbcLogger.java:143)- ==> Parameters: 
2020-03-02 23:00:25,229 [DEBUG] (BaseJdbcLogger.java:143)- <==      Total: 3
2020-03-02 23:01:05,274 [DEBUG] (BaseJdbcLogger.java:143)- ==>  Preparing: select id, title, description, img_url, category from article 
2020-03-02 23:01:05,275 [DEBUG] (BaseJdbcLogger.java:143)- ==> Parameters: 
2020-03-02 23:01:05,318 [DEBUG] (BaseJdbcLogger.java:143)- <==      Total: 20
2020-03-02 23:01:05,322 [DEBUG] (BaseJdbcLogger.java:143)- ==>  Preparing: select id, title, vedioURL, cover_url, category, description from vedio 
2020-03-02 23:01:05,322 [DEBUG] (BaseJdbcLogger.java:143)- ==> Parameters: 
2020-03-02 23:01:05,323 [DEBUG] (BaseJdbcLogger.java:143)- ==>  Preparing: select id, title, audioURL, category, cover_url from audio 
2020-03-02 23:01:05,324 [DEBUG] (BaseJdbcLogger.java:143)- ==> Parameters: 
2020-03-02 23:01:05,366 [DEBUG] (BaseJdbcLogger.java:143)- <==      Total: 9
2020-03-02 23:01:05,394 [DEBUG] (BaseJdbcLogger.java:143)- <==      Total: 6
2020-03-02 23:01:24,305 [DEBUG] (BaseJdbcLogger.java:143)- ==>  Preparing: select id, user_name, name, consult_cost, license_number from doctor 
2020-03-02 23:01:24,306 [DEBUG] (BaseJdbcLogger.java:143)- ==> Parameters: 
2020-03-02 23:01:24,348 [DEBUG] (BaseJdbcLogger.java:143)- <==      Total: 3
2020-03-02 23:14:24,344 [INFO] (StartupInfoLogger.java:50)- Starting BreastApplication on LAPTOP-SKN1FD88 with PID 26468 (started by 12284 in F:\Ajava\A母乳喂养项目\breastfeed\server\bfbackend)
2020-03-02 23:14:24,345 [DEBUG] (StartupInfoLogger.java:53)- Running with Spring Boot v2.1.9.RELEASE, Spring v5.1.10.RELEASE
2020-03-02 23:14:24,347 [INFO] (SpringApplication.java:648)- No active profile set, falling back to default profiles: default
2020-03-02 23:14:32,760 [INFO] (StartupInfoLogger.java:59)- Started BreastApplication in 10.512 seconds (JVM running for 16.831)
2020-03-02 23:15:00,364 [DEBUG] (BaseJdbcLogger.java:143)- ==>  Preparing: select id, title, description, img_url, category from article 
2020-03-02 23:15:00,438 [DEBUG] (BaseJdbcLogger.java:143)- ==> Parameters: 
2020-03-02 23:15:00,609 [DEBUG] (BaseJdbcLogger.java:143)- <==      Total: 20
2020-03-02 23:15:00,628 [DEBUG] (BaseJdbcLogger.java:143)- ==>  Preparing: select id, title, vedioURL, cover_url, category, description from vedio 
2020-03-02 23:15:00,629 [DEBUG] (BaseJdbcLogger.java:143)- ==> Parameters: 
2020-03-02 23:15:00,685 [DEBUG] (BaseJdbcLogger.java:143)- <==      Total: 9
2020-03-02 23:15:00,687 [DEBUG] (BaseJdbcLogger.java:143)- ==>  Preparing: select id, title, audioURL, category, cover_url from audio 
2020-03-02 23:15:00,688 [DEBUG] (BaseJdbcLogger.java:143)- ==> Parameters: 
2020-03-02 23:15:00,730 [DEBUG] (BaseJdbcLogger.java:143)- <==      Total: 6
2020-03-02 23:15:07,804 [DEBUG] (BaseJdbcLogger.java:143)- ==>  Preparing: select id, user_name, name, consult_cost, license_number from doctor 
2020-03-02 23:15:07,806 [DEBUG] (BaseJdbcLogger.java:143)- ==> Parameters: 
2020-03-02 23:15:07,869 [DEBUG] (BaseJdbcLogger.java:143)- <==      Total: 3
2020-03-02 23:16:14,796 [DEBUG] (BaseJdbcLogger.java:143)- ==>  Preparing: select id, title, audioURL, category, cover_url from audio 
2020-03-02 23:16:14,798 [DEBUG] (BaseJdbcLogger.java:143)- ==> Parameters: 
2020-03-02 23:16:14,798 [DEBUG] (BaseJdbcLogger.java:143)- ==>  Preparing: select id, title, description, img_url, category from article 
2020-03-02 23:16:14,798 [DEBUG] (BaseJdbcLogger.java:143)- ==> Parameters: 
2020-03-02 23:16:14,843 [DEBUG] (BaseJdbcLogger.java:143)- <==      Total: 6
2020-03-02 23:16:14,845 [DEBUG] (BaseJdbcLogger.java:143)- <==      Total: 20
2020-03-02 23:16:14,851 [DEBUG] (BaseJdbcLogger.java:143)- ==>  Preparing: select id, title, vedioURL, cover_url, category, description from vedio 
2020-03-02 23:16:14,852 [DEBUG] (BaseJdbcLogger.java:143)- ==> Parameters: 
2020-03-02 23:16:14,902 [DEBUG] (BaseJdbcLogger.java:143)- <==      Total: 9
2020-03-02 23:16:44,643 [DEBUG] (BaseJdbcLogger.java:143)- ==>  Preparing: select id, user_name, name, consult_cost, license_number from doctor 
2020-03-02 23:16:44,645 [DEBUG] (BaseJdbcLogger.java:143)- ==> Parameters: 
2020-03-02 23:16:44,687 [DEBUG] (BaseJdbcLogger.java:143)- <==      Total: 3
2020-03-02 23:17:26,080 [DEBUG] (BaseJdbcLogger.java:143)- ==>  Preparing: select id, title, description, img_url, category from article 
2020-03-02 23:17:26,083 [DEBUG] (BaseJdbcLogger.java:143)- ==> Parameters: 
2020-03-02 23:17:26,124 [DEBUG] (BaseJdbcLogger.java:143)- <==      Total: 20
2020-03-02 23:17:26,132 [DEBUG] (BaseJdbcLogger.java:143)- ==>  Preparing: select id, title, audioURL, category, cover_url from audio 
2020-03-02 23:17:26,132 [DEBUG] (BaseJdbcLogger.java:143)- ==> Parameters: 
2020-03-02 23:17:26,135 [DEBUG] (BaseJdbcLogger.java:143)- ==>  Preparing: select id, title, vedioURL, cover_url, category, description from vedio 
2020-03-02 23:17:26,135 [DEBUG] (BaseJdbcLogger.java:143)- ==> Parameters: 
2020-03-02 23:17:26,174 [DEBUG] (BaseJdbcLogger.java:143)- <==      Total: 6
2020-03-02 23:17:26,178 [DEBUG] (BaseJdbcLogger.java:143)- <==      Total: 9
2020-03-02 23:17:29,790 [DEBUG] (BaseJdbcLogger.java:143)- ==>  Preparing: select id, user_name, name, consult_cost, license_number from doctor 
2020-03-02 23:17:29,791 [DEBUG] (BaseJdbcLogger.java:143)- ==> Parameters: 
2020-03-02 23:17:29,830 [DEBUG] (BaseJdbcLogger.java:143)- <==      Total: 3
2020-03-02 23:18:14,775 [DEBUG] (BaseJdbcLogger.java:143)- ==>  Preparing: select id, title, description, img_url, category from article 
2020-03-02 23:18:14,775 [DEBUG] (BaseJdbcLogger.java:143)- ==>  Preparing: select id, title, audioURL, category, cover_url from audio 
2020-03-02 23:18:14,775 [DEBUG] (BaseJdbcLogger.java:143)- ==>  Preparing: select id, title, vedioURL, cover_url, category, description from vedio 
2020-03-02 23:18:14,776 [DEBUG] (BaseJdbcLogger.java:143)- ==> Parameters: 
2020-03-02 23:18:14,776 [DEBUG] (BaseJdbcLogger.java:143)- ==> Parameters: 
2020-03-02 23:18:14,776 [DEBUG] (BaseJdbcLogger.java:143)- ==> Parameters: 
2020-03-02 23:18:14,823 [DEBUG] (BaseJdbcLogger.java:143)- <==      Total: 6
2020-03-02 23:18:14,823 [DEBUG] (BaseJdbcLogger.java:143)- <==      Total: 9
2020-03-02 23:18:14,825 [DEBUG] (BaseJdbcLogger.java:143)- <==      Total: 20
2020-03-02 23:18:18,614 [DEBUG] (BaseJdbcLogger.java:143)- ==>  Preparing: select id, user_name, name, consult_cost, license_number from doctor 
2020-03-02 23:18:18,615 [DEBUG] (BaseJdbcLogger.java:143)- ==> Parameters: 
2020-03-02 23:18:18,657 [DEBUG] (BaseJdbcLogger.java:143)- <==      Total: 3
2020-03-02 23:20:45,735 [DEBUG] (BaseJdbcLogger.java:143)- ==>  Preparing: select id, title, description, img_url, category from article 
2020-03-02 23:20:45,738 [DEBUG] (BaseJdbcLogger.java:143)- ==>  Preparing: select id, title, vedioURL, cover_url, category, description from vedio 
2020-03-02 23:20:45,740 [DEBUG] (BaseJdbcLogger.java:143)- ==>  Preparing: select id, title, audioURL, category, cover_url from audio 
2020-03-02 23:20:45,743 [DEBUG] (BaseJdbcLogger.java:143)- ==> Parameters: 
2020-03-02 23:20:45,743 [DEBUG] (BaseJdbcLogger.java:143)- ==> Parameters: 
2020-03-02 23:20:45,765 [DEBUG] (BaseJdbcLogger.java:143)- ==> Parameters: 
2020-03-02 23:20:45,920 [DEBUG] (BaseJdbcLogger.java:143)- <==      Total: 6
2020-03-02 23:20:45,921 [DEBUG] (BaseJdbcLogger.java:143)- <==      Total: 20
2020-03-02 23:20:45,924 [DEBUG] (BaseJdbcLogger.java:143)- <==      Total: 9
2020-03-02 23:20:49,559 [DEBUG] (BaseJdbcLogger.java:143)- ==>  Preparing: select id, user_name, name, consult_cost, license_number from doctor 
2020-03-02 23:20:49,560 [DEBUG] (BaseJdbcLogger.java:143)- ==> Parameters: 
2020-03-02 23:20:49,605 [DEBUG] (BaseJdbcLogger.java:143)- <==      Total: 3
2020-03-02 23:21:38,508 [DEBUG] (BaseJdbcLogger.java:143)- ==>  Preparing: select id, title, description, img_url, category from article 
2020-03-02 23:21:38,509 [DEBUG] (BaseJdbcLogger.java:143)- ==> Parameters: 
2020-03-02 23:21:38,513 [DEBUG] (BaseJdbcLogger.java:143)- ==>  Preparing: select id, title, audioURL, category, cover_url from audio 
2020-03-02 23:21:38,515 [DEBUG] (BaseJdbcLogger.java:143)- ==> Parameters: 
2020-03-02 23:21:38,520 [DEBUG] (BaseJdbcLogger.java:143)- ==>  Preparing: select id, title, vedioURL, cover_url, category, description from vedio 
2020-03-02 23:21:38,521 [DEBUG] (BaseJdbcLogger.java:143)- ==> Parameters: 
2020-03-02 23:21:38,555 [DEBUG] (BaseJdbcLogger.java:143)- <==      Total: 20
2020-03-02 23:21:38,556 [DEBUG] (BaseJdbcLogger.java:143)- <==      Total: 6
2020-03-02 23:21:38,562 [DEBUG] (BaseJdbcLogger.java:143)- <==      Total: 9
2020-03-02 23:22:05,812 [DEBUG] (BaseJdbcLogger.java:143)- ==>  Preparing: select id, user_name, name, consult_cost, license_number from doctor 
2020-03-02 23:22:05,814 [DEBUG] (BaseJdbcLogger.java:143)- ==> Parameters: 
2020-03-02 23:22:05,858 [DEBUG] (BaseJdbcLogger.java:143)- <==      Total: 3
2020-03-02 23:23:19,100 [DEBUG] (BaseJdbcLogger.java:143)- ==>  Preparing: select id, title, audioURL, category, cover_url from audio 
2020-03-02 23:23:19,101 [DEBUG] (BaseJdbcLogger.java:143)- ==> Parameters: 
2020-03-02 23:23:19,102 [DEBUG] (BaseJdbcLogger.java:143)- ==>  Preparing: select id, title, description, img_url, category from article 
2020-03-02 23:23:19,103 [DEBUG] (BaseJdbcLogger.java:143)- ==> Parameters: 
2020-03-02 23:23:19,105 [DEBUG] (BaseJdbcLogger.java:143)- ==>  Preparing: select id, title, vedioURL, cover_url, category, description from vedio 
2020-03-02 23:23:19,105 [DEBUG] (BaseJdbcLogger.java:143)- ==> Parameters: 
2020-03-02 23:23:19,142 [DEBUG] (BaseJdbcLogger.java:143)- <==      Total: 6
2020-03-02 23:23:19,143 [DEBUG] (BaseJdbcLogger.java:143)- <==      Total: 20
2020-03-02 23:23:19,146 [DEBUG] (BaseJdbcLogger.java:143)- <==      Total: 9
2020-03-02 23:25:02,410 [DEBUG] (BaseJdbcLogger.java:143)- ==>  Preparing: select id, user_name, name, consult_cost, license_number from doctor 
2020-03-02 23:25:02,411 [DEBUG] (BaseJdbcLogger.java:143)- ==> Parameters: 
2020-03-02 23:25:02,454 [DEBUG] (BaseJdbcLogger.java:143)- <==      Total: 3
2020-03-02 23:27:25,613 [DEBUG] (BaseJdbcLogger.java:143)- ==>  Preparing: select id, title, description, img_url, category from article 
2020-03-02 23:27:25,616 [DEBUG] (BaseJdbcLogger.java:143)- ==> Parameters: 
2020-03-02 23:27:25,664 [DEBUG] (BaseJdbcLogger.java:143)- <==      Total: 20
2020-03-02 23:27:26,670 [DEBUG] (BaseJdbcLogger.java:143)- ==>  Preparing: select id, title, audioURL, category, cover_url from audio 
2020-03-02 23:27:26,672 [DEBUG] (BaseJdbcLogger.java:143)- ==> Parameters: 
2020-03-02 23:27:26,726 [DEBUG] (BaseJdbcLogger.java:143)- <==      Total: 6
2020-03-02 23:27:26,727 [DEBUG] (BaseJdbcLogger.java:143)- ==>  Preparing: select id, title, vedioURL, cover_url, category, description from vedio 
2020-03-02 23:27:26,728 [DEBUG] (BaseJdbcLogger.java:143)- ==> Parameters: 
2020-03-02 23:27:26,772 [DEBUG] (BaseJdbcLogger.java:143)- <==      Total: 9
2020-03-02 23:27:29,815 [DEBUG] (BaseJdbcLogger.java:143)- ==>  Preparing: select id, user_name, name, consult_cost, license_number from doctor 
2020-03-02 23:27:29,816 [DEBUG] (BaseJdbcLogger.java:143)- ==> Parameters: 
2020-03-02 23:27:29,858 [DEBUG] (BaseJdbcLogger.java:143)- <==      Total: 3
2020-03-02 23:28:13,182 [DEBUG] (BaseJdbcLogger.java:143)- ==>  Preparing: select id, title, description, img_url, category from article 
2020-03-02 23:28:13,184 [DEBUG] (BaseJdbcLogger.java:143)- ==> Parameters: 
2020-03-02 23:28:13,195 [DEBUG] (BaseJdbcLogger.java:143)- ==>  Preparing: select id, title, audioURL, category, cover_url from audio 
2020-03-02 23:28:13,196 [DEBUG] (BaseJdbcLogger.java:143)- ==> Parameters: 
2020-03-02 23:28:13,233 [DEBUG] (BaseJdbcLogger.java:143)- <==      Total: 20
2020-03-02 23:28:13,239 [DEBUG] (BaseJdbcLogger.java:143)- ==>  Preparing: select id, title, vedioURL, cover_url, category, description from vedio 
2020-03-02 23:28:13,240 [DEBUG] (BaseJdbcLogger.java:143)- ==> Parameters: 
2020-03-02 23:28:13,245 [DEBUG] (BaseJdbcLogger.java:143)- <==      Total: 6
2020-03-02 23:28:13,284 [DEBUG] (BaseJdbcLogger.java:143)- <==      Total: 9
2020-03-02 23:28:17,331 [DEBUG] (BaseJdbcLogger.java:143)- ==>  Preparing: select id, user_name, name, consult_cost, license_number from doctor 
2020-03-02 23:28:17,331 [DEBUG] (BaseJdbcLogger.java:143)- ==> Parameters: 
2020-03-02 23:28:17,380 [DEBUG] (BaseJdbcLogger.java:143)- <==      Total: 3
2020-03-02 23:36:52,496 [DEBUG] (BaseJdbcLogger.java:143)- ==>  Preparing: select id, title, description, img_url, category from article 
2020-03-02 23:36:52,533 [DEBUG] (BaseJdbcLogger.java:143)- ==> Parameters: 
2020-03-02 23:36:52,665 [DEBUG] (BaseJdbcLogger.java:143)- <==      Total: 20
2020-03-02 23:36:52,673 [DEBUG] (BaseJdbcLogger.java:143)- ==>  Preparing: select id, title, audioURL, category, cover_url from audio 
2020-03-02 23:36:52,676 [DEBUG] (BaseJdbcLogger.java:143)- ==> Parameters: 
2020-03-02 23:36:52,807 [DEBUG] (BaseJdbcLogger.java:143)- <==      Total: 6
2020-03-02 23:36:52,808 [DEBUG] (BaseJdbcLogger.java:143)- ==>  Preparing: select id, title, vedioURL, cover_url, category, description from vedio 
2020-03-02 23:36:52,811 [DEBUG] (BaseJdbcLogger.java:143)- ==> Parameters: 
2020-03-02 23:36:52,900 [DEBUG] (BaseJdbcLogger.java:143)- <==      Total: 9
2020-03-02 23:36:57,331 [DEBUG] (BaseJdbcLogger.java:143)- ==>  Preparing: select id, user_name, name, consult_cost, license_number from doctor 
2020-03-02 23:36:57,334 [DEBUG] (BaseJdbcLogger.java:143)- ==> Parameters: 
2020-03-02 23:36:57,539 [DEBUG] (BaseJdbcLogger.java:143)- <==      Total: 3
2020-03-02 23:42:50,826 [DEBUG] (BaseJdbcLogger.java:143)- ==>  Preparing: select id, title, description, img_url, category from article 
2020-03-02 23:42:50,824 [DEBUG] (BaseJdbcLogger.java:143)- ==>  Preparing: select id, title, vedioURL, cover_url, category, description from vedio 
2020-03-02 23:42:50,828 [DEBUG] (BaseJdbcLogger.java:143)- ==> Parameters: 
2020-03-02 23:42:50,828 [DEBUG] (BaseJdbcLogger.java:143)- ==> Parameters: 
2020-03-02 23:42:50,923 [DEBUG] (BaseJdbcLogger.java:143)- <==      Total: 20
2020-03-02 23:42:50,925 [DEBUG] (BaseJdbcLogger.java:143)- ==>  Preparing: select id, title, audioURL, category, cover_url from audio 
2020-03-02 23:42:50,925 [DEBUG] (BaseJdbcLogger.java:143)- ==> Parameters: 
2020-03-02 23:42:50,930 [DEBUG] (BaseJdbcLogger.java:143)- <==      Total: 9
2020-03-02 23:42:51,049 [DEBUG] (BaseJdbcLogger.java:143)- <==      Total: 6
