<<<<<<< HEAD
<<<<<<< Updated upstream
<<<<<<< Updated upstream
2020-03-16 18:25:30,490 [INFO] (StartupInfoLogger.java:59)- Started BreastApplication in 9.47 seconds (JVM running for 14.069)
=======
=======
>>>>>>> Stashed changes
2020-03-16 18:01:12,849 [INFO] (StartupInfoLogger.java:50)- Starting BreastApplication on LAPTOP-SKN1FD88 with PID 20016 (started by 12284 in F:\Ajava\A母乳喂养项目\breastfeed\server\bfbackend)
2020-03-16 18:01:12,861 [DEBUG] (StartupInfoLogger.java:53)- Running with Spring Boot v2.1.9.RELEASE, Spring v5.1.10.RELEASE
2020-03-16 18:01:12,861 [INFO] (SpringApplication.java:648)- No active profile set, falling back to default profiles: default
2020-03-16 18:01:21,252 [INFO] (StartupInfoLogger.java:59)- Started BreastApplication in 9.655 seconds (JVM running for 17.649)
<<<<<<< Updated upstream
>>>>>>> Stashed changes
2020-03-16 18:40:33,341 [INFO] (StartupInfoLogger.java:50)- Starting BreastApplication on LAPTOP-SKN1FD88 with PID 11652 (started by 12284 in F:\Ajava\A母乳喂养项目\breastfeed\server\bfbackend)
2020-03-16 18:40:33,388 [DEBUG] (StartupInfoLogger.java:53)- Running with Spring Boot v2.1.9.RELEASE, Spring v5.1.10.RELEASE
2020-03-16 18:40:33,388 [INFO] (SpringApplication.java:648)- No active profile set, falling back to default profiles: default
2020-03-16 18:40:39,223 [INFO] (StartupInfoLogger.java:59)- Started BreastApplication in 6.976 seconds (JVM running for 10.474)
=======
>>>>>>> Stashed changes
2020-03-16 18:49:48,592 [INFO] (StartupInfoLogger.java:50)- Starting BreastApplication on LAPTOP-SKN1FD88 with PID 5776 (started by 12284 in F:\Ajava\A母乳喂养项目\breastfeed\server\bfbackend)
2020-03-16 18:49:48,595 [DEBUG] (StartupInfoLogger.java:53)- Running with Spring Boot v2.1.9.RELEASE, Spring v5.1.10.RELEASE
2020-03-16 18:49:48,596 [INFO] (SpringApplication.java:648)- No active profile set, falling back to default profiles: default
2020-03-16 18:49:53,349 [INFO] (StartupInfoLogger.java:59)- Started BreastApplication in 5.408 seconds (JVM running for 8.179)
2020-03-17 16:03:31,332 [INFO] (StartupInfoLogger.java:50)- Starting BreastApplication on LAPTOP-562395R3 with PID 6816 (started by 爱哭的周小姐 in D:\软件应用\java IDE\IntelliJ IDEA 2019.1\项目\breastfeed\新建文件夹\server\bfbackend)
2020-03-17 16:03:31,352 [DEBUG] (StartupInfoLogger.java:53)- Running with Spring Boot v2.1.9.RELEASE, Spring v5.1.10.RELEASE
2020-03-17 16:03:31,352 [INFO] (SpringApplication.java:648)- No active profile set, falling back to default profiles: default
2020-03-17 16:03:36,204 [INFO] (StartupInfoLogger.java:59)- Started BreastApplication in 6.405 seconds (JVM running for 10.58)
=======
2020-03-17 15:18:56,716 [INFO] (StartupInfoLogger.java:50)- Starting BreastApplication on LAPTOP-SKN1FD88 with PID 2236 (started by 12284 in F:\Ajava\A母乳喂养项目\breastfeed\server\bfbackend)
2020-03-17 15:18:56,742 [DEBUG] (StartupInfoLogger.java:53)- Running with Spring Boot v2.1.9.RELEASE, Spring v5.1.10.RELEASE
2020-03-17 15:18:56,742 [INFO] (SpringApplication.java:648)- No active profile set, falling back to default profiles: default
2020-03-17 15:19:03,872 [INFO] (StartupInfoLogger.java:59)- Started BreastApplication in 8.296 seconds (JVM running for 13.843)
2020-03-17 15:19:24,672 [DEBUG] (BaseJdbcLogger.java:143)- ==>  Preparing: select id, t_title, img_url, content from test 
2020-03-17 15:19:24,731 [DEBUG] (BaseJdbcLogger.java:143)- ==> Parameters: 
2020-03-17 15:19:24,838 [DEBUG] (BaseJdbcLogger.java:143)- <==      Total: 2
2020-03-17 15:19:29,740 [DEBUG] (BaseJdbcLogger.java:143)- ==>  Preparing: select id, title, audioURL, category, cover_url from audio 
2020-03-17 15:19:29,741 [DEBUG] (BaseJdbcLogger.java:143)- ==> Parameters: 
2020-03-17 15:19:29,801 [DEBUG] (BaseJdbcLogger.java:143)- <==      Total: 6
2020-03-17 15:19:29,804 [DEBUG] (BaseJdbcLogger.java:143)- ==>  Preparing: select id, title, vedioURL, cover_url, category, description from vedio 
2020-03-17 15:19:29,806 [DEBUG] (BaseJdbcLogger.java:143)- ==> Parameters: 
2020-03-17 15:19:29,877 [DEBUG] (BaseJdbcLogger.java:143)- <==      Total: 9
2020-03-17 15:19:30,023 [DEBUG] (BaseJdbcLogger.java:143)- ==>  Preparing: select id, title, description, img_url, category from article 
2020-03-17 15:19:30,029 [DEBUG] (BaseJdbcLogger.java:143)- ==> Parameters: 
2020-03-17 15:19:30,092 [DEBUG] (BaseJdbcLogger.java:143)- <==      Total: 20
2020-03-17 15:19:30,215 [INFO] (ArticleController.java:66)- 母乳喂养的好处
2020-03-17 15:19:34,637 [DEBUG] (BaseJdbcLogger.java:143)- ==>  Preparing: select id, user_name, name, img_url, expert_in, imageText_cost, voice_cost, video_cost,open_id from doctor 
2020-03-17 15:19:34,637 [DEBUG] (BaseJdbcLogger.java:143)- ==>  Preparing: select id, user_name, name, img_url, expert_in, imageText_cost, voice_cost, video_cost,open_id from doctor 
2020-03-17 15:19:34,639 [DEBUG] (BaseJdbcLogger.java:143)- ==> Parameters: 
2020-03-17 15:19:34,639 [DEBUG] (BaseJdbcLogger.java:143)- ==> Parameters: 
2020-03-17 15:19:34,705 [DEBUG] (BaseJdbcLogger.java:143)- <==      Total: 11
2020-03-17 15:19:34,706 [DEBUG] (BaseJdbcLogger.java:143)- <==      Total: 11
>>>>>>> 933e07be1231773e0dcd9d2c80deae63f3ddcf34
2020-03-17 16:28:26,784 [INFO] (StartupInfoLogger.java:50)- Starting BreastApplication on LAPTOP-562395R3 with PID 17268 (started by 爱哭的周小姐 in D:\软件应用\java IDE\IntelliJ IDEA 2019.1\项目\breastfeed\新建文件夹\server\bfbackend)
2020-03-17 16:28:26,803 [DEBUG] (StartupInfoLogger.java:53)- Running with Spring Boot v2.1.9.RELEASE, Spring v5.1.10.RELEASE
2020-03-17 16:28:26,804 [INFO] (SpringApplication.java:648)- No active profile set, falling back to default profiles: default
2020-03-17 16:28:29,896 [INFO] (StartupInfoLogger.java:59)- Started BreastApplication in 4.402 seconds (JVM running for 6.56)
2020-03-17 16:28:51,096 [DEBUG] (BaseJdbcLogger.java:143)- ==>  Preparing: select id, user_name, name, img_url, expert_in, imageText_cost, voice_cost, video_cost,open_id from doctor 
2020-03-17 16:28:51,129 [DEBUG] (BaseJdbcLogger.java:143)- ==> Parameters: 
2020-03-17 16:28:51,245 [DEBUG] (BaseJdbcLogger.java:143)- <==      Total: 11
2020-03-17 16:28:51,248 [DEBUG] (BaseJdbcLogger.java:143)- ==>  Preparing: select id, user_name, name, img_url, expert_in, imageText_cost, voice_cost, video_cost,open_id from doctor 
2020-03-17 16:28:51,249 [DEBUG] (BaseJdbcLogger.java:143)- ==> Parameters: 
2020-03-17 16:28:51,342 [DEBUG] (BaseJdbcLogger.java:143)- <==      Total: 11
2020-03-17 16:29:34,688 [DEBUG] (BaseJdbcLogger.java:143)- ==>  Preparing: select user_id, age, credit_id, pregnant_type, pregnant_week, job, confinement_date, confinement_week, confinement_type, user_name, user_password, user_token, open_id from user where user_name = ? 
2020-03-17 16:29:34,689 [DEBUG] (BaseJdbcLogger.java:143)- ==> Parameters: 114(String)
2020-03-17 16:29:34,913 [DEBUG] (BaseJdbcLogger.java:143)- <==      Total: 1
2020-03-17 16:30:26,954 [DEBUG] (BaseJdbcLogger.java:143)- ==>  Preparing: select user_id, age, credit_id, pregnant_type, pregnant_week, job, confinement_date, confinement_week, confinement_type, user_name, user_password, user_token, open_id from user where user_token = ? 
2020-03-17 16:30:26,955 [DEBUG] (BaseJdbcLogger.java:143)- ==> Parameters: 885b3afcf63444fb8437eced031bb9a2(String)
2020-03-17 16:30:27,113 [DEBUG] (BaseJdbcLogger.java:143)- <==      Total: 1
2020-03-17 16:30:35,445 [DEBUG] (BaseJdbcLogger.java:143)- ==>  Preparing: select user_id, age, credit_id, pregnant_type, pregnant_week, job, confinement_date, confinement_week, confinement_type, user_name, user_password, user_token, open_id from user where user_name = ? 
2020-03-17 16:30:35,447 [DEBUG] (BaseJdbcLogger.java:143)- ==> Parameters: 114(String)
2020-03-17 16:30:35,581 [DEBUG] (BaseJdbcLogger.java:143)- <==      Total: 1
2020-03-17 16:31:11,928 [DEBUG] (BaseJdbcLogger.java:143)- ==>  Preparing: select user_id, age, credit_id, pregnant_type, pregnant_week, job, confinement_date, confinement_week, confinement_type, user_name, user_password, user_token, open_id from user where user_token = ? 
2020-03-17 16:31:11,929 [DEBUG] (BaseJdbcLogger.java:143)- ==> Parameters: 885b3afcf63444fb8437eced031bb9a2(String)
2020-03-17 16:31:12,087 [DEBUG] (BaseJdbcLogger.java:143)- <==      Total: 1
2020-03-17 16:31:19,237 [DEBUG] (BaseJdbcLogger.java:143)- ==>  Preparing: select user_id, age, credit_id, pregnant_type, pregnant_week, job, confinement_date, confinement_week, confinement_type, user_name, user_password, user_token, open_id from user where user_name = ? 
2020-03-17 16:31:19,238 [DEBUG] (BaseJdbcLogger.java:143)- ==> Parameters: 114(String)
2020-03-17 16:31:19,400 [DEBUG] (BaseJdbcLogger.java:143)- <==      Total: 1
2020-03-17 16:32:39,968 [DEBUG] (BaseJdbcLogger.java:143)- ==>  Preparing: select user_id, age, credit_id, pregnant_type, pregnant_week, job, confinement_date, confinement_week, confinement_type, user_name, user_password, user_token, open_id from user where user_token = ? 
2020-03-17 16:32:39,969 [DEBUG] (BaseJdbcLogger.java:143)- ==> Parameters: 885b3afcf63444fb8437eced031bb9a2(String)
2020-03-17 16:32:40,039 [DEBUG] (BaseJdbcLogger.java:143)- <==      Total: 1
2020-03-17 16:32:47,860 [DEBUG] (BaseJdbcLogger.java:143)- ==>  Preparing: select user_id, age, credit_id, pregnant_type, pregnant_week, job, confinement_date, confinement_week, confinement_type, user_name, user_password, user_token, open_id from user where user_name = ? 
2020-03-17 16:32:47,861 [DEBUG] (BaseJdbcLogger.java:143)- ==> Parameters: 114(String)
2020-03-17 16:32:48,062 [DEBUG] (BaseJdbcLogger.java:143)- <==      Total: 1
2020-03-17 16:33:55,201 [DEBUG] (BaseJdbcLogger.java:143)- ==>  Preparing: select user_id, age, credit_id, pregnant_type, pregnant_week, job, confinement_date, confinement_week, confinement_type, user_name, user_password, user_token, open_id from user where user_token = ? 
2020-03-17 16:33:55,202 [DEBUG] (BaseJdbcLogger.java:143)- ==> Parameters: 885b3afcf63444fb8437eced031bb9a2(String)
2020-03-17 16:33:55,314 [DEBUG] (BaseJdbcLogger.java:143)- <==      Total: 1
2020-03-17 16:34:03,444 [DEBUG] (BaseJdbcLogger.java:143)- ==>  Preparing: select user_id, age, credit_id, pregnant_type, pregnant_week, job, confinement_date, confinement_week, confinement_type, user_name, user_password, user_token, open_id from user where user_name = ? 
2020-03-17 16:34:03,445 [DEBUG] (BaseJdbcLogger.java:143)- ==> Parameters: 114(String)
2020-03-17 16:34:03,573 [DEBUG] (BaseJdbcLogger.java:143)- <==      Total: 1
2020-03-17 16:34:35,702 [DEBUG] (BaseJdbcLogger.java:143)- ==>  Preparing: select user_id, age, credit_id, pregnant_type, pregnant_week, job, confinement_date, confinement_week, confinement_type, user_name, user_password, user_token, open_id from user where user_token = ? 
2020-03-17 16:34:35,702 [DEBUG] (BaseJdbcLogger.java:143)- ==> Parameters: 885b3afcf63444fb8437eced031bb9a2(String)
2020-03-17 16:34:35,816 [DEBUG] (BaseJdbcLogger.java:143)- <==      Total: 1
2020-03-17 16:34:44,227 [DEBUG] (BaseJdbcLogger.java:143)- ==>  Preparing: select user_id, age, credit_id, pregnant_type, pregnant_week, job, confinement_date, confinement_week, confinement_type, user_name, user_password, user_token, open_id from user where user_name = ? 
2020-03-17 16:34:44,228 [DEBUG] (BaseJdbcLogger.java:143)- ==> Parameters: 114(String)
2020-03-17 16:34:44,312 [DEBUG] (BaseJdbcLogger.java:143)- <==      Total: 1
2020-03-17 16:39:10,849 [DEBUG] (BaseJdbcLogger.java:143)- ==>  Preparing: select user_id, age, credit_id, pregnant_type, pregnant_week, job, confinement_date, confinement_week, confinement_type, user_name, user_password, user_token, open_id from user where user_token = ? 
2020-03-17 16:39:10,850 [DEBUG] (BaseJdbcLogger.java:143)- ==> Parameters: 885b3afcf63444fb8437eced031bb9a2(String)
2020-03-17 16:39:10,935 [DEBUG] (BaseJdbcLogger.java:143)- <==      Total: 1
2020-03-17 16:39:19,477 [DEBUG] (BaseJdbcLogger.java:143)- ==>  Preparing: select user_id, age, credit_id, pregnant_type, pregnant_week, job, confinement_date, confinement_week, confinement_type, user_name, user_password, user_token, open_id from user where user_name = ? 
2020-03-17 16:39:19,478 [DEBUG] (BaseJdbcLogger.java:143)- ==> Parameters: 114(String)
2020-03-17 16:39:19,761 [DEBUG] (BaseJdbcLogger.java:143)- <==      Total: 1
2020-03-17 16:40:19,685 [DEBUG] (BaseJdbcLogger.java:143)- ==>  Preparing: select user_id, age, credit_id, pregnant_type, pregnant_week, job, confinement_date, confinement_week, confinement_type, user_name, user_password, user_token, open_id from user where user_token = ? 
2020-03-17 16:40:19,686 [DEBUG] (BaseJdbcLogger.java:143)- ==> Parameters: 885b3afcf63444fb8437eced031bb9a2(String)
2020-03-17 16:40:19,776 [DEBUG] (BaseJdbcLogger.java:143)- <==      Total: 1
2020-03-17 16:40:28,500 [DEBUG] (BaseJdbcLogger.java:143)- ==>  Preparing: select user_id, age, credit_id, pregnant_type, pregnant_week, job, confinement_date, confinement_week, confinement_type, user_name, user_password, user_token, open_id from user where user_name = ? 
2020-03-17 16:40:28,501 [DEBUG] (BaseJdbcLogger.java:143)- ==> Parameters: 114(String)
2020-03-17 16:40:28,653 [DEBUG] (BaseJdbcLogger.java:143)- <==      Total: 1
2020-03-17 16:40:39,978 [DEBUG] (BaseJdbcLogger.java:143)- ==>  Preparing: select user_id, age, credit_id, pregnant_type, pregnant_week, job, confinement_date, confinement_week, confinement_type, user_name, user_password, user_token, open_id from user where user_token = ? 
2020-03-17 16:40:39,979 [DEBUG] (BaseJdbcLogger.java:143)- ==> Parameters: 885b3afcf63444fb8437eced031bb9a2(String)
2020-03-17 16:40:40,134 [DEBUG] (BaseJdbcLogger.java:143)- <==      Total: 1
2020-03-17 16:40:47,779 [DEBUG] (BaseJdbcLogger.java:143)- ==>  Preparing: select user_id, age, credit_id, pregnant_type, pregnant_week, job, confinement_date, confinement_week, confinement_type, user_name, user_password, user_token, open_id from user where user_name = ? 
2020-03-17 16:40:47,780 [DEBUG] (BaseJdbcLogger.java:143)- ==> Parameters: 114(String)
2020-03-17 16:40:47,893 [DEBUG] (BaseJdbcLogger.java:143)- <==      Total: 1
2020-03-17 16:40:48,343 [DEBUG] (BaseJdbcLogger.java:143)- ==>  Preparing: select id, title, audioURL, category, cover_url from audio 
2020-03-17 16:40:48,343 [DEBUG] (BaseJdbcLogger.java:143)- ==> Parameters: 
2020-03-17 16:40:48,421 [DEBUG] (BaseJdbcLogger.java:143)- <==      Total: 6
2020-03-17 16:40:48,428 [DEBUG] (BaseJdbcLogger.java:143)- ==>  Preparing: select id, title, vedioURL, cover_url, category, description from vedio 
2020-03-17 16:40:48,428 [DEBUG] (BaseJdbcLogger.java:143)- ==> Parameters: 
2020-03-17 16:40:48,506 [DEBUG] (BaseJdbcLogger.java:143)- <==      Total: 9
2020-03-17 16:40:48,592 [DEBUG] (BaseJdbcLogger.java:143)- ==>  Preparing: select id, title, description, img_url, category from article 
2020-03-17 16:40:48,592 [DEBUG] (BaseJdbcLogger.java:143)- ==> Parameters: 
2020-03-17 16:40:48,676 [DEBUG] (BaseJdbcLogger.java:143)- <==      Total: 20
2020-03-17 16:40:48,844 [INFO] (ArticleController.java:66)- 母乳喂养的好处
2020-03-17 16:41:13,826 [DEBUG] (BaseJdbcLogger.java:143)- ==>  Preparing: select user_id, age, credit_id, pregnant_type, pregnant_week, job, confinement_date, confinement_week, confinement_type, user_name, user_password, user_token, open_id from user where user_token = ? 
2020-03-17 16:41:13,827 [DEBUG] (BaseJdbcLogger.java:143)- ==> Parameters: 885b3afcf63444fb8437eced031bb9a2(String)
2020-03-17 16:41:13,984 [DEBUG] (BaseJdbcLogger.java:143)- <==      Total: 1
2020-03-17 16:41:22,155 [DEBUG] (BaseJdbcLogger.java:143)- ==>  Preparing: select user_id, age, credit_id, pregnant_type, pregnant_week, job, confinement_date, confinement_week, confinement_type, user_name, user_password, user_token, open_id from user where user_name = ? 
2020-03-17 16:41:22,156 [DEBUG] (BaseJdbcLogger.java:143)- ==> Parameters: 114(String)
2020-03-17 16:41:22,273 [DEBUG] (BaseJdbcLogger.java:143)- <==      Total: 1
2020-03-17 16:41:22,767 [DEBUG] (BaseJdbcLogger.java:143)- ==>  Preparing: select id, title, audioURL, category, cover_url from audio 
2020-03-17 16:41:22,767 [DEBUG] (BaseJdbcLogger.java:143)- ==>  Preparing: select id, title, vedioURL, cover_url, category, description from vedio 
2020-03-17 16:41:22,767 [DEBUG] (BaseJdbcLogger.java:143)- ==> Parameters: 
2020-03-17 16:41:22,767 [DEBUG] (BaseJdbcLogger.java:143)- ==> Parameters: 
2020-03-17 16:41:22,896 [DEBUG] (BaseJdbcLogger.java:143)- <==      Total: 6
2020-03-17 16:41:22,902 [DEBUG] (BaseJdbcLogger.java:143)- <==      Total: 9
2020-03-17 16:41:51,288 [DEBUG] (BaseJdbcLogger.java:143)- ==>  Preparing: select id, user_name, name, img_url, expert_in, imageText_cost, voice_cost, video_cost,open_id from doctor 
2020-03-17 16:41:51,289 [DEBUG] (BaseJdbcLogger.java:143)- ==> Parameters: 
2020-03-17 16:41:51,292 [DEBUG] (BaseJdbcLogger.java:143)- ==>  Preparing: select id, user_name, name, img_url, expert_in, imageText_cost, voice_cost, video_cost,open_id from doctor 
2020-03-17 16:41:51,293 [DEBUG] (BaseJdbcLogger.java:143)- ==> Parameters: 
2020-03-17 16:41:51,457 [DEBUG] (BaseJdbcLogger.java:143)- <==      Total: 11
2020-03-17 16:41:51,461 [DEBUG] (BaseJdbcLogger.java:143)- <==      Total: 11
2020-03-17 16:41:57,146 [INFO] (ConsultOrderController.java:71)- === AddConsultOrder:ConsultOrder{id=null, doctorId=1, userId=462, createTime=Tue Mar 17 16:41:57 CST 2020, lastingTime=86400000, contact='', contactPhone='1', symptomDescription='111', user=null, doctor=null, consultCost=5, status=null, oid='091f2491471d4507a16af747d2a129ba', userOpenId='oby6g4gzlRYKAZKmINMKVC-Z12hY', doctorOpenId='oby6g4gzlRYKAZKmINMKVC-Z12hY', imgUrls=''} ===
2020-03-17 16:41:57,147 [DEBUG] (BaseJdbcLogger.java:143)- ==>  Preparing: insert into consult_order (id, doctor_id, user_id, create_time, lasting_time, contact, contact_phone, symptom_description,consult_cost,status,oid,user_open_id,doctor_open_id,img_urls ) values (?, ?, ?, ?, ?, ?, ?, ?, ?,?,?, ?,?,? ) 
2020-03-17 16:41:57,151 [DEBUG] (BaseJdbcLogger.java:143)- ==> Parameters: null, 1(Integer), 462(Integer), 2020-03-17 16:41:57.0(Timestamp), 86400000(Integer), (String), 1(String), 111(String), 5(Integer), null, 091f2491471d4507a16af747d2a129ba(String), oby6g4gzlRYKAZKmINMKVC-Z12hY(String), oby6g4gzlRYKAZKmINMKVC-Z12hY(String), (String)
2020-03-17 16:41:57,390 [DEBUG] (BaseJdbcLogger.java:143)- <==    Updates: 1
2020-03-17 16:41:57,799 [INFO] (WebSocketController.java:92)- [WebSocket] 连接成功，当前连接人数:1
2020-03-17 16:41:57,802 [DEBUG] (BaseJdbcLogger.java:143)- ==>  Preparing: select id, from_user_id, to_user_id, message_type, message_content, time,oid from wechat_message_item where from_user_id = ? and to_user_id = ? or from_user_id = ? and to_user_id = ? 
2020-03-17 16:41:57,814 [DEBUG] (BaseJdbcLogger.java:143)- ==> Parameters: 462(Integer), 1(Integer), 1(Integer), 462(Integer)
2020-03-17 16:41:57,899 [DEBUG] (BaseJdbcLogger.java:143)- <==      Total: 10
2020-03-17 16:41:57,900 [INFO] (WebSocketController.java:103)-  === 用户 462和用户 1的聊天记录：[WeChatMessageItem{id=41, fromUserId=462, toUserId=1, messageType=0, messageContent='ewfewfewfew', time=Mon Mar 09 15:33:29 CST 2020, oid='6742d3461985435b85fa18482d534224'}, WeChatMessageItem{id=42, fromUserId=462, toUserId=1, messageType=0, messageContent='dsgfgfg', time=Mon Mar 09 15:33:44 CST 2020, oid='6742d3461985435b85fa18482d534224'}, WeChatMessageItem{id=50, fromUserId=462, toUserId=1, messageType=0, messageContent='dfdsf', time=Thu Mar 12 10:06:30 CST 2020, oid='2130bf72344d4b9c82f1eb75ba56a6d2'}, WeChatMessageItem{id=51, fromUserId=462, toUserId=1, messageType=0, messageContent='1', time=Thu Mar 12 10:11:47 CST 2020, oid='4a154a9de6e849f2acb792a6cca6ce5b'}, WeChatMessageItem{id=52, fromUserId=462, toUserId=1, messageType=0, messageContent='1111', time=Thu Mar 12 10:32:44 CST 2020, oid='bda0a919ee4b434a8f6ea1e8f9b924e9'}, WeChatMessageItem{id=53, fromUserId=462, toUserId=1, messageType=0, messageContent='1111111', time=Thu Mar 12 10:36:28 CST 2020, oid='ccd7a4f78a1845e4845176a01fe11c11'}, WeChatMessageItem{id=54, fromUserId=462, toUserId=1, messageType=0, messageContent='edfd', time=Thu Mar 12 10:44:31 CST 2020, oid='4e1b617c70064961801f061141695391'}, WeChatMessageItem{id=55, fromUserId=462, toUserId=1, messageType=0, messageContent='fdsfdfdsfds', time=Thu Mar 12 21:08:03 CST 2020, oid='3d91328393984765a5939a5278dc80d9'}, WeChatMessageItem{id=56, fromUserId=462, toUserId=1, messageType=0, messageContent='sfsasdfsf', time=Thu Mar 12 21:08:10 CST 2020, oid='3d91328393984765a5939a5278dc80d9'}, WeChatMessageItem{id=57, fromUserId=462, toUserId=1, messageType=0, messageContent='sdfsfds', time=Thu Mar 12 21:11:54 CST 2020, oid='a19317bfee0c4ba287934134dcada610'}]
2020-03-17 16:41:57,912 [DEBUG] (WebSocketController.java:209)- ===  用户消息成功 消息数据：[{"fromUserId":462,"id":41,"messageContent":"ewfewfewfew","messageType":0,"oid":"6742d3461985435b85fa18482d534224","time":1583739209000,"toUserId":1},{"fromUserId":462,"id":42,"messageContent":"dsgfgfg","messageType":0,"oid":"6742d3461985435b85fa18482d534224","time":1583739224000,"toUserId":1},{"fromUserId":462,"id":50,"messageContent":"dfdsf","messageType":0,"oid":"2130bf72344d4b9c82f1eb75ba56a6d2","time":1583978790000,"toUserId":1},{"fromUserId":462,"id":51,"messageContent":"1","messageType":0,"oid":"4a154a9de6e849f2acb792a6cca6ce5b","time":1583979107000,"toUserId":1},{"fromUserId":462,"id":52,"messageContent":"1111","messageType":0,"oid":"bda0a919ee4b434a8f6ea1e8f9b924e9","time":1583980364000,"toUserId":1},{"fromUserId":462,"id":53,"messageContent":"1111111","messageType":0,"oid":"ccd7a4f78a1845e4845176a01fe11c11","time":1583980588000,"toUserId":1},{"fromUserId":462,"id":54,"messageContent":"edfd","messageType":0,"oid":"4e1b617c70064961801f061141695391","time":1583981071000,"toUserId":1},{"fromUserId":462,"id":55,"messageContent":"fdsfdfdsfds","messageType":0,"oid":"3d91328393984765a5939a5278dc80d9","time":1584018483000,"toUserId":1},{"fromUserId":462,"id":56,"messageContent":"sfsasdfsf","messageType":0,"oid":"3d91328393984765a5939a5278dc80d9","time":1584018490000,"toUserId":1},{"fromUserId":462,"id":57,"messageContent":"sdfsfds","messageType":0,"oid":"a19317bfee0c4ba287934134dcada610","time":1584018714000,"toUserId":1}] ===
2020-03-17 16:42:33,987 [INFO] (WebSocketController.java:112)- [WebSocket] 退出成功，当前连接人数为：=0 当前在线人： {}
2020-03-17 16:42:35,137 [DEBUG] (BaseJdbcLogger.java:143)- ==>  Preparing: select user_id, age, credit_id, pregnant_type, pregnant_week, job, confinement_date, confinement_week, confinement_type, user_name, user_password, user_token, open_id from user where user_token = ? 
2020-03-17 16:42:35,138 [DEBUG] (BaseJdbcLogger.java:143)- ==> Parameters: 885b3afcf63444fb8437eced031bb9a2(String)
2020-03-17 16:42:35,295 [DEBUG] (BaseJdbcLogger.java:143)- <==      Total: 1
2020-03-17 16:42:53,589 [DEBUG] (BaseJdbcLogger.java:143)- ==>  Preparing: select user_id, age, credit_id, pregnant_type, pregnant_week, job, confinement_date, confinement_week, confinement_type, user_name, user_password, user_token, open_id from user where user_token = ? 
2020-03-17 16:42:53,590 [DEBUG] (BaseJdbcLogger.java:143)- ==> Parameters: 885b3afcf63444fb8437eced031bb9a2(String)
2020-03-17 16:42:53,672 [DEBUG] (BaseJdbcLogger.java:143)- <==      Total: 1
2020-03-17 16:42:54,008 [DEBUG] (BaseJdbcLogger.java:143)- ==>  Preparing: select id, user_name, name, img_url, expert_in, imageText_cost, voice_cost, video_cost,open_id from doctor 
2020-03-17 16:42:54,008 [DEBUG] (BaseJdbcLogger.java:143)- ==> Parameters: 
2020-03-17 16:42:54,098 [DEBUG] (BaseJdbcLogger.java:143)- <==      Total: 11
2020-03-17 16:42:54,107 [DEBUG] (BaseJdbcLogger.java:143)- ==>  Preparing: select id, user_name, name, img_url, expert_in, imageText_cost, voice_cost, video_cost,open_id from doctor 
2020-03-17 16:42:54,107 [DEBUG] (BaseJdbcLogger.java:143)- ==> Parameters: 
2020-03-17 16:42:54,173 [DEBUG] (BaseJdbcLogger.java:143)- <==      Total: 11
2020-03-17 16:43:06,090 [INFO] (ConsultOrderController.java:71)- === AddConsultOrder:ConsultOrder{id=null, doctorId=7, userId=462, createTime=Tue Mar 17 16:43:06 CST 2020, lastingTime=86400000, contact='', contactPhone='1', symptomDescription='1111', user=null, doctor=null, consultCost=5, status=null, oid='c2bbf3570eb844bf8d681b4e40f3aaf8', userOpenId='oby6g4gzlRYKAZKmINMKVC-Z12hY', doctorOpenId='oby6g4gzlRYKAZKmINMKV', imgUrls=''} ===
2020-03-17 16:43:06,091 [DEBUG] (BaseJdbcLogger.java:143)- ==>  Preparing: insert into consult_order (id, doctor_id, user_id, create_time, lasting_time, contact, contact_phone, symptom_description,consult_cost,status,oid,user_open_id,doctor_open_id,img_urls ) values (?, ?, ?, ?, ?, ?, ?, ?, ?,?,?, ?,?,? ) 
2020-03-17 16:43:06,092 [DEBUG] (BaseJdbcLogger.java:143)- ==> Parameters: null, 7(Integer), 462(Integer), 2020-03-17 16:43:06.0(Timestamp), 86400000(Integer), (String), 1(String), 1111(String), 5(Integer), null, c2bbf3570eb844bf8d681b4e40f3aaf8(String), oby6g4gzlRYKAZKmINMKVC-Z12hY(String), oby6g4gzlRYKAZKmINMKV(String), (String)
2020-03-17 16:43:06,285 [DEBUG] (BaseJdbcLogger.java:143)- <==    Updates: 1
2020-03-17 16:43:06,544 [INFO] (WebSocketController.java:92)- [WebSocket] 连接成功，当前连接人数:1
2020-03-17 16:43:06,545 [DEBUG] (BaseJdbcLogger.java:143)- ==>  Preparing: select id, from_user_id, to_user_id, message_type, message_content, time,oid from wechat_message_item where from_user_id = ? and to_user_id = ? or from_user_id = ? and to_user_id = ? 
2020-03-17 16:43:06,546 [DEBUG] (BaseJdbcLogger.java:143)- ==> Parameters: 462(Integer), 7(Integer), 7(Integer), 462(Integer)
2020-03-17 16:43:06,645 [DEBUG] (BaseJdbcLogger.java:143)- <==      Total: 0
2020-03-17 16:43:06,645 [INFO] (WebSocketController.java:103)-  === 用户 462和用户 7的聊天记录：[]
2020-03-17 16:43:06,646 [DEBUG] (WebSocketController.java:209)- ===  用户消息成功 消息数据：[] ===
2020-03-17 16:43:17,082 [INFO] (WebSocketController.java:112)- [WebSocket] 退出成功，当前连接人数为：=0 当前在线人： {}
2020-03-17 16:43:25,033 [INFO] (ConsultOrderController.java:71)- === AddConsultOrder:ConsultOrder{id=null, doctorId=7, userId=462, createTime=Tue Mar 17 16:43:25 CST 2020, lastingTime=86400000, contact='', contactPhone='11', symptomDescription='1111', user=null, doctor=null, consultCost=5, status=null, oid='2fe7a4cd359c46d2b9b754ee34e111ab', userOpenId='oby6g4gzlRYKAZKmINMKVC-Z12hY', doctorOpenId='oby6g4gzlRYKAZKmINMKV', imgUrls=''} ===
2020-03-17 16:43:25,034 [DEBUG] (BaseJdbcLogger.java:143)- ==>  Preparing: insert into consult_order (id, doctor_id, user_id, create_time, lasting_time, contact, contact_phone, symptom_description,consult_cost,status,oid,user_open_id,doctor_open_id,img_urls ) values (?, ?, ?, ?, ?, ?, ?, ?, ?,?,?, ?,?,? ) 
2020-03-17 16:43:25,035 [DEBUG] (BaseJdbcLogger.java:143)- ==> Parameters: null, 7(Integer), 462(Integer), 2020-03-17 16:43:25.0(Timestamp), 86400000(Integer), (String), 11(String), 1111(String), 5(Integer), null, 2fe7a4cd359c46d2b9b754ee34e111ab(String), oby6g4gzlRYKAZKmINMKVC-Z12hY(String), oby6g4gzlRYKAZKmINMKV(String), (String)
2020-03-17 16:43:25,284 [DEBUG] (BaseJdbcLogger.java:143)- <==    Updates: 1
2020-03-17 16:43:25,611 [INFO] (WebSocketController.java:92)- [WebSocket] 连接成功，当前连接人数:1
2020-03-17 16:43:25,613 [DEBUG] (BaseJdbcLogger.java:143)- ==>  Preparing: select id, from_user_id, to_user_id, message_type, message_content, time,oid from wechat_message_item where from_user_id = ? and to_user_id = ? or from_user_id = ? and to_user_id = ? 
2020-03-17 16:43:25,613 [DEBUG] (BaseJdbcLogger.java:143)- ==> Parameters: 462(Integer), 7(Integer), 7(Integer), 462(Integer)
2020-03-17 16:43:25,684 [DEBUG] (BaseJdbcLogger.java:143)- <==      Total: 0
2020-03-17 16:43:25,685 [INFO] (WebSocketController.java:103)-  === 用户 462和用户 7的聊天记录：[]
2020-03-17 16:43:25,685 [DEBUG] (WebSocketController.java:209)- ===  用户消息成功 消息数据：[] ===
2020-03-17 16:47:26,669 [INFO] (WebSocketController.java:112)- [WebSocket] 退出成功，当前连接人数为：=0 当前在线人： {}
2020-03-17 16:47:27,904 [DEBUG] (BaseJdbcLogger.java:143)- ==>  Preparing: select user_id, age, credit_id, pregnant_type, pregnant_week, job, confinement_date, confinement_week, confinement_type, user_name, user_password, user_token, open_id from user where user_token = ? 
2020-03-17 16:47:27,905 [DEBUG] (BaseJdbcLogger.java:143)- ==> Parameters: 885b3afcf63444fb8437eced031bb9a2(String)
2020-03-17 16:47:27,971 [DEBUG] (BaseJdbcLogger.java:143)- <==      Total: 1
2020-03-17 16:47:27,997 [DEBUG] (BaseJdbcLogger.java:143)- ==>  Preparing: select id, user_name, name, img_url, expert_in, imageText_cost, voice_cost, video_cost,open_id from doctor 
2020-03-17 16:47:27,997 [DEBUG] (BaseJdbcLogger.java:143)- ==> Parameters: 
2020-03-17 16:47:28,070 [DEBUG] (BaseJdbcLogger.java:143)- <==      Total: 11
2020-03-17 16:47:28,074 [DEBUG] (BaseJdbcLogger.java:143)- ==>  Preparing: select id, user_name, name, img_url, expert_in, imageText_cost, voice_cost, video_cost,open_id from doctor 
2020-03-17 16:47:28,075 [DEBUG] (BaseJdbcLogger.java:143)- ==> Parameters: 
2020-03-17 16:47:28,150 [DEBUG] (BaseJdbcLogger.java:143)- <==      Total: 11
2020-03-17 16:47:50,170 [INFO] (ConsultOrderController.java:71)- === AddConsultOrder:ConsultOrder{id=null, doctorId=1, userId=462, createTime=Tue Mar 17 16:47:50 CST 2020, lastingTime=86400000, contact='', contactPhone='111', symptomDescription='111', user=null, doctor=null, consultCost=5, status=null, oid='47ebd5dd16bc45678e9bdb6e99a20870', userOpenId='oby6g4gzlRYKAZKmINMKVC-Z12hY', doctorOpenId='oby6g4gzlRYKAZKmINMKVC-Z12hY', imgUrls=''} ===
2020-03-17 16:47:50,171 [DEBUG] (BaseJdbcLogger.java:143)- ==>  Preparing: insert into consult_order (id, doctor_id, user_id, create_time, lasting_time, contact, contact_phone, symptom_description,consult_cost,status,oid,user_open_id,doctor_open_id,img_urls ) values (?, ?, ?, ?, ?, ?, ?, ?, ?,?,?, ?,?,? ) 
2020-03-17 16:47:50,172 [DEBUG] (BaseJdbcLogger.java:143)- ==> Parameters: null, 1(Integer), 462(Integer), 2020-03-17 16:47:50.0(Timestamp), 86400000(Integer), (String), 111(String), 111(String), 5(Integer), null, 47ebd5dd16bc45678e9bdb6e99a20870(String), oby6g4gzlRYKAZKmINMKVC-Z12hY(String), oby6g4gzlRYKAZKmINMKVC-Z12hY(String), (String)
2020-03-17 16:47:50,393 [DEBUG] (BaseJdbcLogger.java:143)- <==    Updates: 1
2020-03-17 16:47:50,738 [INFO] (WebSocketController.java:92)- [WebSocket] 连接成功，当前连接人数:1
2020-03-17 16:47:50,738 [DEBUG] (BaseJdbcLogger.java:143)- ==>  Preparing: select id, from_user_id, to_user_id, message_type, message_content, time,oid from wechat_message_item where from_user_id = ? and to_user_id = ? or from_user_id = ? and to_user_id = ? 
2020-03-17 16:47:50,739 [DEBUG] (BaseJdbcLogger.java:143)- ==> Parameters: 462(Integer), 1(Integer), 1(Integer), 462(Integer)
2020-03-17 16:47:50,818 [DEBUG] (BaseJdbcLogger.java:143)- <==      Total: 10
2020-03-17 16:47:50,819 [INFO] (WebSocketController.java:103)-  === 用户 462和用户 1的聊天记录：[WeChatMessageItem{id=41, fromUserId=462, toUserId=1, messageType=0, messageContent='ewfewfewfew', time=Mon Mar 09 15:33:29 CST 2020, oid='6742d3461985435b85fa18482d534224'}, WeChatMessageItem{id=42, fromUserId=462, toUserId=1, messageType=0, messageContent='dsgfgfg', time=Mon Mar 09 15:33:44 CST 2020, oid='6742d3461985435b85fa18482d534224'}, WeChatMessageItem{id=50, fromUserId=462, toUserId=1, messageType=0, messageContent='dfdsf', time=Thu Mar 12 10:06:30 CST 2020, oid='2130bf72344d4b9c82f1eb75ba56a6d2'}, WeChatMessageItem{id=51, fromUserId=462, toUserId=1, messageType=0, messageContent='1', time=Thu Mar 12 10:11:47 CST 2020, oid='4a154a9de6e849f2acb792a6cca6ce5b'}, WeChatMessageItem{id=52, fromUserId=462, toUserId=1, messageType=0, messageContent='1111', time=Thu Mar 12 10:32:44 CST 2020, oid='bda0a919ee4b434a8f6ea1e8f9b924e9'}, WeChatMessageItem{id=53, fromUserId=462, toUserId=1, messageType=0, messageContent='1111111', time=Thu Mar 12 10:36:28 CST 2020, oid='ccd7a4f78a1845e4845176a01fe11c11'}, WeChatMessageItem{id=54, fromUserId=462, toUserId=1, messageType=0, messageContent='edfd', time=Thu Mar 12 10:44:31 CST 2020, oid='4e1b617c70064961801f061141695391'}, WeChatMessageItem{id=55, fromUserId=462, toUserId=1, messageType=0, messageContent='fdsfdfdsfds', time=Thu Mar 12 21:08:03 CST 2020, oid='3d91328393984765a5939a5278dc80d9'}, WeChatMessageItem{id=56, fromUserId=462, toUserId=1, messageType=0, messageContent='sfsasdfsf', time=Thu Mar 12 21:08:10 CST 2020, oid='3d91328393984765a5939a5278dc80d9'}, WeChatMessageItem{id=57, fromUserId=462, toUserId=1, messageType=0, messageContent='sdfsfds', time=Thu Mar 12 21:11:54 CST 2020, oid='a19317bfee0c4ba287934134dcada610'}]
2020-03-17 16:47:50,820 [DEBUG] (WebSocketController.java:209)- ===  用户消息成功 消息数据：[{"fromUserId":462,"id":41,"messageContent":"ewfewfewfew","messageType":0,"oid":"6742d3461985435b85fa18482d534224","time":1583739209000,"toUserId":1},{"fromUserId":462,"id":42,"messageContent":"dsgfgfg","messageType":0,"oid":"6742d3461985435b85fa18482d534224","time":1583739224000,"toUserId":1},{"fromUserId":462,"id":50,"messageContent":"dfdsf","messageType":0,"oid":"2130bf72344d4b9c82f1eb75ba56a6d2","time":1583978790000,"toUserId":1},{"fromUserId":462,"id":51,"messageContent":"1","messageType":0,"oid":"4a154a9de6e849f2acb792a6cca6ce5b","time":1583979107000,"toUserId":1},{"fromUserId":462,"id":52,"messageContent":"1111","messageType":0,"oid":"bda0a919ee4b434a8f6ea1e8f9b924e9","time":1583980364000,"toUserId":1},{"fromUserId":462,"id":53,"messageContent":"1111111","messageType":0,"oid":"ccd7a4f78a1845e4845176a01fe11c11","time":1583980588000,"toUserId":1},{"fromUserId":462,"id":54,"messageContent":"edfd","messageType":0,"oid":"4e1b617c70064961801f061141695391","time":1583981071000,"toUserId":1},{"fromUserId":462,"id":55,"messageContent":"fdsfdfdsfds","messageType":0,"oid":"3d91328393984765a5939a5278dc80d9","time":1584018483000,"toUserId":1},{"fromUserId":462,"id":56,"messageContent":"sfsasdfsf","messageType":0,"oid":"3d91328393984765a5939a5278dc80d9","time":1584018490000,"toUserId":1},{"fromUserId":462,"id":57,"messageContent":"sdfsfds","messageType":0,"oid":"a19317bfee0c4ba287934134dcada610","time":1584018714000,"toUserId":1}] ===
2020-03-17 16:48:50,025 [INFO] (WebSocketController.java:112)- [WebSocket] 退出成功，当前连接人数为：=0 当前在线人： {}
2020-03-17 16:48:51,423 [DEBUG] (BaseJdbcLogger.java:143)- ==>  Preparing: select user_id, age, credit_id, pregnant_type, pregnant_week, job, confinement_date, confinement_week, confinement_type, user_name, user_password, user_token, open_id from user where user_token = ? 
2020-03-17 16:48:51,423 [DEBUG] (BaseJdbcLogger.java:143)- ==> Parameters: 885b3afcf63444fb8437eced031bb9a2(String)
2020-03-17 16:48:51,502 [DEBUG] (BaseJdbcLogger.java:143)- <==      Total: 1
2020-03-17 16:48:51,503 [DEBUG] (BaseJdbcLogger.java:143)- ==>  Preparing: select id, user_name, name, img_url, expert_in, imageText_cost, voice_cost, video_cost,open_id from doctor 
2020-03-17 16:48:51,503 [DEBUG] (BaseJdbcLogger.java:143)- ==> Parameters: 
2020-03-17 16:48:51,504 [DEBUG] (BaseJdbcLogger.java:143)- ==>  Preparing: select id, user_name, name, img_url, expert_in, imageText_cost, voice_cost, video_cost,open_id from doctor 
2020-03-17 16:48:51,505 [DEBUG] (BaseJdbcLogger.java:143)- ==> Parameters: 
2020-03-17 16:48:51,585 [DEBUG] (BaseJdbcLogger.java:143)- <==      Total: 11
2020-03-17 16:48:51,589 [DEBUG] (BaseJdbcLogger.java:143)- <==      Total: 11
2020-03-17 16:48:57,383 [INFO] (ConsultOrderController.java:71)- === AddConsultOrder:ConsultOrder{id=null, doctorId=1, userId=462, createTime=Tue Mar 17 16:48:57 CST 2020, lastingTime=86400000, contact='', contactPhone='11', symptomDescription='111', user=null, doctor=null, consultCost=5, status=null, oid='7f3eddf3f2924bf4910d3345dff93be3', userOpenId='oby6g4gzlRYKAZKmINMKVC-Z12hY', doctorOpenId='oby6g4gzlRYKAZKmINMKVC-Z12hY', imgUrls=''} ===
2020-03-17 16:48:57,384 [DEBUG] (BaseJdbcLogger.java:143)- ==>  Preparing: insert into consult_order (id, doctor_id, user_id, create_time, lasting_time, contact, contact_phone, symptom_description,consult_cost,status,oid,user_open_id,doctor_open_id,img_urls ) values (?, ?, ?, ?, ?, ?, ?, ?, ?,?,?, ?,?,? ) 
2020-03-17 16:48:57,385 [DEBUG] (BaseJdbcLogger.java:143)- ==> Parameters: null, 1(Integer), 462(Integer), 2020-03-17 16:48:57.0(Timestamp), 86400000(Integer), (String), 11(String), 111(String), 5(Integer), null, 7f3eddf3f2924bf4910d3345dff93be3(String), oby6g4gzlRYKAZKmINMKVC-Z12hY(String), oby6g4gzlRYKAZKmINMKVC-Z12hY(String), (String)
2020-03-17 16:48:57,580 [DEBUG] (BaseJdbcLogger.java:143)- <==    Updates: 1
2020-03-17 16:48:57,868 [INFO] (WebSocketController.java:92)- [WebSocket] 连接成功，当前连接人数:1
2020-03-17 16:48:57,869 [DEBUG] (BaseJdbcLogger.java:143)- ==>  Preparing: select id, from_user_id, to_user_id, message_type, message_content, time,oid from wechat_message_item where from_user_id = ? and to_user_id = ? or from_user_id = ? and to_user_id = ? 
2020-03-17 16:48:57,869 [DEBUG] (BaseJdbcLogger.java:143)- ==> Parameters: 462(Integer), 1(Integer), 1(Integer), 462(Integer)
2020-03-17 16:48:57,952 [DEBUG] (BaseJdbcLogger.java:143)- <==      Total: 10
2020-03-17 16:48:57,953 [INFO] (WebSocketController.java:103)-  === 用户 462和用户 1的聊天记录：[WeChatMessageItem{id=41, fromUserId=462, toUserId=1, messageType=0, messageContent='ewfewfewfew', time=Mon Mar 09 15:33:29 CST 2020, oid='6742d3461985435b85fa18482d534224'}, WeChatMessageItem{id=42, fromUserId=462, toUserId=1, messageType=0, messageContent='dsgfgfg', time=Mon Mar 09 15:33:44 CST 2020, oid='6742d3461985435b85fa18482d534224'}, WeChatMessageItem{id=50, fromUserId=462, toUserId=1, messageType=0, messageContent='dfdsf', time=Thu Mar 12 10:06:30 CST 2020, oid='2130bf72344d4b9c82f1eb75ba56a6d2'}, WeChatMessageItem{id=51, fromUserId=462, toUserId=1, messageType=0, messageContent='1', time=Thu Mar 12 10:11:47 CST 2020, oid='4a154a9de6e849f2acb792a6cca6ce5b'}, WeChatMessageItem{id=52, fromUserId=462, toUserId=1, messageType=0, messageContent='1111', time=Thu Mar 12 10:32:44 CST 2020, oid='bda0a919ee4b434a8f6ea1e8f9b924e9'}, WeChatMessageItem{id=53, fromUserId=462, toUserId=1, messageType=0, messageContent='1111111', time=Thu Mar 12 10:36:28 CST 2020, oid='ccd7a4f78a1845e4845176a01fe11c11'}, WeChatMessageItem{id=54, fromUserId=462, toUserId=1, messageType=0, messageContent='edfd', time=Thu Mar 12 10:44:31 CST 2020, oid='4e1b617c70064961801f061141695391'}, WeChatMessageItem{id=55, fromUserId=462, toUserId=1, messageType=0, messageContent='fdsfdfdsfds', time=Thu Mar 12 21:08:03 CST 2020, oid='3d91328393984765a5939a5278dc80d9'}, WeChatMessageItem{id=56, fromUserId=462, toUserId=1, messageType=0, messageContent='sfsasdfsf', time=Thu Mar 12 21:08:10 CST 2020, oid='3d91328393984765a5939a5278dc80d9'}, WeChatMessageItem{id=57, fromUserId=462, toUserId=1, messageType=0, messageContent='sdfsfds', time=Thu Mar 12 21:11:54 CST 2020, oid='a19317bfee0c4ba287934134dcada610'}]
2020-03-17 16:48:57,954 [DEBUG] (WebSocketController.java:209)- ===  用户消息成功 消息数据：[{"fromUserId":462,"id":41,"messageContent":"ewfewfewfew","messageType":0,"oid":"6742d3461985435b85fa18482d534224","time":1583739209000,"toUserId":1},{"fromUserId":462,"id":42,"messageContent":"dsgfgfg","messageType":0,"oid":"6742d3461985435b85fa18482d534224","time":1583739224000,"toUserId":1},{"fromUserId":462,"id":50,"messageContent":"dfdsf","messageType":0,"oid":"2130bf72344d4b9c82f1eb75ba56a6d2","time":1583978790000,"toUserId":1},{"fromUserId":462,"id":51,"messageContent":"1","messageType":0,"oid":"4a154a9de6e849f2acb792a6cca6ce5b","time":1583979107000,"toUserId":1},{"fromUserId":462,"id":52,"messageContent":"1111","messageType":0,"oid":"bda0a919ee4b434a8f6ea1e8f9b924e9","time":1583980364000,"toUserId":1},{"fromUserId":462,"id":53,"messageContent":"1111111","messageType":0,"oid":"ccd7a4f78a1845e4845176a01fe11c11","time":1583980588000,"toUserId":1},{"fromUserId":462,"id":54,"messageContent":"edfd","messageType":0,"oid":"4e1b617c70064961801f061141695391","time":1583981071000,"toUserId":1},{"fromUserId":462,"id":55,"messageContent":"fdsfdfdsfds","messageType":0,"oid":"3d91328393984765a5939a5278dc80d9","time":1584018483000,"toUserId":1},{"fromUserId":462,"id":56,"messageContent":"sfsasdfsf","messageType":0,"oid":"3d91328393984765a5939a5278dc80d9","time":1584018490000,"toUserId":1},{"fromUserId":462,"id":57,"messageContent":"sdfsfds","messageType":0,"oid":"a19317bfee0c4ba287934134dcada610","time":1584018714000,"toUserId":1}] ===
2020-03-17 16:49:07,024 [INFO] (WebSocketController.java:112)- [WebSocket] 退出成功，当前连接人数为：=0 当前在线人： {}
2020-03-17 16:49:08,174 [DEBUG] (BaseJdbcLogger.java:143)- ==>  Preparing: select user_id, age, credit_id, pregnant_type, pregnant_week, job, confinement_date, confinement_week, confinement_type, user_name, user_password, user_token, open_id from user where user_token = ? 
2020-03-17 16:49:08,175 [DEBUG] (BaseJdbcLogger.java:143)- ==> Parameters: 885b3afcf63444fb8437eced031bb9a2(String)
2020-03-17 16:49:08,256 [DEBUG] (BaseJdbcLogger.java:143)- <==      Total: 1
2020-03-17 16:49:08,322 [DEBUG] (BaseJdbcLogger.java:143)- ==>  Preparing: select id, user_name, name, img_url, expert_in, imageText_cost, voice_cost, video_cost,open_id from doctor 
2020-03-17 16:49:08,323 [DEBUG] (BaseJdbcLogger.java:143)- ==> Parameters: 
2020-03-17 16:49:08,327 [DEBUG] (BaseJdbcLogger.java:143)- ==>  Preparing: select id, user_name, name, img_url, expert_in, imageText_cost, voice_cost, video_cost,open_id from doctor 
2020-03-17 16:49:08,327 [DEBUG] (BaseJdbcLogger.java:143)- ==> Parameters: 
2020-03-17 16:49:08,406 [DEBUG] (BaseJdbcLogger.java:143)- <==      Total: 11
2020-03-17 16:49:08,406 [DEBUG] (BaseJdbcLogger.java:143)- <==      Total: 11
2020-03-17 16:49:13,900 [INFO] (ConsultOrderController.java:71)- === AddConsultOrder:ConsultOrder{id=null, doctorId=1, userId=462, createTime=Tue Mar 17 16:49:13 CST 2020, lastingTime=86400000, contact='', contactPhone='111', symptomDescription='111', user=null, doctor=null, consultCost=5, status=null, oid='b832ecdcac974e8cbe1fe180bf507347', userOpenId='oby6g4gzlRYKAZKmINMKVC-Z12hY', doctorOpenId='oby6g4gzlRYKAZKmINMKVC-Z12hY', imgUrls=''} ===
2020-03-17 16:49:13,900 [DEBUG] (BaseJdbcLogger.java:143)- ==>  Preparing: insert into consult_order (id, doctor_id, user_id, create_time, lasting_time, contact, contact_phone, symptom_description,consult_cost,status,oid,user_open_id,doctor_open_id,img_urls ) values (?, ?, ?, ?, ?, ?, ?, ?, ?,?,?, ?,?,? ) 
2020-03-17 16:49:13,901 [DEBUG] (BaseJdbcLogger.java:143)- ==> Parameters: null, 1(Integer), 462(Integer), 2020-03-17 16:49:13.0(Timestamp), 86400000(Integer), (String), 111(String), 111(String), 5(Integer), null, b832ecdcac974e8cbe1fe180bf507347(String), oby6g4gzlRYKAZKmINMKVC-Z12hY(String), oby6g4gzlRYKAZKmINMKVC-Z12hY(String), (String)
2020-03-17 16:49:14,123 [DEBUG] (BaseJdbcLogger.java:143)- <==    Updates: 1
2020-03-17 16:49:14,412 [INFO] (WebSocketController.java:92)- [WebSocket] 连接成功，当前连接人数:1
2020-03-17 16:49:14,413 [DEBUG] (BaseJdbcLogger.java:143)- ==>  Preparing: select id, from_user_id, to_user_id, message_type, message_content, time,oid from wechat_message_item where from_user_id = ? and to_user_id = ? or from_user_id = ? and to_user_id = ? 
2020-03-17 16:49:14,413 [DEBUG] (BaseJdbcLogger.java:143)- ==> Parameters: 462(Integer), 1(Integer), 1(Integer), 462(Integer)
2020-03-17 16:49:14,499 [DEBUG] (BaseJdbcLogger.java:143)- <==      Total: 10
2020-03-17 16:49:14,500 [INFO] (WebSocketController.java:103)-  === 用户 462和用户 1的聊天记录：[WeChatMessageItem{id=41, fromUserId=462, toUserId=1, messageType=0, messageContent='ewfewfewfew', time=Mon Mar 09 15:33:29 CST 2020, oid='6742d3461985435b85fa18482d534224'}, WeChatMessageItem{id=42, fromUserId=462, toUserId=1, messageType=0, messageContent='dsgfgfg', time=Mon Mar 09 15:33:44 CST 2020, oid='6742d3461985435b85fa18482d534224'}, WeChatMessageItem{id=50, fromUserId=462, toUserId=1, messageType=0, messageContent='dfdsf', time=Thu Mar 12 10:06:30 CST 2020, oid='2130bf72344d4b9c82f1eb75ba56a6d2'}, WeChatMessageItem{id=51, fromUserId=462, toUserId=1, messageType=0, messageContent='1', time=Thu Mar 12 10:11:47 CST 2020, oid='4a154a9de6e849f2acb792a6cca6ce5b'}, WeChatMessageItem{id=52, fromUserId=462, toUserId=1, messageType=0, messageContent='1111', time=Thu Mar 12 10:32:44 CST 2020, oid='bda0a919ee4b434a8f6ea1e8f9b924e9'}, WeChatMessageItem{id=53, fromUserId=462, toUserId=1, messageType=0, messageContent='1111111', time=Thu Mar 12 10:36:28 CST 2020, oid='ccd7a4f78a1845e4845176a01fe11c11'}, WeChatMessageItem{id=54, fromUserId=462, toUserId=1, messageType=0, messageContent='edfd', time=Thu Mar 12 10:44:31 CST 2020, oid='4e1b617c70064961801f061141695391'}, WeChatMessageItem{id=55, fromUserId=462, toUserId=1, messageType=0, messageContent='fdsfdfdsfds', time=Thu Mar 12 21:08:03 CST 2020, oid='3d91328393984765a5939a5278dc80d9'}, WeChatMessageItem{id=56, fromUserId=462, toUserId=1, messageType=0, messageContent='sfsasdfsf', time=Thu Mar 12 21:08:10 CST 2020, oid='3d91328393984765a5939a5278dc80d9'}, WeChatMessageItem{id=57, fromUserId=462, toUserId=1, messageType=0, messageContent='sdfsfds', time=Thu Mar 12 21:11:54 CST 2020, oid='a19317bfee0c4ba287934134dcada610'}]
2020-03-17 16:49:14,501 [DEBUG] (WebSocketController.java:209)- ===  用户消息成功 消息数据：[{"fromUserId":462,"id":41,"messageContent":"ewfewfewfew","messageType":0,"oid":"6742d3461985435b85fa18482d534224","time":1583739209000,"toUserId":1},{"fromUserId":462,"id":42,"messageContent":"dsgfgfg","messageType":0,"oid":"6742d3461985435b85fa18482d534224","time":1583739224000,"toUserId":1},{"fromUserId":462,"id":50,"messageContent":"dfdsf","messageType":0,"oid":"2130bf72344d4b9c82f1eb75ba56a6d2","time":1583978790000,"toUserId":1},{"fromUserId":462,"id":51,"messageContent":"1","messageType":0,"oid":"4a154a9de6e849f2acb792a6cca6ce5b","time":1583979107000,"toUserId":1},{"fromUserId":462,"id":52,"messageContent":"1111","messageType":0,"oid":"bda0a919ee4b434a8f6ea1e8f9b924e9","time":1583980364000,"toUserId":1},{"fromUserId":462,"id":53,"messageContent":"1111111","messageType":0,"oid":"ccd7a4f78a1845e4845176a01fe11c11","time":1583980588000,"toUserId":1},{"fromUserId":462,"id":54,"messageContent":"edfd","messageType":0,"oid":"4e1b617c70064961801f061141695391","time":1583981071000,"toUserId":1},{"fromUserId":462,"id":55,"messageContent":"fdsfdfdsfds","messageType":0,"oid":"3d91328393984765a5939a5278dc80d9","time":1584018483000,"toUserId":1},{"fromUserId":462,"id":56,"messageContent":"sfsasdfsf","messageType":0,"oid":"3d91328393984765a5939a5278dc80d9","time":1584018490000,"toUserId":1},{"fromUserId":462,"id":57,"messageContent":"sdfsfds","messageType":0,"oid":"a19317bfee0c4ba287934134dcada610","time":1584018714000,"toUserId":1}] ===
2020-03-17 16:49:38,915 [INFO] (WebSocketController.java:112)- [WebSocket] 退出成功，当前连接人数为：=0 当前在线人： {}
2020-03-17 16:49:40,226 [DEBUG] (BaseJdbcLogger.java:143)- ==>  Preparing: select user_id, age, credit_id, pregnant_type, pregnant_week, job, confinement_date, confinement_week, confinement_type, user_name, user_password, user_token, open_id from user where user_token = ? 
2020-03-17 16:49:40,227 [DEBUG] (BaseJdbcLogger.java:143)- ==> Parameters: 885b3afcf63444fb8437eced031bb9a2(String)
2020-03-17 16:49:40,364 [DEBUG] (BaseJdbcLogger.java:143)- <==      Total: 1
2020-03-17 16:49:40,372 [DEBUG] (BaseJdbcLogger.java:143)- ==>  Preparing: select id, user_name, name, img_url, expert_in, imageText_cost, voice_cost, video_cost,open_id from doctor 
2020-03-17 16:49:40,372 [DEBUG] (BaseJdbcLogger.java:143)- ==> Parameters: 
2020-03-17 16:49:40,390 [DEBUG] (BaseJdbcLogger.java:143)- ==>  Preparing: select id, user_name, name, img_url, expert_in, imageText_cost, voice_cost, video_cost,open_id from doctor 
2020-03-17 16:49:40,391 [DEBUG] (BaseJdbcLogger.java:143)- ==> Parameters: 
2020-03-17 16:49:40,457 [DEBUG] (BaseJdbcLogger.java:143)- <==      Total: 11
2020-03-17 16:49:40,465 [DEBUG] (BaseJdbcLogger.java:143)- <==      Total: 11
2020-03-17 16:49:46,929 [INFO] (ConsultOrderController.java:71)- === AddConsultOrder:ConsultOrder{id=null, doctorId=1, userId=462, createTime=Tue Mar 17 16:49:46 CST 2020, lastingTime=86400000, contact='', contactPhone='11', symptomDescription='1111', user=null, doctor=null, consultCost=5, status=null, oid='108ecf69026949878858738e30959bad', userOpenId='oby6g4gzlRYKAZKmINMKVC-Z12hY', doctorOpenId='oby6g4gzlRYKAZKmINMKVC-Z12hY', imgUrls=''} ===
2020-03-17 16:49:46,930 [DEBUG] (BaseJdbcLogger.java:143)- ==>  Preparing: insert into consult_order (id, doctor_id, user_id, create_time, lasting_time, contact, contact_phone, symptom_description,consult_cost,status,oid,user_open_id,doctor_open_id,img_urls ) values (?, ?, ?, ?, ?, ?, ?, ?, ?,?,?, ?,?,? ) 
2020-03-17 16:49:46,931 [DEBUG] (BaseJdbcLogger.java:143)- ==> Parameters: null, 1(Integer), 462(Integer), 2020-03-17 16:49:46.0(Timestamp), 86400000(Integer), (String), 11(String), 1111(String), 5(Integer), null, 108ecf69026949878858738e30959bad(String), oby6g4gzlRYKAZKmINMKVC-Z12hY(String), oby6g4gzlRYKAZKmINMKVC-Z12hY(String), (String)
2020-03-17 16:49:47,129 [DEBUG] (BaseJdbcLogger.java:143)- <==    Updates: 1
2020-03-17 16:49:47,399 [INFO] (WebSocketController.java:92)- [WebSocket] 连接成功，当前连接人数:1
2020-03-17 16:49:47,399 [DEBUG] (BaseJdbcLogger.java:143)- ==>  Preparing: select id, from_user_id, to_user_id, message_type, message_content, time,oid from wechat_message_item where from_user_id = ? and to_user_id = ? or from_user_id = ? and to_user_id = ? 
2020-03-17 16:49:47,400 [DEBUG] (BaseJdbcLogger.java:143)- ==> Parameters: 462(Integer), 1(Integer), 1(Integer), 462(Integer)
2020-03-17 16:49:47,473 [DEBUG] (BaseJdbcLogger.java:143)- <==      Total: 10
2020-03-17 16:49:47,474 [INFO] (WebSocketController.java:103)-  === 用户 462和用户 1的聊天记录：[WeChatMessageItem{id=41, fromUserId=462, toUserId=1, messageType=0, messageContent='ewfewfewfew', time=Mon Mar 09 15:33:29 CST 2020, oid='6742d3461985435b85fa18482d534224'}, WeChatMessageItem{id=42, fromUserId=462, toUserId=1, messageType=0, messageContent='dsgfgfg', time=Mon Mar 09 15:33:44 CST 2020, oid='6742d3461985435b85fa18482d534224'}, WeChatMessageItem{id=50, fromUserId=462, toUserId=1, messageType=0, messageContent='dfdsf', time=Thu Mar 12 10:06:30 CST 2020, oid='2130bf72344d4b9c82f1eb75ba56a6d2'}, WeChatMessageItem{id=51, fromUserId=462, toUserId=1, messageType=0, messageContent='1', time=Thu Mar 12 10:11:47 CST 2020, oid='4a154a9de6e849f2acb792a6cca6ce5b'}, WeChatMessageItem{id=52, fromUserId=462, toUserId=1, messageType=0, messageContent='1111', time=Thu Mar 12 10:32:44 CST 2020, oid='bda0a919ee4b434a8f6ea1e8f9b924e9'}, WeChatMessageItem{id=53, fromUserId=462, toUserId=1, messageType=0, messageContent='1111111', time=Thu Mar 12 10:36:28 CST 2020, oid='ccd7a4f78a1845e4845176a01fe11c11'}, WeChatMessageItem{id=54, fromUserId=462, toUserId=1, messageType=0, messageContent='edfd', time=Thu Mar 12 10:44:31 CST 2020, oid='4e1b617c70064961801f061141695391'}, WeChatMessageItem{id=55, fromUserId=462, toUserId=1, messageType=0, messageContent='fdsfdfdsfds', time=Thu Mar 12 21:08:03 CST 2020, oid='3d91328393984765a5939a5278dc80d9'}, WeChatMessageItem{id=56, fromUserId=462, toUserId=1, messageType=0, messageContent='sfsasdfsf', time=Thu Mar 12 21:08:10 CST 2020, oid='3d91328393984765a5939a5278dc80d9'}, WeChatMessageItem{id=57, fromUserId=462, toUserId=1, messageType=0, messageContent='sdfsfds', time=Thu Mar 12 21:11:54 CST 2020, oid='a19317bfee0c4ba287934134dcada610'}]
2020-03-17 16:49:47,475 [DEBUG] (WebSocketController.java:209)- ===  用户消息成功 消息数据：[{"fromUserId":462,"id":41,"messageContent":"ewfewfewfew","messageType":0,"oid":"6742d3461985435b85fa18482d534224","time":1583739209000,"toUserId":1},{"fromUserId":462,"id":42,"messageContent":"dsgfgfg","messageType":0,"oid":"6742d3461985435b85fa18482d534224","time":1583739224000,"toUserId":1},{"fromUserId":462,"id":50,"messageContent":"dfdsf","messageType":0,"oid":"2130bf72344d4b9c82f1eb75ba56a6d2","time":1583978790000,"toUserId":1},{"fromUserId":462,"id":51,"messageContent":"1","messageType":0,"oid":"4a154a9de6e849f2acb792a6cca6ce5b","time":1583979107000,"toUserId":1},{"fromUserId":462,"id":52,"messageContent":"1111","messageType":0,"oid":"bda0a919ee4b434a8f6ea1e8f9b924e9","time":1583980364000,"toUserId":1},{"fromUserId":462,"id":53,"messageContent":"1111111","messageType":0,"oid":"ccd7a4f78a1845e4845176a01fe11c11","time":1583980588000,"toUserId":1},{"fromUserId":462,"id":54,"messageContent":"edfd","messageType":0,"oid":"4e1b617c70064961801f061141695391","time":1583981071000,"toUserId":1},{"fromUserId":462,"id":55,"messageContent":"fdsfdfdsfds","messageType":0,"oid":"3d91328393984765a5939a5278dc80d9","time":1584018483000,"toUserId":1},{"fromUserId":462,"id":56,"messageContent":"sfsasdfsf","messageType":0,"oid":"3d91328393984765a5939a5278dc80d9","time":1584018490000,"toUserId":1},{"fromUserId":462,"id":57,"messageContent":"sdfsfds","messageType":0,"oid":"a19317bfee0c4ba287934134dcada610","time":1584018714000,"toUserId":1}] ===
2020-03-17 16:49:56,965 [INFO] (WebSocketController.java:112)- [WebSocket] 退出成功，当前连接人数为：=0 当前在线人： {}
2020-03-17 16:49:58,076 [DEBUG] (BaseJdbcLogger.java:143)- ==>  Preparing: select user_id, age, credit_id, pregnant_type, pregnant_week, job, confinement_date, confinement_week, confinement_type, user_name, user_password, user_token, open_id from user where user_token = ? 
2020-03-17 16:49:58,077 [DEBUG] (BaseJdbcLogger.java:143)- ==> Parameters: 885b3afcf63444fb8437eced031bb9a2(String)
2020-03-17 16:49:58,204 [DEBUG] (BaseJdbcLogger.java:143)- <==      Total: 1
2020-03-17 16:49:58,297 [DEBUG] (BaseJdbcLogger.java:143)- ==>  Preparing: select id, user_name, name, img_url, expert_in, imageText_cost, voice_cost, video_cost,open_id from doctor 
2020-03-17 16:49:58,297 [DEBUG] (BaseJdbcLogger.java:143)- ==>  Preparing: select id, user_name, name, img_url, expert_in, imageText_cost, voice_cost, video_cost,open_id from doctor 
2020-03-17 16:49:58,298 [DEBUG] (BaseJdbcLogger.java:143)- ==> Parameters: 
2020-03-17 16:49:58,298 [DEBUG] (BaseJdbcLogger.java:143)- ==> Parameters: 
2020-03-17 16:49:58,376 [DEBUG] (BaseJdbcLogger.java:143)- <==      Total: 11
2020-03-17 16:49:58,377 [DEBUG] (BaseJdbcLogger.java:143)- <==      Total: 11
2020-03-17 16:50:04,434 [INFO] (ConsultOrderController.java:71)- === AddConsultOrder:ConsultOrder{id=null, doctorId=1, userId=462, createTime=Tue Mar 17 16:50:04 CST 2020, lastingTime=86400000, contact='1', contactPhone='1111', symptomDescription='11111', user=null, doctor=null, consultCost=5, status=null, oid='ae88b1f023914fd1810081560019fae3', userOpenId='oby6g4gzlRYKAZKmINMKVC-Z12hY', doctorOpenId='oby6g4gzlRYKAZKmINMKVC-Z12hY', imgUrls=''} ===
2020-03-17 16:50:04,434 [DEBUG] (BaseJdbcLogger.java:143)- ==>  Preparing: insert into consult_order (id, doctor_id, user_id, create_time, lasting_time, contact, contact_phone, symptom_description,consult_cost,status,oid,user_open_id,doctor_open_id,img_urls ) values (?, ?, ?, ?, ?, ?, ?, ?, ?,?,?, ?,?,? ) 
2020-03-17 16:50:04,435 [DEBUG] (BaseJdbcLogger.java:143)- ==> Parameters: null, 1(Integer), 462(Integer), 2020-03-17 16:50:04.0(Timestamp), 86400000(Integer), 1(String), 1111(String), 11111(String), 5(Integer), null, ae88b1f023914fd1810081560019fae3(String), oby6g4gzlRYKAZKmINMKVC-Z12hY(String), oby6g4gzlRYKAZKmINMKVC-Z12hY(String), (String)
2020-03-17 16:50:04,684 [DEBUG] (BaseJdbcLogger.java:143)- <==    Updates: 1
2020-03-17 16:50:04,960 [INFO] (WebSocketController.java:92)- [WebSocket] 连接成功，当前连接人数:1
2020-03-17 16:50:04,961 [DEBUG] (BaseJdbcLogger.java:143)- ==>  Preparing: select id, from_user_id, to_user_id, message_type, message_content, time,oid from wechat_message_item where from_user_id = ? and to_user_id = ? or from_user_id = ? and to_user_id = ? 
2020-03-17 16:50:04,961 [DEBUG] (BaseJdbcLogger.java:143)- ==> Parameters: 462(Integer), 1(Integer), 1(Integer), 462(Integer)
2020-03-17 16:50:05,060 [DEBUG] (BaseJdbcLogger.java:143)- <==      Total: 10
2020-03-17 16:50:05,060 [INFO] (WebSocketController.java:103)-  === 用户 462和用户 1的聊天记录：[WeChatMessageItem{id=41, fromUserId=462, toUserId=1, messageType=0, messageContent='ewfewfewfew', time=Mon Mar 09 15:33:29 CST 2020, oid='6742d3461985435b85fa18482d534224'}, WeChatMessageItem{id=42, fromUserId=462, toUserId=1, messageType=0, messageContent='dsgfgfg', time=Mon Mar 09 15:33:44 CST 2020, oid='6742d3461985435b85fa18482d534224'}, WeChatMessageItem{id=50, fromUserId=462, toUserId=1, messageType=0, messageContent='dfdsf', time=Thu Mar 12 10:06:30 CST 2020, oid='2130bf72344d4b9c82f1eb75ba56a6d2'}, WeChatMessageItem{id=51, fromUserId=462, toUserId=1, messageType=0, messageContent='1', time=Thu Mar 12 10:11:47 CST 2020, oid='4a154a9de6e849f2acb792a6cca6ce5b'}, WeChatMessageItem{id=52, fromUserId=462, toUserId=1, messageType=0, messageContent='1111', time=Thu Mar 12 10:32:44 CST 2020, oid='bda0a919ee4b434a8f6ea1e8f9b924e9'}, WeChatMessageItem{id=53, fromUserId=462, toUserId=1, messageType=0, messageContent='1111111', time=Thu Mar 12 10:36:28 CST 2020, oid='ccd7a4f78a1845e4845176a01fe11c11'}, WeChatMessageItem{id=54, fromUserId=462, toUserId=1, messageType=0, messageContent='edfd', time=Thu Mar 12 10:44:31 CST 2020, oid='4e1b617c70064961801f061141695391'}, WeChatMessageItem{id=55, fromUserId=462, toUserId=1, messageType=0, messageContent='fdsfdfdsfds', time=Thu Mar 12 21:08:03 CST 2020, oid='3d91328393984765a5939a5278dc80d9'}, WeChatMessageItem{id=56, fromUserId=462, toUserId=1, messageType=0, messageContent='sfsasdfsf', time=Thu Mar 12 21:08:10 CST 2020, oid='3d91328393984765a5939a5278dc80d9'}, WeChatMessageItem{id=57, fromUserId=462, toUserId=1, messageType=0, messageContent='sdfsfds', time=Thu Mar 12 21:11:54 CST 2020, oid='a19317bfee0c4ba287934134dcada610'}]
2020-03-17 16:50:05,061 [DEBUG] (WebSocketController.java:209)- ===  用户消息成功 消息数据：[{"fromUserId":462,"id":41,"messageContent":"ewfewfewfew","messageType":0,"oid":"6742d3461985435b85fa18482d534224","time":1583739209000,"toUserId":1},{"fromUserId":462,"id":42,"messageContent":"dsgfgfg","messageType":0,"oid":"6742d3461985435b85fa18482d534224","time":1583739224000,"toUserId":1},{"fromUserId":462,"id":50,"messageContent":"dfdsf","messageType":0,"oid":"2130bf72344d4b9c82f1eb75ba56a6d2","time":1583978790000,"toUserId":1},{"fromUserId":462,"id":51,"messageContent":"1","messageType":0,"oid":"4a154a9de6e849f2acb792a6cca6ce5b","time":1583979107000,"toUserId":1},{"fromUserId":462,"id":52,"messageContent":"1111","messageType":0,"oid":"bda0a919ee4b434a8f6ea1e8f9b924e9","time":1583980364000,"toUserId":1},{"fromUserId":462,"id":53,"messageContent":"1111111","messageType":0,"oid":"ccd7a4f78a1845e4845176a01fe11c11","time":1583980588000,"toUserId":1},{"fromUserId":462,"id":54,"messageContent":"edfd","messageType":0,"oid":"4e1b617c70064961801f061141695391","time":1583981071000,"toUserId":1},{"fromUserId":462,"id":55,"messageContent":"fdsfdfdsfds","messageType":0,"oid":"3d91328393984765a5939a5278dc80d9","time":1584018483000,"toUserId":1},{"fromUserId":462,"id":56,"messageContent":"sfsasdfsf","messageType":0,"oid":"3d91328393984765a5939a5278dc80d9","time":1584018490000,"toUserId":1},{"fromUserId":462,"id":57,"messageContent":"sdfsfds","messageType":0,"oid":"a19317bfee0c4ba287934134dcada610","time":1584018714000,"toUserId":1}] ===
2020-03-17 16:50:17,333 [INFO] (WebSocketController.java:112)- [WebSocket] 退出成功，当前连接人数为：=0 当前在线人： {}
2020-03-17 16:50:18,505 [DEBUG] (BaseJdbcLogger.java:143)- ==>  Preparing: select user_id, age, credit_id, pregnant_type, pregnant_week, job, confinement_date, confinement_week, confinement_type, user_name, user_password, user_token, open_id from user where user_token = ? 
2020-03-17 16:50:18,506 [DEBUG] (BaseJdbcLogger.java:143)- ==> Parameters: 885b3afcf63444fb8437eced031bb9a2(String)
2020-03-17 16:50:18,634 [DEBUG] (BaseJdbcLogger.java:143)- ==>  Preparing: select id, user_name, name, img_url, expert_in, imageText_cost, voice_cost, video_cost,open_id from doctor 
2020-03-17 16:50:18,634 [DEBUG] (BaseJdbcLogger.java:143)- ==> Parameters: 
2020-03-17 16:50:18,695 [DEBUG] (BaseJdbcLogger.java:143)- <==      Total: 1
2020-03-17 16:50:18,724 [DEBUG] (BaseJdbcLogger.java:143)- <==      Total: 11
2020-03-17 16:50:18,730 [DEBUG] (BaseJdbcLogger.java:143)- ==>  Preparing: select id, user_name, name, img_url, expert_in, imageText_cost, voice_cost, video_cost,open_id from doctor 
2020-03-17 16:50:18,731 [DEBUG] (BaseJdbcLogger.java:143)- ==> Parameters: 
2020-03-17 16:50:18,811 [DEBUG] (BaseJdbcLogger.java:143)- <==      Total: 11
2020-03-17 16:50:44,963 [INFO] (ConsultOrderController.java:71)- === AddConsultOrder:ConsultOrder{id=null, doctorId=1, userId=462, createTime=Tue Mar 17 16:50:44 CST 2020, lastingTime=86400000, contact='', contactPhone='111', symptomDescription='1111', user=null, doctor=null, consultCost=5, status=null, oid='53d9081c6ae545f08ca53b1904430277', userOpenId='oby6g4gzlRYKAZKmINMKVC-Z12hY', doctorOpenId='oby6g4gzlRYKAZKmINMKVC-Z12hY', imgUrls=''} ===
2020-03-17 16:50:44,963 [DEBUG] (BaseJdbcLogger.java:143)- ==>  Preparing: insert into consult_order (id, doctor_id, user_id, create_time, lasting_time, contact, contact_phone, symptom_description,consult_cost,status,oid,user_open_id,doctor_open_id,img_urls ) values (?, ?, ?, ?, ?, ?, ?, ?, ?,?,?, ?,?,? ) 
2020-03-17 16:50:44,964 [DEBUG] (BaseJdbcLogger.java:143)- ==> Parameters: null, 1(Integer), 462(Integer), 2020-03-17 16:50:44.0(Timestamp), 86400000(Integer), (String), 111(String), 1111(String), 5(Integer), null, 53d9081c6ae545f08ca53b1904430277(String), oby6g4gzlRYKAZKmINMKVC-Z12hY(String), oby6g4gzlRYKAZKmINMKVC-Z12hY(String), (String)
2020-03-17 16:50:45,153 [DEBUG] (BaseJdbcLogger.java:143)- <==    Updates: 1
2020-03-17 16:50:45,443 [INFO] (WebSocketController.java:92)- [WebSocket] 连接成功，当前连接人数:1
2020-03-17 16:50:45,443 [DEBUG] (BaseJdbcLogger.java:143)- ==>  Preparing: select id, from_user_id, to_user_id, message_type, message_content, time,oid from wechat_message_item where from_user_id = ? and to_user_id = ? or from_user_id = ? and to_user_id = ? 
2020-03-17 16:50:45,444 [DEBUG] (BaseJdbcLogger.java:143)- ==> Parameters: 462(Integer), 1(Integer), 1(Integer), 462(Integer)
2020-03-17 16:50:45,508 [DEBUG] (BaseJdbcLogger.java:143)- <==      Total: 10
2020-03-17 16:50:45,509 [INFO] (WebSocketController.java:103)-  === 用户 462和用户 1的聊天记录：[WeChatMessageItem{id=41, fromUserId=462, toUserId=1, messageType=0, messageContent='ewfewfewfew', time=Mon Mar 09 15:33:29 CST 2020, oid='6742d3461985435b85fa18482d534224'}, WeChatMessageItem{id=42, fromUserId=462, toUserId=1, messageType=0, messageContent='dsgfgfg', time=Mon Mar 09 15:33:44 CST 2020, oid='6742d3461985435b85fa18482d534224'}, WeChatMessageItem{id=50, fromUserId=462, toUserId=1, messageType=0, messageContent='dfdsf', time=Thu Mar 12 10:06:30 CST 2020, oid='2130bf72344d4b9c82f1eb75ba56a6d2'}, WeChatMessageItem{id=51, fromUserId=462, toUserId=1, messageType=0, messageContent='1', time=Thu Mar 12 10:11:47 CST 2020, oid='4a154a9de6e849f2acb792a6cca6ce5b'}, WeChatMessageItem{id=52, fromUserId=462, toUserId=1, messageType=0, messageContent='1111', time=Thu Mar 12 10:32:44 CST 2020, oid='bda0a919ee4b434a8f6ea1e8f9b924e9'}, WeChatMessageItem{id=53, fromUserId=462, toUserId=1, messageType=0, messageContent='1111111', time=Thu Mar 12 10:36:28 CST 2020, oid='ccd7a4f78a1845e4845176a01fe11c11'}, WeChatMessageItem{id=54, fromUserId=462, toUserId=1, messageType=0, messageContent='edfd', time=Thu Mar 12 10:44:31 CST 2020, oid='4e1b617c70064961801f061141695391'}, WeChatMessageItem{id=55, fromUserId=462, toUserId=1, messageType=0, messageContent='fdsfdfdsfds', time=Thu Mar 12 21:08:03 CST 2020, oid='3d91328393984765a5939a5278dc80d9'}, WeChatMessageItem{id=56, fromUserId=462, toUserId=1, messageType=0, messageContent='sfsasdfsf', time=Thu Mar 12 21:08:10 CST 2020, oid='3d91328393984765a5939a5278dc80d9'}, WeChatMessageItem{id=57, fromUserId=462, toUserId=1, messageType=0, messageContent='sdfsfds', time=Thu Mar 12 21:11:54 CST 2020, oid='a19317bfee0c4ba287934134dcada610'}]
2020-03-17 16:50:45,509 [DEBUG] (WebSocketController.java:209)- ===  用户消息成功 消息数据：[{"fromUserId":462,"id":41,"messageContent":"ewfewfewfew","messageType":0,"oid":"6742d3461985435b85fa18482d534224","time":1583739209000,"toUserId":1},{"fromUserId":462,"id":42,"messageContent":"dsgfgfg","messageType":0,"oid":"6742d3461985435b85fa18482d534224","time":1583739224000,"toUserId":1},{"fromUserId":462,"id":50,"messageContent":"dfdsf","messageType":0,"oid":"2130bf72344d4b9c82f1eb75ba56a6d2","time":1583978790000,"toUserId":1},{"fromUserId":462,"id":51,"messageContent":"1","messageType":0,"oid":"4a154a9de6e849f2acb792a6cca6ce5b","time":1583979107000,"toUserId":1},{"fromUserId":462,"id":52,"messageContent":"1111","messageType":0,"oid":"bda0a919ee4b434a8f6ea1e8f9b924e9","time":1583980364000,"toUserId":1},{"fromUserId":462,"id":53,"messageContent":"1111111","messageType":0,"oid":"ccd7a4f78a1845e4845176a01fe11c11","time":1583980588000,"toUserId":1},{"fromUserId":462,"id":54,"messageContent":"edfd","messageType":0,"oid":"4e1b617c70064961801f061141695391","time":1583981071000,"toUserId":1},{"fromUserId":462,"id":55,"messageContent":"fdsfdfdsfds","messageType":0,"oid":"3d91328393984765a5939a5278dc80d9","time":1584018483000,"toUserId":1},{"fromUserId":462,"id":56,"messageContent":"sfsasdfsf","messageType":0,"oid":"3d91328393984765a5939a5278dc80d9","time":1584018490000,"toUserId":1},{"fromUserId":462,"id":57,"messageContent":"sdfsfds","messageType":0,"oid":"a19317bfee0c4ba287934134dcada610","time":1584018714000,"toUserId":1}] ===
2020-03-17 16:52:56,822 [INFO] (WebSocketController.java:112)- [WebSocket] 退出成功，当前连接人数为：=0 当前在线人： {}
2020-03-17 16:52:57,812 [INFO] (ConsultOrderController.java:71)- === AddConsultOrder:ConsultOrder{id=null, doctorId=1, userId=462, createTime=Tue Mar 17 16:52:57 CST 2020, lastingTime=86400000, contact='', contactPhone='111', symptomDescription='1111', user=null, doctor=null, consultCost=5, status=null, oid='037eeafc13a041faa19434e45a9fd1dc', userOpenId='oby6g4gzlRYKAZKmINMKVC-Z12hY', doctorOpenId='oby6g4gzlRYKAZKmINMKVC-Z12hY', imgUrls=''} ===
2020-03-17 16:52:57,967 [DEBUG] (BaseJdbcLogger.java:143)- ==>  Preparing: insert into consult_order (id, doctor_id, user_id, create_time, lasting_time, contact, contact_phone, symptom_description,consult_cost,status,oid,user_open_id,doctor_open_id,img_urls ) values (?, ?, ?, ?, ?, ?, ?, ?, ?,?,?, ?,?,? ) 
2020-03-17 16:52:57,968 [DEBUG] (BaseJdbcLogger.java:143)- ==> Parameters: null, 1(Integer), 462(Integer), 2020-03-17 16:52:57.0(Timestamp), 86400000(Integer), (String), 111(String), 1111(String), 5(Integer), null, 037eeafc13a041faa19434e45a9fd1dc(String), oby6g4gzlRYKAZKmINMKVC-Z12hY(String), oby6g4gzlRYKAZKmINMKVC-Z12hY(String), (String)
2020-03-17 16:52:58,124 [DEBUG] (BaseJdbcLogger.java:143)- <==    Updates: 1
2020-03-17 16:52:58,428 [INFO] (WebSocketController.java:92)- [WebSocket] 连接成功，当前连接人数:1
2020-03-17 16:52:58,428 [DEBUG] (BaseJdbcLogger.java:143)- ==>  Preparing: select id, from_user_id, to_user_id, message_type, message_content, time,oid from wechat_message_item where from_user_id = ? and to_user_id = ? or from_user_id = ? and to_user_id = ? 
2020-03-17 16:52:58,429 [DEBUG] (BaseJdbcLogger.java:143)- ==> Parameters: 462(Integer), 1(Integer), 1(Integer), 462(Integer)
2020-03-17 16:52:58,508 [DEBUG] (BaseJdbcLogger.java:143)- <==      Total: 13
2020-03-17 16:52:58,509 [INFO] (WebSocketController.java:103)-  === 用户 462和用户 1的聊天记录：[WeChatMessageItem{id=1, fromUserId=1, toUserId=462, messageType=0, messageContent='小明很有力量', time=Sun Feb 09 22:16:46 CST 2020, oid='6742d3461985435b85fa18482d534224'}, WeChatMessageItem{id=2, fromUserId=1, toUserId=462, messageType=0, messageContent='一起奋斗出一片新天地', time=Sun Feb 09 22:16:47 CST 2020, oid='6742d3461985435b85fa18482d534224'}, WeChatMessageItem{id=37, fromUserId=1, toUserId=462, messageType=3, messageContent='[{"answerTemplate":"12465","consultId":1,"questionKey":"母乳喂养的好处"},{"answerTemplate":"fghgfd","consultId":5,"questionKey":"母乳喂养的正确姿势姿势"},{"answerTemplate":"534534","consultId":27,"questionKey":"乳头凹陷怎么办"}]', time=Wed Feb 12 11:16:32 CST 2020, oid='6742d3461985435b85fa18482d534224'}, WeChatMessageItem{id=41, fromUserId=462, toUserId=1, messageType=0, messageContent='ewfewfewfew', time=Mon Mar 09 15:33:29 CST 2020, oid='6742d3461985435b85fa18482d534224'}, WeChatMessageItem{id=42, fromUserId=462, toUserId=1, messageType=0, messageContent='dsgfgfg', time=Mon Mar 09 15:33:44 CST 2020, oid='6742d3461985435b85fa18482d534224'}, WeChatMessageItem{id=50, fromUserId=462, toUserId=1, messageType=0, messageContent='dfdsf', time=Thu Mar 12 10:06:30 CST 2020, oid='2130bf72344d4b9c82f1eb75ba56a6d2'}, WeChatMessageItem{id=51, fromUserId=462, toUserId=1, messageType=0, messageContent='1', time=Thu Mar 12 10:11:47 CST 2020, oid='4a154a9de6e849f2acb792a6cca6ce5b'}, WeChatMessageItem{id=52, fromUserId=462, toUserId=1, messageType=0, messageContent='1111', time=Thu Mar 12 10:32:44 CST 2020, oid='bda0a919ee4b434a8f6ea1e8f9b924e9'}, WeChatMessageItem{id=53, fromUserId=462, toUserId=1, messageType=0, messageContent='1111111', time=Thu Mar 12 10:36:28 CST 2020, oid='ccd7a4f78a1845e4845176a01fe11c11'}, WeChatMessageItem{id=54, fromUserId=462, toUserId=1, messageType=0, messageContent='edfd', time=Thu Mar 12 10:44:31 CST 2020, oid='4e1b617c70064961801f061141695391'}, WeChatMessageItem{id=55, fromUserId=462, toUserId=1, messageType=0, messageContent='fdsfdfdsfds', time=Thu Mar 12 21:08:03 CST 2020, oid='3d91328393984765a5939a5278dc80d9'}, WeChatMessageItem{id=56, fromUserId=462, toUserId=1, messageType=0, messageContent='sfsasdfsf', time=Thu Mar 12 21:08:10 CST 2020, oid='3d91328393984765a5939a5278dc80d9'}, WeChatMessageItem{id=57, fromUserId=462, toUserId=1, messageType=0, messageContent='sdfsfds', time=Thu Mar 12 21:11:54 CST 2020, oid='a19317bfee0c4ba287934134dcada610'}]
2020-03-17 16:52:58,510 [DEBUG] (WebSocketController.java:209)- ===  用户消息成功 消息数据：[{"fromUserId":1,"id":1,"messageContent":"小明很有力量","messageType":0,"oid":"6742d3461985435b85fa18482d534224","time":1581257806000,"toUserId":462},{"fromUserId":1,"id":2,"messageContent":"一起奋斗出一片新天地","messageType":0,"oid":"6742d3461985435b85fa18482d534224","time":1581257807000,"toUserId":462},{"fromUserId":1,"id":37,"messageContent":"[{\"answerTemplate\":\"12465\",\"consultId\":1,\"questionKey\":\"母乳喂养的好处\"},{\"answerTemplate\":\"fghgfd\",\"consultId\":5,\"questionKey\":\"母乳喂养的正确姿势姿势\"},{\"answerTemplate\":\"534534\",\"consultId\":27,\"questionKey\":\"乳头凹陷怎么办\"}]","messageType":3,"oid":"6742d3461985435b85fa18482d534224","time":1581477392000,"toUserId":462},{"fromUserId":462,"id":41,"messageContent":"ewfewfewfew","messageType":0,"oid":"6742d3461985435b85fa18482d534224","time":1583739209000,"toUserId":1},{"fromUserId":462,"id":42,"messageContent":"dsgfgfg","messageType":0,"oid":"6742d3461985435b85fa18482d534224","time":1583739224000,"toUserId":1},{"fromUserId":462,"id":50,"messageContent":"dfdsf","messageType":0,"oid":"2130bf72344d4b9c82f1eb75ba56a6d2","time":1583978790000,"toUserId":1},{"fromUserId":462,"id":51,"messageContent":"1","messageType":0,"oid":"4a154a9de6e849f2acb792a6cca6ce5b","time":1583979107000,"toUserId":1},{"fromUserId":462,"id":52,"messageContent":"1111","messageType":0,"oid":"bda0a919ee4b434a8f6ea1e8f9b924e9","time":1583980364000,"toUserId":1},{"fromUserId":462,"id":53,"messageContent":"1111111","messageType":0,"oid":"ccd7a4f78a1845e4845176a01fe11c11","time":1583980588000,"toUserId":1},{"fromUserId":462,"id":54,"messageContent":"edfd","messageType":0,"oid":"4e1b617c70064961801f061141695391","time":1583981071000,"toUserId":1},{"fromUserId":462,"id":55,"messageContent":"fdsfdfdsfds","messageType":0,"oid":"3d91328393984765a5939a5278dc80d9","time":1584018483000,"toUserId":1},{"fromUserId":462,"id":56,"messageContent":"sfsasdfsf","messageType":0,"oid":"3d91328393984765a5939a5278dc80d9","time":1584018490000,"toUserId":1},{"fromUserId":462,"id":57,"messageContent":"sdfsfds","messageType":0,"oid":"a19317bfee0c4ba287934134dcada610","time":1584018714000,"toUserId":1}] ===
2020-03-17 16:58:44,252 [INFO] (WebSocketController.java:112)- [WebSocket] 退出成功，当前连接人数为：=0 当前在线人： {}
