2020-03-04 11:15:41,870 [INFO] (StartupInfoLogger.java:50)- Starting BreastApplication on LAPTOP-SKN1FD88 with PID 25888 (started by 12284 in F:\Ajava\A母乳喂养项目\breastfeed\server\bfbackend)
2020-03-04 11:15:41,879 [DEBUG] (StartupInfoLogger.java:53)- Running with Spring Boot v2.1.9.RELEASE, Spring v5.1.10.RELEASE
2020-03-04 11:15:41,880 [INFO] (SpringApplication.java:648)- No active profile set, falling back to default profiles: default
2020-03-04 11:15:50,005 [INFO] (StartupInfoLogger.java:59)- Started BreastApplication in 9.335 seconds (JVM running for 13.96)
2020-03-04 11:16:03,964 [DEBUG] (BaseJdbcLogger.java:143)- ==>  Preparing: select id, user_name, name, img_url, expert_in, imageText_cost, voice_cost, video_cost from doctor 
2020-03-04 11:16:04,017 [DEBUG] (BaseJdbcLogger.java:143)- ==> Parameters: 
2020-03-04 11:16:04,108 [DEBUG] (BaseJdbcLogger.java:143)- <==      Total: 7
2020-03-04 11:16:05,344 [DEBUG] (BaseJdbcLogger.java:143)- ==>  Preparing: select id, title, vedioURL, cover_url, category, description from vedio 
2020-03-04 11:16:05,345 [DEBUG] (BaseJdbcLogger.java:143)- ==> Parameters: 
2020-03-04 11:16:05,396 [DEBUG] (BaseJdbcLogger.java:143)- <==      Total: 9
2020-03-04 11:16:05,434 [DEBUG] (BaseJdbcLogger.java:143)- ==>  Preparing: select id, title, audioURL, category, cover_url from audio 
2020-03-04 11:16:05,435 [DEBUG] (BaseJdbcLogger.java:143)- ==> Parameters: 
2020-03-04 11:16:05,477 [DEBUG] (BaseJdbcLogger.java:143)- <==      Total: 6
2020-03-04 11:16:05,517 [DEBUG] (BaseJdbcLogger.java:143)- ==>  Preparing: select id, title, description, img_url, category from article 
2020-03-04 11:16:05,518 [DEBUG] (BaseJdbcLogger.java:143)- ==> Parameters: 
2020-03-04 11:16:05,566 [DEBUG] (BaseJdbcLogger.java:143)- <==      Total: 20
2020-03-04 11:17:45,759 [DEBUG] (BaseJdbcLogger.java:143)- ==>  Preparing: select id, user_name, name, img_url, expert_in, imageText_cost, voice_cost, video_cost from doctor 
2020-03-04 11:17:45,760 [DEBUG] (BaseJdbcLogger.java:143)- ==> Parameters: 
2020-03-04 11:17:45,806 [DEBUG] (BaseJdbcLogger.java:143)- <==      Total: 7
2020-03-04 11:57:24,471 [INFO] (StartupInfoLogger.java:50)- Starting BreastApplication on LAPTOP-SKN1FD88 with PID 22588 (started by 12284 in F:\Ajava\A母乳喂养项目\breastfeed\server\bfbackend)
2020-03-04 11:57:24,507 [DEBUG] (StartupInfoLogger.java:53)- Running with Spring Boot v2.1.9.RELEASE, Spring v5.1.10.RELEASE
2020-03-04 11:57:24,507 [INFO] (SpringApplication.java:648)- No active profile set, falling back to default profiles: default
2020-03-04 11:57:31,779 [INFO] (StartupInfoLogger.java:59)- Started BreastApplication in 7.883 seconds (JVM running for 10.086)
2020-03-04 11:57:57,475 [DEBUG] (BaseJdbcLogger.java:143)- ==>  Preparing: select id, title, description, img_url, category from article 
2020-03-04 11:57:57,562 [DEBUG] (BaseJdbcLogger.java:143)- ==> Parameters: 
2020-03-04 11:57:57,695 [DEBUG] (BaseJdbcLogger.java:143)- <==      Total: 20
2020-03-04 11:57:58,081 [INFO] (ArticleController.java:64)- 母乳喂养的好处
