2020-02-19 22:48:51,571 [ERROR] (UserFaceController.java:42)- === faceRegisterController:图片大小超出2097152===
2020-02-19 22:48:51,687 [INFO] (UserFaceController.java:66)- ===人脸注册图片名称：wxac4be1ad2052305f.o6zAJs_txvZpT51NsqUfyqdsEOaI.WsYfxbJnpCmd8c5a6d1d2aa360662298c8854fb69c99.jpg  大小：81029=== 
2020-02-19 22:48:51,742 [ERROR] (UserFaceController.java:76)- === faceSignController:java.io.FileNotFoundException: D:\软件应用\java IDE\IntelliJ IDEA 2019.1\项目\breastfeed\breastfeed\server\bfbackend\src\main\resources\UserFaceImage\8e148a11-8069-4815-ad79-5bb3f96e0113wxac4be1ad2052305f.o6zAJs_txvZpT51NsqUfyqdsEOaI.WsYfxbJnpCmd8c5a6d1d2aa360662298c8854fb69c99.jpg (系统找不到指定的路径。)===
2020-02-19 22:48:51,744 [DEBUG] (FaceServiceImpl.java:129)- === DetectFace: 图片大小超出2097152===
2020-02-19 22:48:51,744 [ERROR] (UserFaceController.java:42)- === faceRegisterController:图片大小超出2097152===
2020-02-19 22:48:56,483 [INFO] (UserFaceController.java:66)- ===人脸注册图片名称：wxac4be1ad2052305f.o6zAJs_txvZpT51NsqUfyqdsEOaI.zYaOvNZYZfq095951cc47a9e1d96f7ac61977dba0b5a.jpg  大小：82138=== 
2020-02-19 22:48:56,485 [ERROR] (UserFaceController.java:76)- === faceSignController:java.io.FileNotFoundException: D:\软件应用\java IDE\IntelliJ IDEA 2019.1\项目\breastfeed\breastfeed\server\bfbackend\src\main\resources\UserFaceImage\6ad76a58-8654-4e3b-954d-052cc978e0f1wxac4be1ad2052305f.o6zAJs_txvZpT51NsqUfyqdsEOaI.zYaOvNZYZfq095951cc47a9e1d96f7ac61977dba0b5a.jpg (系统找不到指定的路径。)===
2020-02-19 22:48:56,486 [DEBUG] (FaceServiceImpl.java:129)- === DetectFace: 图片大小超出2097152===
2020-02-19 22:48:56,486 [ERROR] (UserFaceController.java:42)- === faceRegisterController:图片大小超出2097152===
2020-02-19 22:48:56,748 [INFO] (UserFaceController.java:66)- ===人脸注册图片名称：wxac4be1ad2052305f.o6zAJs_txvZpT51NsqUfyqdsEOaI.aztAKeFqHsjfc39c4dae2e798a3c2d0b0764267dfa10.jpg  大小：79860=== 
2020-02-19 22:48:56,753 [ERROR] (UserFaceController.java:76)- === faceSignController:java.io.FileNotFoundException: D:\软件应用\java IDE\IntelliJ IDEA 2019.1\项目\breastfeed\breastfeed\server\bfbackend\src\main\resources\UserFaceImage\e7800a39-fa41-47a0-86a3-4e4270188244wxac4be1ad2052305f.o6zAJs_txvZpT51NsqUfyqdsEOaI.aztAKeFqHsjfc39c4dae2e798a3c2d0b0764267dfa10.jpg (系统找不到指定的路径。)===
2020-02-19 22:48:56,754 [DEBUG] (FaceServiceImpl.java:129)- === DetectFace: 图片大小超出2097152===
2020-02-19 22:48:56,756 [ERROR] (UserFaceController.java:42)- === faceRegisterController:图片大小超出2097152===
2020-02-19 22:49:01,468 [INFO] (UserFaceController.java:66)- ===人脸注册图片名称：wxac4be1ad2052305f.o6zAJs_txvZpT51NsqUfyqdsEOaI.B8eQ9l5CnDca1ccbc03d90dad3bfa843c01a84d96314.jpg  大小：79273=== 
2020-02-19 22:49:01,471 [ERROR] (UserFaceController.java:76)- === faceSignController:java.io.FileNotFoundException: D:\软件应用\java IDE\IntelliJ IDEA 2019.1\项目\breastfeed\breastfeed\server\bfbackend\src\main\resources\UserFaceImage\f533f103-1345-4880-9a0a-15b341cfcad5wxac4be1ad2052305f.o6zAJs_txvZpT51NsqUfyqdsEOaI.B8eQ9l5CnDca1ccbc03d90dad3bfa843c01a84d96314.jpg (系统找不到指定的路径。)===
2020-02-19 22:49:01,471 [DEBUG] (FaceServiceImpl.java:129)- === DetectFace: 图片大小超出2097152===
2020-02-19 22:49:01,472 [ERROR] (UserFaceController.java:42)- === faceRegisterController:图片大小超出2097152===
2020-02-19 22:49:01,770 [INFO] (UserFaceController.java:66)- ===人脸注册图片名称：wxac4be1ad2052305f.o6zAJs_txvZpT51NsqUfyqdsEOaI.ZwzON3rint0ob0c943401904844a25ef1e4f9e50e945.jpg  大小：78571=== 
2020-02-19 22:49:01,773 [ERROR] (UserFaceController.java:76)- === faceSignController:java.io.FileNotFoundException: D:\软件应用\java IDE\IntelliJ IDEA 2019.1\项目\breastfeed\breastfeed\server\bfbackend\src\main\resources\UserFaceImage\178bf2ba-38d0-4967-b567-51afd82ed2cewxac4be1ad2052305f.o6zAJs_txvZpT51NsqUfyqdsEOaI.ZwzON3rint0ob0c943401904844a25ef1e4f9e50e945.jpg (系统找不到指定的路径。)===
2020-02-19 22:49:01,774 [DEBUG] (FaceServiceImpl.java:129)- === DetectFace: 图片大小超出2097152===
2020-02-19 22:49:01,775 [ERROR] (UserFaceController.java:42)- === faceRegisterController:图片大小超出2097152===
2020-02-19 22:49:06,572 [INFO] (UserFaceController.java:66)- ===人脸注册图片名称：wxac4be1ad2052305f.o6zAJs_txvZpT51NsqUfyqdsEOaI.l2dW4XcDt7yIae76ba03f9928dd6466a07b004e87729.jpg  大小：79014=== 
2020-02-19 22:49:06,575 [ERROR] (UserFaceController.java:76)- === faceSignController:java.io.FileNotFoundException: D:\软件应用\java IDE\IntelliJ IDEA 2019.1\项目\breastfeed\breastfeed\server\bfbackend\src\main\resources\UserFaceImage\b76c393f-28af-48ce-b958-f2092514d822wxac4be1ad2052305f.o6zAJs_txvZpT51NsqUfyqdsEOaI.l2dW4XcDt7yIae76ba03f9928dd6466a07b004e87729.jpg (系统找不到指定的路径。)===
2020-02-19 22:49:06,576 [DEBUG] (FaceServiceImpl.java:129)- === DetectFace: 图片大小超出2097152===
2020-02-19 22:49:06,576 [ERROR] (UserFaceController.java:42)- === faceRegisterController:图片大小超出2097152===
2020-02-19 22:49:06,782 [INFO] (UserFaceController.java:66)- ===人脸注册图片名称：wxac4be1ad2052305f.o6zAJs_txvZpT51NsqUfyqdsEOaI.8iqtasgkiGtp1680adab6d8b98dd48e74610a6768c69.jpg  大小：79189=== 
2020-02-19 22:49:06,785 [ERROR] (UserFaceController.java:76)- === faceSignController:java.io.FileNotFoundException: D:\软件应用\java IDE\IntelliJ IDEA 2019.1\项目\breastfeed\breastfeed\server\bfbackend\src\main\resources\UserFaceImage\351fa269-be26-4afa-895b-6795dc2478a4wxac4be1ad2052305f.o6zAJs_txvZpT51NsqUfyqdsEOaI.8iqtasgkiGtp1680adab6d8b98dd48e74610a6768c69.jpg (系统找不到指定的路径。)===
2020-02-19 22:49:06,786 [DEBUG] (FaceServiceImpl.java:129)- === DetectFace: 图片大小超出2097152===
2020-02-19 22:49:06,787 [ERROR] (UserFaceController.java:42)- === faceRegisterController:图片大小超出2097152===
