2020-02-25 21:06:59,416 [INFO] (StartupInfoLogger.java:50)- Starting BreastApplication on LAPTOP-562395R3 with PID 4416 (started by 爱哭的周小姐 in D:\软件应用\java IDE\IntelliJ IDEA 2019.1\项目\breastfeed\新建文件夹\server\bfbackend)
2020-02-25 21:06:59,436 [DEBUG] (StartupInfoLogger.java:53)- Running with Spring Boot v2.1.9.RELEASE, Spring v5.1.10.RELEASE
2020-02-25 21:06:59,437 [INFO] (SpringApplication.java:648)- No active profile set, falling back to default profiles: default
2020-02-25 21:07:05,217 [INFO] (StartupInfoLogger.java:59)- Started BreastApplication in 6.383 seconds (JVM running for 10.16)
2020-02-25 21:07:53,673 [DEBUG] (BaseJdbcLogger.java:143)- ==>  Preparing: select user_id, age, credit_id, pregnant_type, pregnant_week, job, confinement_date, confinement_week, confinement_type, user_name, user_password, user_token from user where user_token = ? 
2020-02-25 21:07:53,709 [DEBUG] (BaseJdbcLogger.java:143)- ==> Parameters: 6742d3466985435b85fa18482d534224(String)
2020-02-25 21:07:53,822 [DEBUG] (BaseJdbcLogger.java:143)- <==      Total: 1
2020-02-25 21:07:53,825 [DEBUG] (BaseJdbcLogger.java:143)- ==>  Preparing: select id, title, audioURL, category, cover_url from audio 
2020-02-25 21:07:53,826 [DEBUG] (BaseJdbcLogger.java:143)- ==> Parameters: 
2020-02-25 21:07:53,909 [DEBUG] (BaseJdbcLogger.java:143)- <==      Total: 6
2020-02-25 21:07:53,910 [DEBUG] (BaseJdbcLogger.java:143)- ==>  Preparing: select id, title, vedioURL, cover_url, category, description from vedio 
2020-02-25 21:07:53,928 [DEBUG] (BaseJdbcLogger.java:143)- ==> Parameters: 
2020-02-25 21:07:54,019 [DEBUG] (BaseJdbcLogger.java:143)- <==      Total: 9
2020-02-25 21:07:54,021 [DEBUG] (BaseJdbcLogger.java:143)- ==>  Preparing: select id, title, description, img_url, category from article 
2020-02-25 21:07:54,022 [DEBUG] (BaseJdbcLogger.java:143)- ==> Parameters: 
2020-02-25 21:07:54,104 [DEBUG] (BaseJdbcLogger.java:143)- <==      Total: 20
2020-02-25 21:07:57,969 [DEBUG] (BaseJdbcLogger.java:143)- ==>  Preparing: select id, user_name, name, consult_cost, license_number from doctor 
2020-02-25 21:07:57,969 [DEBUG] (BaseJdbcLogger.java:143)- ==> Parameters: 
2020-02-25 21:07:58,051 [DEBUG] (BaseJdbcLogger.java:143)- <==      Total: 3
2020-02-25 21:15:51,108 [DEBUG] (BaseJdbcLogger.java:143)- ==>  Preparing: select user_id, age, credit_id, pregnant_type, pregnant_week, job, confinement_date, confinement_week, confinement_type, user_name, user_password, user_token from user where user_token = ? 
2020-02-25 21:15:51,109 [DEBUG] (BaseJdbcLogger.java:143)- ==> Parameters: 6742d3466985435b85fa18482d534224(String)
2020-02-25 21:15:51,195 [DEBUG] (BaseJdbcLogger.java:143)- <==      Total: 1
2020-02-25 21:15:51,204 [DEBUG] (BaseJdbcLogger.java:143)- ==>  Preparing: select id, title, description, img_url, category from article 
2020-02-25 21:15:51,205 [DEBUG] (BaseJdbcLogger.java:143)- ==> Parameters: 
2020-02-25 21:15:51,284 [DEBUG] (BaseJdbcLogger.java:143)- <==      Total: 20
2020-02-25 21:15:51,287 [DEBUG] (BaseJdbcLogger.java:143)- ==>  Preparing: select id, title, audioURL, category, cover_url from audio 
2020-02-25 21:15:51,287 [DEBUG] (BaseJdbcLogger.java:143)- ==> Parameters: 
2020-02-25 21:15:51,288 [DEBUG] (BaseJdbcLogger.java:143)- ==>  Preparing: select id, title, vedioURL, cover_url, category, description from vedio 
2020-02-25 21:15:51,288 [DEBUG] (BaseJdbcLogger.java:143)- ==> Parameters: 
2020-02-25 21:15:51,508 [DEBUG] (BaseJdbcLogger.java:143)- <==      Total: 6
2020-02-25 21:15:51,514 [DEBUG] (BaseJdbcLogger.java:143)- <==      Total: 9
2020-02-25 21:17:43,545 [INFO] (StartupInfoLogger.java:50)- Starting BreastApplication on LAPTOP-562395R3 with PID 13816 (started by 爱哭的周小姐 in D:\软件应用\java IDE\IntelliJ IDEA 2019.1\项目\breastfeed\新建文件夹\server\bfbackend)
2020-02-25 21:17:43,553 [DEBUG] (StartupInfoLogger.java:53)- Running with Spring Boot v2.1.9.RELEASE, Spring v5.1.10.RELEASE
2020-02-25 21:17:43,553 [INFO] (SpringApplication.java:648)- No active profile set, falling back to default profiles: default
2020-02-25 21:17:46,269 [INFO] (StartupInfoLogger.java:59)- Started BreastApplication in 3.977 seconds (JVM running for 7.111)
2020-02-25 21:17:58,252 [DEBUG] (BaseJdbcLogger.java:143)- ==>  Preparing: select id, user_name, name, consult_cost, license_number from doctor 
2020-02-25 21:17:58,273 [DEBUG] (BaseJdbcLogger.java:143)- ==> Parameters: 
2020-02-25 21:17:58,382 [DEBUG] (BaseJdbcLogger.java:143)- <==      Total: 3
2020-02-25 22:05:30,109 [DEBUG] (BaseJdbcLogger.java:143)- ==>  Preparing: select id, title, audioURL, category, cover_url from audio 
2020-02-25 22:05:30,109 [DEBUG] (BaseJdbcLogger.java:143)- ==> Parameters: 
2020-02-25 22:05:30,189 [DEBUG] (BaseJdbcLogger.java:143)- <==      Total: 6
2020-02-25 22:05:30,190 [DEBUG] (BaseJdbcLogger.java:143)- ==>  Preparing: select id, title, description, img_url, category from article 
2020-02-25 22:05:30,191 [DEBUG] (BaseJdbcLogger.java:143)- ==> Parameters: 
2020-02-25 22:05:30,284 [DEBUG] (BaseJdbcLogger.java:143)- <==      Total: 20
2020-02-25 22:05:30,285 [DEBUG] (BaseJdbcLogger.java:143)- ==>  Preparing: select id, title, vedioURL, cover_url, category, description from vedio 
2020-02-25 22:05:30,286 [DEBUG] (BaseJdbcLogger.java:143)- ==> Parameters: 
2020-02-25 22:05:30,372 [DEBUG] (BaseJdbcLogger.java:143)- <==      Total: 9
2020-02-25 22:06:38,408 [DEBUG] (BaseJdbcLogger.java:143)- ==>  Preparing: select id, title, audioURL, category, cover_url from audio 
2020-02-25 22:06:38,408 [DEBUG] (BaseJdbcLogger.java:143)- ==> Parameters: 
2020-02-25 22:06:38,410 [DEBUG] (BaseJdbcLogger.java:143)- ==>  Preparing: select id, title, description, img_url, category from article 
2020-02-25 22:06:38,410 [DEBUG] (BaseJdbcLogger.java:143)- ==> Parameters: 
2020-02-25 22:06:38,491 [DEBUG] (BaseJdbcLogger.java:143)- <==      Total: 6
2020-02-25 22:06:38,492 [DEBUG] (BaseJdbcLogger.java:143)- ==>  Preparing: select id, title, vedioURL, cover_url, category, description from vedio 
2020-02-25 22:06:38,493 [DEBUG] (BaseJdbcLogger.java:143)- ==> Parameters: 
2020-02-25 22:06:38,499 [DEBUG] (BaseJdbcLogger.java:143)- <==      Total: 20
2020-02-25 22:06:38,576 [DEBUG] (BaseJdbcLogger.java:143)- <==      Total: 9
2020-02-25 22:07:23,468 [DEBUG] (BaseJdbcLogger.java:143)- ==>  Preparing: select user_id, age, credit_id, pregnant_type, pregnant_week, job, confinement_date, confinement_week, confinement_type, user_name, user_password, user_token from user where user_name = ? 
2020-02-25 22:07:23,469 [DEBUG] (BaseJdbcLogger.java:143)- ==> Parameters: 111(String)
2020-02-25 22:07:23,623 [DEBUG] (BaseJdbcLogger.java:143)- <==      Total: 1
2020-02-25 22:07:39,530 [DEBUG] (BaseJdbcLogger.java:143)- ==>  Preparing: select id, user_name, name, consult_cost, license_number from doctor 
2020-02-25 22:07:39,531 [DEBUG] (BaseJdbcLogger.java:143)- ==> Parameters: 
2020-02-25 22:07:39,667 [DEBUG] (BaseJdbcLogger.java:143)- <==      Total: 3
2020-02-25 22:10:03,214 [DEBUG] (BaseJdbcLogger.java:143)- ==>  Preparing: select id, title, audioURL, category, cover_url from audio 
2020-02-25 22:10:03,214 [DEBUG] (BaseJdbcLogger.java:143)- ==> Parameters: 
2020-02-25 22:10:03,216 [DEBUG] (BaseJdbcLogger.java:143)- ==>  Preparing: select id, title, description, img_url, category from article 
2020-02-25 22:10:03,217 [DEBUG] (BaseJdbcLogger.java:143)- ==> Parameters: 
2020-02-25 22:10:03,218 [DEBUG] (BaseJdbcLogger.java:143)- ==>  Preparing: select id, title, vedioURL, cover_url, category, description from vedio 
2020-02-25 22:10:03,219 [DEBUG] (BaseJdbcLogger.java:143)- ==> Parameters: 
2020-02-25 22:10:03,310 [DEBUG] (BaseJdbcLogger.java:143)- <==      Total: 6
2020-02-25 22:10:03,324 [DEBUG] (BaseJdbcLogger.java:143)- <==      Total: 20
2020-02-25 22:10:03,328 [DEBUG] (BaseJdbcLogger.java:143)- <==      Total: 9
2020-02-25 22:10:56,355 [DEBUG] (BaseJdbcLogger.java:143)- ==>  Preparing: select user_id, age, credit_id, pregnant_type, pregnant_week, job, confinement_date, confinement_week, confinement_type, user_name, user_password, user_token from user where user_name = ? 
2020-02-25 22:10:56,356 [DEBUG] (BaseJdbcLogger.java:143)- ==> Parameters: 119(String)
2020-02-25 22:10:56,479 [DEBUG] (BaseJdbcLogger.java:143)- <==      Total: 1
2020-02-25 22:11:05,195 [DEBUG] (BaseJdbcLogger.java:143)- ==>  Preparing: select id, user_name, name, consult_cost, license_number from doctor 
2020-02-25 22:11:05,196 [DEBUG] (BaseJdbcLogger.java:143)- ==> Parameters: 
2020-02-25 22:11:05,359 [DEBUG] (BaseJdbcLogger.java:143)- <==      Total: 3
2020-02-25 22:11:24,658 [DEBUG] (BaseJdbcLogger.java:143)- ==>  Preparing: select user_id, age, credit_id, pregnant_type, pregnant_week, job, confinement_date, confinement_week, confinement_type, user_name, user_password, user_token from user where user_token = ? 
2020-02-25 22:11:24,659 [DEBUG] (BaseJdbcLogger.java:143)- ==> Parameters: 6742d3466985435b85fa18482d534224(String)
2020-02-25 22:11:24,822 [DEBUG] (BaseJdbcLogger.java:143)- <==      Total: 1
2020-02-25 22:11:25,636 [DEBUG] (BaseJdbcLogger.java:143)- ==>  Preparing: select id, title, description, img_url, category from article 
2020-02-25 22:11:25,637 [DEBUG] (BaseJdbcLogger.java:143)- ==> Parameters: 
2020-02-25 22:11:25,814 [DEBUG] (BaseJdbcLogger.java:143)- ==>  Preparing: select id, title, vedioURL, cover_url, category, description from vedio 
2020-02-25 22:11:25,814 [DEBUG] (BaseJdbcLogger.java:143)- ==> Parameters: 
2020-02-25 22:11:25,814 [DEBUG] (BaseJdbcLogger.java:143)- <==      Total: 20
2020-02-25 22:11:25,816 [DEBUG] (BaseJdbcLogger.java:143)- ==>  Preparing: select id, title, audioURL, category, cover_url from audio 
2020-02-25 22:11:25,816 [DEBUG] (BaseJdbcLogger.java:143)- ==> Parameters: 
2020-02-25 22:11:25,899 [DEBUG] (BaseJdbcLogger.java:143)- <==      Total: 9
2020-02-25 22:11:25,901 [DEBUG] (BaseJdbcLogger.java:143)- <==      Total: 6
2020-02-25 22:11:33,868 [DEBUG] (BaseJdbcLogger.java:143)- ==>  Preparing: select id, user_name, name, consult_cost, license_number from doctor 
2020-02-25 22:11:33,869 [DEBUG] (BaseJdbcLogger.java:143)- ==> Parameters: 
2020-02-25 22:11:34,039 [DEBUG] (BaseJdbcLogger.java:143)- <==      Total: 3
2020-02-25 22:13:28,882 [DEBUG] (BaseJdbcLogger.java:143)- ==>  Preparing: select user_id, age, credit_id, pregnant_type, pregnant_week, job, confinement_date, confinement_week, confinement_type, user_name, user_password, user_token from user where user_token = ? 
2020-02-25 22:13:28,882 [DEBUG] (BaseJdbcLogger.java:143)- ==> Parameters: 6742d3466985435b85fa18482d534224(String)
2020-02-25 22:13:28,959 [DEBUG] (BaseJdbcLogger.java:143)- <==      Total: 1
2020-02-25 22:13:29,302 [DEBUG] (BaseJdbcLogger.java:143)- ==>  Preparing: select id, title, description, img_url, category from article 
2020-02-25 22:13:29,302 [DEBUG] (BaseJdbcLogger.java:143)- ==> Parameters: 
2020-02-25 22:13:29,451 [DEBUG] (BaseJdbcLogger.java:143)- ==>  Preparing: select id, title, audioURL, category, cover_url from audio 
2020-02-25 22:13:29,451 [DEBUG] (BaseJdbcLogger.java:143)- <==      Total: 20
2020-02-25 22:13:29,451 [DEBUG] (BaseJdbcLogger.java:143)- ==> Parameters: 
2020-02-25 22:13:29,454 [DEBUG] (BaseJdbcLogger.java:143)- ==>  Preparing: select id, title, vedioURL, cover_url, category, description from vedio 
2020-02-25 22:13:29,456 [DEBUG] (BaseJdbcLogger.java:143)- ==> Parameters: 
2020-02-25 22:13:29,530 [DEBUG] (BaseJdbcLogger.java:143)- <==      Total: 6
2020-02-25 22:13:29,541 [DEBUG] (BaseJdbcLogger.java:143)- <==      Total: 9
2020-02-25 22:13:38,103 [DEBUG] (BaseJdbcLogger.java:143)- ==>  Preparing: select id, user_name, name, consult_cost, license_number from doctor 
2020-02-25 22:13:38,103 [DEBUG] (BaseJdbcLogger.java:143)- ==> Parameters: 
2020-02-25 22:13:38,260 [DEBUG] (BaseJdbcLogger.java:143)- <==      Total: 3
2020-02-25 22:15:03,522 [DEBUG] (BaseJdbcLogger.java:143)- ==>  Preparing: select user_id, age, credit_id, pregnant_type, pregnant_week, job, confinement_date, confinement_week, confinement_type, user_name, user_password, user_token from user where user_token = ? 
2020-02-25 22:15:03,523 [DEBUG] (BaseJdbcLogger.java:143)- ==> Parameters: 6742d3466985435b85fa18482d534224(String)
2020-02-25 22:15:03,598 [DEBUG] (BaseJdbcLogger.java:143)- <==      Total: 1
2020-02-25 22:15:03,972 [DEBUG] (BaseJdbcLogger.java:143)- ==>  Preparing: select id, title, description, img_url, category from article 
2020-02-25 22:15:03,973 [DEBUG] (BaseJdbcLogger.java:143)- ==> Parameters: 
2020-02-25 22:15:04,121 [DEBUG] (BaseJdbcLogger.java:143)- <==      Total: 20
2020-02-25 22:15:04,123 [DEBUG] (BaseJdbcLogger.java:143)- ==>  Preparing: select id, title, vedioURL, cover_url, category, description from vedio 
2020-02-25 22:15:04,124 [DEBUG] (BaseJdbcLogger.java:143)- ==> Parameters: 
2020-02-25 22:15:04,125 [DEBUG] (BaseJdbcLogger.java:143)- ==>  Preparing: select id, title, audioURL, category, cover_url from audio 
2020-02-25 22:15:04,125 [DEBUG] (BaseJdbcLogger.java:143)- ==> Parameters: 
2020-02-25 22:15:04,201 [DEBUG] (BaseJdbcLogger.java:143)- <==      Total: 9
2020-02-25 22:15:04,202 [DEBUG] (BaseJdbcLogger.java:143)- <==      Total: 6
2020-02-25 22:15:08,220 [DEBUG] (BaseJdbcLogger.java:143)- ==>  Preparing: select id, user_name, name, consult_cost, license_number from doctor 
2020-02-25 22:15:08,221 [DEBUG] (BaseJdbcLogger.java:143)- ==> Parameters: 
2020-02-25 22:15:08,399 [DEBUG] (BaseJdbcLogger.java:143)- <==      Total: 3
2020-02-25 22:17:45,100 [DEBUG] (BaseJdbcLogger.java:143)- ==>  Preparing: select user_id, age, credit_id, pregnant_type, pregnant_week, job, confinement_date, confinement_week, confinement_type, user_name, user_password, user_token from user where user_token = ? 
2020-02-25 22:17:45,101 [DEBUG] (BaseJdbcLogger.java:143)- ==> Parameters: 6742d3466985435b85fa18482d534224(String)
2020-02-25 22:17:45,187 [DEBUG] (BaseJdbcLogger.java:143)- <==      Total: 1
2020-02-25 22:17:45,275 [DEBUG] (BaseJdbcLogger.java:143)- ==>  Preparing: select id, title, description, img_url, category from article 
2020-02-25 22:17:45,276 [DEBUG] (BaseJdbcLogger.java:143)- ==> Parameters: 
2020-02-25 22:17:45,370 [DEBUG] (BaseJdbcLogger.java:143)- <==      Total: 20
2020-02-25 22:17:45,373 [DEBUG] (BaseJdbcLogger.java:143)- ==>  Preparing: select id, title, vedioURL, cover_url, category, description from vedio 
2020-02-25 22:17:45,373 [DEBUG] (BaseJdbcLogger.java:143)- ==> Parameters: 
2020-02-25 22:17:45,376 [DEBUG] (BaseJdbcLogger.java:143)- ==>  Preparing: select id, title, audioURL, category, cover_url from audio 
2020-02-25 22:17:45,377 [DEBUG] (BaseJdbcLogger.java:143)- ==> Parameters: 
2020-02-25 22:17:45,465 [DEBUG] (BaseJdbcLogger.java:143)- <==      Total: 9
2020-02-25 22:17:45,468 [DEBUG] (BaseJdbcLogger.java:143)- <==      Total: 6
2020-02-25 22:17:53,483 [DEBUG] (BaseJdbcLogger.java:143)- ==>  Preparing: select id, user_name, name, consult_cost, license_number from doctor 
2020-02-25 22:17:53,483 [DEBUG] (BaseJdbcLogger.java:143)- ==> Parameters: 
2020-02-25 22:17:53,622 [DEBUG] (BaseJdbcLogger.java:143)- <==      Total: 3
2020-02-25 22:18:40,938 [DEBUG] (BaseJdbcLogger.java:143)- ==>  Preparing: select user_id, age, credit_id, pregnant_type, pregnant_week, job, confinement_date, confinement_week, confinement_type, user_name, user_password, user_token from user where user_token = ? 
2020-02-25 22:18:40,938 [DEBUG] (BaseJdbcLogger.java:143)- ==> Parameters: 6742d3466985435b85fa18482d534224(String)
2020-02-25 22:18:41,103 [DEBUG] (BaseJdbcLogger.java:143)- <==      Total: 1
2020-02-25 22:18:41,870 [DEBUG] (BaseJdbcLogger.java:143)- ==>  Preparing: select id, title, description, img_url, category from article 
2020-02-25 22:18:41,872 [DEBUG] (BaseJdbcLogger.java:143)- ==> Parameters: 
2020-02-25 22:18:41,891 [DEBUG] (BaseJdbcLogger.java:143)- ==>  Preparing: select id, title, audioURL, category, cover_url from audio 
2020-02-25 22:18:41,891 [DEBUG] (BaseJdbcLogger.java:143)- ==> Parameters: 
2020-02-25 22:18:41,896 [DEBUG] (BaseJdbcLogger.java:143)- ==>  Preparing: select id, title, vedioURL, cover_url, category, description from vedio 
2020-02-25 22:18:41,896 [DEBUG] (BaseJdbcLogger.java:143)- ==> Parameters: 
2020-02-25 22:18:42,040 [DEBUG] (BaseJdbcLogger.java:143)- <==      Total: 6
2020-02-25 22:18:42,043 [DEBUG] (BaseJdbcLogger.java:143)- <==      Total: 20
2020-02-25 22:18:42,043 [DEBUG] (BaseJdbcLogger.java:143)- <==      Total: 9
2020-02-25 22:22:52,951 [DEBUG] (BaseJdbcLogger.java:143)- ==>  Preparing: select id, user_name, name, consult_cost, license_number from doctor 
2020-02-25 22:22:52,952 [DEBUG] (BaseJdbcLogger.java:143)- ==> Parameters: 
2020-02-25 22:22:53,063 [DEBUG] (BaseJdbcLogger.java:143)- <==      Total: 3
2020-02-25 22:23:30,035 [DEBUG] (BaseJdbcLogger.java:143)- ==>  Preparing: select user_id, age, credit_id, pregnant_type, pregnant_week, job, confinement_date, confinement_week, confinement_type, user_name, user_password, user_token from user where user_token = ? 
2020-02-25 22:23:30,035 [DEBUG] (BaseJdbcLogger.java:143)- ==> Parameters: 6742d3466985435b85fa18482d534224(String)
2020-02-25 22:23:30,159 [DEBUG] (BaseJdbcLogger.java:143)- <==      Total: 1
2020-02-25 22:23:30,332 [DEBUG] (BaseJdbcLogger.java:143)- ==>  Preparing: select id, title, description, img_url, category from article 
2020-02-25 22:23:30,333 [DEBUG] (BaseJdbcLogger.java:143)- ==> Parameters: 
2020-02-25 22:23:30,422 [DEBUG] (BaseJdbcLogger.java:143)- <==      Total: 20
2020-02-25 22:23:30,422 [DEBUG] (BaseJdbcLogger.java:143)- ==>  Preparing: select id, title, vedioURL, cover_url, category, description from vedio 
2020-02-25 22:23:30,423 [DEBUG] (BaseJdbcLogger.java:143)- ==> Parameters: 
2020-02-25 22:23:30,428 [DEBUG] (BaseJdbcLogger.java:143)- ==>  Preparing: select id, title, audioURL, category, cover_url from audio 
2020-02-25 22:23:30,429 [DEBUG] (BaseJdbcLogger.java:143)- ==> Parameters: 
2020-02-25 22:23:30,504 [DEBUG] (BaseJdbcLogger.java:143)- <==      Total: 9
2020-02-25 22:23:30,506 [DEBUG] (BaseJdbcLogger.java:143)- <==      Total: 6
2020-02-25 22:23:36,880 [DEBUG] (BaseJdbcLogger.java:143)- ==>  Preparing: select id, user_name, name, consult_cost, license_number from doctor 
2020-02-25 22:23:36,880 [DEBUG] (BaseJdbcLogger.java:143)- ==> Parameters: 
2020-02-25 22:23:37,039 [DEBUG] (BaseJdbcLogger.java:143)- <==      Total: 3
2020-02-25 22:24:35,586 [DEBUG] (BaseJdbcLogger.java:143)- ==>  Preparing: select user_id, age, credit_id, pregnant_type, pregnant_week, job, confinement_date, confinement_week, confinement_type, user_name, user_password, user_token from user where user_token = ? 
2020-02-25 22:24:35,587 [DEBUG] (BaseJdbcLogger.java:143)- ==> Parameters: 6742d3466985435b85fa18482d534224(String)
2020-02-25 22:24:35,718 [DEBUG] (BaseJdbcLogger.java:143)- <==      Total: 1
2020-02-25 22:24:35,817 [DEBUG] (BaseJdbcLogger.java:143)- ==>  Preparing: select id, title, description, img_url, category from article 
2020-02-25 22:24:35,817 [DEBUG] (BaseJdbcLogger.java:143)- ==> Parameters: 
2020-02-25 22:24:35,922 [DEBUG] (BaseJdbcLogger.java:143)- <==      Total: 20
2020-02-25 22:24:35,924 [DEBUG] (BaseJdbcLogger.java:143)- ==>  Preparing: select id, title, audioURL, category, cover_url from audio 
2020-02-25 22:24:35,925 [DEBUG] (BaseJdbcLogger.java:143)- ==> Parameters: 
2020-02-25 22:24:35,926 [DEBUG] (BaseJdbcLogger.java:143)- ==>  Preparing: select id, title, vedioURL, cover_url, category, description from vedio 
2020-02-25 22:24:35,927 [DEBUG] (BaseJdbcLogger.java:143)- ==> Parameters: 
2020-02-25 22:24:35,999 [DEBUG] (BaseJdbcLogger.java:143)- <==      Total: 6
2020-02-25 22:24:36,013 [DEBUG] (BaseJdbcLogger.java:143)- <==      Total: 9
2020-02-25 22:24:40,518 [DEBUG] (BaseJdbcLogger.java:143)- ==>  Preparing: select id, user_name, name, consult_cost, license_number from doctor 
2020-02-25 22:24:40,518 [DEBUG] (BaseJdbcLogger.java:143)- ==> Parameters: 
2020-02-25 22:24:40,618 [DEBUG] (BaseJdbcLogger.java:143)- <==      Total: 3
2020-02-25 22:31:27,896 [DEBUG] (BaseJdbcLogger.java:143)- ==>  Preparing: select user_id, age, credit_id, pregnant_type, pregnant_week, job, confinement_date, confinement_week, confinement_type, user_name, user_password, user_token from user where user_token = ? 
2020-02-25 22:31:27,897 [DEBUG] (BaseJdbcLogger.java:143)- ==> Parameters: 6742d3466985435b85fa18482d534224(String)
2020-02-25 22:31:27,985 [DEBUG] (BaseJdbcLogger.java:143)- <==      Total: 1
2020-02-25 22:31:28,036 [DEBUG] (BaseJdbcLogger.java:143)- ==>  Preparing: select id, title, description, img_url, category from article 
2020-02-25 22:31:28,036 [DEBUG] (BaseJdbcLogger.java:143)- ==> Parameters: 
2020-02-25 22:31:28,126 [DEBUG] (BaseJdbcLogger.java:143)- <==      Total: 20
2020-02-25 22:31:28,129 [DEBUG] (BaseJdbcLogger.java:143)- ==>  Preparing: select id, title, audioURL, category, cover_url from audio 
2020-02-25 22:31:28,130 [DEBUG] (BaseJdbcLogger.java:143)- ==> Parameters: 
2020-02-25 22:31:28,243 [DEBUG] (BaseJdbcLogger.java:143)- <==      Total: 6
2020-02-25 22:31:28,249 [DEBUG] (BaseJdbcLogger.java:143)- ==>  Preparing: select id, title, vedioURL, cover_url, category, description from vedio 
2020-02-25 22:31:28,249 [DEBUG] (BaseJdbcLogger.java:143)- ==> Parameters: 
2020-02-25 22:31:28,341 [DEBUG] (BaseJdbcLogger.java:143)- <==      Total: 9
2020-02-25 22:31:32,398 [DEBUG] (BaseJdbcLogger.java:143)- ==>  Preparing: select id, user_name, name, consult_cost, license_number from doctor 
2020-02-25 22:31:32,398 [DEBUG] (BaseJdbcLogger.java:143)- ==> Parameters: 
2020-02-25 22:31:32,558 [DEBUG] (BaseJdbcLogger.java:143)- <==      Total: 3
2020-02-25 22:32:01,387 [DEBUG] (BaseJdbcLogger.java:143)- ==>  Preparing: select user_id, age, credit_id, pregnant_type, pregnant_week, job, confinement_date, confinement_week, confinement_type, user_name, user_password, user_token from user where user_token = ? 
2020-02-25 22:32:01,388 [DEBUG] (BaseJdbcLogger.java:143)- ==> Parameters: 6742d3466985435b85fa18482d534224(String)
2020-02-25 22:32:01,528 [DEBUG] (BaseJdbcLogger.java:143)- <==      Total: 1
2020-02-25 22:32:02,107 [DEBUG] (BaseJdbcLogger.java:143)- ==>  Preparing: select id, title, description, img_url, category from article 
2020-02-25 22:32:02,107 [DEBUG] (BaseJdbcLogger.java:143)- ==> Parameters: 
2020-02-25 22:32:02,109 [DEBUG] (BaseJdbcLogger.java:143)- ==>  Preparing: select id, title, audioURL, category, cover_url from audio 
2020-02-25 22:32:02,109 [DEBUG] (BaseJdbcLogger.java:143)- ==>  Preparing: select id, title, vedioURL, cover_url, category, description from vedio 
2020-02-25 22:32:02,109 [DEBUG] (BaseJdbcLogger.java:143)- ==> Parameters: 
2020-02-25 22:32:02,110 [DEBUG] (BaseJdbcLogger.java:143)- ==> Parameters: 
2020-02-25 22:32:02,277 [DEBUG] (BaseJdbcLogger.java:143)- <==      Total: 6
2020-02-25 22:32:02,280 [DEBUG] (BaseJdbcLogger.java:143)- <==      Total: 9
2020-02-25 22:32:02,902 [DEBUG] (BaseJdbcLogger.java:143)- <==      Total: 20
2020-02-25 22:32:09,731 [DEBUG] (BaseJdbcLogger.java:143)- ==>  Preparing: select id, user_name, name, consult_cost, license_number from doctor 
2020-02-25 22:32:09,732 [DEBUG] (BaseJdbcLogger.java:143)- ==> Parameters: 
2020-02-25 22:32:09,917 [DEBUG] (BaseJdbcLogger.java:143)- <==      Total: 3
2020-02-25 22:38:26,270 [DEBUG] (BaseJdbcLogger.java:143)- ==>  Preparing: select user_id, age, credit_id, pregnant_type, pregnant_week, job, confinement_date, confinement_week, confinement_type, user_name, user_password, user_token from user where user_token = ? 
2020-02-25 22:38:26,271 [DEBUG] (BaseJdbcLogger.java:143)- ==> Parameters: 6742d3466985435b85fa18482d534224(String)
2020-02-25 22:38:26,353 [DEBUG] (BaseJdbcLogger.java:143)- <==      Total: 1
2020-02-25 22:38:26,377 [DEBUG] (BaseJdbcLogger.java:143)- ==>  Preparing: select id, title, description, img_url, category from article 
2020-02-25 22:38:26,377 [DEBUG] (BaseJdbcLogger.java:143)- ==> Parameters: 
2020-02-25 22:38:26,467 [DEBUG] (BaseJdbcLogger.java:143)- <==      Total: 20
2020-02-25 22:38:26,469 [DEBUG] (BaseJdbcLogger.java:143)- ==>  Preparing: select id, title, audioURL, category, cover_url from audio 
2020-02-25 22:38:26,470 [DEBUG] (BaseJdbcLogger.java:143)- ==> Parameters: 
2020-02-25 22:38:26,471 [DEBUG] (BaseJdbcLogger.java:143)- ==>  Preparing: select id, title, vedioURL, cover_url, category, description from vedio 
2020-02-25 22:38:26,472 [DEBUG] (BaseJdbcLogger.java:143)- ==> Parameters: 
2020-02-25 22:38:26,567 [DEBUG] (BaseJdbcLogger.java:143)- <==      Total: 9
2020-02-25 22:38:26,568 [DEBUG] (BaseJdbcLogger.java:143)- <==      Total: 6
2020-02-25 22:38:31,517 [DEBUG] (BaseJdbcLogger.java:143)- ==>  Preparing: select id, user_name, name, consult_cost, license_number from doctor 
2020-02-25 22:38:31,518 [DEBUG] (BaseJdbcLogger.java:143)- ==> Parameters: 
2020-02-25 22:38:31,673 [DEBUG] (BaseJdbcLogger.java:143)- <==      Total: 3
2020-02-25 22:39:12,314 [DEBUG] (BaseJdbcLogger.java:143)- ==>  Preparing: select user_id, age, credit_id, pregnant_type, pregnant_week, job, confinement_date, confinement_week, confinement_type, user_name, user_password, user_token from user where user_token = ? 
2020-02-25 22:39:12,315 [DEBUG] (BaseJdbcLogger.java:143)- ==> Parameters: 6742d3466985435b85fa18482d534224(String)
2020-02-25 22:39:12,405 [DEBUG] (BaseJdbcLogger.java:143)- <==      Total: 1
2020-02-25 22:39:12,584 [DEBUG] (BaseJdbcLogger.java:143)- ==>  Preparing: select id, title, description, img_url, category from article 
2020-02-25 22:39:12,584 [DEBUG] (BaseJdbcLogger.java:143)- ==>  Preparing: select id, title, vedioURL, cover_url, category, description from vedio 
2020-02-25 22:39:12,584 [DEBUG] (BaseJdbcLogger.java:143)- ==> Parameters: 
2020-02-25 22:39:12,585 [DEBUG] (BaseJdbcLogger.java:143)- ==> Parameters: 
2020-02-25 22:39:12,586 [DEBUG] (BaseJdbcLogger.java:143)- ==>  Preparing: select id, title, audioURL, category, cover_url from audio 
2020-02-25 22:39:12,586 [DEBUG] (BaseJdbcLogger.java:143)- ==> Parameters: 
2020-02-25 22:39:12,687 [DEBUG] (BaseJdbcLogger.java:143)- <==      Total: 9
2020-02-25 22:39:12,688 [DEBUG] (BaseJdbcLogger.java:143)- <==      Total: 20
2020-02-25 22:39:12,690 [DEBUG] (BaseJdbcLogger.java:143)- <==      Total: 6
2020-02-25 22:39:18,528 [DEBUG] (BaseJdbcLogger.java:143)- ==>  Preparing: select id, user_name, name, consult_cost, license_number from doctor 
2020-02-25 22:39:18,529 [DEBUG] (BaseJdbcLogger.java:143)- ==> Parameters: 
2020-02-25 22:39:18,789 [DEBUG] (BaseJdbcLogger.java:143)- <==      Total: 3
2020-02-25 22:39:30,085 [DEBUG] (BaseJdbcLogger.java:143)- ==>  Preparing: select user_id, age, credit_id, pregnant_type, pregnant_week, job, confinement_date, confinement_week, confinement_type, user_name, user_password, user_token from user where user_token = ? 
2020-02-25 22:39:30,086 [DEBUG] (BaseJdbcLogger.java:143)- ==> Parameters: 6742d3466985435b85fa18482d534224(String)
2020-02-25 22:39:30,345 [DEBUG] (BaseJdbcLogger.java:143)- ==>  Preparing: select id, title, description, img_url, category from article 
2020-02-25 22:39:30,346 [DEBUG] (BaseJdbcLogger.java:143)- ==> Parameters: 
2020-02-25 22:39:30,350 [DEBUG] (BaseJdbcLogger.java:143)- <==      Total: 1
2020-02-25 22:39:30,354 [DEBUG] (BaseJdbcLogger.java:143)- ==>  Preparing: select id, title, audioURL, category, cover_url from audio 
2020-02-25 22:39:30,354 [DEBUG] (BaseJdbcLogger.java:143)- ==> Parameters: 
2020-02-25 22:39:30,359 [DEBUG] (BaseJdbcLogger.java:143)- ==>  Preparing: select id, title, vedioURL, cover_url, category, description from vedio 
2020-02-25 22:39:30,359 [DEBUG] (BaseJdbcLogger.java:143)- ==> Parameters: 
2020-02-25 22:39:30,433 [DEBUG] (BaseJdbcLogger.java:143)- <==      Total: 20
2020-02-25 22:39:30,445 [DEBUG] (BaseJdbcLogger.java:143)- <==      Total: 9
2020-02-25 22:39:30,448 [DEBUG] (BaseJdbcLogger.java:143)- <==      Total: 6
2020-02-25 22:39:37,171 [DEBUG] (BaseJdbcLogger.java:143)- ==>  Preparing: select id, user_name, name, consult_cost, license_number from doctor 
2020-02-25 22:39:37,172 [DEBUG] (BaseJdbcLogger.java:143)- ==> Parameters: 
2020-02-25 22:39:37,344 [DEBUG] (BaseJdbcLogger.java:143)- <==      Total: 3
2020-02-25 22:39:53,027 [DEBUG] (BaseJdbcLogger.java:143)- ==>  Preparing: select user_id, age, credit_id, pregnant_type, pregnant_week, job, confinement_date, confinement_week, confinement_type, user_name, user_password, user_token from user where user_token = ? 
2020-02-25 22:39:53,028 [DEBUG] (BaseJdbcLogger.java:143)- ==> Parameters: 6742d3466985435b85fa18482d534224(String)
2020-02-25 22:39:53,165 [DEBUG] (BaseJdbcLogger.java:143)- <==      Total: 1
2020-02-25 22:39:53,419 [DEBUG] (BaseJdbcLogger.java:143)- ==>  Preparing: select id, title, description, img_url, category from article 
2020-02-25 22:39:53,419 [DEBUG] (BaseJdbcLogger.java:143)- ==> Parameters: 
2020-02-25 22:39:53,419 [DEBUG] (BaseJdbcLogger.java:143)- ==>  Preparing: select id, title, vedioURL, cover_url, category, description from vedio 
2020-02-25 22:39:53,419 [DEBUG] (BaseJdbcLogger.java:143)- ==> Parameters: 
2020-02-25 22:39:53,419 [DEBUG] (BaseJdbcLogger.java:143)- ==>  Preparing: select id, title, audioURL, category, cover_url from audio 
2020-02-25 22:39:53,420 [DEBUG] (BaseJdbcLogger.java:143)- ==> Parameters: 
2020-02-25 22:39:53,569 [DEBUG] (BaseJdbcLogger.java:143)- <==      Total: 9
2020-02-25 22:39:53,578 [DEBUG] (BaseJdbcLogger.java:143)- <==      Total: 6
2020-02-25 22:39:53,578 [DEBUG] (BaseJdbcLogger.java:143)- <==      Total: 20
2020-02-25 22:39:58,632 [DEBUG] (BaseJdbcLogger.java:143)- ==>  Preparing: select id, user_name, name, consult_cost, license_number from doctor 
2020-02-25 22:39:58,634 [DEBUG] (BaseJdbcLogger.java:143)- ==> Parameters: 
2020-02-25 22:39:58,805 [DEBUG] (BaseJdbcLogger.java:143)- <==      Total: 3
2020-02-25 22:41:14,036 [DEBUG] (BaseJdbcLogger.java:143)- ==>  Preparing: select user_id, age, credit_id, pregnant_type, pregnant_week, job, confinement_date, confinement_week, confinement_type, user_name, user_password, user_token from user where user_token = ? 
2020-02-25 22:41:14,036 [DEBUG] (BaseJdbcLogger.java:143)- ==> Parameters: 6742d3466985435b85fa18482d534224(String)
2020-02-25 22:41:14,126 [DEBUG] (BaseJdbcLogger.java:143)- <==      Total: 1
2020-02-25 22:41:14,576 [DEBUG] (BaseJdbcLogger.java:143)- ==>  Preparing: select id, title, description, img_url, category from article 
2020-02-25 22:41:14,577 [DEBUG] (BaseJdbcLogger.java:143)- ==> Parameters: 
2020-02-25 22:41:14,694 [DEBUG] (BaseJdbcLogger.java:143)- <==      Total: 20
2020-02-25 22:41:14,698 [DEBUG] (BaseJdbcLogger.java:143)- ==>  Preparing: select id, title, audioURL, category, cover_url from audio 
2020-02-25 22:41:14,699 [DEBUG] (BaseJdbcLogger.java:143)- ==> Parameters: 
2020-02-25 22:41:14,700 [DEBUG] (BaseJdbcLogger.java:143)- ==>  Preparing: select id, title, vedioURL, cover_url, category, description from vedio 
2020-02-25 22:41:14,701 [DEBUG] (BaseJdbcLogger.java:143)- ==> Parameters: 
2020-02-25 22:41:14,765 [DEBUG] (BaseJdbcLogger.java:143)- <==      Total: 6
2020-02-25 22:41:14,775 [DEBUG] (BaseJdbcLogger.java:143)- <==      Total: 9
2020-02-25 22:41:24,456 [DEBUG] (BaseJdbcLogger.java:143)- ==>  Preparing: select id, user_name, name, consult_cost, license_number from doctor 
2020-02-25 22:41:24,456 [DEBUG] (BaseJdbcLogger.java:143)- ==> Parameters: 
2020-02-25 22:41:24,571 [DEBUG] (BaseJdbcLogger.java:143)- <==      Total: 3
2020-02-25 22:42:12,485 [DEBUG] (BaseJdbcLogger.java:143)- ==>  Preparing: select user_id, age, credit_id, pregnant_type, pregnant_week, job, confinement_date, confinement_week, confinement_type, user_name, user_password, user_token from user where user_token = ? 
2020-02-25 22:42:12,486 [DEBUG] (BaseJdbcLogger.java:143)- ==> Parameters: 6742d3466985435b85fa18482d534224(String)
2020-02-25 22:42:12,657 [DEBUG] (BaseJdbcLogger.java:143)- <==      Total: 1
2020-02-25 22:42:13,312 [DEBUG] (BaseJdbcLogger.java:143)- ==>  Preparing: select id, title, description, img_url, category from article 
2020-02-25 22:42:13,312 [DEBUG] (BaseJdbcLogger.java:143)- ==> Parameters: 
2020-02-25 22:42:13,324 [DEBUG] (BaseJdbcLogger.java:143)- ==>  Preparing: select id, title, audioURL, category, cover_url from audio 
2020-02-25 22:42:13,325 [DEBUG] (BaseJdbcLogger.java:143)- ==> Parameters: 
2020-02-25 22:42:13,338 [DEBUG] (BaseJdbcLogger.java:143)- ==>  Preparing: select id, title, vedioURL, cover_url, category, description from vedio 
2020-02-25 22:42:13,338 [DEBUG] (BaseJdbcLogger.java:143)- ==> Parameters: 
2020-02-25 22:42:13,485 [DEBUG] (BaseJdbcLogger.java:143)- <==      Total: 20
2020-02-25 22:42:13,496 [DEBUG] (BaseJdbcLogger.java:143)- <==      Total: 6
2020-02-25 22:42:13,499 [DEBUG] (BaseJdbcLogger.java:143)- <==      Total: 9
2020-02-25 22:42:18,495 [DEBUG] (BaseJdbcLogger.java:143)- ==>  Preparing: select id, user_name, name, consult_cost, license_number from doctor 
2020-02-25 22:42:18,496 [DEBUG] (BaseJdbcLogger.java:143)- ==> Parameters: 
2020-02-25 22:42:18,632 [DEBUG] (BaseJdbcLogger.java:143)- <==      Total: 3
2020-02-25 22:45:06,150 [DEBUG] (BaseJdbcLogger.java:143)- ==>  Preparing: select user_id, age, credit_id, pregnant_type, pregnant_week, job, confinement_date, confinement_week, confinement_type, user_name, user_password, user_token from user where user_token = ? 
2020-02-25 22:45:06,150 [DEBUG] (BaseJdbcLogger.java:143)- ==> Parameters: 6742d3466985435b85fa18482d534224(String)
2020-02-25 22:45:06,224 [DEBUG] (BaseJdbcLogger.java:143)- <==      Total: 1
2020-02-25 22:45:06,934 [DEBUG] (BaseJdbcLogger.java:143)- ==>  Preparing: select id, title, description, img_url, category from article 
2020-02-25 22:45:06,935 [DEBUG] (BaseJdbcLogger.java:143)- ==> Parameters: 
2020-02-25 22:45:07,107 [DEBUG] (BaseJdbcLogger.java:143)- <==      Total: 20
2020-02-25 22:45:07,117 [DEBUG] (BaseJdbcLogger.java:143)- ==>  Preparing: select id, title, vedioURL, cover_url, category, description from vedio 
2020-02-25 22:45:07,117 [DEBUG] (BaseJdbcLogger.java:143)- ==> Parameters: 
2020-02-25 22:45:07,118 [DEBUG] (BaseJdbcLogger.java:143)- ==>  Preparing: select id, title, audioURL, category, cover_url from audio 
2020-02-25 22:45:07,118 [DEBUG] (BaseJdbcLogger.java:143)- ==> Parameters: 
2020-02-25 22:45:07,205 [DEBUG] (BaseJdbcLogger.java:143)- <==      Total: 6
2020-02-25 22:45:07,205 [DEBUG] (BaseJdbcLogger.java:143)- <==      Total: 9
2020-02-25 22:45:14,894 [DEBUG] (BaseJdbcLogger.java:143)- ==>  Preparing: select id, user_name, name, consult_cost, license_number from doctor 
2020-02-25 22:45:14,894 [DEBUG] (BaseJdbcLogger.java:143)- ==> Parameters: 
2020-02-25 22:45:15,084 [DEBUG] (BaseJdbcLogger.java:143)- <==      Total: 3
