2020-03-01 16:47:30,444 [INFO] (StartupInfoLogger.java:50)- Starting BreastApplication on LAPTOP-SKN1FD88 with PID 13208 (started by 12284 in F:\Ajava\A母乳喂养项目\breastfeed\server\bfbackend)
2020-03-01 16:47:30,455 [DEBUG] (StartupInfoLogger.java:53)- Running with Spring Boot v2.1.9.RELEASE, Spring v5.1.10.RELEASE
2020-03-01 16:47:30,457 [INFO] (SpringApplication.java:648)- No active profile set, falling back to default profiles: default
2020-03-01 16:47:36,254 [INFO] (StartupInfoLogger.java:59)- Started BreastApplication in 7.064 seconds (JVM running for 10.189)
2020-03-01 16:52:37,015 [DEBUG] (BaseJdbcLogger.java:143)- ==>  Preparing: select id, title, vedioURL, cover_url, category, description from vedio 
2020-03-01 16:52:37,048 [DEBUG] (BaseJdbcLogger.java:143)- ==> Parameters: 
2020-03-01 16:52:37,237 [DEBUG] (BaseJdbcLogger.java:143)- <==      Total: 9
2020-03-01 16:52:37,243 [DEBUG] (BaseJdbcLogger.java:143)- ==>  Preparing: select id, title, description, img_url, category from article 
2020-03-01 16:52:37,244 [DEBUG] (BaseJdbcLogger.java:143)- ==> Parameters: 
2020-03-01 16:52:37,546 [DEBUG] (BaseJdbcLogger.java:143)- <==      Total: 20
2020-03-01 16:52:37,547 [DEBUG] (BaseJdbcLogger.java:143)- ==>  Preparing: select id, title, audioURL, category, cover_url from audio 
2020-03-01 16:52:37,548 [DEBUG] (BaseJdbcLogger.java:143)- ==> Parameters: 
2020-03-01 16:52:37,787 [DEBUG] (BaseJdbcLogger.java:143)- <==      Total: 6
2020-03-01 16:53:12,484 [DEBUG] (BaseJdbcLogger.java:143)- ==>  Preparing: select user_id, age, credit_id, pregnant_type, pregnant_week, job, confinement_date, confinement_week, confinement_type, user_name, user_password, user_token from user where user_name = ? 
2020-03-01 16:53:12,486 [DEBUG] (BaseJdbcLogger.java:143)- ==> Parameters: abc(String)
2020-03-01 16:53:12,813 [DEBUG] (BaseJdbcLogger.java:143)- <==      Total: 1
2020-03-01 22:26:51,521 [DEBUG] (BaseJdbcLogger.java:143)- ==>  Preparing: select id, title, vedioURL, cover_url, category, description from vedio 
2020-03-01 22:26:53,094 [DEBUG] (BaseJdbcLogger.java:143)- ==> Parameters: 
2020-03-01 22:26:53,406 [DEBUG] (BaseJdbcLogger.java:143)- ==>  Preparing: select id, title, description, img_url, category from article 
2020-03-01 22:26:53,409 [DEBUG] (BaseJdbcLogger.java:143)- ==> Parameters: 
2020-03-01 22:26:53,482 [DEBUG] (BaseJdbcLogger.java:143)- <==      Total: 9
2020-03-01 22:26:53,487 [DEBUG] (BaseJdbcLogger.java:143)- ==>  Preparing: select id, title, audioURL, category, cover_url from audio 
2020-03-01 22:26:53,489 [DEBUG] (BaseJdbcLogger.java:143)- ==> Parameters: 
2020-03-01 22:26:53,577 [DEBUG] (BaseJdbcLogger.java:143)- <==      Total: 20
2020-03-01 22:26:54,017 [DEBUG] (BaseJdbcLogger.java:143)- <==      Total: 6
