<<<<<<< HEAD
2020-02-16 11:34:41,829 [INFO] (StartupInfoLogger.java:50)- Starting BreastApplication on LAPTOP-SKN1FD88 with PID 19860 (started by 12284 in F:\Ajava\A母乳喂养项目\breastfeed\server\bfbackend)
2020-02-16 11:34:41,907 [DEBUG] (StartupInfoLogger.java:53)- Running with Spring Boot v2.1.9.RELEASE, Spring v5.1.10.RELEASE
2020-02-16 11:34:41,911 [INFO] (SpringApplication.java:648)- No active profile set, falling back to default profiles: default
2020-02-16 11:34:45,994 [INFO] (StartupInfoLogger.java:59)- Started BreastApplication in 4.855 seconds (JVM running for 7.616)
2020-02-16 11:57:27,541 [INFO] (StartupInfoLogger.java:50)- Starting BreastApplication on LAPTOP-SKN1FD88 with PID 8964 (started by 12284 in F:\Ajava\A母乳喂养项目\breastfeed\server\bfbackend)
2020-02-16 11:57:27,546 [DEBUG] (StartupInfoLogger.java:53)- Running with Spring Boot v2.1.9.RELEASE, Spring v5.1.10.RELEASE
2020-02-16 11:57:27,546 [INFO] (SpringApplication.java:648)- No active profile set, falling back to default profiles: default
2020-02-16 11:57:30,561 [INFO] (StartupInfoLogger.java:59)- Started BreastApplication in 4.195 seconds (JVM running for 6.494)
2020-02-16 12:19:58,725 [DEBUG] (BaseJdbcLogger.java:143)- ==>  Preparing: select id, title, vedioURL, cover_url, category from vedio 
2020-02-16 12:19:58,795 [DEBUG] (BaseJdbcLogger.java:143)- ==> Parameters: 
2020-02-16 12:19:58,857 [DEBUG] (BaseJdbcLogger.java:143)- <==      Total: 9
2020-02-16 12:19:58,865 [DEBUG] (BaseJdbcLogger.java:143)- ==>  Preparing: select id, title, description, img_url, category from article 
2020-02-16 12:19:58,866 [DEBUG] (BaseJdbcLogger.java:143)- ==> Parameters: 
2020-02-16 12:19:58,919 [DEBUG] (BaseJdbcLogger.java:143)- <==      Total: 20
2020-02-16 12:19:58,921 [DEBUG] (BaseJdbcLogger.java:143)- ==>  Preparing: select id, title, audioURL, category, cover_url from audio 
2020-02-16 12:19:58,922 [DEBUG] (BaseJdbcLogger.java:143)- ==> Parameters: 
2020-02-16 12:19:58,965 [DEBUG] (BaseJdbcLogger.java:143)- <==      Total: 6
2020-02-16 12:29:44,021 [DEBUG] (BaseJdbcLogger.java:143)- ==>  Preparing: select id, title, audioURL, category, cover_url from audio 
2020-02-16 12:29:44,022 [DEBUG] (BaseJdbcLogger.java:143)- ==> Parameters: 
2020-02-16 12:29:44,064 [DEBUG] (BaseJdbcLogger.java:143)- <==      Total: 6
2020-02-16 12:29:44,559 [DEBUG] (BaseJdbcLogger.java:143)- ==>  Preparing: select id, title, vedioURL, cover_url, category from vedio 
2020-02-16 12:29:44,560 [DEBUG] (BaseJdbcLogger.java:143)- ==> Parameters: 
2020-02-16 12:29:44,609 [DEBUG] (BaseJdbcLogger.java:143)- <==      Total: 9
2020-02-16 12:29:44,610 [DEBUG] (BaseJdbcLogger.java:143)- ==>  Preparing: select id, title, description, img_url, category from article 
2020-02-16 12:29:44,611 [DEBUG] (BaseJdbcLogger.java:143)- ==> Parameters: 
2020-02-16 12:29:44,652 [DEBUG] (BaseJdbcLogger.java:143)- <==      Total: 20
2020-02-16 12:43:17,482 [DEBUG] (BaseJdbcLogger.java:143)- ==>  Preparing: select id, title, audioURL, category, cover_url from audio 
2020-02-16 12:43:17,653 [DEBUG] (BaseJdbcLogger.java:143)- ==> Parameters: 
2020-02-16 12:43:18,022 [DEBUG] (BaseJdbcLogger.java:143)- ==>  Preparing: select id, title, description, img_url, category from article 
2020-02-16 12:43:18,025 [DEBUG] (BaseJdbcLogger.java:143)- ==> Parameters: 
2020-02-16 12:43:18,025 [DEBUG] (BaseJdbcLogger.java:143)- <==      Total: 6
2020-02-16 12:43:18,133 [DEBUG] (BaseJdbcLogger.java:143)- ==>  Preparing: select id, title, vedioURL, cover_url, category from vedio 
2020-02-16 12:43:18,135 [DEBUG] (BaseJdbcLogger.java:143)- ==> Parameters: 
2020-02-16 12:43:18,230 [DEBUG] (BaseJdbcLogger.java:143)- <==      Total: 20
2020-02-16 12:43:18,230 [DEBUG] (BaseJdbcLogger.java:143)- <==      Total: 9
2020-02-16 12:57:03,454 [DEBUG] (BaseJdbcLogger.java:143)- ==>  Preparing: select id, title, audioURL, category, cover_url from audio 
2020-02-16 12:57:03,455 [DEBUG] (BaseJdbcLogger.java:143)- ==> Parameters: 
2020-02-16 12:57:03,500 [DEBUG] (BaseJdbcLogger.java:143)- <==      Total: 6
2020-02-16 12:57:03,501 [DEBUG] (BaseJdbcLogger.java:143)- ==>  Preparing: select id, title, description, img_url, category from article 
2020-02-16 12:57:03,502 [DEBUG] (BaseJdbcLogger.java:143)- ==> Parameters: 
2020-02-16 12:57:03,542 [DEBUG] (BaseJdbcLogger.java:143)- <==      Total: 20
2020-02-16 12:57:03,543 [DEBUG] (BaseJdbcLogger.java:143)- ==>  Preparing: select id, title, vedioURL, cover_url, category from vedio 
2020-02-16 12:57:03,543 [DEBUG] (BaseJdbcLogger.java:143)- ==> Parameters: 
2020-02-16 12:57:03,612 [DEBUG] (BaseJdbcLogger.java:143)- <==      Total: 9
2020-02-16 12:58:05,963 [DEBUG] (BaseJdbcLogger.java:143)- ==>  Preparing: select id, title, audioURL, category, cover_url from audio 
2020-02-16 12:58:05,965 [DEBUG] (BaseJdbcLogger.java:143)- ==> Parameters: 
2020-02-16 12:58:06,023 [DEBUG] (BaseJdbcLogger.java:143)- <==      Total: 6
2020-02-16 12:58:06,372 [DEBUG] (BaseJdbcLogger.java:143)- ==>  Preparing: select id, title, description, img_url, category from article 
2020-02-16 12:58:06,374 [DEBUG] (BaseJdbcLogger.java:143)- ==> Parameters: 
2020-02-16 12:58:06,378 [DEBUG] (BaseJdbcLogger.java:143)- ==>  Preparing: select id, title, vedioURL, cover_url, category from vedio 
2020-02-16 12:58:06,380 [DEBUG] (BaseJdbcLogger.java:143)- ==> Parameters: 
2020-02-16 12:58:06,419 [DEBUG] (BaseJdbcLogger.java:143)- <==      Total: 20
2020-02-16 12:58:06,421 [DEBUG] (BaseJdbcLogger.java:143)- <==      Total: 9
2020-02-16 12:58:39,969 [DEBUG] (BaseJdbcLogger.java:143)- ==>  Preparing: select id, title, audioURL, category, cover_url from audio 
2020-02-16 12:58:39,971 [DEBUG] (BaseJdbcLogger.java:143)- ==> Parameters: 
2020-02-16 12:58:40,018 [DEBUG] (BaseJdbcLogger.java:143)- ==>  Preparing: select id, title, description, img_url, category from article 
2020-02-16 12:58:40,020 [DEBUG] (BaseJdbcLogger.java:143)- ==>  Preparing: select id, title, vedioURL, cover_url, category from vedio 
2020-02-16 12:58:40,021 [DEBUG] (BaseJdbcLogger.java:143)- <==      Total: 6
2020-02-16 12:58:40,041 [DEBUG] (BaseJdbcLogger.java:143)- ==> Parameters: 
2020-02-16 12:58:40,042 [DEBUG] (BaseJdbcLogger.java:143)- ==> Parameters: 
2020-02-16 12:58:40,096 [DEBUG] (BaseJdbcLogger.java:143)- <==      Total: 9
2020-02-16 12:58:40,096 [DEBUG] (BaseJdbcLogger.java:143)- <==      Total: 20
2020-02-16 13:14:07,317 [DEBUG] (BaseJdbcLogger.java:143)- ==>  Preparing: select id, title, description, img_url, category from article 
2020-02-16 13:14:07,326 [DEBUG] (BaseJdbcLogger.java:143)- ==> Parameters: 
2020-02-16 13:14:07,436 [DEBUG] (BaseJdbcLogger.java:143)- <==      Total: 20
2020-02-16 13:14:07,439 [DEBUG] (BaseJdbcLogger.java:143)- ==>  Preparing: select id, title, vedioURL, cover_url, category from vedio 
2020-02-16 13:14:07,440 [DEBUG] (BaseJdbcLogger.java:143)- ==> Parameters: 
2020-02-16 13:14:07,483 [DEBUG] (BaseJdbcLogger.java:143)- <==      Total: 9
2020-02-16 13:14:07,491 [DEBUG] (BaseJdbcLogger.java:143)- ==>  Preparing: select id, title, audioURL, category, cover_url from audio 
2020-02-16 13:14:07,493 [DEBUG] (BaseJdbcLogger.java:143)- ==> Parameters: 
2020-02-16 13:14:07,536 [DEBUG] (BaseJdbcLogger.java:143)- <==      Total: 6
2020-02-16 13:15:23,598 [DEBUG] (BaseJdbcLogger.java:143)- ==>  Preparing: select id, title, audioURL, category, cover_url from audio 
2020-02-16 13:15:23,599 [DEBUG] (BaseJdbcLogger.java:143)- ==> Parameters: 
2020-02-16 13:15:23,865 [DEBUG] (BaseJdbcLogger.java:143)- ==>  Preparing: select id, title, description, img_url, category from article 
2020-02-16 13:15:23,865 [DEBUG] (BaseJdbcLogger.java:143)- ==> Parameters: 
2020-02-16 13:15:23,866 [DEBUG] (BaseJdbcLogger.java:143)- <==      Total: 6
2020-02-16 13:15:23,903 [DEBUG] (BaseJdbcLogger.java:143)- ==>  Preparing: select id, title, vedioURL, cover_url, category from vedio 
2020-02-16 13:15:23,920 [DEBUG] (BaseJdbcLogger.java:143)- ==> Parameters: 
2020-02-16 13:15:23,947 [DEBUG] (BaseJdbcLogger.java:143)- <==      Total: 20
2020-02-16 13:15:23,959 [DEBUG] (BaseJdbcLogger.java:143)- <==      Total: 9
2020-02-16 13:16:05,287 [DEBUG] (BaseJdbcLogger.java:143)- ==>  Preparing: select id, title, description, img_url, category from article 
2020-02-16 13:16:05,288 [DEBUG] (BaseJdbcLogger.java:143)- ==> Parameters: 
2020-02-16 13:16:05,291 [DEBUG] (BaseJdbcLogger.java:143)- ==>  Preparing: select id, title, audioURL, category, cover_url from audio 
2020-02-16 13:16:05,292 [DEBUG] (BaseJdbcLogger.java:143)- ==> Parameters: 
2020-02-16 13:16:05,328 [DEBUG] (BaseJdbcLogger.java:143)- <==      Total: 20
2020-02-16 13:16:05,329 [DEBUG] (BaseJdbcLogger.java:143)- ==>  Preparing: select id, title, vedioURL, cover_url, category from vedio 
2020-02-16 13:16:05,329 [DEBUG] (BaseJdbcLogger.java:143)- ==> Parameters: 
2020-02-16 13:16:05,332 [DEBUG] (BaseJdbcLogger.java:143)- <==      Total: 6
2020-02-16 13:16:05,369 [DEBUG] (BaseJdbcLogger.java:143)- <==      Total: 9
2020-02-16 13:16:31,608 [DEBUG] (BaseJdbcLogger.java:143)- ==>  Preparing: select id, title, description, img_url, category from article 
2020-02-16 13:16:31,609 [DEBUG] (BaseJdbcLogger.java:143)- ==> Parameters: 
2020-02-16 13:16:31,635 [DEBUG] (BaseJdbcLogger.java:143)- ==>  Preparing: select id, title, vedioURL, cover_url, category from vedio 
2020-02-16 13:16:31,636 [DEBUG] (BaseJdbcLogger.java:143)- ==>  Preparing: select id, title, audioURL, category, cover_url from audio 
2020-02-16 13:16:31,636 [DEBUG] (BaseJdbcLogger.java:143)- ==> Parameters: 
2020-02-16 13:16:31,636 [DEBUG] (BaseJdbcLogger.java:143)- ==> Parameters: 
2020-02-16 13:16:31,678 [DEBUG] (BaseJdbcLogger.java:143)- <==      Total: 9
2020-02-16 13:16:31,678 [DEBUG] (BaseJdbcLogger.java:143)- <==      Total: 6
2020-02-16 13:16:31,694 [DEBUG] (BaseJdbcLogger.java:143)- <==      Total: 20
2020-02-16 13:23:01,383 [INFO] (StartupInfoLogger.java:50)- Starting BreastApplication on LAPTOP-SKN1FD88 with PID 17092 (started by 12284 in F:\Ajava\A母乳喂养项目\breastfeed\server\bfbackend)
2020-02-16 13:23:01,390 [DEBUG] (StartupInfoLogger.java:53)- Running with Spring Boot v2.1.9.RELEASE, Spring v5.1.10.RELEASE
2020-02-16 13:23:01,392 [INFO] (SpringApplication.java:648)- No active profile set, falling back to default profiles: default
2020-02-16 13:23:05,931 [INFO] (StartupInfoLogger.java:59)- Started BreastApplication in 5.591 seconds (JVM running for 8.718)
2020-02-16 13:44:50,968 [INFO] (StartupInfoLogger.java:50)- Starting BreastApplication on LAPTOP-SKN1FD88 with PID 24100 (started by 12284 in F:\Ajava\A母乳喂养项目\breastfeed\server\bfbackend)
2020-02-16 13:44:51,066 [DEBUG] (StartupInfoLogger.java:53)- Running with Spring Boot v2.1.9.RELEASE, Spring v5.1.10.RELEASE
2020-02-16 13:44:51,066 [INFO] (SpringApplication.java:648)- No active profile set, falling back to default profiles: default
2020-02-16 13:44:58,229 [INFO] (StartupInfoLogger.java:59)- Started BreastApplication in 8.758 seconds (JVM running for 13.236)
2020-02-16 13:45:14,428 [DEBUG] (BaseJdbcLogger.java:143)- ==>  Preparing: select q_id, t_id, q_type, q_content, q_opstions from question q,test t where q.t_id = t.id 
2020-02-16 13:45:14,460 [DEBUG] (BaseJdbcLogger.java:143)- ==> Parameters: 
2020-02-16 13:45:14,528 [DEBUG] (BaseJdbcLogger.java:143)- <==      Total: 2
=======
2020-02-16 11:34:41,829 [INFO] (StartupInfoLogger.java:50)- Starting BreastApplication on LAPTOP-SKN1FD88 with PID 19860 (started by 12284 in F:\Ajava\A母乳喂养项目\breastfeed\server\bfbackend)
2020-02-16 11:34:41,907 [DEBUG] (StartupInfoLogger.java:53)- Running with Spring Boot v2.1.9.RELEASE, Spring v5.1.10.RELEASE
2020-02-16 11:34:41,911 [INFO] (SpringApplication.java:648)- No active profile set, falling back to default profiles: default
2020-02-16 11:34:45,994 [INFO] (StartupInfoLogger.java:59)- Started BreastApplication in 4.855 seconds (JVM running for 7.616)
2020-02-16 11:57:27,541 [INFO] (StartupInfoLogger.java:50)- Starting BreastApplication on LAPTOP-SKN1FD88 with PID 8964 (started by 12284 in F:\Ajava\A母乳喂养项目\breastfeed\server\bfbackend)
2020-02-16 11:57:27,546 [DEBUG] (StartupInfoLogger.java:53)- Running with Spring Boot v2.1.9.RELEASE, Spring v5.1.10.RELEASE
2020-02-16 11:57:27,546 [INFO] (SpringApplication.java:648)- No active profile set, falling back to default profiles: default
2020-02-16 11:57:30,561 [INFO] (StartupInfoLogger.java:59)- Started BreastApplication in 4.195 seconds (JVM running for 6.494)
2020-02-16 12:19:58,725 [DEBUG] (BaseJdbcLogger.java:143)- ==>  Preparing: select id, title, vedioURL, cover_url, category from vedio 
2020-02-16 12:19:58,795 [DEBUG] (BaseJdbcLogger.java:143)- ==> Parameters: 
2020-02-16 12:19:58,857 [DEBUG] (BaseJdbcLogger.java:143)- <==      Total: 9
2020-02-16 12:19:58,865 [DEBUG] (BaseJdbcLogger.java:143)- ==>  Preparing: select id, title, description, img_url, category from article 
2020-02-16 12:19:58,866 [DEBUG] (BaseJdbcLogger.java:143)- ==> Parameters: 
2020-02-16 12:19:58,919 [DEBUG] (BaseJdbcLogger.java:143)- <==      Total: 20
2020-02-16 12:19:58,921 [DEBUG] (BaseJdbcLogger.java:143)- ==>  Preparing: select id, title, audioURL, category, cover_url from audio 
2020-02-16 12:19:58,922 [DEBUG] (BaseJdbcLogger.java:143)- ==> Parameters: 
2020-02-16 12:19:58,965 [DEBUG] (BaseJdbcLogger.java:143)- <==      Total: 6
2020-02-16 12:29:44,021 [DEBUG] (BaseJdbcLogger.java:143)- ==>  Preparing: select id, title, audioURL, category, cover_url from audio 
2020-02-16 12:29:44,022 [DEBUG] (BaseJdbcLogger.java:143)- ==> Parameters: 
2020-02-16 12:29:44,064 [DEBUG] (BaseJdbcLogger.java:143)- <==      Total: 6
2020-02-16 12:29:44,559 [DEBUG] (BaseJdbcLogger.java:143)- ==>  Preparing: select id, title, vedioURL, cover_url, category from vedio 
2020-02-16 12:29:44,560 [DEBUG] (BaseJdbcLogger.java:143)- ==> Parameters: 
2020-02-16 12:29:44,609 [DEBUG] (BaseJdbcLogger.java:143)- <==      Total: 9
2020-02-16 12:29:44,610 [DEBUG] (BaseJdbcLogger.java:143)- ==>  Preparing: select id, title, description, img_url, category from article 
2020-02-16 12:29:44,611 [DEBUG] (BaseJdbcLogger.java:143)- ==> Parameters: 
2020-02-16 12:29:44,652 [DEBUG] (BaseJdbcLogger.java:143)- <==      Total: 20
2020-02-16 12:43:17,482 [DEBUG] (BaseJdbcLogger.java:143)- ==>  Preparing: select id, title, audioURL, category, cover_url from audio 
2020-02-16 12:43:17,653 [DEBUG] (BaseJdbcLogger.java:143)- ==> Parameters: 
2020-02-16 12:43:18,022 [DEBUG] (BaseJdbcLogger.java:143)- ==>  Preparing: select id, title, description, img_url, category from article 
2020-02-16 12:43:18,025 [DEBUG] (BaseJdbcLogger.java:143)- ==> Parameters: 
2020-02-16 12:43:18,025 [DEBUG] (BaseJdbcLogger.java:143)- <==      Total: 6
2020-02-16 12:43:18,133 [DEBUG] (BaseJdbcLogger.java:143)- ==>  Preparing: select id, title, vedioURL, cover_url, category from vedio 
2020-02-16 12:43:18,135 [DEBUG] (BaseJdbcLogger.java:143)- ==> Parameters: 
2020-02-16 12:43:18,230 [DEBUG] (BaseJdbcLogger.java:143)- <==      Total: 20
2020-02-16 12:43:18,230 [DEBUG] (BaseJdbcLogger.java:143)- <==      Total: 9
2020-02-16 12:57:03,454 [DEBUG] (BaseJdbcLogger.java:143)- ==>  Preparing: select id, title, audioURL, category, cover_url from audio 
2020-02-16 12:57:03,455 [DEBUG] (BaseJdbcLogger.java:143)- ==> Parameters: 
2020-02-16 12:57:03,500 [DEBUG] (BaseJdbcLogger.java:143)- <==      Total: 6
2020-02-16 12:57:03,501 [DEBUG] (BaseJdbcLogger.java:143)- ==>  Preparing: select id, title, description, img_url, category from article 
2020-02-16 12:57:03,502 [DEBUG] (BaseJdbcLogger.java:143)- ==> Parameters: 
2020-02-16 12:57:03,542 [DEBUG] (BaseJdbcLogger.java:143)- <==      Total: 20
2020-02-16 12:57:03,543 [DEBUG] (BaseJdbcLogger.java:143)- ==>  Preparing: select id, title, vedioURL, cover_url, category from vedio 
2020-02-16 12:57:03,543 [DEBUG] (BaseJdbcLogger.java:143)- ==> Parameters: 
2020-02-16 12:57:03,612 [DEBUG] (BaseJdbcLogger.java:143)- <==      Total: 9
2020-02-16 12:58:05,963 [DEBUG] (BaseJdbcLogger.java:143)- ==>  Preparing: select id, title, audioURL, category, cover_url from audio 
2020-02-16 12:58:05,965 [DEBUG] (BaseJdbcLogger.java:143)- ==> Parameters: 
2020-02-16 12:58:06,023 [DEBUG] (BaseJdbcLogger.java:143)- <==      Total: 6
2020-02-16 12:58:06,372 [DEBUG] (BaseJdbcLogger.java:143)- ==>  Preparing: select id, title, description, img_url, category from article 
2020-02-16 12:58:06,374 [DEBUG] (BaseJdbcLogger.java:143)- ==> Parameters: 
2020-02-16 12:58:06,378 [DEBUG] (BaseJdbcLogger.java:143)- ==>  Preparing: select id, title, vedioURL, cover_url, category from vedio 
2020-02-16 12:58:06,380 [DEBUG] (BaseJdbcLogger.java:143)- ==> Parameters: 
2020-02-16 12:58:06,419 [DEBUG] (BaseJdbcLogger.java:143)- <==      Total: 20
2020-02-16 12:58:06,421 [DEBUG] (BaseJdbcLogger.java:143)- <==      Total: 9
2020-02-16 12:58:39,969 [DEBUG] (BaseJdbcLogger.java:143)- ==>  Preparing: select id, title, audioURL, category, cover_url from audio 
2020-02-16 12:58:39,971 [DEBUG] (BaseJdbcLogger.java:143)- ==> Parameters: 
2020-02-16 12:58:40,018 [DEBUG] (BaseJdbcLogger.java:143)- ==>  Preparing: select id, title, description, img_url, category from article 
2020-02-16 12:58:40,020 [DEBUG] (BaseJdbcLogger.java:143)- ==>  Preparing: select id, title, vedioURL, cover_url, category from vedio 
2020-02-16 12:58:40,021 [DEBUG] (BaseJdbcLogger.java:143)- <==      Total: 6
2020-02-16 12:58:40,041 [DEBUG] (BaseJdbcLogger.java:143)- ==> Parameters: 
2020-02-16 12:58:40,042 [DEBUG] (BaseJdbcLogger.java:143)- ==> Parameters: 
2020-02-16 12:58:40,096 [DEBUG] (BaseJdbcLogger.java:143)- <==      Total: 9
2020-02-16 12:58:40,096 [DEBUG] (BaseJdbcLogger.java:143)- <==      Total: 20
2020-02-16 13:14:07,317 [DEBUG] (BaseJdbcLogger.java:143)- ==>  Preparing: select id, title, description, img_url, category from article 
2020-02-16 13:14:07,326 [DEBUG] (BaseJdbcLogger.java:143)- ==> Parameters: 
2020-02-16 13:14:07,436 [DEBUG] (BaseJdbcLogger.java:143)- <==      Total: 20
2020-02-16 13:14:07,439 [DEBUG] (BaseJdbcLogger.java:143)- ==>  Preparing: select id, title, vedioURL, cover_url, category from vedio 
2020-02-16 13:14:07,440 [DEBUG] (BaseJdbcLogger.java:143)- ==> Parameters: 
2020-02-16 13:14:07,483 [DEBUG] (BaseJdbcLogger.java:143)- <==      Total: 9
2020-02-16 13:14:07,491 [DEBUG] (BaseJdbcLogger.java:143)- ==>  Preparing: select id, title, audioURL, category, cover_url from audio 
2020-02-16 13:14:07,493 [DEBUG] (BaseJdbcLogger.java:143)- ==> Parameters: 
2020-02-16 13:14:07,536 [DEBUG] (BaseJdbcLogger.java:143)- <==      Total: 6
2020-02-16 13:15:23,598 [DEBUG] (BaseJdbcLogger.java:143)- ==>  Preparing: select id, title, audioURL, category, cover_url from audio 
2020-02-16 13:15:23,599 [DEBUG] (BaseJdbcLogger.java:143)- ==> Parameters: 
2020-02-16 13:15:23,865 [DEBUG] (BaseJdbcLogger.java:143)- ==>  Preparing: select id, title, description, img_url, category from article 
2020-02-16 13:15:23,865 [DEBUG] (BaseJdbcLogger.java:143)- ==> Parameters: 
2020-02-16 13:15:23,866 [DEBUG] (BaseJdbcLogger.java:143)- <==      Total: 6
2020-02-16 13:15:23,903 [DEBUG] (BaseJdbcLogger.java:143)- ==>  Preparing: select id, title, vedioURL, cover_url, category from vedio 
2020-02-16 13:15:23,920 [DEBUG] (BaseJdbcLogger.java:143)- ==> Parameters: 
2020-02-16 13:15:23,947 [DEBUG] (BaseJdbcLogger.java:143)- <==      Total: 20
2020-02-16 13:15:23,959 [DEBUG] (BaseJdbcLogger.java:143)- <==      Total: 9
2020-02-16 13:16:05,287 [DEBUG] (BaseJdbcLogger.java:143)- ==>  Preparing: select id, title, description, img_url, category from article 
2020-02-16 13:16:05,288 [DEBUG] (BaseJdbcLogger.java:143)- ==> Parameters: 
2020-02-16 13:16:05,291 [DEBUG] (BaseJdbcLogger.java:143)- ==>  Preparing: select id, title, audioURL, category, cover_url from audio 
2020-02-16 13:16:05,292 [DEBUG] (BaseJdbcLogger.java:143)- ==> Parameters: 
2020-02-16 13:16:05,328 [DEBUG] (BaseJdbcLogger.java:143)- <==      Total: 20
2020-02-16 13:16:05,329 [DEBUG] (BaseJdbcLogger.java:143)- ==>  Preparing: select id, title, vedioURL, cover_url, category from vedio 
2020-02-16 13:16:05,329 [DEBUG] (BaseJdbcLogger.java:143)- ==> Parameters: 
2020-02-16 13:16:05,332 [DEBUG] (BaseJdbcLogger.java:143)- <==      Total: 6
2020-02-16 13:16:05,369 [DEBUG] (BaseJdbcLogger.java:143)- <==      Total: 9
2020-02-16 13:16:31,608 [DEBUG] (BaseJdbcLogger.java:143)- ==>  Preparing: select id, title, description, img_url, category from article 
2020-02-16 13:16:31,609 [DEBUG] (BaseJdbcLogger.java:143)- ==> Parameters: 
2020-02-16 13:16:31,635 [DEBUG] (BaseJdbcLogger.java:143)- ==>  Preparing: select id, title, vedioURL, cover_url, category from vedio 
2020-02-16 13:16:31,636 [DEBUG] (BaseJdbcLogger.java:143)- ==>  Preparing: select id, title, audioURL, category, cover_url from audio 
2020-02-16 13:16:31,636 [DEBUG] (BaseJdbcLogger.java:143)- ==> Parameters: 
2020-02-16 13:16:31,636 [DEBUG] (BaseJdbcLogger.java:143)- ==> Parameters: 
2020-02-16 13:16:31,678 [DEBUG] (BaseJdbcLogger.java:143)- <==      Total: 9
2020-02-16 13:16:31,678 [DEBUG] (BaseJdbcLogger.java:143)- <==      Total: 6
2020-02-16 13:16:31,694 [DEBUG] (BaseJdbcLogger.java:143)- <==      Total: 20
2020-02-16 13:23:01,383 [INFO] (StartupInfoLogger.java:50)- Starting BreastApplication on LAPTOP-SKN1FD88 with PID 17092 (started by 12284 in F:\Ajava\A母乳喂养项目\breastfeed\server\bfbackend)
2020-02-16 13:23:01,390 [DEBUG] (StartupInfoLogger.java:53)- Running with Spring Boot v2.1.9.RELEASE, Spring v5.1.10.RELEASE
2020-02-16 13:23:01,392 [INFO] (SpringApplication.java:648)- No active profile set, falling back to default profiles: default
2020-02-16 13:23:05,931 [INFO] (StartupInfoLogger.java:59)- Started BreastApplication in 5.591 seconds (JVM running for 8.718)
>>>>>>> 588437c7ea9696a76fa86cf45a732916f2c7b449
2020-02-17 16:01:12,821 [INFO] (StartupInfoLogger.java:50)- Starting BreastApplication on LAPTOP-562395R3 with PID 17232 (started by 爱哭的周小姐 in D:\软件应用\java IDE\IntelliJ IDEA 2019.1\项目\breastfeed\新建文件夹\server\bfbackend)
2020-02-17 16:01:12,824 [DEBUG] (StartupInfoLogger.java:53)- Running with Spring Boot v2.1.9.RELEASE, Spring v5.1.10.RELEASE
2020-02-17 16:01:12,825 [INFO] (SpringApplication.java:648)- No active profile set, falling back to default profiles: default
2020-02-17 16:01:16,291 [INFO] (StartupInfoLogger.java:59)- Started BreastApplication in 3.998 seconds (JVM running for 7.204)
2020-02-17 16:01:39,022 [DEBUG] (BaseJdbcLogger.java:143)- ==>  Preparing: select q_id, t_id, q_type, q_content, q_opstions from question q,test t where q.t_id = t.id 
2020-02-17 16:01:39,046 [DEBUG] (BaseJdbcLogger.java:143)- ==> Parameters: 
2020-02-17 16:01:39,150 [DEBUG] (BaseJdbcLogger.java:143)- <==      Total: 2
2020-02-17 16:48:06,543 [INFO] (StartupInfoLogger.java:50)- Starting BreastApplication on LAPTOP-562395R3 with PID 16824 (started by 爱哭的周小姐 in D:\软件应用\java IDE\IntelliJ IDEA 2019.1\项目\breastfeed\新建文件夹\server\bfbackend)
2020-02-17 16:48:06,590 [DEBUG] (StartupInfoLogger.java:53)- Running with Spring Boot v2.1.9.RELEASE, Spring v5.1.10.RELEASE
2020-02-17 16:48:06,590 [INFO] (SpringApplication.java:648)- No active profile set, falling back to default profiles: default
2020-02-17 16:48:09,981 [INFO] (StartupInfoLogger.java:59)- Started BreastApplication in 4.039 seconds (JVM running for 5.734)
2020-02-17 16:48:27,762 [INFO] (DoctorController.java:106)-  === DoctorRegister:Doctor{id=null, userName='111', userPassword='120120120', token='d5fcaee41c3e403eac8900205c6d843e', name='', consultCost=null, licenseNumber='111'} === errorMap: [] ===
2020-02-17 16:48:29,642 [DEBUG] (BaseJdbcLogger.java:143)- ==>  Preparing: select id, user_name, user_password, token, name, consult_cost, license_number from doctor where user_name = ? 
2020-02-17 16:48:29,666 [DEBUG] (BaseJdbcLogger.java:143)- ==> Parameters: 111(String)
2020-02-17 16:48:29,753 [DEBUG] (BaseJdbcLogger.java:143)- <==      Total: 1
2020-02-17 16:49:46,367 [DEBUG] (BaseJdbcLogger.java:143)- ==>  Preparing: update doctor set consult_cost = ?, where id = ? 
2020-02-17 16:50:18,493 [INFO] (StartupInfoLogger.java:50)- Starting BreastApplication on LAPTOP-562395R3 with PID 17972 (started by 爱哭的周小姐 in D:\软件应用\java IDE\IntelliJ IDEA 2019.1\项目\breastfeed\新建文件夹\server\bfbackend)
2020-02-17 16:50:18,493 [DEBUG] (StartupInfoLogger.java:53)- Running with Spring Boot v2.1.9.RELEASE, Spring v5.1.10.RELEASE
2020-02-17 16:50:18,493 [INFO] (SpringApplication.java:648)- No active profile set, falling back to default profiles: default
2020-02-17 16:50:21,263 [INFO] (StartupInfoLogger.java:59)- Started BreastApplication in 4.012 seconds (JVM running for 6.009)
2020-02-17 16:50:25,331 [DEBUG] (BaseJdbcLogger.java:143)- ==>  Preparing: update doctor set consult_cost = ? where id = ? 
2020-02-17 16:52:31,227 [INFO] (StartupInfoLogger.java:50)- Starting BreastApplication on LAPTOP-562395R3 with PID 6768 (started by 爱哭的周小姐 in D:\软件应用\java IDE\IntelliJ IDEA 2019.1\项目\breastfeed\新建文件夹\server\bfbackend)
2020-02-17 16:52:31,235 [DEBUG] (StartupInfoLogger.java:53)- Running with Spring Boot v2.1.9.RELEASE, Spring v5.1.10.RELEASE
2020-02-17 16:52:31,235 [INFO] (SpringApplication.java:648)- No active profile set, falling back to default profiles: default
2020-02-17 16:52:33,969 [INFO] (StartupInfoLogger.java:59)- Started BreastApplication in 3.268 seconds (JVM running for 4.943)
2020-02-17 16:52:41,200 [DEBUG] (BaseJdbcLogger.java:143)- ==>  Preparing: update doctor set consult_cost = ? where id = ? 
2020-02-17 16:57:52,527 [INFO] (StartupInfoLogger.java:50)- Starting BreastApplication on LAPTOP-562395R3 with PID 15592 (started by 爱哭的周小姐 in D:\软件应用\java IDE\IntelliJ IDEA 2019.1\项目\breastfeed\新建文件夹\server\bfbackend)
2020-02-17 16:57:52,530 [DEBUG] (StartupInfoLogger.java:53)- Running with Spring Boot v2.1.9.RELEASE, Spring v5.1.10.RELEASE
2020-02-17 16:57:52,530 [INFO] (SpringApplication.java:648)- No active profile set, falling back to default profiles: default
2020-02-17 16:57:54,969 [INFO] (StartupInfoLogger.java:59)- Started BreastApplication in 2.968 seconds (JVM running for 4.565)
2020-02-17 16:58:01,472 [DEBUG] (BaseJdbcLogger.java:143)- ==>  Preparing: update doctor set consult_cost = ? where id = ? 
2020-02-17 17:01:47,722 [INFO] (StartupInfoLogger.java:50)- Starting BreastApplication on LAPTOP-562395R3 with PID 3504 (started by 爱哭的周小姐 in D:\软件应用\java IDE\IntelliJ IDEA 2019.1\项目\breastfeed\新建文件夹\server\bfbackend)
2020-02-17 17:01:47,725 [DEBUG] (StartupInfoLogger.java:53)- Running with Spring Boot v2.1.9.RELEASE, Spring v5.1.10.RELEASE
2020-02-17 17:01:47,725 [INFO] (SpringApplication.java:648)- No active profile set, falling back to default profiles: default
2020-02-17 17:01:50,524 [INFO] (StartupInfoLogger.java:59)- Started BreastApplication in 3.401 seconds (JVM running for 5.119)
2020-02-17 17:01:56,591 [DEBUG] (BaseJdbcLogger.java:143)- ==>  Preparing: update doctor set consult_cost = ? where id = ? 
2020-02-17 17:24:59,950 [INFO] (StartupInfoLogger.java:50)- Starting BreastApplication on LAPTOP-562395R3 with PID 17752 (started by 爱哭的周小姐 in D:\软件应用\java IDE\IntelliJ IDEA 2019.1\项目\breastfeed\新建文件夹\server\bfbackend)
2020-02-17 17:24:59,966 [DEBUG] (StartupInfoLogger.java:53)- Running with Spring Boot v2.1.9.RELEASE, Spring v5.1.10.RELEASE
2020-02-17 17:24:59,966 [INFO] (SpringApplication.java:648)- No active profile set, falling back to default profiles: default
2020-02-17 17:25:02,746 [INFO] (StartupInfoLogger.java:59)- Started BreastApplication in 3.39 seconds (JVM running for 4.907)
2020-02-17 17:25:09,511 [DEBUG] (BaseJdbcLogger.java:143)- ==>  Preparing: update doctor SET consult_cost = ? where id = ? 
2020-02-17 17:25:09,526 [DEBUG] (BaseJdbcLogger.java:143)- ==> Parameters: 100(Integer), 1(Integer)
2020-02-17 17:25:09,698 [DEBUG] (BaseJdbcLogger.java:143)- <==    Updates: 1
2020-02-17 20:28:43,871 [INFO] (StartupInfoLogger.java:50)- Starting BreastApplication on LAPTOP-562395R3 with PID 4292 (started by 爱哭的周小姐 in D:\软件应用\java IDE\IntelliJ IDEA 2019.1\项目\breastfeed\新建文件夹\server\bfbackend)
2020-02-17 20:28:43,871 [DEBUG] (StartupInfoLogger.java:53)- Running with Spring Boot v2.1.9.RELEASE, Spring v5.1.10.RELEASE
2020-02-17 20:28:43,871 [INFO] (SpringApplication.java:648)- No active profile set, falling back to default profiles: default
2020-02-17 20:28:46,433 [INFO] (StartupInfoLogger.java:59)- Started BreastApplication in 3.749 seconds (JVM running for 5.471)
2020-02-17 20:29:20,486 [INFO] (StartupInfoLogger.java:50)- Starting BreastApplication on LAPTOP-562395R3 with PID 14460 (started by 爱哭的周小姐 in D:\软件应用\java IDE\IntelliJ IDEA 2019.1\项目\breastfeed\新建文件夹\server\bfbackend)
2020-02-17 20:29:20,486 [DEBUG] (StartupInfoLogger.java:53)- Running with Spring Boot v2.1.9.RELEASE, Spring v5.1.10.RELEASE
2020-02-17 20:29:20,486 [INFO] (SpringApplication.java:648)- No active profile set, falling back to default profiles: default
2020-02-17 20:29:23,079 [INFO] (StartupInfoLogger.java:59)- Started BreastApplication in 3.14 seconds (JVM running for 4.809)
2020-02-17 20:30:22,144 [INFO] (StartupInfoLogger.java:50)- Starting BreastApplication on LAPTOP-562395R3 with PID 17728 (started by 爱哭的周小姐 in D:\软件应用\java IDE\IntelliJ IDEA 2019.1\项目\breastfeed\新建文件夹\server\bfbackend)
2020-02-17 20:30:22,159 [DEBUG] (StartupInfoLogger.java:53)- Running with Spring Boot v2.1.9.RELEASE, Spring v5.1.10.RELEASE
2020-02-17 20:30:22,159 [INFO] (SpringApplication.java:648)- No active profile set, falling back to default profiles: default
2020-02-17 20:30:24,581 [INFO] (StartupInfoLogger.java:59)- Started BreastApplication in 3.906 seconds (JVM running for 5.685)
2020-02-17 20:30:45,466 [DEBUG] (BaseJdbcLogger.java:143)- ==>  Preparing: SELECT consult_order.* ,doctor.name, doctor.license_number FROM consult_order inner join doctor on doctor.id = consult_order.doctor_id and consult_order.doctor_id = ?; 
2020-02-17 20:30:45,482 [DEBUG] (BaseJdbcLogger.java:143)- ==> Parameters: 1(Integer)
2020-02-17 20:30:45,591 [DEBUG] (BaseJdbcLogger.java:143)- <==      Total: 2
2020-02-17 20:31:03,556 [DEBUG] (BaseJdbcLogger.java:143)- ==>  Preparing: SELECT consult_order.* ,doctor.name, doctor.license_number FROM consult_order inner join doctor on doctor.id = consult_order.doctor_id and consult_order.doctor_id = ?; 
2020-02-17 20:31:03,556 [DEBUG] (BaseJdbcLogger.java:143)- ==> Parameters: 2(Integer)
2020-02-17 20:31:03,728 [DEBUG] (BaseJdbcLogger.java:143)- <==      Total: 2
2020-02-17 20:31:24,629 [DEBUG] (BaseJdbcLogger.java:143)- ==>  Preparing: SELECT consult_order.* ,user.user_name FROM consult_order inner join user on user.user_id = consult_order.user_id and consult_order.user_id = ?; 
2020-02-17 20:31:24,629 [DEBUG] (BaseJdbcLogger.java:143)- ==> Parameters: 111(Integer)
2020-02-17 20:31:24,801 [DEBUG] (BaseJdbcLogger.java:143)- <==      Total: 2
2020-02-17 20:31:30,643 [DEBUG] (BaseJdbcLogger.java:143)- ==>  Preparing: SELECT consult_order.* ,user.user_name FROM consult_order inner join user on user.user_id = consult_order.user_id and consult_order.user_id = ?; 
2020-02-17 20:31:30,643 [DEBUG] (BaseJdbcLogger.java:143)- ==> Parameters: 11(Integer)
2020-02-17 20:31:30,722 [DEBUG] (BaseJdbcLogger.java:143)- <==      Total: 0
2020-02-17 20:34:10,305 [INFO] (ConsultOrderController.java:69)- === AddConsultOrder:ConsultOrder{id=null, doctorId=1, userId=111, createTime=Sun Feb 16 13:55:11 CST 2020, lastingTime=100, contact='null', contactPhone='11111111', symptomDescription='肚子痛', user=null, doctor=null, consultCost=null, status=null, oid='5fdbed9c981340d984da231df013bcf5'} ===
2020-02-17 20:34:10,493 [DEBUG] (BaseJdbcLogger.java:143)- ==>  Preparing: insert into consult_order (id, doctor_id, user_id, create_time, lasting_time, contact, contact_phone, symptom_description,consult_cost,status,oid) values (?, ?, ?, ?, ?, ?, ?, ?, ?,?,?) 
2020-02-17 20:34:10,493 [DEBUG] (BaseJdbcLogger.java:143)- ==> Parameters: null, 1(Integer), 111(Integer), 2020-02-16 13:55:11.0(Timestamp), 100(Integer), null, 11111111(String), 肚子痛(String), null, null, 5fdbed9c981340d984da231df013bcf5(String)
2020-02-17 20:34:10,665 [DEBUG] (BaseJdbcLogger.java:143)- <==    Updates: 1
2020-02-17 20:36:11,683 [INFO] (ConsultOrderController.java:69)- === AddConsultOrder:ConsultOrder{id=null, doctorId=1, userId=111, createTime=Sun Feb 16 13:55:11 CST 2020, lastingTime=100, contact='null', contactPhone='11111111', symptomDescription='肚子痛', user=null, doctor=null, consultCost=null, status=null, oid='cf84dae83d2e4d9c94b6c61794c3d4d2'} ===
2020-02-17 20:36:11,855 [DEBUG] (BaseJdbcLogger.java:143)- ==>  Preparing: insert into consult_order (id, doctor_id, user_id, create_time, lasting_time, contact, contact_phone, symptom_description,consult_cost,status,oid) values (?, ?, ?, ?, ?, ?, ?, ?, ?,?,?) 
2020-02-17 20:36:11,855 [DEBUG] (BaseJdbcLogger.java:143)- ==> Parameters: null, 1(Integer), 111(Integer), 2020-02-16 13:55:11.0(Timestamp), 100(Integer), null, 11111111(String), 肚子痛(String), null, null, cf84dae83d2e4d9c94b6c61794c3d4d2(String)
2020-02-17 20:36:12,027 [DEBUG] (BaseJdbcLogger.java:143)- <==    Updates: 1
2020-02-17 20:36:19,822 [INFO] (ConsultOrderController.java:69)- === AddConsultOrder:ConsultOrder{id=null, doctorId=1, userId=111, createTime=Sun Feb 16 13:55:11 CST 2020, lastingTime=100, contact='null', contactPhone='11111111', symptomDescription='肚子痛', user=null, doctor=null, consultCost=20, status=null, oid='09704190a4cb4ebcb1731ac5e9f0a937'} ===
2020-02-17 20:36:19,822 [DEBUG] (BaseJdbcLogger.java:143)- ==>  Preparing: insert into consult_order (id, doctor_id, user_id, create_time, lasting_time, contact, contact_phone, symptom_description,consult_cost,status,oid) values (?, ?, ?, ?, ?, ?, ?, ?, ?,?,?) 
2020-02-17 20:36:19,822 [DEBUG] (BaseJdbcLogger.java:143)- ==> Parameters: null, 1(Integer), 111(Integer), 2020-02-16 13:55:11.0(Timestamp), 100(Integer), null, 11111111(String), 肚子痛(String), 20(Integer), null, 09704190a4cb4ebcb1731ac5e9f0a937(String)
2020-02-17 20:36:20,088 [DEBUG] (BaseJdbcLogger.java:143)- <==    Updates: 1
