2020-02-10 00:00:23,094 [INFO] (StartupInfoLogger.java:50)- Starting BreastApplication on LAPTOP-562395R3 with PID 10564 (started by 爱哭的周小姐 in D:\软件应用\java IDE\IntelliJ IDEA 2019.1\项目\breastfeed\新建文件夹\server\bfbackend)
2020-02-10 00:00:23,147 [DEBUG] (StartupInfoLogger.java:53)- Running with Spring Boot v2.1.9.RELEASE, Spring v5.1.10.RELEASE
2020-02-10 00:00:23,147 [INFO] (SpringApplication.java:648)- No active profile set, falling back to default profiles: default
2020-02-10 00:00:26,925 [INFO] (StartupInfoLogger.java:59)- Started BreastApplication in 4.615 seconds (JVM running for 6.291)
2020-02-10 00:00:32,905 [INFO] (WebSocketController.java:65)- [WebSocket] 连接成功，当前连接人数:
2020-02-10 00:00:36,135 [INFO] (WebSocketController.java:98)- [WebSocket] 收到消息：{ "fromUserId": "111", "messageContent":"222 你好", "messageType": 0, "time": 1581261288704, "toUserId": "222" }
2020-02-10 00:00:54,692 [INFO] (WebSocketController.java:72)- [WebSocket] 退出成功，当前连接人数为：=0
2020-02-10 00:01:02,223 [INFO] (StartupInfoLogger.java:50)- Starting BreastApplication on LAPTOP-562395R3 with PID 3364 (started by 爱哭的周小姐 in D:\软件应用\java IDE\IntelliJ IDEA 2019.1\项目\breastfeed\新建文件夹\server\bfbackend)
2020-02-10 00:01:02,235 [DEBUG] (StartupInfoLogger.java:53)- Running with Spring Boot v2.1.9.RELEASE, Spring v5.1.10.RELEASE
2020-02-10 00:01:02,235 [INFO] (SpringApplication.java:648)- No active profile set, falling back to default profiles: default
2020-02-10 00:01:05,278 [INFO] (StartupInfoLogger.java:59)- Started BreastApplication in 4.798 seconds (JVM running for 6.569)
2020-02-10 00:01:14,767 [INFO] (WebSocketController.java:65)- [WebSocket] 连接成功，当前连接人数:
2020-02-10 00:01:17,596 [INFO] (WebSocketController.java:98)- [WebSocket] 收到消息：{ "fromUserId": "111", "messageContent":"222 你好", "messageType": 0, "time": 1581261288704, "toUserId": "222" }
2020-02-10 00:01:38,022 [INFO] (WebSocketController.java:72)- [WebSocket] 退出成功，当前连接人数为：=0
2020-02-10 00:01:45,714 [INFO] (StartupInfoLogger.java:50)- Starting BreastApplication on LAPTOP-562395R3 with PID 11220 (started by 爱哭的周小姐 in D:\软件应用\java IDE\IntelliJ IDEA 2019.1\项目\breastfeed\新建文件夹\server\bfbackend)
2020-02-10 00:01:45,727 [DEBUG] (StartupInfoLogger.java:53)- Running with Spring Boot v2.1.9.RELEASE, Spring v5.1.10.RELEASE
2020-02-10 00:01:45,728 [INFO] (SpringApplication.java:648)- No active profile set, falling back to default profiles: default
2020-02-10 00:01:48,221 [INFO] (StartupInfoLogger.java:59)- Started BreastApplication in 4.419 seconds (JVM running for 6.182)
2020-02-10 00:01:56,234 [INFO] (WebSocketController.java:65)- [WebSocket] 连接成功，当前连接人数:
2020-02-10 00:01:58,724 [INFO] (WebSocketController.java:98)- [WebSocket] 收到消息：{ "fromUserId": "111", "messageContent":"222 你好", "messageType": 0, "time": 1581261288704, "toUserId": "222" }
2020-02-10 12:59:34,447 [INFO] (StartupInfoLogger.java:50)- Starting BreastApplication on LAPTOP-562395R3 with PID 7364 (started by 爱哭的周小姐 in D:\软件应用\java IDE\IntelliJ IDEA 2019.1\项目\breastfeed\新建文件夹\server\bfbackend)
2020-02-10 12:59:34,461 [DEBUG] (StartupInfoLogger.java:53)- Running with Spring Boot v2.1.9.RELEASE, Spring v5.1.10.RELEASE
2020-02-10 12:59:34,461 [INFO] (SpringApplication.java:648)- No active profile set, falling back to default profiles: default
2020-02-10 12:59:39,233 [INFO] (StartupInfoLogger.java:59)- Started BreastApplication in 6.201 seconds (JVM running for 10.327)
2020-02-10 13:01:14,503 [INFO] (StartupInfoLogger.java:50)- Starting BreastApplication on LAPTOP-562395R3 with PID 3228 (started by 爱哭的周小姐 in D:\软件应用\java IDE\IntelliJ IDEA 2019.1\项目\breastfeed\新建文件夹\server\bfbackend)
2020-02-10 13:01:14,511 [DEBUG] (StartupInfoLogger.java:53)- Running with Spring Boot v2.1.9.RELEASE, Spring v5.1.10.RELEASE
2020-02-10 13:01:14,512 [INFO] (SpringApplication.java:648)- No active profile set, falling back to default profiles: default
2020-02-10 13:01:17,252 [INFO] (StartupInfoLogger.java:59)- Started BreastApplication in 3.598 seconds (JVM running for 5.57)
2020-02-10 13:05:01,702 [INFO] (StartupInfoLogger.java:50)- Starting BreastApplication on LAPTOP-562395R3 with PID 17528 (started by 爱哭的周小姐 in D:\软件应用\java IDE\IntelliJ IDEA 2019.1\项目\breastfeed\新建文件夹\server\bfbackend)
2020-02-10 13:05:01,709 [DEBUG] (StartupInfoLogger.java:53)- Running with Spring Boot v2.1.9.RELEASE, Spring v5.1.10.RELEASE
2020-02-10 13:05:01,709 [INFO] (SpringApplication.java:648)- No active profile set, falling back to default profiles: default
2020-02-10 13:05:04,491 [INFO] (StartupInfoLogger.java:59)- Started BreastApplication in 4.431 seconds (JVM running for 6.477)
2020-02-10 13:05:12,582 [INFO] (WebSocketController.java:66)- [WebSocket] 连接成功，当前连接人数:
2020-02-10 13:05:20,592 [INFO] (WebSocketController.java:99)- [WebSocket] 收到消息：{ "fromUserId": "222", "messageContent":"111 你好", "messageType": 0, "time": 1581261288704, "toUserId": "111" }
2020-02-10 13:05:39,558 [INFO] (WebSocketController.java:73)- [WebSocket] 退出成功，当前连接人数为：=0
2020-02-10 13:05:48,053 [INFO] (StartupInfoLogger.java:50)- Starting BreastApplication on LAPTOP-562395R3 with PID 2068 (started by 爱哭的周小姐 in D:\软件应用\java IDE\IntelliJ IDEA 2019.1\项目\breastfeed\新建文件夹\server\bfbackend)
2020-02-10 13:05:48,063 [DEBUG] (StartupInfoLogger.java:53)- Running with Spring Boot v2.1.9.RELEASE, Spring v5.1.10.RELEASE
2020-02-10 13:05:48,064 [INFO] (SpringApplication.java:648)- No active profile set, falling back to default profiles: default
2020-02-10 13:05:50,692 [INFO] (StartupInfoLogger.java:59)- Started BreastApplication in 4.113 seconds (JVM running for 6.009)
2020-02-10 13:06:05,315 [INFO] (WebSocketController.java:66)- [WebSocket] 连接成功，当前连接人数:
2020-02-10 13:06:10,330 [INFO] (WebSocketController.java:99)- [WebSocket] 收到消息：{ "fromUserId": "222", "messageContent":"111 你好", "messageType": 0, "time": 1581261288704, "toUserId": "111" }
2020-02-10 13:08:32,984 [INFO] (WebSocketController.java:73)- [WebSocket] 退出成功，当前连接人数为：=0
2020-02-10 13:08:42,022 [INFO] (StartupInfoLogger.java:50)- Starting BreastApplication on LAPTOP-562395R3 with PID 4880 (started by 爱哭的周小姐 in D:\软件应用\java IDE\IntelliJ IDEA 2019.1\项目\breastfeed\新建文件夹\server\bfbackend)
2020-02-10 13:08:42,031 [DEBUG] (StartupInfoLogger.java:53)- Running with Spring Boot v2.1.9.RELEASE, Spring v5.1.10.RELEASE
2020-02-10 13:08:42,032 [INFO] (SpringApplication.java:648)- No active profile set, falling back to default profiles: default
2020-02-10 13:08:45,918 [INFO] (StartupInfoLogger.java:59)- Started BreastApplication in 6.228 seconds (JVM running for 8.431)
2020-02-10 13:09:43,591 [INFO] (StartupInfoLogger.java:50)- Starting BreastApplication on LAPTOP-562395R3 with PID 6368 (started by 爱哭的周小姐 in D:\软件应用\java IDE\IntelliJ IDEA 2019.1\项目\breastfeed\新建文件夹\server\bfbackend)
2020-02-10 13:09:43,601 [DEBUG] (StartupInfoLogger.java:53)- Running with Spring Boot v2.1.9.RELEASE, Spring v5.1.10.RELEASE
2020-02-10 13:09:43,602 [INFO] (SpringApplication.java:648)- No active profile set, falling back to default profiles: default
2020-02-10 13:09:46,319 [INFO] (StartupInfoLogger.java:59)- Started BreastApplication in 4.094 seconds (JVM running for 5.919)
2020-02-10 13:09:54,552 [INFO] (WebSocketController.java:72)- [WebSocket] 连接成功，当前连接人数:
2020-02-10 13:09:57,938 [INFO] (WebSocketController.java:105)- [WebSocket] 收到消息：{ "fromUserId": "222", "messageContent":"111 你好", "messageType": 0, "time": 1581261288704, "toUserId": "111" }
2020-02-10 13:14:29,975 [DEBUG] (BaseJdbcLogger.java:143)- ==>  Preparing: insert into wechat_message_item (id, from_user_id, to_user_id, message_type, message_content, time ) values (?, ?, ?, ?, ?, ? ) 
2020-02-10 13:14:30,237 [DEBUG] (BaseJdbcLogger.java:143)- ==> Parameters: null, 222(String), 111(String), 0(Integer), 111 你好(String), 2020-02-09 23:14:48.704(Timestamp)
2020-02-10 13:14:30,503 [DEBUG] (BaseJdbcLogger.java:143)- <==    Updates: 1
2020-02-10 13:15:14,390 [DEBUG] (WebSocketController.java:130)- === 222 发送给 111 用户消息成功 消息数据：WeChatMessageItem{id=null, fromUserId='222', toUserId='111', messageType=0, messageContent='111 你好', time=Sun Feb 09 23:14:48 CST 2020} ===
2020-02-10 13:32:25,148 [INFO] (WebSocketController.java:79)- [WebSocket] 退出成功，当前连接人数为：=0
2020-02-10 13:32:31,661 [INFO] (StartupInfoLogger.java:50)- Starting BreastApplication on LAPTOP-562395R3 with PID 10792 (started by 爱哭的周小姐 in D:\软件应用\java IDE\IntelliJ IDEA 2019.1\项目\breastfeed\新建文件夹\server\bfbackend)
2020-02-10 13:32:31,668 [DEBUG] (StartupInfoLogger.java:53)- Running with Spring Boot v2.1.9.RELEASE, Spring v5.1.10.RELEASE
2020-02-10 13:32:31,668 [INFO] (SpringApplication.java:648)- No active profile set, falling back to default profiles: default
2020-02-10 13:32:34,000 [INFO] (StartupInfoLogger.java:59)- Started BreastApplication in 3.87 seconds (JVM running for 5.643)
2020-02-10 13:32:48,379 [INFO] (WebSocketController.java:72)- [WebSocket] 连接成功，当前连接人数:
2020-02-10 13:32:52,768 [INFO] (WebSocketController.java:105)- [WebSocket] 收到消息：{ "fromUserId": "222", "messageContent":"111 你好", "messageType": 0, "time": 1581261288704, "toUserId": "111" }
2020-02-10 13:33:07,840 [DEBUG] (BaseJdbcLogger.java:143)- ==>  Preparing: insert into wechat_message_item (id, from_user_id, to_user_id, message_type, message_content, time ) values (?, ?, ?, ?, ?, ? ) 
2020-02-10 13:33:08,099 [DEBUG] (BaseJdbcLogger.java:143)- ==> Parameters: null, 222(String), 111(String), 0(Integer), 111 你好(String), 2020-02-09 23:14:48.704(Timestamp)
2020-02-10 13:33:08,391 [DEBUG] (BaseJdbcLogger.java:143)- <==    Updates: 1
2020-02-10 13:34:28,961 [DEBUG] (WebSocketController.java:131)- === 222 发送给 111 用户消息成功 消息数据：WeChatMessageItem{id=null, fromUserId='222', toUserId='111', messageType=0, messageContent='111 你好', time=Sun Feb 09 23:14:48 CST 2020} ===
2020-02-10 13:36:10,941 [INFO] (WebSocketController.java:105)- [WebSocket] 收到消息：{ "fromUserId": "222", "messageContent":"111 你好", "messageType": 0, "time": 1581261288704, "toUserId": "111" }
2020-02-10 13:36:11,126 [DEBUG] (BaseJdbcLogger.java:143)- ==>  Preparing: insert into wechat_message_item (id, from_user_id, to_user_id, message_type, message_content, time ) values (?, ?, ?, ?, ?, ? ) 
2020-02-10 13:36:11,127 [DEBUG] (BaseJdbcLogger.java:143)- ==> Parameters: null, 222(String), 111(String), 0(Integer), 111 你好(String), 2020-02-09 23:14:48.704(Timestamp)
2020-02-10 13:36:11,290 [DEBUG] (BaseJdbcLogger.java:143)- <==    Updates: 1
2020-02-10 13:36:11,291 [DEBUG] (WebSocketController.java:131)- === 222 发送给 111 用户消息成功 消息数据：WeChatMessageItem{id=null, fromUserId='222', toUserId='111', messageType=0, messageContent='111 你好', time=Sun Feb 09 23:14:48 CST 2020} ===
2020-02-10 13:36:42,668 [INFO] (WebSocketController.java:79)- [WebSocket] 退出成功，当前连接人数为：=0
2020-02-10 13:37:17,108 [INFO] (StartupInfoLogger.java:50)- Starting BreastApplication on LAPTOP-562395R3 with PID 14244 (started by 爱哭的周小姐 in D:\软件应用\java IDE\IntelliJ IDEA 2019.1\项目\breastfeed\新建文件夹\server\bfbackend)
2020-02-10 13:37:17,127 [DEBUG] (StartupInfoLogger.java:53)- Running with Spring Boot v2.1.9.RELEASE, Spring v5.1.10.RELEASE
2020-02-10 13:37:17,127 [INFO] (SpringApplication.java:648)- No active profile set, falling back to default profiles: default
2020-02-10 13:37:20,460 [INFO] (StartupInfoLogger.java:59)- Started BreastApplication in 5.033 seconds (JVM running for 7.085)
2020-02-10 13:37:55,612 [INFO] (WebSocketController.java:72)- [WebSocket] 连接成功，当前连接人数:
2020-02-10 13:37:57,608 [INFO] (WebSocketController.java:105)- [WebSocket] 收到消息：{ "fromUserId": "222", "messageContent":"111 你好", "messageType": 0, "time": 1581261288704, "toUserId": "111" }
2020-02-10 13:38:33,929 [DEBUG] (BaseJdbcLogger.java:143)- ==>  Preparing: insert into wechat_message_item (id, from_user_id, to_user_id, message_type, message_content, time ) values (?, ?, ?, ?, ?, ? ) 
2020-02-10 13:38:34,178 [DEBUG] (BaseJdbcLogger.java:143)- ==> Parameters: null, 222(String), 111(String), 0(Integer), 111 你好(String), 2020-02-09 23:14:48.704(Timestamp)
2020-02-10 13:38:34,418 [DEBUG] (BaseJdbcLogger.java:143)- <==    Updates: 1
2020-02-10 13:39:25,906 [INFO] (WebSocketController.java:79)- [WebSocket] 退出成功，当前连接人数为：=0
2020-02-10 13:41:13,327 [INFO] (StartupInfoLogger.java:50)- Starting BreastApplication on LAPTOP-562395R3 with PID 3204 (started by 爱哭的周小姐 in D:\软件应用\java IDE\IntelliJ IDEA 2019.1\项目\breastfeed\新建文件夹\server\bfbackend)
2020-02-10 13:41:13,336 [DEBUG] (StartupInfoLogger.java:53)- Running with Spring Boot v2.1.9.RELEASE, Spring v5.1.10.RELEASE
2020-02-10 13:41:13,338 [INFO] (SpringApplication.java:648)- No active profile set, falling back to default profiles: default
2020-02-10 13:41:15,994 [INFO] (StartupInfoLogger.java:59)- Started BreastApplication in 4.342 seconds (JVM running for 6.25)
2020-02-10 13:41:34,260 [INFO] (WebSocketController.java:72)- [WebSocket] 连接成功，当前连接人数:
2020-02-10 13:41:37,736 [INFO] (WebSocketController.java:105)- [WebSocket] 收到消息：{ "fromUserId": "222", "messageContent":"111 你好", "messageType": 0, "time": 1581261288704, "toUserId": "111" }
2020-02-10 13:41:46,473 [DEBUG] (BaseJdbcLogger.java:143)- ==>  Preparing: insert into wechat_message_item (id, from_user_id, to_user_id, message_type, message_content, time ) values (?, ?, ?, ?, ?, ? ) 
2020-02-10 13:41:46,747 [DEBUG] (BaseJdbcLogger.java:143)- ==> Parameters: null, 222(String), 111(String), 0(Integer), 111 你好(String), 2020-02-09 23:14:48.704(Timestamp)
2020-02-10 13:41:47,022 [DEBUG] (BaseJdbcLogger.java:143)- <==    Updates: 1
2020-02-10 13:42:57,796 [INFO] (WebSocketController.java:79)- [WebSocket] 退出成功，当前连接人数为：=0
2020-02-10 13:44:12,859 [INFO] (StartupInfoLogger.java:50)- Starting BreastApplication on LAPTOP-562395R3 with PID 6416 (started by 爱哭的周小姐 in D:\软件应用\java IDE\IntelliJ IDEA 2019.1\项目\breastfeed\新建文件夹\server\bfbackend)
2020-02-10 13:44:12,876 [DEBUG] (StartupInfoLogger.java:53)- Running with Spring Boot v2.1.9.RELEASE, Spring v5.1.10.RELEASE
2020-02-10 13:44:12,877 [INFO] (SpringApplication.java:648)- No active profile set, falling back to default profiles: default
2020-02-10 13:44:15,956 [INFO] (StartupInfoLogger.java:59)- Started BreastApplication in 4.208 seconds (JVM running for 6.469)
2020-02-10 13:44:21,809 [INFO] (WebSocketController.java:70)- [WebSocket] 连接成功，当前连接人数:
2020-02-10 13:44:25,000 [INFO] (WebSocketController.java:103)- [WebSocket] 收到消息：{ "fromUserId": "222", "messageContent":"111 你好", "messageType": 0, "time": 1581261288704, "toUserId": "111" }
2020-02-10 13:44:32,024 [DEBUG] (BaseJdbcLogger.java:143)- ==>  Preparing: insert into wechat_message_item (id, from_user_id, to_user_id, message_type, message_content, time ) values (?, ?, ?, ?, ?, ? ) 
2020-02-10 13:44:32,292 [DEBUG] (BaseJdbcLogger.java:143)- ==> Parameters: null, 222(String), 111(String), 0(Integer), 111 你好(String), 2020-02-09 23:14:48.704(Timestamp)
2020-02-10 13:44:32,559 [DEBUG] (BaseJdbcLogger.java:143)- <==    Updates: 1
2020-02-10 13:46:35,776 [INFO] (WebSocketController.java:77)- [WebSocket] 退出成功，当前连接人数为：=0
2020-02-10 13:46:45,183 [INFO] (StartupInfoLogger.java:50)- Starting BreastApplication on LAPTOP-562395R3 with PID 17496 (started by 爱哭的周小姐 in D:\软件应用\java IDE\IntelliJ IDEA 2019.1\项目\breastfeed\新建文件夹\server\bfbackend)
2020-02-10 13:46:45,186 [DEBUG] (StartupInfoLogger.java:53)- Running with Spring Boot v2.1.9.RELEASE, Spring v5.1.10.RELEASE
2020-02-10 13:46:45,186 [INFO] (SpringApplication.java:648)- No active profile set, falling back to default profiles: default
2020-02-10 13:46:48,396 [INFO] (StartupInfoLogger.java:59)- Started BreastApplication in 4.164 seconds (JVM running for 7.8)
2020-02-10 13:47:05,031 [INFO] (WebSocketController.java:70)- [WebSocket] 连接成功，当前连接人数:
2020-02-10 13:47:07,121 [INFO] (WebSocketController.java:103)- [WebSocket] 收到消息：{ "fromUserId": "222", "messageContent":"111 你好", "messageType": 0, "time": 1581261288704, "toUserId": "111" }
2020-02-10 13:47:13,533 [DEBUG] (BaseJdbcLogger.java:143)- ==>  Preparing: insert into wechat_message_item (id, from_user_id, to_user_id, message_type, message_content, time ) values (?, ?, ?, ?, ?, ? ) 
2020-02-10 13:47:13,806 [DEBUG] (BaseJdbcLogger.java:143)- ==> Parameters: null, 222(String), 111(String), 0(Integer), 111 你好(String), 2020-02-09 23:14:48.704(Timestamp)
2020-02-10 13:47:14,069 [DEBUG] (BaseJdbcLogger.java:143)- <==    Updates: 1
2020-02-10 13:47:44,146 [INFO] (WebSocketController.java:77)- [WebSocket] 退出成功，当前连接人数为：=0
2020-02-10 13:51:21,937 [INFO] (StartupInfoLogger.java:50)- Starting BreastApplication on LAPTOP-562395R3 with PID 9144 (started by 爱哭的周小姐 in D:\软件应用\java IDE\IntelliJ IDEA 2019.1\项目\breastfeed\新建文件夹\server\bfbackend)
2020-02-10 13:51:21,943 [DEBUG] (StartupInfoLogger.java:53)- Running with Spring Boot v2.1.9.RELEASE, Spring v5.1.10.RELEASE
2020-02-10 13:51:21,943 [INFO] (SpringApplication.java:648)- No active profile set, falling back to default profiles: default
2020-02-10 13:51:24,472 [INFO] (StartupInfoLogger.java:59)- Started BreastApplication in 4.115 seconds (JVM running for 5.85)
2020-02-10 13:51:31,842 [INFO] (WebSocketController.java:70)- [WebSocket] 连接成功，当前连接人数:
2020-02-10 13:51:34,673 [INFO] (WebSocketController.java:103)- [WebSocket] 收到消息：{ "fromUserId": "222", "messageContent":"111 你好", "messageType": 0, "time": 1581261288704, "toUserId": "111" }
2020-02-10 13:52:48,865 [INFO] (WebSocketController.java:77)- [WebSocket] 退出成功，当前连接人数为：=1
2020-02-10 13:54:18,956 [INFO] (StartupInfoLogger.java:50)- Starting BreastApplication on LAPTOP-562395R3 with PID 3100 (started by 爱哭的周小姐 in D:\软件应用\java IDE\IntelliJ IDEA 2019.1\项目\breastfeed\新建文件夹\server\bfbackend)
2020-02-10 13:54:18,963 [DEBUG] (StartupInfoLogger.java:53)- Running with Spring Boot v2.1.9.RELEASE, Spring v5.1.10.RELEASE
2020-02-10 13:54:18,963 [INFO] (SpringApplication.java:648)- No active profile set, falling back to default profiles: default
2020-02-10 13:54:22,046 [INFO] (StartupInfoLogger.java:59)- Started BreastApplication in 4.996 seconds (JVM running for 6.814)
2020-02-10 13:55:11,571 [INFO] (WebSocketController.java:70)- [WebSocket] 连接成功，当前连接人数:
2020-02-10 13:55:15,867 [INFO] (WebSocketController.java:103)- [WebSocket] 收到消息：{ "fromUserId": "222", "messageContent":"111 你好", "messageType": 0, "time": 1581261288704, "toUserId": "111" }
2020-02-10 13:56:03,885 [INFO] (WebSocketController.java:77)- [WebSocket] 退出成功，当前连接人数为：=0
2020-02-10 13:57:55,180 [INFO] (StartupInfoLogger.java:50)- Starting BreastApplication on LAPTOP-562395R3 with PID 8744 (started by 爱哭的周小姐 in D:\软件应用\java IDE\IntelliJ IDEA 2019.1\项目\breastfeed\新建文件夹\server\bfbackend)
2020-02-10 13:57:55,183 [DEBUG] (StartupInfoLogger.java:53)- Running with Spring Boot v2.1.9.RELEASE, Spring v5.1.10.RELEASE
2020-02-10 13:57:55,184 [INFO] (SpringApplication.java:648)- No active profile set, falling back to default profiles: default
2020-02-10 13:57:57,624 [INFO] (StartupInfoLogger.java:59)- Started BreastApplication in 3.609 seconds (JVM running for 5.251)
2020-02-10 13:58:27,309 [INFO] (WebSocketController.java:70)- [WebSocket] 连接成功，当前连接人数:
2020-02-10 13:58:31,170 [INFO] (WebSocketController.java:103)- [WebSocket] 收到消息：{ "fromUserId": "222", "messageContent":"111 你好", "messageType": 0, "time": 1581261288704, "toUserId": "111" }
2020-02-10 13:58:33,505 [DEBUG] (BaseJdbcLogger.java:143)- ==>  Preparing: insert into wechat_message_item (id, from_user_id, to_user_id, message_type, message_content, time ) values (?, ?, ?, ?, ?, ? ) 
2020-02-10 13:58:33,531 [DEBUG] (BaseJdbcLogger.java:143)- ==> Parameters: null, 222(String), 111(String), 0(Integer), 111 你好(String), 2020-02-09 23:14:48.704(Timestamp)
2020-02-10 13:58:33,698 [DEBUG] (BaseJdbcLogger.java:143)- <==    Updates: 1
2020-02-10 13:59:02,160 [INFO] (WebSocketController.java:103)- [WebSocket] 收到消息：{ "fromUserId": "222", "messageContent":"111 你好", "messageType": 0, "time": 1581261288704, "toUserId": "111" }
2020-02-10 13:59:12,848 [DEBUG] (BaseJdbcLogger.java:143)- ==>  Preparing: insert into wechat_message_item (id, from_user_id, to_user_id, message_type, message_content, time ) values (?, ?, ?, ?, ?, ? ) 
2020-02-10 13:59:12,854 [DEBUG] (BaseJdbcLogger.java:143)- ==> Parameters: null, 222(String), 111(String), 0(Integer), 111 你好(String), 2020-02-09 23:14:48.704(Timestamp)
2020-02-10 13:59:13,024 [DEBUG] (BaseJdbcLogger.java:143)- <==    Updates: 1
2020-02-10 14:00:04,484 [INFO] (WebSocketController.java:77)- [WebSocket] 退出成功，当前连接人数为：=0
2020-02-10 14:01:02,885 [INFO] (StartupInfoLogger.java:50)- Starting BreastApplication on LAPTOP-562395R3 with PID 6108 (started by 爱哭的周小姐 in D:\软件应用\java IDE\IntelliJ IDEA 2019.1\项目\breastfeed\新建文件夹\server\bfbackend)
2020-02-10 14:01:02,898 [DEBUG] (StartupInfoLogger.java:53)- Running with Spring Boot v2.1.9.RELEASE, Spring v5.1.10.RELEASE
2020-02-10 14:01:02,898 [INFO] (SpringApplication.java:648)- No active profile set, falling back to default profiles: default
2020-02-10 14:01:05,612 [INFO] (StartupInfoLogger.java:59)- Started BreastApplication in 4.862 seconds (JVM running for 6.756)
2020-02-10 14:01:21,390 [INFO] (WebSocketController.java:70)- [WebSocket] 连接成功，当前连接人数:
2020-02-10 14:01:25,858 [INFO] (WebSocketController.java:103)- [WebSocket] 收到消息：{ "fromUserId": "222", "messageContent":"111 你好", "messageType": 0, "time": 1581261288704, "toUserId": "111" }
2020-02-10 14:01:28,147 [DEBUG] (BaseJdbcLogger.java:143)- ==>  Preparing: insert into wechat_message_item (id, from_user_id, to_user_id, message_type, message_content, time ) values (?, ?, ?, ?, ?, ? ) 
2020-02-10 14:01:28,171 [DEBUG] (BaseJdbcLogger.java:143)- ==> Parameters: null, 222(String), 111(String), 0(Integer), 111 你好(String), 2020-02-09 23:14:48.704(Timestamp)
2020-02-10 14:01:28,378 [DEBUG] (BaseJdbcLogger.java:143)- <==    Updates: 1
2020-02-10 14:01:28,395 [DEBUG] (WebSocketController.java:154)- ===  用户消息成功 消息数据：{"msg":"成功发送!","status":1} ===
2020-02-10 14:01:38,527 [INFO] (WebSocketController.java:103)- [WebSocket] 收到消息：{ "fromUserId": "222", "messageContent":"111 你好", "messageType": 0, "time": 1581261288704, "toUserId": "111" }
2020-02-10 14:01:38,528 [DEBUG] (BaseJdbcLogger.java:143)- ==>  Preparing: insert into wechat_message_item (id, from_user_id, to_user_id, message_type, message_content, time ) values (?, ?, ?, ?, ?, ? ) 
2020-02-10 14:01:38,529 [DEBUG] (BaseJdbcLogger.java:143)- ==> Parameters: null, 222(String), 111(String), 0(Integer), 111 你好(String), 2020-02-09 23:14:48.704(Timestamp)
2020-02-10 14:01:38,716 [DEBUG] (BaseJdbcLogger.java:143)- <==    Updates: 1
2020-02-10 14:01:38,717 [DEBUG] (WebSocketController.java:154)- ===  用户消息成功 消息数据：{"msg":"成功发送!","status":1} ===
2020-02-10 14:01:44,825 [INFO] (WebSocketController.java:70)- [WebSocket] 连接成功，当前连接人数:
2020-02-10 14:02:42,856 [INFO] (WebSocketController.java:103)- [WebSocket] 收到消息：{ "fromUserId": "222", "messageContent":"111 你好", "messageType": 0, "time": 1581261288704, "toUserId": "111" }
2020-02-10 14:02:42,995 [DEBUG] (BaseJdbcLogger.java:143)- ==>  Preparing: insert into wechat_message_item (id, from_user_id, to_user_id, message_type, message_content, time ) values (?, ?, ?, ?, ?, ? ) 
2020-02-10 14:02:42,996 [DEBUG] (BaseJdbcLogger.java:143)- ==> Parameters: null, 222(String), 111(String), 0(Integer), 111 你好(String), 2020-02-09 23:14:48.704(Timestamp)
2020-02-10 14:02:43,152 [DEBUG] (BaseJdbcLogger.java:143)- <==    Updates: 1
2020-02-10 14:02:43,153 [DEBUG] (WebSocketController.java:154)- ===  用户消息成功 消息数据：{"msg":"成功发送!","status":1} ===
2020-02-10 14:03:31,071 [INFO] (WebSocketController.java:103)- [WebSocket] 收到消息：{ "fromUserId": "222", "messageContent":"111 你好", "messageType": 0, "time": 1581261288704, "toUserId": "111" }
2020-02-10 14:03:54,846 [DEBUG] (BaseJdbcLogger.java:143)- ==>  Preparing: insert into wechat_message_item (id, from_user_id, to_user_id, message_type, message_content, time ) values (?, ?, ?, ?, ?, ? ) 
2020-02-10 14:03:54,847 [DEBUG] (BaseJdbcLogger.java:143)- ==> Parameters: null, 222(String), 111(String), 0(Integer), 111 你好(String), 2020-02-09 23:14:48.704(Timestamp)
2020-02-10 14:03:55,017 [DEBUG] (BaseJdbcLogger.java:143)- <==    Updates: 1
2020-02-10 14:03:55,018 [DEBUG] (WebSocketController.java:154)- ===  用户消息成功 消息数据：{"msg":"成功发送!","status":1} ===
2020-02-10 14:04:08,042 [INFO] (WebSocketController.java:77)- [WebSocket] 退出成功，当前连接人数为：=1 当前在线人： {222=lllr.test.breast.controller.websocket.WebSocketController@432006a2}
2020-02-10 14:04:09,634 [INFO] (WebSocketController.java:70)- [WebSocket] 连接成功，当前连接人数:
2020-02-10 14:04:12,807 [INFO] (WebSocketController.java:103)- [WebSocket] 收到消息：{ "fromUserId": "222", "messageContent":"111 你好", "messageType": 0, "time": 1581261288704, "toUserId": "111" }
2020-02-10 14:04:12,813 [DEBUG] (WebSocketController.java:154)- ===  用户消息成功 消息数据：{"fromUserId":"222","messageContent":"111 你好","messageType":0,"time":1581261288704,"toUserId":"111"} ===
2020-02-10 14:04:12,814 [DEBUG] (BaseJdbcLogger.java:143)- ==>  Preparing: insert into wechat_message_item (id, from_user_id, to_user_id, message_type, message_content, time ) values (?, ?, ?, ?, ?, ? ) 
2020-02-10 14:04:12,814 [DEBUG] (BaseJdbcLogger.java:143)- ==> Parameters: null, 222(String), 111(String), 0(Integer), 111 你好(String), 2020-02-09 23:14:48.704(Timestamp)
2020-02-10 14:04:13,017 [DEBUG] (BaseJdbcLogger.java:143)- <==    Updates: 1
2020-02-10 14:04:13,018 [DEBUG] (WebSocketController.java:154)- ===  用户消息成功 消息数据：{"msg":"成功发送!","status":1} ===
2020-02-10 14:05:12,658 [INFO] (WebSocketController.java:103)- [WebSocket] 收到消息：{ "fromUserId": "111", "messageContent":"222 你好", "messageType": 0, "time": 1581261288704, "toUserId": "222" }
2020-02-10 14:05:12,659 [DEBUG] (WebSocketController.java:154)- ===  用户消息成功 消息数据：{"fromUserId":"111","messageContent":"222 你好","messageType":0,"time":1581261288704,"toUserId":"222"} ===
2020-02-10 14:05:12,660 [DEBUG] (BaseJdbcLogger.java:143)- ==>  Preparing: insert into wechat_message_item (id, from_user_id, to_user_id, message_type, message_content, time ) values (?, ?, ?, ?, ?, ? ) 
2020-02-10 14:05:12,661 [DEBUG] (BaseJdbcLogger.java:143)- ==> Parameters: null, 111(String), 222(String), 0(Integer), 222 你好(String), 2020-02-09 23:14:48.704(Timestamp)
2020-02-10 14:05:12,892 [DEBUG] (BaseJdbcLogger.java:143)- <==    Updates: 1
2020-02-10 14:05:12,893 [DEBUG] (WebSocketController.java:154)- ===  用户消息成功 消息数据：{"msg":"成功发送!","status":1} ===
2020-02-10 14:06:08,506 [INFO] (WebSocketController.java:77)- [WebSocket] 退出成功，当前连接人数为：=1 当前在线人： {222=lllr.test.breast.controller.websocket.WebSocketController@432006a2}
2020-02-10 14:06:08,508 [INFO] (WebSocketController.java:77)- [WebSocket] 退出成功，当前连接人数为：=0 当前在线人： {}
2020-02-10 14:30:29,840 [INFO] (StartupInfoLogger.java:50)- Starting BreastApplication on LAPTOP-562395R3 with PID 9000 (started by 爱哭的周小姐 in D:\软件应用\java IDE\IntelliJ IDEA 2019.1\项目\breastfeed\新建文件夹\server\bfbackend)
2020-02-10 14:30:29,843 [DEBUG] (StartupInfoLogger.java:53)- Running with Spring Boot v2.1.9.RELEASE, Spring v5.1.10.RELEASE
2020-02-10 14:30:29,843 [INFO] (SpringApplication.java:648)- No active profile set, falling back to default profiles: default
2020-02-10 14:32:00,843 [INFO] (StartupInfoLogger.java:50)- Starting BreastApplication on LAPTOP-562395R3 with PID 4492 (started by 爱哭的周小姐 in D:\软件应用\java IDE\IntelliJ IDEA 2019.1\项目\breastfeed\新建文件夹\server\bfbackend)
2020-02-10 14:32:00,850 [DEBUG] (StartupInfoLogger.java:53)- Running with Spring Boot v2.1.9.RELEASE, Spring v5.1.10.RELEASE
2020-02-10 14:32:00,850 [INFO] (SpringApplication.java:648)- No active profile set, falling back to default profiles: default
2020-02-10 14:34:01,860 [INFO] (StartupInfoLogger.java:50)- Starting BreastApplication on LAPTOP-562395R3 with PID 14780 (started by 爱哭的周小姐 in D:\软件应用\java IDE\IntelliJ IDEA 2019.1\项目\breastfeed\新建文件夹\server\bfbackend)
2020-02-10 14:34:01,874 [DEBUG] (StartupInfoLogger.java:53)- Running with Spring Boot v2.1.9.RELEASE, Spring v5.1.10.RELEASE
2020-02-10 14:34:01,875 [INFO] (SpringApplication.java:648)- No active profile set, falling back to default profiles: default
2020-02-10 14:34:30,023 [INFO] (StartupInfoLogger.java:50)- Starting BreastApplication on LAPTOP-562395R3 with PID 12764 (started by 爱哭的周小姐 in D:\软件应用\java IDE\IntelliJ IDEA 2019.1\项目\breastfeed\新建文件夹\server\bfbackend)
2020-02-10 14:34:30,027 [DEBUG] (StartupInfoLogger.java:53)- Running with Spring Boot v2.1.9.RELEASE, Spring v5.1.10.RELEASE
2020-02-10 14:34:30,027 [INFO] (SpringApplication.java:648)- No active profile set, falling back to default profiles: default
2020-02-10 14:37:47,824 [INFO] (StartupInfoLogger.java:50)- Starting BreastApplication on LAPTOP-562395R3 with PID 11472 (started by 爱哭的周小姐 in D:\软件应用\java IDE\IntelliJ IDEA 2019.1\项目\breastfeed\新建文件夹\server\bfbackend)
2020-02-10 14:37:47,830 [DEBUG] (StartupInfoLogger.java:53)- Running with Spring Boot v2.1.9.RELEASE, Spring v5.1.10.RELEASE
2020-02-10 14:37:47,830 [INFO] (SpringApplication.java:648)- No active profile set, falling back to default profiles: default
2020-02-10 14:39:13,775 [INFO] (StartupInfoLogger.java:50)- Starting BreastApplication on LAPTOP-562395R3 with PID 9980 (started by 爱哭的周小姐 in D:\软件应用\java IDE\IntelliJ IDEA 2019.1\项目\breastfeed\新建文件夹\server\bfbackend)
2020-02-10 14:39:13,779 [DEBUG] (StartupInfoLogger.java:53)- Running with Spring Boot v2.1.9.RELEASE, Spring v5.1.10.RELEASE
2020-02-10 14:39:13,780 [INFO] (SpringApplication.java:648)- No active profile set, falling back to default profiles: default
2020-02-10 14:39:16,507 [INFO] (StartupInfoLogger.java:59)- Started BreastApplication in 3.395 seconds (JVM running for 5.041)
2020-02-10 14:39:52,813 [INFO] (WebSocketController.java:76)- [WebSocket] 连接成功，当前连接人数:
2020-02-10 14:39:53,557 [INFO] (WebSocketController.java:88)- [WebSocket] 退出成功，当前连接人数为：=0 当前在线人： {}
2020-02-10 14:42:03,920 [INFO] (StartupInfoLogger.java:50)- Starting BreastApplication on LAPTOP-562395R3 with PID 14908 (started by 爱哭的周小姐 in D:\软件应用\java IDE\IntelliJ IDEA 2019.1\项目\breastfeed\新建文件夹\server\bfbackend)
2020-02-10 14:42:03,930 [DEBUG] (StartupInfoLogger.java:53)- Running with Spring Boot v2.1.9.RELEASE, Spring v5.1.10.RELEASE
2020-02-10 14:42:03,930 [INFO] (SpringApplication.java:648)- No active profile set, falling back to default profiles: default
2020-02-10 14:42:06,828 [INFO] (StartupInfoLogger.java:59)- Started BreastApplication in 4.635 seconds (JVM running for 6.596)
2020-02-10 14:42:13,637 [INFO] (WebSocketController.java:76)- [WebSocket] 连接成功，当前连接人数:
2020-02-10 14:42:13,653 [INFO] (WebSocketController.java:88)- [WebSocket] 退出成功，当前连接人数为：=0 当前在线人： {}
2020-02-10 14:44:30,048 [INFO] (StartupInfoLogger.java:50)- Starting BreastApplication on LAPTOP-562395R3 with PID 15172 (started by 爱哭的周小姐 in D:\软件应用\java IDE\IntelliJ IDEA 2019.1\项目\breastfeed\新建文件夹\server\bfbackend)
2020-02-10 14:44:30,051 [DEBUG] (StartupInfoLogger.java:53)- Running with Spring Boot v2.1.9.RELEASE, Spring v5.1.10.RELEASE
2020-02-10 14:44:30,051 [INFO] (SpringApplication.java:648)- No active profile set, falling back to default profiles: default
2020-02-10 14:44:32,628 [INFO] (StartupInfoLogger.java:59)- Started BreastApplication in 3.215 seconds (JVM running for 4.908)
2020-02-10 14:44:40,175 [INFO] (WebSocketController.java:76)- [WebSocket] 连接成功，当前连接人数:
2020-02-10 14:44:40,205 [INFO] (WebSocketController.java:88)- [WebSocket] 退出成功，当前连接人数为：=0 当前在线人： {}
2020-02-10 14:47:16,252 [INFO] (StartupInfoLogger.java:50)- Starting BreastApplication on LAPTOP-562395R3 with PID 16636 (started by 爱哭的周小姐 in D:\软件应用\java IDE\IntelliJ IDEA 2019.1\项目\breastfeed\新建文件夹\server\bfbackend)
2020-02-10 14:47:16,261 [DEBUG] (StartupInfoLogger.java:53)- Running with Spring Boot v2.1.9.RELEASE, Spring v5.1.10.RELEASE
2020-02-10 14:47:16,262 [INFO] (SpringApplication.java:648)- No active profile set, falling back to default profiles: default
2020-02-10 14:47:19,157 [INFO] (StartupInfoLogger.java:59)- Started BreastApplication in 4.577 seconds (JVM running for 6.497)
2020-02-10 14:47:31,746 [INFO] (WebSocketController.java:76)- [WebSocket] 连接成功，当前连接人数:
2020-02-10 14:47:48,910 [INFO] (WebSocketController.java:76)- [WebSocket] 连接成功，当前连接人数:
2020-02-10 14:48:02,722 [DEBUG] (BaseJdbcLogger.java:143)- ==>  Preparing: select id, from_user_id, to_user_id, message_type, message_content, time from wechat_message_item where from_user_id = ? and to_user_id = ? 
2020-02-10 14:48:02,745 [DEBUG] (BaseJdbcLogger.java:143)- ==> Parameters: 222(String), 111(String)
2020-02-10 14:48:02,885 [DEBUG] (BaseJdbcLogger.java:143)- <==      Total: 3
2020-02-10 14:48:02,888 [INFO] (WebSocketController.java:80)-  === 用户 222和用户 111的聊天记录：[WeChatMessageItem{id=1, fromUserId='222', toUserId='111', messageType=0, messageContent='fdf', time=Sun Feb 09 22:16:46 CST 2020}, WeChatMessageItem{id=2, fromUserId='222', toUserId='111', messageType=0, messageContent='fdwdf', time=Sun Feb 09 22:16:47 CST 2020}, WeChatMessageItem{id=5, fromUserId='222', toUserId='111', messageType=0, messageContent='dgg', time=Sun Feb 09 22:15:46 CST 2020}]
2020-02-10 14:48:02,888 [DEBUG] (BaseJdbcLogger.java:143)- ==>  Preparing: select id, from_user_id, to_user_id, message_type, message_content, time from wechat_message_item where from_user_id = ? and to_user_id = ? 
2020-02-10 14:48:02,888 [DEBUG] (BaseJdbcLogger.java:143)- ==> Parameters: 222(String), 111(String)
2020-02-10 14:48:02,896 [INFO] (WebSocketController.java:88)- [WebSocket] 退出成功，当前连接人数为：=0 当前在线人： {}
2020-02-10 14:48:02,975 [DEBUG] (BaseJdbcLogger.java:143)- <==      Total: 3
2020-02-10 14:48:02,976 [INFO] (WebSocketController.java:80)-  === 用户 222和用户 111的聊天记录：[WeChatMessageItem{id=1, fromUserId='222', toUserId='111', messageType=0, messageContent='fdf', time=Sun Feb 09 22:16:46 CST 2020}, WeChatMessageItem{id=2, fromUserId='222', toUserId='111', messageType=0, messageContent='fdwdf', time=Sun Feb 09 22:16:47 CST 2020}, WeChatMessageItem{id=5, fromUserId='222', toUserId='111', messageType=0, messageContent='dgg', time=Sun Feb 09 22:15:46 CST 2020}]
2020-02-10 14:48:50,335 [INFO] (WebSocketController.java:76)- [WebSocket] 连接成功，当前连接人数:
2020-02-10 14:48:50,336 [DEBUG] (BaseJdbcLogger.java:143)- ==>  Preparing: select id, from_user_id, to_user_id, message_type, message_content, time from wechat_message_item where from_user_id = ? and to_user_id = ? 
2020-02-10 14:48:50,337 [DEBUG] (BaseJdbcLogger.java:143)- ==> Parameters: 111(String), 222(String)
2020-02-10 14:48:52,123 [DEBUG] (BaseJdbcLogger.java:143)- <==      Total: 2
2020-02-10 14:48:52,124 [INFO] (WebSocketController.java:80)-  === 用户 111和用户 222的聊天记录：[WeChatMessageItem{id=3, fromUserId='111', toUserId='222', messageType=0, messageContent='fdsf', time=Sun Feb 09 22:16:47 CST 2020}, WeChatMessageItem{id=6, fromUserId='111', toUserId='222', messageType=0, messageContent='sfds', time=null}]
2020-02-10 14:48:57,327 [INFO] (WebSocketController.java:88)- [WebSocket] 退出成功，当前连接人数为：=0 当前在线人： {}
2020-02-10 14:48:57,328 [INFO] (WebSocketController.java:88)- [WebSocket] 退出成功，当前连接人数为：=0 当前在线人： {}
