2020-02-21 15:18:33,502 [INFO] (StartupInfoLogger.java:50)- Starting BreastApplication on LAPTOP-562395R3 with PID 6208 (started by 爱哭的周小姐 in D:\软件应用\java IDE\IntelliJ IDEA 2019.1\项目\breastfeed\新建文件夹\server\bfbackend)
2020-02-21 15:18:33,514 [DEBUG] (StartupInfoLogger.java:53)- Running with Spring Boot v2.1.9.RELEASE, Spring v5.1.10.RELEASE
2020-02-21 15:18:33,514 [INFO] (SpringApplication.java:648)- No active profile set, falling back to default profiles: default
2020-02-21 15:22:51,653 [INFO] (StartupInfoLogger.java:50)- Starting BreastApplication on LAPTOP-562395R3 with PID 10304 (started by 爱哭的周小姐 in D:\软件应用\java IDE\IntelliJ IDEA 2019.1\项目\breastfeed\新建文件夹\server\bfbackend)
2020-02-21 15:22:51,657 [DEBUG] (StartupInfoLogger.java:53)- Running with Spring Boot v2.1.9.RELEASE, Spring v5.1.10.RELEASE
2020-02-21 15:22:51,658 [INFO] (SpringApplication.java:648)- No active profile set, falling back to default profiles: default
2020-02-21 15:22:54,986 [INFO] (StartupInfoLogger.java:59)- Started BreastApplication in 4.148 seconds (JVM running for 6.219)
2020-02-21 15:26:29,000 [DEBUG] (BaseJdbcLogger.java:143)- ==>  Preparing: select id, title, audioURL, category, cover_url from audio 
2020-02-21 15:26:29,033 [DEBUG] (BaseJdbcLogger.java:143)- ==> Parameters: 
2020-02-21 15:26:29,156 [DEBUG] (BaseJdbcLogger.java:143)- <==      Total: 6
2020-02-21 15:26:29,158 [DEBUG] (BaseJdbcLogger.java:143)- ==>  Preparing: select id, title, vedioURL, cover_url, category, description from vedio 
2020-02-21 15:26:29,159 [DEBUG] (BaseJdbcLogger.java:143)- ==> Parameters: 
2020-02-21 15:26:29,246 [DEBUG] (BaseJdbcLogger.java:143)- <==      Total: 9
2020-02-21 15:26:29,247 [DEBUG] (BaseJdbcLogger.java:143)- ==>  Preparing: select id, title, description, img_url, category from article 
2020-02-21 15:26:29,248 [DEBUG] (BaseJdbcLogger.java:143)- ==> Parameters: 
2020-02-21 15:26:29,349 [DEBUG] (BaseJdbcLogger.java:143)- <==      Total: 20
2020-02-21 15:27:45,541 [DEBUG] (BaseJdbcLogger.java:143)- ==>  Preparing: select id, title, audioURL, category, cover_url from audio 
2020-02-21 15:27:45,542 [DEBUG] (BaseJdbcLogger.java:143)- ==> Parameters: 
2020-02-21 15:27:45,554 [DEBUG] (BaseJdbcLogger.java:143)- ==>  Preparing: select id, title, description, img_url, category from article 
2020-02-21 15:27:45,555 [DEBUG] (BaseJdbcLogger.java:143)- ==> Parameters: 
2020-02-21 15:27:45,653 [DEBUG] (BaseJdbcLogger.java:143)- <==      Total: 6
2020-02-21 15:27:45,653 [DEBUG] (BaseJdbcLogger.java:143)- ==>  Preparing: select id, title, vedioURL, cover_url, category, description from vedio 
2020-02-21 15:27:45,654 [DEBUG] (BaseJdbcLogger.java:143)- <==      Total: 20
2020-02-21 15:27:45,655 [DEBUG] (BaseJdbcLogger.java:143)- ==> Parameters: 
2020-02-21 15:27:45,749 [DEBUG] (BaseJdbcLogger.java:143)- <==      Total: 9
2020-02-21 15:28:04,042 [DEBUG] (BaseJdbcLogger.java:143)- ==>  Preparing: select id, user_name, user_password, token, name, consult_cost, license_number from doctor where user_name = ? 
2020-02-21 15:28:04,044 [DEBUG] (BaseJdbcLogger.java:143)- ==> Parameters: 111(String)
2020-02-21 15:28:04,327 [DEBUG] (BaseJdbcLogger.java:143)- <==      Total: 1
2020-02-21 15:28:39,035 [DEBUG] (BaseJdbcLogger.java:143)- ==>  Preparing: select id, user_name, user_password, token, name, consult_cost, license_number from doctor where user_name = ? 
2020-02-21 15:28:39,036 [DEBUG] (BaseJdbcLogger.java:143)- ==> Parameters: 111(String)
2020-02-21 15:28:39,206 [DEBUG] (BaseJdbcLogger.java:143)- <==      Total: 1
2020-02-21 15:29:53,154 [DEBUG] (BaseJdbcLogger.java:143)- ==>  Preparing: select id, title, description, img_url, category from article 
2020-02-21 15:29:53,155 [DEBUG] (BaseJdbcLogger.java:143)- ==> Parameters: 
2020-02-21 15:29:53,175 [DEBUG] (BaseJdbcLogger.java:143)- ==>  Preparing: select id, title, audioURL, category, cover_url from audio 
2020-02-21 15:29:53,175 [DEBUG] (BaseJdbcLogger.java:143)- ==> Parameters: 
2020-02-21 15:29:53,179 [DEBUG] (BaseJdbcLogger.java:143)- ==>  Preparing: select id, title, vedioURL, cover_url, category, description from vedio 
2020-02-21 15:29:53,180 [DEBUG] (BaseJdbcLogger.java:143)- ==> Parameters: 
2020-02-21 15:29:53,236 [DEBUG] (BaseJdbcLogger.java:143)- <==      Total: 20
2020-02-21 15:29:53,255 [DEBUG] (BaseJdbcLogger.java:143)- <==      Total: 6
2020-02-21 15:29:53,261 [DEBUG] (BaseJdbcLogger.java:143)- <==      Total: 9
2020-02-21 15:34:09,093 [DEBUG] (BaseJdbcLogger.java:143)- ==>  Preparing: select id, title, audioURL, category, cover_url from audio 
2020-02-21 15:34:09,095 [DEBUG] (BaseJdbcLogger.java:143)- ==> Parameters: 
2020-02-21 15:34:09,099 [DEBUG] (BaseJdbcLogger.java:143)- ==>  Preparing: select id, title, description, img_url, category from article 
2020-02-21 15:34:09,099 [DEBUG] (BaseJdbcLogger.java:143)- ==> Parameters: 
2020-02-21 15:34:09,102 [DEBUG] (BaseJdbcLogger.java:143)- ==>  Preparing: select id, title, vedioURL, cover_url, category, description from vedio 
2020-02-21 15:34:09,103 [DEBUG] (BaseJdbcLogger.java:143)- ==> Parameters: 
2020-02-21 15:34:09,174 [DEBUG] (BaseJdbcLogger.java:143)- <==      Total: 6
2020-02-21 15:34:09,188 [DEBUG] (BaseJdbcLogger.java:143)- <==      Total: 20
2020-02-21 15:34:09,199 [DEBUG] (BaseJdbcLogger.java:143)- <==      Total: 9
2020-02-21 16:42:24,118 [INFO] (StartupInfoLogger.java:50)- Starting BreastApplication on LAPTOP-562395R3 with PID 7180 (started by 爱哭的周小姐 in D:\软件应用\java IDE\IntelliJ IDEA 2019.1\项目\breastfeed\新建文件夹\server\bfbackend)
2020-02-21 16:42:24,122 [DEBUG] (StartupInfoLogger.java:53)- Running with Spring Boot v2.1.9.RELEASE, Spring v5.1.10.RELEASE
2020-02-21 16:42:24,122 [INFO] (SpringApplication.java:648)- No active profile set, falling back to default profiles: default
2020-02-21 16:42:27,353 [INFO] (StartupInfoLogger.java:59)- Started BreastApplication in 3.923 seconds (JVM running for 5.859)
2020-02-21 16:42:40,916 [DEBUG] (BaseJdbcLogger.java:143)- ==>  Preparing: select id, title, audioURL, category, cover_url from audio 
2020-02-21 16:42:40,942 [DEBUG] (BaseJdbcLogger.java:143)- ==> Parameters: 
2020-02-21 16:42:41,052 [DEBUG] (BaseJdbcLogger.java:143)- <==      Total: 6
2020-02-21 16:42:41,055 [DEBUG] (BaseJdbcLogger.java:143)- ==>  Preparing: select id, title, description, img_url, category from article 
2020-02-21 16:42:41,057 [DEBUG] (BaseJdbcLogger.java:143)- ==> Parameters: 
2020-02-21 16:42:41,136 [DEBUG] (BaseJdbcLogger.java:143)- <==      Total: 20
2020-02-21 16:42:41,138 [DEBUG] (BaseJdbcLogger.java:143)- ==>  Preparing: select id, title, vedioURL, cover_url, category, description from vedio 
2020-02-21 16:42:41,138 [DEBUG] (BaseJdbcLogger.java:143)- ==> Parameters: 
2020-02-21 16:42:41,247 [DEBUG] (BaseJdbcLogger.java:143)- <==      Total: 9
2020-02-21 16:51:40,914 [DEBUG] (BaseJdbcLogger.java:143)- ==>  Preparing: select id, user_name, user_password, token, name, consult_cost, license_number from doctor where user_name = ? 
2020-02-21 16:51:40,916 [DEBUG] (BaseJdbcLogger.java:143)- ==> Parameters: 111(String)
2020-02-21 16:51:40,918 [DEBUG] (BaseJdbcLogger.java:143)- ==>  Preparing: select id, title, description, img_url, category from article 
2020-02-21 16:51:40,919 [DEBUG] (BaseJdbcLogger.java:143)- ==> Parameters: 
2020-02-21 16:51:41,015 [DEBUG] (BaseJdbcLogger.java:143)- <==      Total: 1
2020-02-21 16:51:41,016 [DEBUG] (BaseJdbcLogger.java:143)- ==>  Preparing: select id, title, vedioURL, cover_url, category, description from vedio 
2020-02-21 16:51:41,016 [DEBUG] (BaseJdbcLogger.java:143)- ==> Parameters: 
2020-02-21 16:51:41,032 [DEBUG] (BaseJdbcLogger.java:143)- <==      Total: 20
2020-02-21 16:51:41,033 [DEBUG] (BaseJdbcLogger.java:143)- ==>  Preparing: select id, title, audioURL, category, cover_url from audio 
2020-02-21 16:51:41,033 [DEBUG] (BaseJdbcLogger.java:143)- ==> Parameters: 
2020-02-21 16:51:41,139 [DEBUG] (BaseJdbcLogger.java:143)- <==      Total: 9
2020-02-21 16:51:41,144 [DEBUG] (BaseJdbcLogger.java:143)- ==>  Preparing: select id, title, audioURL, category, cover_url from audio 
2020-02-21 16:51:41,145 [DEBUG] (BaseJdbcLogger.java:143)- ==> Parameters: 
2020-02-21 16:51:41,148 [DEBUG] (BaseJdbcLogger.java:143)- <==      Total: 6
2020-02-21 16:51:41,149 [DEBUG] (BaseJdbcLogger.java:143)- ==>  Preparing: select id, title, vedioURL, cover_url, category, description from vedio 
2020-02-21 16:51:41,150 [DEBUG] (BaseJdbcLogger.java:143)- ==> Parameters: 
2020-02-21 16:51:41,330 [DEBUG] (BaseJdbcLogger.java:143)- <==      Total: 6
2020-02-21 16:51:41,331 [DEBUG] (BaseJdbcLogger.java:143)- ==>  Preparing: select id, title, description, img_url, category from article 
2020-02-21 16:51:41,333 [DEBUG] (BaseJdbcLogger.java:143)- ==> Parameters: 
2020-02-21 16:51:41,344 [DEBUG] (BaseJdbcLogger.java:143)- <==      Total: 9
2020-02-21 16:51:41,345 [DEBUG] (BaseJdbcLogger.java:143)- ==>  Preparing: select id, title, vedioURL, cover_url, category, description from vedio 
2020-02-21 16:51:41,345 [DEBUG] (BaseJdbcLogger.java:143)- ==> Parameters: 
2020-02-21 16:51:41,733 [DEBUG] (BaseJdbcLogger.java:143)- <==      Total: 20
2020-02-21 16:51:41,734 [DEBUG] (BaseJdbcLogger.java:143)- ==>  Preparing: select id, title, description, img_url, category from article 
2020-02-21 16:51:41,735 [DEBUG] (BaseJdbcLogger.java:143)- ==> Parameters: 
2020-02-21 16:51:41,845 [DEBUG] (BaseJdbcLogger.java:143)- <==      Total: 9
2020-02-21 16:51:41,845 [DEBUG] (BaseJdbcLogger.java:143)- ==>  Preparing: select id, title, audioURL, category, cover_url from audio 
2020-02-21 16:51:41,845 [DEBUG] (BaseJdbcLogger.java:143)- ==> Parameters: 
2020-02-21 16:51:42,469 [DEBUG] (BaseJdbcLogger.java:143)- <==      Total: 20
2020-02-21 16:51:42,485 [DEBUG] (BaseJdbcLogger.java:143)- <==      Total: 6
2020-02-21 16:56:32,711 [DEBUG] (BaseJdbcLogger.java:143)- ==>  Preparing: select id, title, description, img_url, category from article 
2020-02-21 16:56:32,712 [DEBUG] (BaseJdbcLogger.java:143)- ==> Parameters: 
2020-02-21 16:56:32,713 [DEBUG] (BaseJdbcLogger.java:143)- ==>  Preparing: select id, title, vedioURL, cover_url, category, description from vedio 
2020-02-21 16:56:32,713 [DEBUG] (BaseJdbcLogger.java:143)- ==> Parameters: 
2020-02-21 16:56:32,714 [DEBUG] (BaseJdbcLogger.java:143)- ==>  Preparing: select id, title, audioURL, category, cover_url from audio 
2020-02-21 16:56:32,715 [DEBUG] (BaseJdbcLogger.java:143)- ==> Parameters: 
2020-02-21 16:56:32,877 [DEBUG] (BaseJdbcLogger.java:143)- <==      Total: 20
2020-02-21 16:56:32,907 [DEBUG] (BaseJdbcLogger.java:143)- <==      Total: 9
2020-02-21 16:56:32,911 [DEBUG] (BaseJdbcLogger.java:143)- <==      Total: 6
2020-02-21 16:57:27,730 [DEBUG] (BaseJdbcLogger.java:143)- ==>  Preparing: select id, title, audioURL, category, cover_url from audio 
2020-02-21 16:57:27,730 [DEBUG] (BaseJdbcLogger.java:143)- ==>  Preparing: select id, title, description, img_url, category from article 
2020-02-21 16:57:27,730 [DEBUG] (BaseJdbcLogger.java:143)- ==> Parameters: 
2020-02-21 16:57:27,730 [DEBUG] (BaseJdbcLogger.java:143)- ==> Parameters: 
2020-02-21 16:57:27,734 [DEBUG] (BaseJdbcLogger.java:143)- ==>  Preparing: select id, title, vedioURL, cover_url, category, description from vedio 
2020-02-21 16:57:27,734 [DEBUG] (BaseJdbcLogger.java:143)- ==> Parameters: 
2020-02-21 16:57:27,851 [DEBUG] (BaseJdbcLogger.java:143)- <==      Total: 6
2020-02-21 16:57:27,851 [DEBUG] (BaseJdbcLogger.java:143)- <==      Total: 20
2020-02-21 16:57:27,895 [DEBUG] (BaseJdbcLogger.java:143)- <==      Total: 9
2020-02-21 16:58:17,494 [DEBUG] (BaseJdbcLogger.java:143)- ==>  Preparing: select id, title, audioURL, category, cover_url from audio 
2020-02-21 16:58:17,495 [DEBUG] (BaseJdbcLogger.java:143)- ==> Parameters: 
2020-02-21 16:58:17,496 [DEBUG] (BaseJdbcLogger.java:143)- ==>  Preparing: select id, title, vedioURL, cover_url, category, description from vedio 
2020-02-21 16:58:17,497 [DEBUG] (BaseJdbcLogger.java:143)- ==> Parameters: 
2020-02-21 16:58:17,497 [DEBUG] (BaseJdbcLogger.java:143)- ==>  Preparing: select id, title, description, img_url, category from article 
2020-02-21 16:58:17,498 [DEBUG] (BaseJdbcLogger.java:143)- ==> Parameters: 
2020-02-21 16:58:25,078 [DEBUG] (BaseJdbcLogger.java:143)- <==      Total: 6
2020-02-21 16:58:25,079 [DEBUG] (BaseJdbcLogger.java:143)- <==      Total: 9
2020-02-21 16:58:25,082 [DEBUG] (BaseJdbcLogger.java:143)- <==      Total: 20
2020-02-21 16:58:25,986 [DEBUG] (BaseJdbcLogger.java:143)- ==>  Preparing: select id, title, audioURL, category, cover_url from audio 
2020-02-21 16:58:25,986 [DEBUG] (BaseJdbcLogger.java:143)- ==>  Preparing: select id, title, vedioURL, cover_url, category, description from vedio 
2020-02-21 16:58:25,986 [DEBUG] (BaseJdbcLogger.java:143)- ==> Parameters: 
2020-02-21 16:58:25,986 [DEBUG] (BaseJdbcLogger.java:143)- ==>  Preparing: select id, title, description, img_url, category from article 
2020-02-21 16:58:25,986 [DEBUG] (BaseJdbcLogger.java:143)- ==> Parameters: 
2020-02-21 16:58:25,987 [DEBUG] (BaseJdbcLogger.java:143)- ==> Parameters: 
2020-02-21 16:58:26,256 [DEBUG] (BaseJdbcLogger.java:143)- <==      Total: 9
2020-02-21 16:58:26,278 [DEBUG] (BaseJdbcLogger.java:143)- <==      Total: 6
2020-02-21 16:58:26,294 [DEBUG] (BaseJdbcLogger.java:143)- <==      Total: 20
2020-02-21 17:00:05,643 [DEBUG] (BaseJdbcLogger.java:143)- ==>  Preparing: select id, title, audioURL, category, cover_url from audio 
2020-02-21 17:00:05,643 [DEBUG] (BaseJdbcLogger.java:143)- ==> Parameters: 
2020-02-21 17:00:05,644 [DEBUG] (BaseJdbcLogger.java:143)- ==>  Preparing: select id, title, description, img_url, category from article 
2020-02-21 17:00:05,645 [DEBUG] (BaseJdbcLogger.java:143)- ==> Parameters: 
2020-02-21 17:00:05,646 [DEBUG] (BaseJdbcLogger.java:143)- ==>  Preparing: select id, title, vedioURL, cover_url, category, description from vedio 
2020-02-21 17:00:05,646 [DEBUG] (BaseJdbcLogger.java:143)- ==> Parameters: 
2020-02-21 17:00:05,725 [DEBUG] (BaseJdbcLogger.java:143)- <==      Total: 6
2020-02-21 17:00:05,738 [DEBUG] (BaseJdbcLogger.java:143)- <==      Total: 20
2020-02-21 17:00:05,739 [DEBUG] (BaseJdbcLogger.java:143)- <==      Total: 9
2020-02-21 17:01:07,899 [DEBUG] (BaseJdbcLogger.java:143)- ==>  Preparing: select id, title, audioURL, category, cover_url from audio 
2020-02-21 17:01:07,900 [DEBUG] (BaseJdbcLogger.java:143)- ==> Parameters: 
2020-02-21 17:01:07,902 [DEBUG] (BaseJdbcLogger.java:143)- ==>  Preparing: select id, title, description, img_url, category from article 
2020-02-21 17:01:07,902 [DEBUG] (BaseJdbcLogger.java:143)- ==> Parameters: 
2020-02-21 17:01:07,903 [DEBUG] (BaseJdbcLogger.java:143)- ==>  Preparing: select id, title, vedioURL, cover_url, category, description from vedio 
2020-02-21 17:01:07,904 [DEBUG] (BaseJdbcLogger.java:143)- ==> Parameters: 
2020-02-21 17:01:07,980 [DEBUG] (BaseJdbcLogger.java:143)- <==      Total: 6
2020-02-21 17:01:07,987 [DEBUG] (BaseJdbcLogger.java:143)- <==      Total: 9
2020-02-21 17:01:08,000 [DEBUG] (BaseJdbcLogger.java:143)- <==      Total: 20
2020-02-21 17:01:24,323 [DEBUG] (BaseJdbcLogger.java:143)- ==>  Preparing: select id, title, description, img_url, category from article 
2020-02-21 17:01:24,324 [DEBUG] (BaseJdbcLogger.java:143)- ==> Parameters: 
2020-02-21 17:01:24,329 [DEBUG] (BaseJdbcLogger.java:143)- ==>  Preparing: select id, title, audioURL, category, cover_url from audio 
2020-02-21 17:01:24,329 [DEBUG] (BaseJdbcLogger.java:143)- ==>  Preparing: select id, title, vedioURL, cover_url, category, description from vedio 
2020-02-21 17:01:24,330 [DEBUG] (BaseJdbcLogger.java:143)- ==> Parameters: 
2020-02-21 17:01:24,330 [DEBUG] (BaseJdbcLogger.java:143)- ==> Parameters: 
2020-02-21 17:01:24,409 [DEBUG] (BaseJdbcLogger.java:143)- <==      Total: 6
2020-02-21 17:01:24,412 [DEBUG] (BaseJdbcLogger.java:143)- <==      Total: 20
2020-02-21 17:01:24,414 [DEBUG] (BaseJdbcLogger.java:143)- <==      Total: 9
2020-02-21 20:35:15,055 [INFO] (StartupInfoLogger.java:50)- Starting BreastApplication on LAPTOP-562395R3 with PID 3100 (started by 爱哭的周小姐 in D:\软件应用\java IDE\IntelliJ IDEA 2019.1\项目\breastfeed\新建文件夹\server\bfbackend)
2020-02-21 20:35:15,072 [DEBUG] (StartupInfoLogger.java:53)- Running with Spring Boot v2.1.9.RELEASE, Spring v5.1.10.RELEASE
2020-02-21 20:35:15,073 [INFO] (SpringApplication.java:648)- No active profile set, falling back to default profiles: default
2020-02-21 20:35:19,632 [INFO] (StartupInfoLogger.java:59)- Started BreastApplication in 5.392 seconds (JVM running for 8.967)
2020-02-21 20:37:00,346 [DEBUG] (BaseJdbcLogger.java:143)- ==>  Preparing: select id, user_name, user_password, token, name, consult_cost, license_number from doctor where user_name = ? 
2020-02-21 20:37:00,604 [DEBUG] (BaseJdbcLogger.java:143)- ==> Parameters: 111(String)
2020-02-21 20:37:00,990 [DEBUG] (BaseJdbcLogger.java:143)- <==      Total: 1
2020-02-21 21:24:39,180 [INFO] (StartupInfoLogger.java:50)- Starting BreastApplication on LAPTOP-562395R3 with PID 3516 (started by 爱哭的周小姐 in D:\软件应用\java IDE\IntelliJ IDEA 2019.1\项目\breastfeed\新建文件夹\server\bfbackend)
2020-02-21 21:24:39,184 [DEBUG] (StartupInfoLogger.java:53)- Running with Spring Boot v2.1.9.RELEASE, Spring v5.1.10.RELEASE
2020-02-21 21:24:39,185 [INFO] (SpringApplication.java:648)- No active profile set, falling back to default profiles: default
2020-02-21 21:24:42,293 [INFO] (StartupInfoLogger.java:59)- Started BreastApplication in 3.961 seconds (JVM running for 5.984)
2020-02-21 21:31:22,395 [DEBUG] (BaseJdbcLogger.java:143)- ==>  Preparing: select id, user_name, user_password, token, name, consult_cost, license_number from doctor where user_name = ? 
2020-02-21 21:31:22,425 [DEBUG] (BaseJdbcLogger.java:143)- ==> Parameters: 111(String)
2020-02-21 21:31:22,530 [DEBUG] (BaseJdbcLogger.java:143)- <==      Total: 1
2020-02-21 22:05:03,678 [INFO] (StartupInfoLogger.java:50)- Starting BreastApplication on LAPTOP-562395R3 with PID 11132 (started by 爱哭的周小姐 in D:\软件应用\java IDE\IntelliJ IDEA 2019.1\项目\breastfeed\新建文件夹\server\bfbackend)
2020-02-21 22:05:03,683 [DEBUG] (StartupInfoLogger.java:53)- Running with Spring Boot v2.1.9.RELEASE, Spring v5.1.10.RELEASE
2020-02-21 22:05:03,684 [INFO] (SpringApplication.java:648)- No active profile set, falling back to default profiles: default
2020-02-21 22:05:06,268 [INFO] (StartupInfoLogger.java:59)- Started BreastApplication in 3.037 seconds (JVM running for 5.511)
2020-02-21 22:07:10,164 [INFO] (StartupInfoLogger.java:50)- Starting BreastApplication on LAPTOP-562395R3 with PID 17632 (started by 爱哭的周小姐 in D:\软件应用\java IDE\IntelliJ IDEA 2019.1\项目\breastfeed\新建文件夹\server\bfbackend)
2020-02-21 22:07:10,170 [DEBUG] (StartupInfoLogger.java:53)- Running with Spring Boot v2.1.9.RELEASE, Spring v5.1.10.RELEASE
2020-02-21 22:07:10,171 [INFO] (SpringApplication.java:648)- No active profile set, falling back to default profiles: default
2020-02-21 22:07:12,830 [INFO] (StartupInfoLogger.java:59)- Started BreastApplication in 3.936 seconds (JVM running for 5.977)
2020-02-21 22:07:53,030 [DEBUG] (BaseJdbcLogger.java:143)- ==>  Preparing: select id, user_name, user_password, token, name, consult_cost, license_number from doctor where user_name = ? 
2020-02-21 22:07:53,055 [DEBUG] (BaseJdbcLogger.java:143)- ==> Parameters: 111(String)
2020-02-21 22:07:53,164 [DEBUG] (BaseJdbcLogger.java:143)- <==      Total: 1
2020-02-21 22:40:29,908 [INFO] (StartupInfoLogger.java:50)- Starting BreastApplication on LAPTOP-562395R3 with PID 13828 (started by 爱哭的周小姐 in D:\软件应用\java IDE\IntelliJ IDEA 2019.1\项目\breastfeed\新建文件夹\server\bfbackend)
2020-02-21 22:40:29,914 [DEBUG] (StartupInfoLogger.java:53)- Running with Spring Boot v2.1.9.RELEASE, Spring v5.1.10.RELEASE
2020-02-21 22:40:29,914 [INFO] (SpringApplication.java:648)- No active profile set, falling back to default profiles: default
2020-02-21 22:40:33,067 [INFO] (StartupInfoLogger.java:59)- Started BreastApplication in 5.258 seconds (JVM running for 7.406)
2020-02-21 22:40:54,804 [DEBUG] (BaseJdbcLogger.java:143)- ==>  Preparing: select id, user_name, user_password, token, name, consult_cost, license_number from doctor where user_name = ? 
2020-02-21 22:40:54,830 [DEBUG] (BaseJdbcLogger.java:143)- ==> Parameters: 111(String)
2020-02-21 22:40:54,950 [DEBUG] (BaseJdbcLogger.java:143)- <==      Total: 1
2020-02-21 23:06:19,141 [INFO] (StartupInfoLogger.java:50)- Starting BreastApplication on LAPTOP-562395R3 with PID 16804 (started by 爱哭的周小姐 in D:\软件应用\java IDE\IntelliJ IDEA 2019.1\项目\breastfeed\新建文件夹\server\bfbackend)
2020-02-21 23:06:19,145 [DEBUG] (StartupInfoLogger.java:53)- Running with Spring Boot v2.1.9.RELEASE, Spring v5.1.10.RELEASE
2020-02-21 23:06:19,145 [INFO] (SpringApplication.java:648)- No active profile set, falling back to default profiles: default
2020-02-21 23:06:22,106 [INFO] (StartupInfoLogger.java:59)- Started BreastApplication in 3.72 seconds (JVM running for 5.871)
2020-02-21 23:06:33,616 [DEBUG] (BaseJdbcLogger.java:143)- ==>  Preparing: select id, title, description, img_url, category from article 
2020-02-21 23:06:33,639 [DEBUG] (BaseJdbcLogger.java:143)- ==> Parameters: 
2020-02-21 23:06:33,744 [DEBUG] (BaseJdbcLogger.java:143)- <==      Total: 20
2020-02-21 23:06:33,747 [DEBUG] (BaseJdbcLogger.java:143)- ==>  Preparing: select id, title, audioURL, category, cover_url from audio 
2020-02-21 23:06:33,748 [DEBUG] (BaseJdbcLogger.java:143)- ==> Parameters: 
2020-02-21 23:06:33,865 [DEBUG] (BaseJdbcLogger.java:143)- <==      Total: 6
2020-02-21 23:06:33,867 [DEBUG] (BaseJdbcLogger.java:143)- ==>  Preparing: select id, title, vedioURL, cover_url, category, description from vedio 
2020-02-21 23:06:33,870 [DEBUG] (BaseJdbcLogger.java:143)- ==> Parameters: 
2020-02-21 23:06:33,947 [DEBUG] (BaseJdbcLogger.java:143)- <==      Total: 9
2020-02-21 23:09:01,925 [DEBUG] (BaseJdbcLogger.java:143)- ==>  Preparing: select id, title, audioURL, category, cover_url from audio 
2020-02-21 23:09:01,926 [DEBUG] (BaseJdbcLogger.java:143)- ==> Parameters: 
2020-02-21 23:09:01,927 [DEBUG] (BaseJdbcLogger.java:143)- ==>  Preparing: select id, title, description, img_url, category from article 
2020-02-21 23:09:01,928 [DEBUG] (BaseJdbcLogger.java:143)- ==> Parameters: 
2020-02-21 23:09:02,023 [DEBUG] (BaseJdbcLogger.java:143)- <==      Total: 6
2020-02-21 23:09:02,024 [DEBUG] (BaseJdbcLogger.java:143)- ==>  Preparing: select id, title, vedioURL, cover_url, category, description from vedio 
2020-02-21 23:09:02,024 [DEBUG] (BaseJdbcLogger.java:143)- ==> Parameters: 
2020-02-21 23:09:02,047 [DEBUG] (BaseJdbcLogger.java:143)- <==      Total: 20
2020-02-21 23:09:02,154 [DEBUG] (BaseJdbcLogger.java:143)- <==      Total: 9
2020-02-21 23:10:07,667 [DEBUG] (BaseJdbcLogger.java:143)- ==>  Preparing: select id, title, audioURL, category, cover_url from audio 
2020-02-21 23:10:07,667 [DEBUG] (BaseJdbcLogger.java:143)- ==> Parameters: 
2020-02-21 23:10:07,668 [DEBUG] (BaseJdbcLogger.java:143)- ==>  Preparing: select id, title, vedioURL, cover_url, category, description from vedio 
2020-02-21 23:10:07,669 [DEBUG] (BaseJdbcLogger.java:143)- ==> Parameters: 
2020-02-21 23:10:07,823 [DEBUG] (BaseJdbcLogger.java:143)- <==      Total: 9
2020-02-21 23:10:07,823 [DEBUG] (BaseJdbcLogger.java:143)- <==      Total: 6
2020-02-21 23:10:08,443 [DEBUG] (BaseJdbcLogger.java:143)- ==>  Preparing: select id, title, description, img_url, category from article 
2020-02-21 23:10:08,444 [DEBUG] (BaseJdbcLogger.java:143)- ==> Parameters: 
2020-02-21 23:10:08,778 [DEBUG] (BaseJdbcLogger.java:143)- <==      Total: 20
2020-02-21 23:10:30,500 [DEBUG] (BaseJdbcLogger.java:143)- ==>  Preparing: select id, user_name, user_password, token, name, consult_cost, license_number from doctor where user_name = ? 
2020-02-21 23:10:30,501 [DEBUG] (BaseJdbcLogger.java:143)- ==> Parameters: 111(String)
2020-02-21 23:10:30,632 [DEBUG] (BaseJdbcLogger.java:143)- <==      Total: 1
2020-02-21 23:10:41,962 [DEBUG] (BaseJdbcLogger.java:143)- ==>  Preparing: select id, title, description, img_url, category from article 
2020-02-21 23:10:41,963 [DEBUG] (BaseJdbcLogger.java:143)- ==> Parameters: 
2020-02-21 23:10:41,963 [DEBUG] (BaseJdbcLogger.java:143)- ==>  Preparing: select id, title, audioURL, category, cover_url from audio 
2020-02-21 23:10:41,963 [DEBUG] (BaseJdbcLogger.java:143)- ==> Parameters: 
2020-02-21 23:10:41,969 [DEBUG] (BaseJdbcLogger.java:143)- ==>  Preparing: select id, title, vedioURL, cover_url, category, description from vedio 
2020-02-21 23:10:41,969 [DEBUG] (BaseJdbcLogger.java:143)- ==> Parameters: 
2020-02-21 23:10:42,088 [DEBUG] (BaseJdbcLogger.java:143)- <==      Total: 20
2020-02-21 23:10:42,097 [DEBUG] (BaseJdbcLogger.java:143)- <==      Total: 6
2020-02-21 23:10:42,101 [DEBUG] (BaseJdbcLogger.java:143)- <==      Total: 9
2020-02-21 23:11:24,312 [DEBUG] (BaseJdbcLogger.java:143)- ==>  Preparing: select id, user_name, user_password, token, name, consult_cost, license_number from doctor where user_name = ? 
2020-02-21 23:11:24,312 [DEBUG] (BaseJdbcLogger.java:143)- ==> Parameters: 111(String)
2020-02-21 23:11:24,486 [DEBUG] (BaseJdbcLogger.java:143)- <==      Total: 1
2020-02-21 23:11:34,371 [DEBUG] (BaseJdbcLogger.java:143)- ==>  Preparing: select id, title, description, img_url, category from article 
2020-02-21 23:11:34,372 [DEBUG] (BaseJdbcLogger.java:143)- ==> Parameters: 
2020-02-21 23:11:34,372 [DEBUG] (BaseJdbcLogger.java:143)- ==>  Preparing: select id, title, audioURL, category, cover_url from audio 
2020-02-21 23:11:34,373 [DEBUG] (BaseJdbcLogger.java:143)- ==> Parameters: 
2020-02-21 23:11:34,379 [DEBUG] (BaseJdbcLogger.java:143)- ==>  Preparing: select id, title, vedioURL, cover_url, category, description from vedio 
2020-02-21 23:11:34,379 [DEBUG] (BaseJdbcLogger.java:143)- ==> Parameters: 
2020-02-21 23:11:34,555 [DEBUG] (BaseJdbcLogger.java:143)- <==      Total: 20
2020-02-21 23:11:34,566 [DEBUG] (BaseJdbcLogger.java:143)- <==      Total: 6
2020-02-21 23:11:34,570 [DEBUG] (BaseJdbcLogger.java:143)- <==      Total: 9
2020-02-21 23:12:16,193 [DEBUG] (BaseJdbcLogger.java:143)- ==>  Preparing: select id, title, description, img_url, category from article 
2020-02-21 23:12:16,194 [DEBUG] (BaseJdbcLogger.java:143)- ==>  Preparing: select id, title, audioURL, category, cover_url from audio 
2020-02-21 23:12:16,195 [DEBUG] (BaseJdbcLogger.java:143)- ==> Parameters: 
2020-02-21 23:12:16,194 [DEBUG] (BaseJdbcLogger.java:143)- ==> Parameters: 
2020-02-21 23:12:16,197 [DEBUG] (BaseJdbcLogger.java:143)- ==>  Preparing: select id, title, vedioURL, cover_url, category, description from vedio 
2020-02-21 23:12:16,199 [DEBUG] (BaseJdbcLogger.java:143)- ==> Parameters: 
2020-02-21 23:12:16,376 [DEBUG] (BaseJdbcLogger.java:143)- <==      Total: 9
2020-02-21 23:12:16,380 [DEBUG] (BaseJdbcLogger.java:143)- <==      Total: 20
2020-02-21 23:12:16,381 [DEBUG] (BaseJdbcLogger.java:143)- <==      Total: 6
2020-02-21 23:14:59,577 [DEBUG] (BaseJdbcLogger.java:143)- ==>  Preparing: select id, title, description, img_url, category from article 
2020-02-21 23:14:59,577 [DEBUG] (BaseJdbcLogger.java:143)- ==> Parameters: 
2020-02-21 23:14:59,578 [DEBUG] (BaseJdbcLogger.java:143)- ==>  Preparing: select id, title, audioURL, category, cover_url from audio 
2020-02-21 23:14:59,578 [DEBUG] (BaseJdbcLogger.java:143)- ==> Parameters: 
2020-02-21 23:14:59,586 [DEBUG] (BaseJdbcLogger.java:143)- ==>  Preparing: select id, title, vedioURL, cover_url, category, description from vedio 
2020-02-21 23:14:59,586 [DEBUG] (BaseJdbcLogger.java:143)- ==> Parameters: 
2020-02-21 23:14:59,770 [DEBUG] (BaseJdbcLogger.java:143)- <==      Total: 6
2020-02-21 23:14:59,770 [DEBUG] (BaseJdbcLogger.java:143)- <==      Total: 20
2020-02-21 23:14:59,773 [DEBUG] (BaseJdbcLogger.java:143)- <==      Total: 9
2020-02-21 23:16:20,214 [DEBUG] (BaseJdbcLogger.java:143)- ==>  Preparing: select id, title, description, img_url, category from article 
2020-02-21 23:16:20,215 [DEBUG] (BaseJdbcLogger.java:143)- ==> Parameters: 
2020-02-21 23:16:20,217 [DEBUG] (BaseJdbcLogger.java:143)- ==>  Preparing: select id, title, audioURL, category, cover_url from audio 
2020-02-21 23:16:20,218 [DEBUG] (BaseJdbcLogger.java:143)- ==> Parameters: 
2020-02-21 23:16:20,220 [DEBUG] (BaseJdbcLogger.java:143)- ==>  Preparing: select id, title, vedioURL, cover_url, category, description from vedio 
2020-02-21 23:16:20,221 [DEBUG] (BaseJdbcLogger.java:143)- ==> Parameters: 
2020-02-21 23:16:20,302 [DEBUG] (BaseJdbcLogger.java:143)- <==      Total: 20
2020-02-21 23:16:20,307 [DEBUG] (BaseJdbcLogger.java:143)- <==      Total: 6
2020-02-21 23:16:20,312 [DEBUG] (BaseJdbcLogger.java:143)- <==      Total: 9
2020-02-21 23:17:09,832 [DEBUG] (BaseJdbcLogger.java:143)- ==>  Preparing: select id, title, description, img_url, category from article 
2020-02-21 23:17:09,832 [DEBUG] (BaseJdbcLogger.java:143)- ==>  Preparing: select id, title, audioURL, category, cover_url from audio 
2020-02-21 23:17:09,833 [DEBUG] (BaseJdbcLogger.java:143)- ==> Parameters: 
2020-02-21 23:17:09,833 [DEBUG] (BaseJdbcLogger.java:143)- ==> Parameters: 
2020-02-21 23:17:09,836 [DEBUG] (BaseJdbcLogger.java:143)- ==>  Preparing: select id, title, vedioURL, cover_url, category, description from vedio 
2020-02-21 23:17:09,837 [DEBUG] (BaseJdbcLogger.java:143)- ==> Parameters: 
2020-02-21 23:17:10,020 [DEBUG] (BaseJdbcLogger.java:143)- <==      Total: 20
2020-02-21 23:17:10,020 [DEBUG] (BaseJdbcLogger.java:143)- <==      Total: 6
2020-02-21 23:17:10,048 [DEBUG] (BaseJdbcLogger.java:143)- <==      Total: 9
2020-02-21 23:17:20,564 [DEBUG] (BaseJdbcLogger.java:143)- ==>  Preparing: select id, user_name, user_password, token, name, consult_cost, license_number from doctor where user_name = ? 
2020-02-21 23:17:20,565 [DEBUG] (BaseJdbcLogger.java:143)- ==> Parameters: 111(String)
2020-02-21 23:17:20,668 [DEBUG] (BaseJdbcLogger.java:143)- <==      Total: 1
2020-02-21 23:17:27,560 [DEBUG] (BaseJdbcLogger.java:143)- ==>  Preparing: select id, title, description, img_url, category from article 
2020-02-21 23:17:27,562 [DEBUG] (BaseJdbcLogger.java:143)- ==>  Preparing: select id, title, audioURL, category, cover_url from audio 
2020-02-21 23:17:27,561 [DEBUG] (BaseJdbcLogger.java:143)- ==> Parameters: 
2020-02-21 23:17:27,562 [DEBUG] (BaseJdbcLogger.java:143)- ==> Parameters: 
2020-02-21 23:17:27,562 [DEBUG] (BaseJdbcLogger.java:143)- ==>  Preparing: select id, title, vedioURL, cover_url, category, description from vedio 
2020-02-21 23:17:27,563 [DEBUG] (BaseJdbcLogger.java:143)- ==> Parameters: 
2020-02-21 23:17:27,794 [DEBUG] (BaseJdbcLogger.java:143)- <==      Total: 20
2020-02-21 23:17:27,794 [DEBUG] (BaseJdbcLogger.java:143)- <==      Total: 6
2020-02-21 23:17:27,797 [DEBUG] (BaseJdbcLogger.java:143)- <==      Total: 9
2020-02-21 23:17:35,530 [DEBUG] (BaseJdbcLogger.java:143)- ==>  Preparing: select id, title, description, img_url, category from article 
2020-02-21 23:17:35,531 [DEBUG] (BaseJdbcLogger.java:143)- ==> Parameters: 
2020-02-21 23:17:35,533 [DEBUG] (BaseJdbcLogger.java:143)- ==>  Preparing: select id, title, audioURL, category, cover_url from audio 
2020-02-21 23:17:35,534 [DEBUG] (BaseJdbcLogger.java:143)- ==> Parameters: 
2020-02-21 23:17:35,537 [DEBUG] (BaseJdbcLogger.java:143)- ==>  Preparing: select id, title, vedioURL, cover_url, category, description from vedio 
2020-02-21 23:17:35,537 [DEBUG] (BaseJdbcLogger.java:143)- ==> Parameters: 
2020-02-21 23:17:35,696 [DEBUG] (BaseJdbcLogger.java:143)- <==      Total: 20
2020-02-21 23:17:35,698 [DEBUG] (BaseJdbcLogger.java:143)- <==      Total: 6
2020-02-21 23:17:35,703 [DEBUG] (BaseJdbcLogger.java:143)- <==      Total: 9
2020-02-21 23:17:57,278 [DEBUG] (BaseJdbcLogger.java:143)- ==>  Preparing: select id, user_name, user_password, token, name, consult_cost, license_number from doctor where user_name = ? 
2020-02-21 23:17:57,279 [DEBUG] (BaseJdbcLogger.java:143)- ==> Parameters: 111(String)
2020-02-21 23:17:57,454 [DEBUG] (BaseJdbcLogger.java:143)- <==      Total: 1
2020-02-21 23:18:06,615 [DEBUG] (BaseJdbcLogger.java:143)- ==>  Preparing: select id, title, description, img_url, category from article 
2020-02-21 23:18:06,616 [DEBUG] (BaseJdbcLogger.java:143)- ==> Parameters: 
2020-02-21 23:18:06,617 [DEBUG] (BaseJdbcLogger.java:143)- ==>  Preparing: select id, title, audioURL, category, cover_url from audio 
2020-02-21 23:18:06,617 [DEBUG] (BaseJdbcLogger.java:143)- ==>  Preparing: select id, title, vedioURL, cover_url, category, description from vedio 
2020-02-21 23:18:06,617 [DEBUG] (BaseJdbcLogger.java:143)- ==> Parameters: 
2020-02-21 23:18:06,617 [DEBUG] (BaseJdbcLogger.java:143)- ==> Parameters: 
2020-02-21 23:18:06,736 [DEBUG] (BaseJdbcLogger.java:143)- <==      Total: 6
2020-02-21 23:18:06,755 [DEBUG] (BaseJdbcLogger.java:143)- <==      Total: 20
2020-02-21 23:18:06,766 [DEBUG] (BaseJdbcLogger.java:143)- <==      Total: 9
2020-02-21 23:18:51,859 [DEBUG] (BaseJdbcLogger.java:143)- ==>  Preparing: select id, title, description, img_url, category from article 
2020-02-21 23:18:51,860 [DEBUG] (BaseJdbcLogger.java:143)- ==> Parameters: 
2020-02-21 23:18:51,869 [DEBUG] (BaseJdbcLogger.java:143)- ==>  Preparing: select id, title, audioURL, category, cover_url from audio 
2020-02-21 23:18:51,869 [DEBUG] (BaseJdbcLogger.java:143)- ==> Parameters: 
2020-02-21 23:18:51,876 [DEBUG] (BaseJdbcLogger.java:143)- ==>  Preparing: select id, title, vedioURL, cover_url, category, description from vedio 
2020-02-21 23:18:51,877 [DEBUG] (BaseJdbcLogger.java:143)- ==> Parameters: 
2020-02-21 23:18:52,019 [DEBUG] (BaseJdbcLogger.java:143)- <==      Total: 6
2020-02-21 23:18:52,026 [DEBUG] (BaseJdbcLogger.java:143)- <==      Total: 9
2020-02-21 23:18:52,027 [DEBUG] (BaseJdbcLogger.java:143)- <==      Total: 20
2020-02-21 23:20:04,864 [DEBUG] (BaseJdbcLogger.java:143)- ==>  Preparing: select id, title, description, img_url, category from article 
2020-02-21 23:20:04,864 [DEBUG] (BaseJdbcLogger.java:143)- ==> Parameters: 
2020-02-21 23:20:04,872 [DEBUG] (BaseJdbcLogger.java:143)- ==>  Preparing: select id, title, vedioURL, cover_url, category, description from vedio 
2020-02-21 23:20:04,872 [DEBUG] (BaseJdbcLogger.java:143)- ==> Parameters: 
2020-02-21 23:20:04,874 [DEBUG] (BaseJdbcLogger.java:143)- ==>  Preparing: select id, title, audioURL, category, cover_url from audio 
2020-02-21 23:20:04,874 [DEBUG] (BaseJdbcLogger.java:143)- ==> Parameters: 
2020-02-21 23:20:04,936 [DEBUG] (BaseJdbcLogger.java:143)- <==      Total: 20
2020-02-21 23:20:04,943 [DEBUG] (BaseJdbcLogger.java:143)- <==      Total: 6
2020-02-21 23:20:04,943 [DEBUG] (BaseJdbcLogger.java:143)- <==      Total: 9
2020-02-21 23:22:06,783 [INFO] (StartupInfoLogger.java:50)- Starting BreastApplication on LAPTOP-562395R3 with PID 13008 (started by 爱哭的周小姐 in D:\软件应用\java IDE\IntelliJ IDEA 2019.1\项目\breastfeed\新建文件夹\server\bfbackend)
2020-02-21 23:22:06,789 [DEBUG] (StartupInfoLogger.java:53)- Running with Spring Boot v2.1.9.RELEASE, Spring v5.1.10.RELEASE
2020-02-21 23:22:06,790 [INFO] (SpringApplication.java:648)- No active profile set, falling back to default profiles: default
2020-02-21 23:22:09,607 [INFO] (StartupInfoLogger.java:59)- Started BreastApplication in 3.378 seconds (JVM running for 5.213)
2020-02-21 23:22:31,408 [DEBUG] (BaseJdbcLogger.java:143)- ==>  Preparing: select id, user_name, user_password, token, name, consult_cost, license_number from doctor where user_name = ? 
2020-02-21 23:22:31,432 [DEBUG] (BaseJdbcLogger.java:143)- ==> Parameters: 111(String)
2020-02-21 23:22:31,543 [DEBUG] (BaseJdbcLogger.java:143)- <==      Total: 1
2020-02-21 23:22:36,513 [DEBUG] (BaseJdbcLogger.java:143)- ==>  Preparing: select id, title, description, img_url, category from article 
2020-02-21 23:22:36,514 [DEBUG] (BaseJdbcLogger.java:143)- ==> Parameters: 
2020-02-21 23:22:36,650 [DEBUG] (BaseJdbcLogger.java:143)- <==      Total: 20
2020-02-21 23:22:36,663 [DEBUG] (BaseJdbcLogger.java:143)- ==>  Preparing: select id, title, audioURL, category, cover_url from audio 
2020-02-21 23:22:36,663 [DEBUG] (BaseJdbcLogger.java:143)- ==> Parameters: 
2020-02-21 23:22:36,751 [DEBUG] (BaseJdbcLogger.java:143)- <==      Total: 6
2020-02-21 23:22:36,752 [DEBUG] (BaseJdbcLogger.java:143)- ==>  Preparing: select id, title, vedioURL, cover_url, category, description from vedio 
2020-02-21 23:22:36,753 [DEBUG] (BaseJdbcLogger.java:143)- ==> Parameters: 
2020-02-21 23:22:36,845 [DEBUG] (BaseJdbcLogger.java:143)- <==      Total: 9
