2020-02-27 22:18:37,834 [DEBUG] (WebSocketController.java:209)- ===  用户消息成功 消息数据：[{"fromUserId":1,"id":1,"messageContent":"小明很有力量","messageType":0,"time":1581257806000,"toUserId":111},{"fromUserId":1,"id":2,"messageContent":"一起奋斗出一片新天地","messageType":0,"time":1581257807000,"toUserId":111},{"fromUserId":111,"id":3,"messageContent":"团结互助才是力量","messageType":0,"time":1581257807000,"toUserId":1},{"fromUserId":1,"id":5,"messageContent":"五十六个民族五十六朵花","messageType":0,"time":1581257746000,"toUserId":111},{"fromUserId":111,"id":6,"messageContent":"中国是个大家庭","messageType":0,"toUserId":1},{"fromUserId":1,"id":37,"messageContent":"[{\"answerTemplate\":\"12465\",\"consultId\":1,\"questionKey\":\"母乳喂养的好处\"},{\"answerTemplate\":\"fghgfd\",\"consultId\":5,\"questionKey\":\"母乳喂养的正确姿势姿势\"},{\"answerTemplate\":\"534534\",\"consultId\":27,\"questionKey\":\"乳头凹陷怎么办\"}]","messageType":3,"time":1581477392000,"toUserId":111}] ===
2020-02-27 22:18:48,729 [INFO] (WebSocketController.java:112)- [WebSocket] 退出成功，当前连接人数为：=0 当前在线人： {}
2020-02-27 22:18:50,305 [DEBUG] (BaseJdbcLogger.java:143)- ==>  Preparing: select user_id, age, credit_id, pregnant_type, pregnant_week, job, confinement_date, confinement_week, confinement_type, user_name, user_password, user_token from user where user_token = ? 
2020-02-27 22:18:50,305 [DEBUG] (BaseJdbcLogger.java:143)- ==> Parameters: 91a10017309a4fda9c12d412a9788574(String)
2020-02-27 22:18:50,377 [DEBUG] (BaseJdbcLogger.java:143)- <==      Total: 1
2020-02-27 22:18:51,285 [DEBUG] (BaseJdbcLogger.java:143)- ==>  Preparing: select id, title, description, img_url, category from article 
2020-02-27 22:18:51,286 [DEBUG] (BaseJdbcLogger.java:143)- ==> Parameters: 
2020-02-27 22:18:51,286 [DEBUG] (BaseJdbcLogger.java:143)- ==>  Preparing: select id, title, audioURL, category, cover_url from audio 
2020-02-27 22:18:51,286 [DEBUG] (BaseJdbcLogger.java:143)- ==> Parameters: 
2020-02-27 22:18:51,297 [DEBUG] (BaseJdbcLogger.java:143)- ==>  Preparing: select id, title, vedioURL, cover_url, category, description from vedio 
2020-02-27 22:18:51,298 [DEBUG] (BaseJdbcLogger.java:143)- ==> Parameters: 
2020-02-27 22:18:51,450 [DEBUG] (BaseJdbcLogger.java:143)- <==      Total: 6
2020-02-27 22:18:51,475 [DEBUG] (BaseJdbcLogger.java:143)- <==      Total: 9
2020-02-27 22:18:51,477 [DEBUG] (BaseJdbcLogger.java:143)- <==      Total: 20
2020-02-27 22:18:57,245 [DEBUG] (BaseJdbcLogger.java:143)- ==>  Preparing: select id, user_name, name, consult_cost, license_number from doctor 
2020-02-27 22:18:57,245 [DEBUG] (BaseJdbcLogger.java:143)- ==> Parameters: 
2020-02-27 22:18:57,409 [DEBUG] (BaseJdbcLogger.java:143)- <==      Total: 3
2020-02-27 22:19:02,652 [INFO] (WebSocketController.java:92)- [WebSocket] 连接成功，当前连接人数:1
2020-02-27 22:19:02,653 [DEBUG] (BaseJdbcLogger.java:143)- ==>  Preparing: select id, from_user_id, to_user_id, message_type, message_content, time from wechat_message_item where from_user_id = ? and to_user_id = ? or from_user_id = ? and to_user_id = ? 
2020-02-27 22:19:02,653 [DEBUG] (BaseJdbcLogger.java:143)- ==> Parameters: 111(Integer), 1(Integer), 1(Integer), 111(Integer)
2020-02-27 22:19:02,810 [DEBUG] (BaseJdbcLogger.java:143)- <==      Total: 6
2020-02-27 22:19:02,810 [INFO] (WebSocketController.java:103)-  === 用户 111和用户 1的聊天记录：[WeChatMessageItem{id=1, fromUserId=1, toUserId=111, messageType=0, messageContent='小明很有力量', time=Sun Feb 09 22:16:46 CST 2020}, WeChatMessageItem{id=2, fromUserId=1, toUserId=111, messageType=0, messageContent='一起奋斗出一片新天地', time=Sun Feb 09 22:16:47 CST 2020}, WeChatMessageItem{id=3, fromUserId=111, toUserId=1, messageType=0, messageContent='团结互助才是力量', time=Sun Feb 09 22:16:47 CST 2020}, WeChatMessageItem{id=5, fromUserId=1, toUserId=111, messageType=0, messageContent='五十六个民族五十六朵花', time=Sun Feb 09 22:15:46 CST 2020}, WeChatMessageItem{id=6, fromUserId=111, toUserId=1, messageType=0, messageContent='中国是个大家庭', time=null}, WeChatMessageItem{id=37, fromUserId=1, toUserId=111, messageType=3, messageContent='[{"answerTemplate":"12465","consultId":1,"questionKey":"母乳喂养的好处"},{"answerTemplate":"fghgfd","consultId":5,"questionKey":"母乳喂养的正确姿势姿势"},{"answerTemplate":"534534","consultId":27,"questionKey":"乳头凹陷怎么办"}]', time=Wed Feb 12 11:16:32 CST 2020}]
2020-02-27 22:19:02,811 [DEBUG] (WebSocketController.java:209)- ===  用户消息成功 消息数据：[{"fromUserId":1,"id":1,"messageContent":"小明很有力量","messageType":0,"time":1581257806000,"toUserId":111},{"fromUserId":1,"id":2,"messageContent":"一起奋斗出一片新天地","messageType":0,"time":1581257807000,"toUserId":111},{"fromUserId":111,"id":3,"messageContent":"团结互助才是力量","messageType":0,"time":1581257807000,"toUserId":1},{"fromUserId":1,"id":5,"messageContent":"五十六个民族五十六朵花","messageType":0,"time":1581257746000,"toUserId":111},{"fromUserId":111,"id":6,"messageContent":"中国是个大家庭","messageType":0,"toUserId":1},{"fromUserId":1,"id":37,"messageContent":"[{\"answerTemplate\":\"12465\",\"consultId\":1,\"questionKey\":\"母乳喂养的好处\"},{\"answerTemplate\":\"fghgfd\",\"consultId\":5,\"questionKey\":\"母乳喂养的正确姿势姿势\"},{\"answerTemplate\":\"534534\",\"consultId\":27,\"questionKey\":\"乳头凹陷怎么办\"}]","messageType":3,"time":1581477392000,"toUserId":111}] ===
2020-02-27 22:19:06,760 [INFO] (WebSocketController.java:112)- [WebSocket] 退出成功，当前连接人数为：=0 当前在线人： {}
