<<<<<<< HEAD
2020-02-26 13:39:09,846 [INFO] (StartupInfoLogger.java:50)- Starting BreastApplication on LAPTOP-SKN1FD88 with PID 18256 (started by 12284 in F:\Ajava\A母乳喂养项目\breastfeed\server\bfbackend)
2020-02-26 13:39:09,969 [DEBUG] (StartupInfoLogger.java:53)- Running with Spring Boot v2.1.9.RELEASE, Spring v5.1.10.RELEASE
2020-02-26 13:39:09,970 [INFO] (SpringApplication.java:648)- No active profile set, falling back to default profiles: default
=======
2020-02-22 10:38:57,466 [INFO] (StartupInfoLogger.java:50)- Starting BreastApplication on LAPTOP-562395R3 with PID 15476 (started by 爱哭的周小姐 in D:\软件应用\java IDE\IntelliJ IDEA 2019.1\项目\breastfeed\新建文件夹\server\bfbackend)
2020-02-22 10:38:57,490 [DEBUG] (StartupInfoLogger.java:53)- Running with Spring Boot v2.1.9.RELEASE, Spring v5.1.10.RELEASE
2020-02-22 10:38:57,490 [INFO] (SpringApplication.java:648)- No active profile set, falling back to default profiles: default
2020-02-22 10:39:03,383 [INFO] (StartupInfoLogger.java:59)- Started BreastApplication in 6.644 seconds (JVM running for 11.07)
2020-02-22 10:39:24,044 [DEBUG] (BaseJdbcLogger.java:143)- ==>  Preparing: select id, user_name, user_password, token, name, consult_cost, license_number from doctor where user_name = ? 
2020-02-22 10:39:24,080 [DEBUG] (BaseJdbcLogger.java:143)- ==> Parameters: 111(String)
2020-02-22 10:39:24,189 [DEBUG] (BaseJdbcLogger.java:143)- <==      Total: 1
2020-02-22 10:40:52,536 [INFO] (StartupInfoLogger.java:50)- Starting BreastApplication on LAPTOP-562395R3 with PID 11696 (started by 爱哭的周小姐 in D:\软件应用\java IDE\IntelliJ IDEA 2019.1\项目\breastfeed\新建文件夹\server\bfbackend)
2020-02-22 10:40:52,546 [DEBUG] (StartupInfoLogger.java:53)- Running with Spring Boot v2.1.9.RELEASE, Spring v5.1.10.RELEASE
2020-02-22 10:40:52,546 [INFO] (SpringApplication.java:648)- No active profile set, falling back to default profiles: default
2020-02-22 10:40:55,541 [INFO] (StartupInfoLogger.java:59)- Started BreastApplication in 4.577 seconds (JVM running for 6.721)
2020-02-22 10:42:37,420 [INFO] (StartupInfoLogger.java:50)- Starting BreastApplication on LAPTOP-562395R3 with PID 17272 (started by 爱哭的周小姐 in D:\软件应用\java IDE\IntelliJ IDEA 2019.1\项目\breastfeed\新建文件夹\server\bfbackend)
2020-02-22 10:42:37,425 [DEBUG] (StartupInfoLogger.java:53)- Running with Spring Boot v2.1.9.RELEASE, Spring v5.1.10.RELEASE
2020-02-22 10:42:37,426 [INFO] (SpringApplication.java:648)- No active profile set, falling back to default profiles: default
2020-02-22 10:42:40,097 [INFO] (StartupInfoLogger.java:59)- Started BreastApplication in 4.542 seconds (JVM running for 6.334)
2020-02-22 10:42:58,186 [DEBUG] (BaseJdbcLogger.java:143)- ==>  Preparing: select id, title, vedioURL, cover_url, category, description from vedio 
2020-02-22 10:42:58,218 [DEBUG] (BaseJdbcLogger.java:143)- ==> Parameters: 
2020-02-22 10:42:58,328 [DEBUG] (BaseJdbcLogger.java:143)- <==      Total: 9
2020-02-22 10:42:58,331 [DEBUG] (BaseJdbcLogger.java:143)- ==>  Preparing: select id, title, audioURL, category, cover_url from audio 
2020-02-22 10:42:58,332 [DEBUG] (BaseJdbcLogger.java:143)- ==> Parameters: 
2020-02-22 10:42:58,420 [DEBUG] (BaseJdbcLogger.java:143)- <==      Total: 6
2020-02-22 10:42:58,421 [DEBUG] (BaseJdbcLogger.java:143)- ==>  Preparing: select id, title, description, img_url, category from article 
2020-02-22 10:42:58,422 [DEBUG] (BaseJdbcLogger.java:143)- ==> Parameters: 
2020-02-22 10:42:58,520 [DEBUG] (BaseJdbcLogger.java:143)- <==      Total: 20
2020-02-22 10:43:17,871 [DEBUG] (BaseJdbcLogger.java:143)- ==>  Preparing: select id, title, description, img_url, category from article 
2020-02-22 10:43:17,872 [DEBUG] (BaseJdbcLogger.java:143)- ==> Parameters: 
2020-02-22 10:43:17,873 [DEBUG] (BaseJdbcLogger.java:143)- ==>  Preparing: select id, title, audioURL, category, cover_url from audio 
2020-02-22 10:43:17,874 [DEBUG] (BaseJdbcLogger.java:143)- ==> Parameters: 
2020-02-22 10:43:17,993 [DEBUG] (BaseJdbcLogger.java:143)- <==      Total: 6
2020-02-22 10:43:17,997 [DEBUG] (BaseJdbcLogger.java:143)- ==>  Preparing: select id, title, vedioURL, cover_url, category, description from vedio 
2020-02-22 10:43:17,998 [DEBUG] (BaseJdbcLogger.java:143)- ==> Parameters: 
2020-02-22 10:43:18,002 [DEBUG] (BaseJdbcLogger.java:143)- <==      Total: 20
2020-02-22 10:43:18,109 [DEBUG] (BaseJdbcLogger.java:143)- <==      Total: 9
2020-02-22 10:46:07,863 [DEBUG] (BaseJdbcLogger.java:143)- ==>  Preparing: select id, title, audioURL, category, cover_url from audio 
2020-02-22 10:46:07,863 [DEBUG] (BaseJdbcLogger.java:143)- ==> Parameters: 
2020-02-22 10:46:07,863 [DEBUG] (BaseJdbcLogger.java:143)- ==>  Preparing: select id, title, vedioURL, cover_url, category, description from vedio 
2020-02-22 10:46:07,863 [DEBUG] (BaseJdbcLogger.java:143)- ==> Parameters: 
2020-02-22 10:46:07,867 [DEBUG] (BaseJdbcLogger.java:143)- ==>  Preparing: select id, title, description, img_url, category from article 
2020-02-22 10:46:07,867 [DEBUG] (BaseJdbcLogger.java:143)- ==> Parameters: 
2020-02-22 10:46:07,950 [DEBUG] (BaseJdbcLogger.java:143)- <==      Total: 20
2020-02-22 10:46:07,952 [DEBUG] (BaseJdbcLogger.java:143)- <==      Total: 6
2020-02-22 10:46:07,960 [DEBUG] (BaseJdbcLogger.java:143)- <==      Total: 9
2020-02-22 10:49:14,950 [DEBUG] (BaseJdbcLogger.java:143)- ==>  Preparing: select id, title, vedioURL, cover_url, category, description from vedio 
2020-02-22 10:49:14,951 [DEBUG] (BaseJdbcLogger.java:143)- ==> Parameters: 
2020-02-22 10:49:14,954 [DEBUG] (BaseJdbcLogger.java:143)- ==>  Preparing: select id, title, audioURL, category, cover_url from audio 
2020-02-22 10:49:14,955 [DEBUG] (BaseJdbcLogger.java:143)- ==> Parameters: 
2020-02-22 10:49:14,956 [DEBUG] (BaseJdbcLogger.java:143)- ==>  Preparing: select id, title, description, img_url, category from article 
2020-02-22 10:49:14,956 [DEBUG] (BaseJdbcLogger.java:143)- ==> Parameters: 
2020-02-22 10:49:15,037 [DEBUG] (BaseJdbcLogger.java:143)- <==      Total: 9
2020-02-22 10:49:15,039 [DEBUG] (BaseJdbcLogger.java:143)- <==      Total: 6
2020-02-22 10:49:15,040 [DEBUG] (BaseJdbcLogger.java:143)- <==      Total: 20
2020-02-22 10:50:53,443 [DEBUG] (BaseJdbcLogger.java:143)- ==>  Preparing: select id, title, vedioURL, cover_url, category, description from vedio 
2020-02-22 10:50:53,444 [DEBUG] (BaseJdbcLogger.java:143)- ==> Parameters: 
2020-02-22 10:50:53,445 [DEBUG] (BaseJdbcLogger.java:143)- ==>  Preparing: select id, title, description, img_url, category from article 
2020-02-22 10:50:53,445 [DEBUG] (BaseJdbcLogger.java:143)- ==> Parameters: 
2020-02-22 10:50:53,446 [DEBUG] (BaseJdbcLogger.java:143)- ==>  Preparing: select id, title, audioURL, category, cover_url from audio 
2020-02-22 10:50:53,447 [DEBUG] (BaseJdbcLogger.java:143)- ==> Parameters: 
2020-02-22 10:50:53,533 [DEBUG] (BaseJdbcLogger.java:143)- <==      Total: 9
2020-02-22 10:50:53,534 [DEBUG] (BaseJdbcLogger.java:143)- <==      Total: 6
2020-02-22 10:50:53,536 [DEBUG] (BaseJdbcLogger.java:143)- <==      Total: 20
2020-02-22 10:52:12,323 [DEBUG] (BaseJdbcLogger.java:143)- ==>  Preparing: select id, title, audioURL, category, cover_url from audio 
2020-02-22 10:52:12,323 [DEBUG] (BaseJdbcLogger.java:143)- ==> Parameters: 
2020-02-22 10:52:12,324 [DEBUG] (BaseJdbcLogger.java:143)- ==>  Preparing: select id, title, vedioURL, cover_url, category, description from vedio 
2020-02-22 10:52:12,324 [DEBUG] (BaseJdbcLogger.java:143)- ==> Parameters: 
2020-02-22 10:52:12,331 [DEBUG] (BaseJdbcLogger.java:143)- ==>  Preparing: select id, title, description, img_url, category from article 
2020-02-22 10:52:12,332 [DEBUG] (BaseJdbcLogger.java:143)- ==> Parameters: 
2020-02-22 10:52:12,423 [DEBUG] (BaseJdbcLogger.java:143)- <==      Total: 9
2020-02-22 10:52:12,423 [DEBUG] (BaseJdbcLogger.java:143)- <==      Total: 6
2020-02-22 10:52:12,428 [DEBUG] (BaseJdbcLogger.java:143)- <==      Total: 20
2020-02-22 10:52:29,850 [DEBUG] (BaseJdbcLogger.java:143)- ==>  Preparing: select id, title, description, img_url, category from article 
2020-02-22 10:52:29,851 [DEBUG] (BaseJdbcLogger.java:143)- ==> Parameters: 
2020-02-22 10:52:29,866 [DEBUG] (BaseJdbcLogger.java:143)- ==>  Preparing: select id, title, audioURL, category, cover_url from audio 
2020-02-22 10:52:29,867 [DEBUG] (BaseJdbcLogger.java:143)- ==> Parameters: 
2020-02-22 10:52:29,867 [DEBUG] (BaseJdbcLogger.java:143)- ==>  Preparing: select id, title, vedioURL, cover_url, category, description from vedio 
2020-02-22 10:52:29,868 [DEBUG] (BaseJdbcLogger.java:143)- ==> Parameters: 
2020-02-22 10:52:30,033 [DEBUG] (BaseJdbcLogger.java:143)- <==      Total: 6
2020-02-22 10:52:30,033 [DEBUG] (BaseJdbcLogger.java:143)- <==      Total: 9
2020-02-22 10:52:30,035 [DEBUG] (BaseJdbcLogger.java:143)- <==      Total: 20
2020-02-22 10:52:55,419 [DEBUG] (BaseJdbcLogger.java:143)- ==>  Preparing: select id, title, description, img_url, category from article 
2020-02-22 10:52:55,420 [DEBUG] (BaseJdbcLogger.java:143)- ==> Parameters: 
2020-02-22 10:52:55,434 [DEBUG] (BaseJdbcLogger.java:143)- ==>  Preparing: select id, title, audioURL, category, cover_url from audio 
2020-02-22 10:52:55,434 [DEBUG] (BaseJdbcLogger.java:143)- ==> Parameters: 
2020-02-22 10:52:55,443 [DEBUG] (BaseJdbcLogger.java:143)- ==>  Preparing: select id, title, vedioURL, cover_url, category, description from vedio 
2020-02-22 10:52:55,443 [DEBUG] (BaseJdbcLogger.java:143)- ==> Parameters: 
2020-02-22 10:52:55,542 [DEBUG] (BaseJdbcLogger.java:143)- <==      Total: 9
2020-02-22 10:52:55,550 [DEBUG] (BaseJdbcLogger.java:143)- <==      Total: 6
2020-02-22 10:52:55,552 [DEBUG] (BaseJdbcLogger.java:143)- <==      Total: 20
2020-02-22 10:55:18,998 [DEBUG] (BaseJdbcLogger.java:143)- ==>  Preparing: select id, title, audioURL, category, cover_url from audio 
2020-02-22 10:55:18,998 [DEBUG] (BaseJdbcLogger.java:143)- ==> Parameters: 
2020-02-22 10:55:19,000 [DEBUG] (BaseJdbcLogger.java:143)- ==>  Preparing: select id, title, vedioURL, cover_url, category, description from vedio 
2020-02-22 10:55:19,001 [DEBUG] (BaseJdbcLogger.java:143)- ==> Parameters: 
2020-02-22 10:55:19,003 [DEBUG] (BaseJdbcLogger.java:143)- ==>  Preparing: select id, title, description, img_url, category from article 
2020-02-22 10:55:19,004 [DEBUG] (BaseJdbcLogger.java:143)- ==> Parameters: 
2020-02-22 10:55:19,066 [DEBUG] (BaseJdbcLogger.java:143)- <==      Total: 6
2020-02-22 10:55:19,068 [DEBUG] (BaseJdbcLogger.java:143)- <==      Total: 20
2020-02-22 10:55:19,079 [DEBUG] (BaseJdbcLogger.java:143)- <==      Total: 9
2020-02-22 10:55:42,599 [DEBUG] (BaseJdbcLogger.java:143)- ==>  Preparing: select id, title, audioURL, category, cover_url from audio 
2020-02-22 10:55:42,599 [DEBUG] (BaseJdbcLogger.java:143)- ==>  Preparing: select id, title, description, img_url, category from article 
2020-02-22 10:55:42,600 [DEBUG] (BaseJdbcLogger.java:143)- ==> Parameters: 
2020-02-22 10:55:42,600 [DEBUG] (BaseJdbcLogger.java:143)- ==> Parameters: 
2020-02-22 10:55:42,607 [DEBUG] (BaseJdbcLogger.java:143)- ==>  Preparing: select id, title, vedioURL, cover_url, category, description from vedio 
2020-02-22 10:55:42,608 [DEBUG] (BaseJdbcLogger.java:143)- ==> Parameters: 
2020-02-22 10:55:42,774 [DEBUG] (BaseJdbcLogger.java:143)- <==      Total: 9
2020-02-22 10:55:42,777 [DEBUG] (BaseJdbcLogger.java:143)- <==      Total: 6
2020-02-22 10:55:42,778 [DEBUG] (BaseJdbcLogger.java:143)- <==      Total: 20
2020-02-22 10:57:31,145 [DEBUG] (BaseJdbcLogger.java:143)- ==>  Preparing: select id, title, vedioURL, cover_url, category, description from vedio 
2020-02-22 10:57:31,146 [DEBUG] (BaseJdbcLogger.java:143)- ==> Parameters: 
2020-02-22 10:57:31,147 [DEBUG] (BaseJdbcLogger.java:143)- ==>  Preparing: select id, title, description, img_url, category from article 
2020-02-22 10:57:31,147 [DEBUG] (BaseJdbcLogger.java:143)- ==> Parameters: 
2020-02-22 10:57:31,148 [DEBUG] (BaseJdbcLogger.java:143)- ==>  Preparing: select id, title, audioURL, category, cover_url from audio 
2020-02-22 10:57:31,148 [DEBUG] (BaseJdbcLogger.java:143)- ==> Parameters: 
2020-02-22 10:57:31,224 [DEBUG] (BaseJdbcLogger.java:143)- <==      Total: 9
2020-02-22 10:57:31,248 [DEBUG] (BaseJdbcLogger.java:143)- <==      Total: 6
2020-02-22 10:57:31,248 [DEBUG] (BaseJdbcLogger.java:143)- <==      Total: 20
2020-02-22 11:05:33,741 [DEBUG] (BaseJdbcLogger.java:143)- ==>  Preparing: select id, title, vedioURL, cover_url, category, description from vedio 
2020-02-22 11:05:33,741 [DEBUG] (BaseJdbcLogger.java:143)- ==> Parameters: 
2020-02-22 11:05:33,742 [DEBUG] (BaseJdbcLogger.java:143)- ==>  Preparing: select id, title, audioURL, category, cover_url from audio 
2020-02-22 11:05:33,742 [DEBUG] (BaseJdbcLogger.java:143)- ==> Parameters: 
2020-02-22 11:05:33,743 [DEBUG] (BaseJdbcLogger.java:143)- ==>  Preparing: select id, title, description, img_url, category from article 
2020-02-22 11:05:33,744 [DEBUG] (BaseJdbcLogger.java:143)- ==> Parameters: 
2020-02-22 11:05:33,815 [DEBUG] (BaseJdbcLogger.java:143)- <==      Total: 9
2020-02-22 11:05:33,816 [DEBUG] (BaseJdbcLogger.java:143)- <==      Total: 6
2020-02-22 11:05:33,817 [DEBUG] (BaseJdbcLogger.java:143)- ==>  Preparing: select id, user_name, user_password, token, name, consult_cost, license_number from doctor where token = ? 
2020-02-22 11:05:33,818 [DEBUG] (BaseJdbcLogger.java:143)- ==> Parameters: doctorToken(String)
2020-02-22 11:05:33,820 [DEBUG] (BaseJdbcLogger.java:143)- <==      Total: 20
2020-02-22 11:05:33,894 [DEBUG] (BaseJdbcLogger.java:143)- <==      Total: 0
2020-02-22 11:07:03,347 [DEBUG] (BaseJdbcLogger.java:143)- ==>  Preparing: select id, user_name, user_password, token, name, consult_cost, license_number from doctor where token = ? 
2020-02-22 11:07:03,348 [DEBUG] (BaseJdbcLogger.java:143)- ==> Parameters: b1e071cfd4b74d2e89794641d68db84a(String)
2020-02-22 11:07:03,378 [DEBUG] (BaseJdbcLogger.java:143)- ==>  Preparing: select id, title, vedioURL, cover_url, category, description from vedio 
2020-02-22 11:07:03,378 [DEBUG] (BaseJdbcLogger.java:143)- ==> Parameters: 
2020-02-22 11:07:03,381 [DEBUG] (BaseJdbcLogger.java:143)- ==>  Preparing: select id, title, audioURL, category, cover_url from audio 
2020-02-22 11:07:03,381 [DEBUG] (BaseJdbcLogger.java:143)- ==> Parameters: 
2020-02-22 11:07:03,383 [DEBUG] (BaseJdbcLogger.java:143)- ==>  Preparing: select id, title, description, img_url, category from article 
2020-02-22 11:07:03,384 [DEBUG] (BaseJdbcLogger.java:143)- ==> Parameters: 
2020-02-22 11:07:03,431 [DEBUG] (BaseJdbcLogger.java:143)- <==      Total: 1
2020-02-22 11:07:03,470 [DEBUG] (BaseJdbcLogger.java:143)- <==      Total: 9
2020-02-22 11:07:03,470 [DEBUG] (BaseJdbcLogger.java:143)- <==      Total: 6
2020-02-22 11:07:03,471 [DEBUG] (BaseJdbcLogger.java:143)- <==      Total: 20
2020-02-22 11:07:46,663 [DEBUG] (BaseJdbcLogger.java:143)- ==>  Preparing: select id, user_name, user_password, token, name, consult_cost, license_number from doctor where token = ? 
2020-02-22 11:07:46,664 [DEBUG] (BaseJdbcLogger.java:143)- ==> Parameters: b1e071cfd4b74d2e89794641d68db84a(String)
2020-02-22 11:07:46,815 [DEBUG] (BaseJdbcLogger.java:143)- ==>  Preparing: select id, title, description, img_url, category from article 
2020-02-22 11:07:46,816 [DEBUG] (BaseJdbcLogger.java:143)- ==> Parameters: 
2020-02-22 11:07:46,825 [DEBUG] (BaseJdbcLogger.java:143)- <==      Total: 1
2020-02-22 11:07:46,832 [DEBUG] (BaseJdbcLogger.java:143)- ==>  Preparing: select id, title, audioURL, category, cover_url from audio 
2020-02-22 11:07:46,833 [DEBUG] (BaseJdbcLogger.java:143)- ==> Parameters: 
2020-02-22 11:07:46,833 [DEBUG] (BaseJdbcLogger.java:143)- ==>  Preparing: select id, title, vedioURL, cover_url, category, description from vedio 
2020-02-22 11:07:46,833 [DEBUG] (BaseJdbcLogger.java:143)- ==> Parameters: 
2020-02-22 11:07:46,913 [DEBUG] (BaseJdbcLogger.java:143)- <==      Total: 20
2020-02-22 11:07:46,914 [DEBUG] (BaseJdbcLogger.java:143)- <==      Total: 9
2020-02-22 11:07:46,915 [DEBUG] (BaseJdbcLogger.java:143)- <==      Total: 6
2020-02-22 13:06:34,824 [INFO] (StartupInfoLogger.java:50)- Starting BreastApplication on LAPTOP-562395R3 with PID 8848 (started by 爱哭的周小姐 in D:\软件应用\java IDE\IntelliJ IDEA 2019.1\项目\breastfeed\新建文件夹\server\bfbackend)
2020-02-22 13:06:34,842 [DEBUG] (StartupInfoLogger.java:53)- Running with Spring Boot v2.1.9.RELEASE, Spring v5.1.10.RELEASE
2020-02-22 13:06:34,842 [INFO] (SpringApplication.java:648)- No active profile set, falling back to default profiles: default
2020-02-22 13:06:37,485 [INFO] (StartupInfoLogger.java:59)- Started BreastApplication in 4.001 seconds (JVM running for 5.847)
2020-02-22 13:08:49,098 [DEBUG] (BaseJdbcLogger.java:143)- ==>  Preparing: select id, title, audioURL, category, cover_url from audio 
2020-02-22 13:08:49,138 [DEBUG] (BaseJdbcLogger.java:143)- ==> Parameters: 
2020-02-22 13:08:49,236 [DEBUG] (BaseJdbcLogger.java:143)- <==      Total: 6
2020-02-22 13:08:49,242 [DEBUG] (BaseJdbcLogger.java:143)- ==>  Preparing: select id, user_name, user_password, token, name, consult_cost, license_number from doctor where token = ? 
2020-02-22 13:08:49,247 [DEBUG] (BaseJdbcLogger.java:143)- ==> Parameters: b1e071cfd4b74d2e89794641d68db84a(String)
2020-02-22 13:08:49,332 [DEBUG] (BaseJdbcLogger.java:143)- <==      Total: 1
2020-02-22 13:08:49,334 [DEBUG] (BaseJdbcLogger.java:143)- ==>  Preparing: select id, title, description, img_url, category from article 
2020-02-22 13:08:49,336 [DEBUG] (BaseJdbcLogger.java:143)- ==> Parameters: 
2020-02-22 13:08:49,418 [DEBUG] (BaseJdbcLogger.java:143)- <==      Total: 20
2020-02-22 13:08:49,420 [DEBUG] (BaseJdbcLogger.java:143)- ==>  Preparing: select id, title, vedioURL, cover_url, category, description from vedio 
2020-02-22 13:08:49,420 [DEBUG] (BaseJdbcLogger.java:143)- ==> Parameters: 
2020-02-22 13:08:49,496 [DEBUG] (BaseJdbcLogger.java:143)- <==      Total: 9
2020-02-22 13:09:14,533 [DEBUG] (BaseJdbcLogger.java:143)- ==>  Preparing: select id, user_name, user_password, token, name, consult_cost, license_number from doctor where user_name = ? 
2020-02-22 13:09:14,534 [DEBUG] (BaseJdbcLogger.java:143)- ==> Parameters: 111(String)
2020-02-22 13:09:14,651 [DEBUG] (BaseJdbcLogger.java:143)- <==      Total: 1
2020-02-22 13:10:00,970 [DEBUG] (BaseJdbcLogger.java:143)- ==>  Preparing: select user_id, age, credit_id, pregnant_type, pregnant_week, job, confinement_date, confinement_week, confinement_type, user_name, user_password, user_token from user where user_name = ? 
2020-02-22 13:10:00,970 [DEBUG] (BaseJdbcLogger.java:143)- ==> Parameters: 111(String)
2020-02-22 13:10:01,147 [DEBUG] (BaseJdbcLogger.java:143)- <==      Total: 1
2020-02-22 13:11:30,869 [DEBUG] (BaseJdbcLogger.java:143)- ==>  Preparing: select user_id, age, credit_id, pregnant_type, pregnant_week, job, confinement_date, confinement_week, confinement_type, user_name, user_password, user_token from user where user_name = ? 
2020-02-22 13:11:30,870 [DEBUG] (BaseJdbcLogger.java:143)- ==> Parameters: 119(String)
2020-02-22 13:11:30,946 [DEBUG] (BaseJdbcLogger.java:143)- <==      Total: 1
2020-02-22 13:12:33,838 [DEBUG] (BaseJdbcLogger.java:143)- ==>  Preparing: select user_id, age, credit_id, pregnant_type, pregnant_week, job, confinement_date, confinement_week, confinement_type, user_name, user_password, user_token from user where user_token = ? 
2020-02-22 13:12:33,839 [DEBUG] (BaseJdbcLogger.java:143)- ==> Parameters: 6742d3466985435b85fa18482d534224(String)
2020-02-22 13:12:33,840 [DEBUG] (BaseJdbcLogger.java:143)- ==>  Preparing: select id, title, description, img_url, category from article 
2020-02-22 13:12:33,840 [DEBUG] (BaseJdbcLogger.java:143)- ==> Parameters: 
2020-02-22 13:12:33,928 [DEBUG] (BaseJdbcLogger.java:143)- <==      Total: 1
2020-02-22 13:12:36,129 [DEBUG] (BaseJdbcLogger.java:143)- ==>  Preparing: select id, title, vedioURL, cover_url, category, description from vedio 
2020-02-22 13:12:36,130 [DEBUG] (BaseJdbcLogger.java:143)- <==      Total: 20
2020-02-22 13:12:36,130 [DEBUG] (BaseJdbcLogger.java:143)- ==> Parameters: 
2020-02-22 13:12:36,133 [DEBUG] (BaseJdbcLogger.java:143)- ==>  Preparing: select id, title, audioURL, category, cover_url from audio 
2020-02-22 13:12:36,134 [DEBUG] (BaseJdbcLogger.java:143)- ==> Parameters: 
2020-02-22 13:12:36,297 [DEBUG] (BaseJdbcLogger.java:143)- <==      Total: 6
2020-02-22 13:12:36,309 [DEBUG] (BaseJdbcLogger.java:143)- <==      Total: 9
2020-02-22 13:56:25,491 [INFO] (StartupInfoLogger.java:50)- Starting BreastApplication on LAPTOP-562395R3 with PID 9192 (started by 爱哭的周小姐 in D:\软件应用\java IDE\IntelliJ IDEA 2019.1\项目\breastfeed\新建文件夹\server\bfbackend)
2020-02-22 13:56:25,497 [DEBUG] (StartupInfoLogger.java:53)- Running with Spring Boot v2.1.9.RELEASE, Spring v5.1.10.RELEASE
2020-02-22 13:56:25,498 [INFO] (SpringApplication.java:648)- No active profile set, falling back to default profiles: default
2020-02-22 13:56:28,335 [INFO] (StartupInfoLogger.java:59)- Started BreastApplication in 4.402 seconds (JVM running for 6.362)
2020-02-22 14:03:46,950 [DEBUG] (BaseJdbcLogger.java:143)- ==>  Preparing: select id, user_name, user_password, token, name, consult_cost, license_number from doctor where token = ? 
2020-02-22 14:03:46,982 [DEBUG] (BaseJdbcLogger.java:143)- ==> Parameters: b1e071cfd4b74d2e89794641d68db84a(String)
2020-02-22 14:03:47,091 [DEBUG] (BaseJdbcLogger.java:143)- <==      Total: 1
2020-02-22 14:03:47,095 [DEBUG] (BaseJdbcLogger.java:143)- ==>  Preparing: select id, title, description, img_url, category from article 
2020-02-22 14:03:47,096 [DEBUG] (BaseJdbcLogger.java:143)- ==> Parameters: 
2020-02-22 14:03:47,198 [DEBUG] (BaseJdbcLogger.java:143)- <==      Total: 20
2020-02-22 14:03:47,199 [DEBUG] (BaseJdbcLogger.java:143)- ==>  Preparing: select id, title, vedioURL, cover_url, category, description from vedio 
2020-02-22 14:03:47,200 [DEBUG] (BaseJdbcLogger.java:143)- ==> Parameters: 
2020-02-22 14:03:47,289 [DEBUG] (BaseJdbcLogger.java:143)- <==      Total: 9
2020-02-22 14:03:47,294 [DEBUG] (BaseJdbcLogger.java:143)- ==>  Preparing: select id, title, audioURL, category, cover_url from audio 
2020-02-22 14:03:47,296 [DEBUG] (BaseJdbcLogger.java:143)- ==> Parameters: 
2020-02-22 14:03:47,367 [DEBUG] (BaseJdbcLogger.java:143)- <==      Total: 6
2020-02-22 14:04:01,381 [DEBUG] (BaseJdbcLogger.java:143)- ==>  Preparing: select id, user_name, user_password, token, name, consult_cost, license_number from doctor where token = ? 
2020-02-22 14:04:01,382 [DEBUG] (BaseJdbcLogger.java:143)- ==> Parameters: b1e071cfd4b74d2e89794641d68db84a(String)
2020-02-22 14:04:01,544 [DEBUG] (BaseJdbcLogger.java:143)- <==      Total: 1
2020-02-22 14:04:02,935 [DEBUG] (BaseJdbcLogger.java:143)- ==>  Preparing: select id, title, description, img_url, category from article 
2020-02-22 14:04:02,936 [DEBUG] (BaseJdbcLogger.java:143)- ==> Parameters: 
2020-02-22 14:04:02,944 [DEBUG] (BaseJdbcLogger.java:143)- ==>  Preparing: select id, title, audioURL, category, cover_url from audio 
2020-02-22 14:04:02,944 [DEBUG] (BaseJdbcLogger.java:143)- ==> Parameters: 
2020-02-22 14:04:03,024 [DEBUG] (BaseJdbcLogger.java:143)- <==      Total: 6
2020-02-22 14:04:03,024 [DEBUG] (BaseJdbcLogger.java:143)- <==      Total: 20
2020-02-22 14:04:03,027 [DEBUG] (BaseJdbcLogger.java:143)- ==>  Preparing: select id, title, vedioURL, cover_url, category, description from vedio 
2020-02-22 14:04:03,028 [DEBUG] (BaseJdbcLogger.java:143)- ==> Parameters: 
2020-02-22 14:04:03,105 [DEBUG] (BaseJdbcLogger.java:143)- <==      Total: 9
2020-02-22 17:20:37,212 [INFO] (StartupInfoLogger.java:50)- Starting BreastApplication on LAPTOP-562395R3 with PID 324 (started by 爱哭的周小姐 in D:\软件应用\java IDE\IntelliJ IDEA 2019.1\项目\breastfeed\新建文件夹\server\bfbackend)
2020-02-22 17:20:37,235 [DEBUG] (StartupInfoLogger.java:53)- Running with Spring Boot v2.1.9.RELEASE, Spring v5.1.10.RELEASE
2020-02-22 17:20:37,235 [INFO] (SpringApplication.java:648)- No active profile set, falling back to default profiles: default
2020-02-22 17:20:41,957 [INFO] (StartupInfoLogger.java:59)- Started BreastApplication in 6.847 seconds (JVM running for 11.128)
2020-02-22 17:40:09,351 [INFO] (StartupInfoLogger.java:50)- Starting BreastApplication on LAPTOP-562395R3 with PID 18024 (started by 爱哭的周小姐 in D:\软件应用\java IDE\IntelliJ IDEA 2019.1\项目\breastfeed\新建文件夹\server\bfbackend)
2020-02-22 17:40:09,354 [DEBUG] (StartupInfoLogger.java:53)- Running with Spring Boot v2.1.9.RELEASE, Spring v5.1.10.RELEASE
2020-02-22 17:40:09,355 [INFO] (SpringApplication.java:648)- No active profile set, falling back to default profiles: default
2020-02-22 17:40:12,362 [INFO] (StartupInfoLogger.java:59)- Started BreastApplication in 3.626 seconds (JVM running for 6.472)
2020-02-22 17:41:30,247 [DEBUG] (BaseJdbcLogger.java:143)- ==>  Preparing: select id, user_name, user_password, token, name, consult_cost, license_number from doctor where token = ? 
2020-02-22 17:41:30,290 [DEBUG] (BaseJdbcLogger.java:143)- ==> Parameters: b1e071cfd4b74d2e89794641d68db84a(String)
2020-02-22 17:41:30,393 [DEBUG] (BaseJdbcLogger.java:143)- <==      Total: 1
2020-02-22 17:41:30,396 [DEBUG] (BaseJdbcLogger.java:143)- ==>  Preparing: select id, title, description, img_url, category from article 
2020-02-22 17:41:30,397 [DEBUG] (BaseJdbcLogger.java:143)- ==> Parameters: 
2020-02-22 17:41:30,468 [DEBUG] (BaseJdbcLogger.java:143)- <==      Total: 20
2020-02-22 17:41:30,469 [DEBUG] (BaseJdbcLogger.java:143)- ==>  Preparing: select id, title, vedioURL, cover_url, category, description from vedio 
2020-02-22 17:41:30,469 [DEBUG] (BaseJdbcLogger.java:143)- ==> Parameters: 
2020-02-22 17:41:30,541 [DEBUG] (BaseJdbcLogger.java:143)- <==      Total: 9
2020-02-22 17:41:30,541 [DEBUG] (BaseJdbcLogger.java:143)- ==>  Preparing: select id, title, audioURL, category, cover_url from audio 
2020-02-22 17:41:30,542 [DEBUG] (BaseJdbcLogger.java:143)- ==> Parameters: 
2020-02-22 17:41:30,619 [DEBUG] (BaseJdbcLogger.java:143)- <==      Total: 6
2020-02-22 17:42:13,291 [DEBUG] (BaseJdbcLogger.java:143)- ==>  Preparing: select id, user_name, user_password, token, name, consult_cost, license_number from doctor where token = ? 
2020-02-22 17:42:13,292 [DEBUG] (BaseJdbcLogger.java:143)- ==> Parameters: b1e071cfd4b74d2e89794641d68db84a(String)
2020-02-22 17:42:13,467 [DEBUG] (BaseJdbcLogger.java:143)- <==      Total: 1
2020-02-22 17:42:14,777 [DEBUG] (BaseJdbcLogger.java:143)- ==>  Preparing: select id, title, description, img_url, category from article 
2020-02-22 17:42:14,779 [DEBUG] (BaseJdbcLogger.java:143)- ==> Parameters: 
2020-02-22 17:42:14,782 [DEBUG] (BaseJdbcLogger.java:143)- ==>  Preparing: select id, title, audioURL, category, cover_url from audio 
2020-02-22 17:42:14,784 [DEBUG] (BaseJdbcLogger.java:143)- ==> Parameters: 
2020-02-22 17:42:14,941 [DEBUG] (BaseJdbcLogger.java:143)- <==      Total: 6
2020-02-22 17:42:14,942 [DEBUG] (BaseJdbcLogger.java:143)- <==      Total: 20
2020-02-22 17:42:14,945 [DEBUG] (BaseJdbcLogger.java:143)- ==>  Preparing: select id, title, vedioURL, cover_url, category, description from vedio 
2020-02-22 17:42:14,946 [DEBUG] (BaseJdbcLogger.java:143)- ==> Parameters: 
2020-02-22 17:42:15,034 [DEBUG] (BaseJdbcLogger.java:143)- <==      Total: 9
2020-02-22 17:43:44,299 [DEBUG] (BaseJdbcLogger.java:143)- ==>  Preparing: select user_id, age, credit_id, pregnant_type, pregnant_week, job, confinement_date, confinement_week, confinement_type, user_name, user_password, user_token from user where user_name = ? 
2020-02-22 17:43:44,301 [DEBUG] (BaseJdbcLogger.java:143)- ==> Parameters: 11111(String)
2020-02-22 17:43:44,389 [DEBUG] (BaseJdbcLogger.java:143)- <==      Total: 0
2020-02-22 17:43:44,392 [DEBUG] (BaseJdbcLogger.java:143)- ==>  Preparing: select user_id, age, credit_id, pregnant_type, pregnant_week, job, confinement_date, confinement_week, confinement_type, user_name, user_password, user_token from user where credit_id = ? 
2020-02-22 17:43:44,393 [DEBUG] (BaseJdbcLogger.java:143)- ==> Parameters: 440506199901220718(String)
2020-02-22 17:43:44,490 [DEBUG] (BaseJdbcLogger.java:143)- <==      Total: 0
2020-02-22 17:43:44,493 [DEBUG] (BaseJdbcLogger.java:143)- ==>  Preparing: insert into user (user_id, age, credit_id, pregnant_type, pregnant_week, job, confinement_date, confinement_week, confinement_type, user_name, user_password, user_token ) values (?, ?, ?, ?, ?, ?, ?, ?, ?, ?, ?, ? ) 
2020-02-22 17:43:44,504 [DEBUG] (BaseJdbcLogger.java:143)- ==> Parameters: null, 22(Integer), 440506199901220718(String), 1(Integer), 33(String), 33(String), null, null, null, 11111(String), 222222(String), 91a1001730924fda9c12d412a9788574(String)
2020-02-22 17:43:44,669 [DEBUG] (BaseJdbcLogger.java:143)- <==    Updates: 1
2020-02-22 17:50:26,070 [DEBUG] (BaseJdbcLogger.java:143)- ==>  Preparing: select user_id, age, credit_id, pregnant_type, pregnant_week, job, confinement_date, confinement_week, confinement_type, user_name, user_password, user_token from user where user_name = ? 
2020-02-22 17:50:26,071 [DEBUG] (BaseJdbcLogger.java:143)- ==> Parameters: 111112(String)
2020-02-22 17:50:26,139 [DEBUG] (BaseJdbcLogger.java:143)- <==      Total: 0
2020-02-22 17:50:26,140 [DEBUG] (BaseJdbcLogger.java:143)- ==>  Preparing: select user_id, age, credit_id, pregnant_type, pregnant_week, job, confinement_date, confinement_week, confinement_type, user_name, user_password, user_token from user where credit_id = ? 
2020-02-22 17:50:26,141 [DEBUG] (BaseJdbcLogger.java:143)- ==> Parameters: 440506199901220718(String)
2020-02-22 17:50:26,220 [DEBUG] (BaseJdbcLogger.java:143)- <==      Total: 1
2020-02-22 17:52:59,104 [DEBUG] (BaseJdbcLogger.java:143)- ==>  Preparing: select id, user_name, user_password, token, name, consult_cost, license_number from doctor where token = ? 
2020-02-22 17:52:59,105 [DEBUG] (BaseJdbcLogger.java:143)- ==> Parameters: b1e071cfd4b74d2e89794641d68db84a(String)
2020-02-22 17:52:59,177 [DEBUG] (BaseJdbcLogger.java:143)- <==      Total: 1
2020-02-22 17:53:00,657 [DEBUG] (BaseJdbcLogger.java:143)- ==>  Preparing: select id, title, description, img_url, category from article 
2020-02-22 17:53:00,658 [DEBUG] (BaseJdbcLogger.java:143)- ==> Parameters: 
2020-02-22 17:53:00,829 [DEBUG] (BaseJdbcLogger.java:143)- ==>  Preparing: select id, title, vedioURL, cover_url, category, description from vedio 
2020-02-22 17:53:00,830 [DEBUG] (BaseJdbcLogger.java:143)- ==> Parameters: 
2020-02-22 17:53:00,831 [DEBUG] (BaseJdbcLogger.java:143)- <==      Total: 20
2020-02-22 17:53:00,832 [DEBUG] (BaseJdbcLogger.java:143)- ==>  Preparing: select id, title, audioURL, category, cover_url from audio 
2020-02-22 17:53:00,833 [DEBUG] (BaseJdbcLogger.java:143)- ==> Parameters: 
2020-02-22 17:53:00,906 [DEBUG] (BaseJdbcLogger.java:143)- <==      Total: 9
2020-02-22 17:53:00,907 [DEBUG] (BaseJdbcLogger.java:143)- <==      Total: 6
2020-02-22 17:53:36,358 [DEBUG] (BaseJdbcLogger.java:143)- ==>  Preparing: select user_id, age, credit_id, pregnant_type, pregnant_week, job, confinement_date, confinement_week, confinement_type, user_name, user_password, user_token from user where user_name = ? 
2020-02-22 17:53:36,358 [DEBUG] (BaseJdbcLogger.java:143)- ==> Parameters: 222222(String)
2020-02-22 17:53:36,519 [DEBUG] (BaseJdbcLogger.java:143)- <==      Total: 0
2020-02-22 17:53:36,520 [DEBUG] (BaseJdbcLogger.java:143)- ==>  Preparing: select user_id, age, credit_id, pregnant_type, pregnant_week, job, confinement_date, confinement_week, confinement_type, user_name, user_password, user_token from user where credit_id = ? 
2020-02-22 17:53:36,521 [DEBUG] (BaseJdbcLogger.java:143)- ==> Parameters: 440582199805145147(String)
2020-02-22 17:53:36,679 [DEBUG] (BaseJdbcLogger.java:143)- <==      Total: 0
2020-02-22 17:53:36,680 [DEBUG] (BaseJdbcLogger.java:143)- ==>  Preparing: insert into user (user_id, age, credit_id, pregnant_type, pregnant_week, job, confinement_date, confinement_week, confinement_type, user_name, user_password, user_token ) values (?, ?, ?, ?, ?, ?, ?, ?, ?, ?, ?, ? ) 
2020-02-22 17:53:36,682 [DEBUG] (BaseJdbcLogger.java:143)- ==> Parameters: null, 33(Integer), 440582199805145147(String), 1(Integer), 33(String), 33(String), null, null, null, 222222(String), 111111(String), 668c1f74087e4a0cbdcff956bf318968(String)
2020-02-22 17:53:36,846 [DEBUG] (BaseJdbcLogger.java:143)- <==    Updates: 1
2020-02-22 17:56:15,563 [DEBUG] (BaseJdbcLogger.java:143)- ==>  Preparing: select id, user_name, user_password, token, name, consult_cost, license_number from doctor where token = ? 
2020-02-22 17:56:15,564 [DEBUG] (BaseJdbcLogger.java:143)- ==> Parameters: b1e071cfd4b74d2e89794641d68db84a(String)
2020-02-22 17:56:15,639 [DEBUG] (BaseJdbcLogger.java:143)- <==      Total: 1
2020-02-22 17:56:17,002 [DEBUG] (BaseJdbcLogger.java:143)- ==>  Preparing: select id, title, description, img_url, category from article 
2020-02-22 17:56:17,002 [DEBUG] (BaseJdbcLogger.java:143)- ==> Parameters: 
2020-02-22 17:56:17,169 [DEBUG] (BaseJdbcLogger.java:143)- ==>  Preparing: select id, title, audioURL, category, cover_url from audio 
2020-02-22 17:56:17,170 [DEBUG] (BaseJdbcLogger.java:143)- ==> Parameters: 
2020-02-22 17:56:17,172 [DEBUG] (BaseJdbcLogger.java:143)- <==      Total: 20
2020-02-22 17:56:17,175 [DEBUG] (BaseJdbcLogger.java:143)- ==>  Preparing: select id, title, vedioURL, cover_url, category, description from vedio 
2020-02-22 17:56:17,176 [DEBUG] (BaseJdbcLogger.java:143)- ==> Parameters: 
2020-02-22 17:56:17,247 [DEBUG] (BaseJdbcLogger.java:143)- <==      Total: 6
2020-02-22 17:56:17,256 [DEBUG] (BaseJdbcLogger.java:143)- <==      Total: 9
2020-02-22 17:56:45,782 [DEBUG] (BaseJdbcLogger.java:143)- ==>  Preparing: select user_id, age, credit_id, pregnant_type, pregnant_week, job, confinement_date, confinement_week, confinement_type, user_name, user_password, user_token from user where user_name = ? 
2020-02-22 17:56:45,783 [DEBUG] (BaseJdbcLogger.java:143)- ==> Parameters: 123(String)
2020-02-22 17:56:46,061 [DEBUG] (BaseJdbcLogger.java:143)- <==      Total: 0
2020-02-22 17:56:46,062 [DEBUG] (BaseJdbcLogger.java:143)- ==>  Preparing: select user_id, age, credit_id, pregnant_type, pregnant_week, job, confinement_date, confinement_week, confinement_type, user_name, user_password, user_token from user where credit_id = ? 
2020-02-22 17:56:46,063 [DEBUG] (BaseJdbcLogger.java:143)- ==> Parameters: 440582199805145142(String)
2020-02-22 17:56:46,146 [DEBUG] (BaseJdbcLogger.java:143)- <==      Total: 0
2020-02-22 17:56:46,147 [DEBUG] (BaseJdbcLogger.java:143)- ==>  Preparing: insert into user (user_id, age, credit_id, pregnant_type, pregnant_week, job, confinement_date, confinement_week, confinement_type, user_name, user_password, user_token ) values (?, ?, ?, ?, ?, ?, ?, ?, ?, ?, ?, ? ) 
2020-02-22 17:56:46,148 [DEBUG] (BaseJdbcLogger.java:143)- ==> Parameters: null, 33(Integer), 440582199805145142(String), 1(Integer), 3(String), 33(String), null, null, null, 123(String), 333333(String), c3447ca3304f47dc9969b410f273d089(String)
2020-02-22 17:56:46,296 [DEBUG] (BaseJdbcLogger.java:143)- <==    Updates: 1
2020-02-22 17:57:19,534 [DEBUG] (BaseJdbcLogger.java:143)- ==>  Preparing: select id, user_name, user_password, token, name, consult_cost, license_number from doctor where token = ? 
2020-02-22 17:57:19,535 [DEBUG] (BaseJdbcLogger.java:143)- ==> Parameters: b1e071cfd4b74d2e89794641d68db84a(String)
2020-02-22 17:57:19,700 [DEBUG] (BaseJdbcLogger.java:143)- <==      Total: 1
2020-02-22 17:57:21,225 [DEBUG] (BaseJdbcLogger.java:143)- ==>  Preparing: select id, title, description, img_url, category from article 
2020-02-22 17:57:21,226 [DEBUG] (BaseJdbcLogger.java:143)- ==> Parameters: 
2020-02-22 17:57:21,361 [DEBUG] (BaseJdbcLogger.java:143)- <==      Total: 20
2020-02-22 17:57:21,365 [DEBUG] (BaseJdbcLogger.java:143)- ==>  Preparing: select id, title, vedioURL, cover_url, category, description from vedio 
2020-02-22 17:57:21,365 [DEBUG] (BaseJdbcLogger.java:143)- ==> Parameters: 
2020-02-22 17:57:21,366 [DEBUG] (BaseJdbcLogger.java:143)- ==>  Preparing: select id, title, audioURL, category, cover_url from audio 
2020-02-22 17:57:21,367 [DEBUG] (BaseJdbcLogger.java:143)- ==> Parameters: 
2020-02-22 17:57:21,450 [DEBUG] (BaseJdbcLogger.java:143)- <==      Total: 6
2020-02-22 17:57:21,461 [DEBUG] (BaseJdbcLogger.java:143)- <==      Total: 9
2020-02-22 17:57:43,004 [DEBUG] (BaseJdbcLogger.java:143)- ==>  Preparing: select user_id, age, credit_id, pregnant_type, pregnant_week, job, confinement_date, confinement_week, confinement_type, user_name, user_password, user_token from user where user_name = ? 
2020-02-22 17:57:43,005 [DEBUG] (BaseJdbcLogger.java:143)- ==> Parameters: 234(String)
2020-02-22 17:57:43,129 [DEBUG] (BaseJdbcLogger.java:143)- <==      Total: 0
2020-02-22 17:57:43,130 [DEBUG] (BaseJdbcLogger.java:143)- ==>  Preparing: select user_id, age, credit_id, pregnant_type, pregnant_week, job, confinement_date, confinement_week, confinement_type, user_name, user_password, user_token from user where credit_id = ? 
2020-02-22 17:57:43,130 [DEBUG] (BaseJdbcLogger.java:143)- ==> Parameters: 440582199805145144(String)
2020-02-22 17:57:43,208 [DEBUG] (BaseJdbcLogger.java:143)- <==      Total: 0
2020-02-22 17:57:43,209 [DEBUG] (BaseJdbcLogger.java:143)- ==>  Preparing: insert into user (user_id, age, credit_id, pregnant_type, pregnant_week, job, confinement_date, confinement_week, confinement_type, user_name, user_password, user_token ) values (?, ?, ?, ?, ?, ?, ?, ?, ?, ?, ?, ? ) 
2020-02-22 17:57:43,210 [DEBUG] (BaseJdbcLogger.java:143)- ==> Parameters: null, 33(Integer), 440582199805145144(String), 1(Integer), 33(String), 33(String), null, null, null, 234(String), 333333(String), b83096167cf747949f825cd879a1a36f(String)
2020-02-22 17:57:43,381 [DEBUG] (BaseJdbcLogger.java:143)- <==    Updates: 1
2020-02-22 18:00:53,771 [DEBUG] (BaseJdbcLogger.java:143)- ==>  Preparing: select id, user_name, user_password, token, name, consult_cost, license_number from doctor where token = ? 
2020-02-22 18:00:53,772 [DEBUG] (BaseJdbcLogger.java:143)- ==> Parameters: b1e071cfd4b74d2e89794641d68db84a(String)
2020-02-22 18:00:53,848 [DEBUG] (BaseJdbcLogger.java:143)- <==      Total: 1
2020-02-22 18:00:55,244 [DEBUG] (BaseJdbcLogger.java:143)- ==>  Preparing: select id, title, description, img_url, category from article 
2020-02-22 18:00:55,245 [DEBUG] (BaseJdbcLogger.java:143)- ==> Parameters: 
2020-02-22 18:00:55,367 [DEBUG] (BaseJdbcLogger.java:143)- ==>  Preparing: select id, title, audioURL, category, cover_url from audio 
2020-02-22 18:00:55,368 [DEBUG] (BaseJdbcLogger.java:143)- ==> Parameters: 
2020-02-22 18:00:55,376 [DEBUG] (BaseJdbcLogger.java:143)- <==      Total: 20
2020-02-22 18:00:55,381 [DEBUG] (BaseJdbcLogger.java:143)- ==>  Preparing: select id, title, vedioURL, cover_url, category, description from vedio 
2020-02-22 18:00:55,381 [DEBUG] (BaseJdbcLogger.java:143)- ==> Parameters: 
2020-02-22 18:00:55,445 [DEBUG] (BaseJdbcLogger.java:143)- <==      Total: 6
2020-02-22 18:00:55,467 [DEBUG] (BaseJdbcLogger.java:143)- <==      Total: 9
2020-02-22 20:30:31,679 [INFO] (StartupInfoLogger.java:50)- Starting BreastApplication on LAPTOP-562395R3 with PID 9356 (started by 爱哭的周小姐 in D:\软件应用\java IDE\IntelliJ IDEA 2019.1\项目\breastfeed\新建文件夹\server\bfbackend)
2020-02-22 20:30:31,683 [DEBUG] (StartupInfoLogger.java:53)- Running with Spring Boot v2.1.9.RELEASE, Spring v5.1.10.RELEASE
2020-02-22 20:30:31,684 [INFO] (SpringApplication.java:648)- No active profile set, falling back to default profiles: default
2020-02-22 20:30:35,747 [INFO] (StartupInfoLogger.java:59)- Started BreastApplication in 4.752 seconds (JVM running for 8.679)
2020-02-22 20:32:21,677 [DEBUG] (BaseJdbcLogger.java:143)- ==>  Preparing: select id, user_name, user_password, token, name, consult_cost, license_number from doctor where token = ? 
2020-02-22 20:32:21,712 [DEBUG] (BaseJdbcLogger.java:143)- ==> Parameters: b1e071cfd4b74d2e89794641d68db84a(String)
2020-02-22 20:32:21,818 [DEBUG] (BaseJdbcLogger.java:143)- <==      Total: 1
2020-02-22 20:32:21,820 [DEBUG] (BaseJdbcLogger.java:143)- ==>  Preparing: select id, title, description, img_url, category from article 
2020-02-22 20:32:21,822 [DEBUG] (BaseJdbcLogger.java:143)- ==> Parameters: 
2020-02-22 20:32:21,955 [DEBUG] (BaseJdbcLogger.java:143)- <==      Total: 20
2020-02-22 20:32:21,956 [DEBUG] (BaseJdbcLogger.java:143)- ==>  Preparing: select id, title, audioURL, category, cover_url from audio 
2020-02-22 20:32:21,957 [DEBUG] (BaseJdbcLogger.java:143)- ==> Parameters: 
2020-02-22 20:32:22,041 [DEBUG] (BaseJdbcLogger.java:143)- <==      Total: 6
2020-02-22 20:32:22,042 [DEBUG] (BaseJdbcLogger.java:143)- ==>  Preparing: select id, title, vedioURL, cover_url, category, description from vedio 
2020-02-22 20:32:22,043 [DEBUG] (BaseJdbcLogger.java:143)- ==> Parameters: 
2020-02-22 20:32:22,122 [DEBUG] (BaseJdbcLogger.java:143)- <==      Total: 9
2020-02-22 20:33:36,243 [DEBUG] (BaseJdbcLogger.java:143)- ==>  Preparing: select id, title, vedioURL, cover_url, category, description from vedio 
2020-02-22 20:33:36,245 [DEBUG] (BaseJdbcLogger.java:143)- ==>  Preparing: select user_id, age, credit_id, pregnant_type, pregnant_week, job, confinement_date, confinement_week, confinement_type, user_name, user_password, user_token from user where user_name = ? 
2020-02-22 20:33:36,246 [DEBUG] (BaseJdbcLogger.java:143)- ==> Parameters: 
2020-02-22 20:33:36,247 [DEBUG] (BaseJdbcLogger.java:143)- ==> Parameters: dfds(String)
2020-02-22 20:33:36,333 [DEBUG] (BaseJdbcLogger.java:143)- <==      Total: 0
2020-02-22 20:33:36,335 [DEBUG] (BaseJdbcLogger.java:143)- ==>  Preparing: select user_id, age, credit_id, pregnant_type, pregnant_week, job, confinement_date, confinement_week, confinement_type, user_name, user_password, user_token from user where credit_id = ? 
2020-02-22 20:33:36,336 [DEBUG] (BaseJdbcLogger.java:143)- ==> Parameters: 440506199904120124(String)
2020-02-22 20:33:36,336 [DEBUG] (BaseJdbcLogger.java:143)- <==      Total: 9
2020-02-22 20:33:36,337 [DEBUG] (BaseJdbcLogger.java:143)- ==>  Preparing: select id, title, audioURL, category, cover_url from audio 
2020-02-22 20:33:36,340 [DEBUG] (BaseJdbcLogger.java:143)- ==> Parameters: 
2020-02-22 20:33:36,431 [DEBUG] (BaseJdbcLogger.java:143)- <==      Total: 0
2020-02-22 20:33:36,432 [DEBUG] (BaseJdbcLogger.java:143)- <==      Total: 6
2020-02-22 20:33:36,435 [DEBUG] (BaseJdbcLogger.java:143)- ==>  Preparing: insert into user (user_id, age, credit_id, pregnant_type, pregnant_week, job, confinement_date, confinement_week, confinement_type, user_name, user_password, user_token ) values (?, ?, ?, ?, ?, ?, ?, ?, ?, ?, ?, ? ) 
2020-02-22 20:33:36,436 [DEBUG] (BaseJdbcLogger.java:143)- ==> Parameters: null, 45(Integer), 440506199904120124(String), 1(Integer), 33(String), er(String), null, null, null, dfds(String), 888888(String), c27be29cae334797bba401ef13f67cdd(String)
2020-02-22 20:33:36,440 [DEBUG] (BaseJdbcLogger.java:143)- ==>  Preparing: select id, user_name, user_password, token, name, consult_cost, license_number from doctor where token = ? 
2020-02-22 20:33:36,441 [DEBUG] (BaseJdbcLogger.java:143)- ==> Parameters: b1e071cfd4b74d2e89794641d68db84a(String)
2020-02-22 20:33:36,525 [DEBUG] (BaseJdbcLogger.java:143)- <==      Total: 1
2020-02-22 20:33:36,527 [DEBUG] (BaseJdbcLogger.java:143)- ==>  Preparing: select id, title, description, img_url, category from article 
2020-02-22 20:33:36,528 [DEBUG] (BaseJdbcLogger.java:143)- ==> Parameters: 
2020-02-22 20:33:36,602 [DEBUG] (BaseJdbcLogger.java:143)- <==    Updates: 1
2020-02-22 20:33:36,632 [DEBUG] (BaseJdbcLogger.java:143)- <==      Total: 20
2020-02-22 20:33:50,721 [INFO] (StartupInfoLogger.java:50)- Starting BreastApplication on LAPTOP-562395R3 with PID 5144 (started by 爱哭的周小姐 in D:\软件应用\java IDE\IntelliJ IDEA 2019.1\项目\breastfeed\新建文件夹\server\bfbackend)
2020-02-22 20:33:50,724 [DEBUG] (StartupInfoLogger.java:53)- Running with Spring Boot v2.1.9.RELEASE, Spring v5.1.10.RELEASE
2020-02-22 20:33:50,725 [INFO] (SpringApplication.java:648)- No active profile set, falling back to default profiles: default
2020-02-22 20:33:53,888 [INFO] (StartupInfoLogger.java:59)- Started BreastApplication in 4.976 seconds (JVM running for 6.647)
2020-02-22 20:39:04,799 [DEBUG] (BaseJdbcLogger.java:143)- ==>  Preparing: select id, user_name, user_password, token, name, consult_cost, license_number from doctor where token = ? 
2020-02-22 20:39:04,829 [DEBUG] (BaseJdbcLogger.java:143)- ==> Parameters: b1e071cfd4b74d2e89794641d68db84a(String)
2020-02-22 20:39:04,961 [DEBUG] (BaseJdbcLogger.java:143)- <==      Total: 1
2020-02-22 20:39:04,965 [DEBUG] (BaseJdbcLogger.java:143)- ==>  Preparing: select id, title, description, img_url, category from article 
2020-02-22 20:39:04,966 [DEBUG] (BaseJdbcLogger.java:143)- ==> Parameters: 
2020-02-22 20:39:05,046 [DEBUG] (BaseJdbcLogger.java:143)- <==      Total: 20
2020-02-22 20:39:05,051 [DEBUG] (BaseJdbcLogger.java:143)- ==>  Preparing: select id, title, audioURL, category, cover_url from audio 
2020-02-22 20:39:05,051 [DEBUG] (BaseJdbcLogger.java:143)- ==> Parameters: 
2020-02-22 20:39:05,176 [DEBUG] (BaseJdbcLogger.java:143)- <==      Total: 6
2020-02-22 20:39:05,177 [DEBUG] (BaseJdbcLogger.java:143)- ==>  Preparing: select id, title, vedioURL, cover_url, category, description from vedio 
2020-02-22 20:39:05,178 [DEBUG] (BaseJdbcLogger.java:143)- ==> Parameters: 
2020-02-22 20:39:05,272 [DEBUG] (BaseJdbcLogger.java:143)- <==      Total: 9
2020-02-22 20:44:26,244 [DEBUG] (BaseJdbcLogger.java:143)- ==>  Preparing: select id, user_name, user_password, token, name, consult_cost, license_number from doctor where token = ? 
2020-02-22 20:44:26,244 [DEBUG] (BaseJdbcLogger.java:143)- ==> Parameters: b1e071cfd4b74d2e89794641d68db84a(String)
2020-02-22 20:44:26,371 [DEBUG] (BaseJdbcLogger.java:143)- <==      Total: 1
2020-02-22 20:44:28,084 [DEBUG] (BaseJdbcLogger.java:143)- ==>  Preparing: select id, title, description, img_url, category from article 
2020-02-22 20:44:28,086 [DEBUG] (BaseJdbcLogger.java:143)- ==> Parameters: 
2020-02-22 20:44:28,177 [DEBUG] (BaseJdbcLogger.java:143)- ==>  Preparing: select id, title, vedioURL, cover_url, category, description from vedio 
2020-02-22 20:44:28,178 [DEBUG] (BaseJdbcLogger.java:143)- ==> Parameters: 
2020-02-22 20:44:28,191 [DEBUG] (BaseJdbcLogger.java:143)- <==      Total: 20
2020-02-22 20:44:28,193 [DEBUG] (BaseJdbcLogger.java:143)- ==>  Preparing: select id, title, audioURL, category, cover_url from audio 
2020-02-22 20:44:28,194 [DEBUG] (BaseJdbcLogger.java:143)- ==> Parameters: 
2020-02-22 20:44:28,254 [DEBUG] (BaseJdbcLogger.java:143)- <==      Total: 9
2020-02-22 20:44:28,288 [DEBUG] (BaseJdbcLogger.java:143)- <==      Total: 6
2020-02-22 20:44:54,833 [DEBUG] (BaseJdbcLogger.java:143)- ==>  Preparing: select user_id, age, credit_id, pregnant_type, pregnant_week, job, confinement_date, confinement_week, confinement_type, user_name, user_password, user_token from user where user_name = ? 
2020-02-22 20:44:54,834 [DEBUG] (BaseJdbcLogger.java:143)- ==> Parameters: 546(String)
2020-02-22 20:44:54,996 [DEBUG] (BaseJdbcLogger.java:143)- <==      Total: 0
2020-02-22 20:44:54,997 [DEBUG] (BaseJdbcLogger.java:143)- ==>  Preparing: select user_id, age, credit_id, pregnant_type, pregnant_week, job, confinement_date, confinement_week, confinement_type, user_name, user_password, user_token from user where credit_id = ? 
2020-02-22 20:44:54,998 [DEBUG] (BaseJdbcLogger.java:143)- ==> Parameters: 440506199903123214(String)
2020-02-22 20:44:55,071 [DEBUG] (BaseJdbcLogger.java:143)- <==      Total: 0
2020-02-22 20:44:55,072 [DEBUG] (BaseJdbcLogger.java:143)- ==>  Preparing: insert into user (user_id, age, credit_id, pregnant_type, pregnant_week, job, confinement_date, confinement_week, confinement_type, user_name, user_password, user_token ) values (?, ?, ?, ?, ?, ?, ?, ?, ?, ?, ?, ? ) 
2020-02-22 20:44:55,081 [DEBUG] (BaseJdbcLogger.java:143)- ==> Parameters: null, 33(Integer), 440506199903123214(String), 11(Integer), null, 33(String), 2018-12-25(Date), 33(Integer), 1(Integer), 546(String), 222222(String), 9d2d88173a764d349ce5862f835143a3(String)
2020-02-22 20:44:55,229 [DEBUG] (BaseJdbcLogger.java:143)- <==    Updates: 1
2020-02-22 20:46:29,540 [DEBUG] (BaseJdbcLogger.java:143)- ==>  Preparing: select id, user_name, user_password, token, name, consult_cost, license_number from doctor where token = ? 
2020-02-22 20:46:29,540 [DEBUG] (BaseJdbcLogger.java:143)- ==> Parameters: b1e071cfd4b74d2e89794641d68db84a(String)
2020-02-22 20:46:29,629 [DEBUG] (BaseJdbcLogger.java:143)- <==      Total: 1
2020-02-22 20:46:29,630 [DEBUG] (BaseJdbcLogger.java:143)- ==>  Preparing: select id, title, vedioURL, cover_url, category, description from vedio 
2020-02-22 20:46:29,631 [DEBUG] (BaseJdbcLogger.java:143)- ==> Parameters: 
2020-02-22 20:46:29,641 [DEBUG] (BaseJdbcLogger.java:143)- ==>  Preparing: select id, title, description, img_url, category from article 
2020-02-22 20:46:29,641 [DEBUG] (BaseJdbcLogger.java:143)- ==> Parameters: 
2020-02-22 20:46:29,647 [DEBUG] (BaseJdbcLogger.java:143)- ==>  Preparing: select id, title, audioURL, category, cover_url from audio 
2020-02-22 20:46:29,647 [DEBUG] (BaseJdbcLogger.java:143)- ==> Parameters: 
2020-02-22 20:46:29,715 [DEBUG] (BaseJdbcLogger.java:143)- <==      Total: 9
2020-02-22 20:46:29,721 [DEBUG] (BaseJdbcLogger.java:143)- <==      Total: 6
2020-02-22 20:46:29,725 [DEBUG] (BaseJdbcLogger.java:143)- <==      Total: 20
>>>>>>> fc9aad5fc923e122b878968de1c81d642c41713c
2020-02-26 14:35:14,777 [INFO] (StartupInfoLogger.java:50)- Starting BreastApplication on LAPTOP-SKN1FD88 with PID 15752 (started by 12284 in F:\Ajava\A母乳喂养项目\breastfeed\server\bfbackend)
2020-02-26 14:35:14,787 [DEBUG] (StartupInfoLogger.java:53)- Running with Spring Boot v2.1.9.RELEASE, Spring v5.1.10.RELEASE
2020-02-26 14:35:14,789 [INFO] (SpringApplication.java:648)- No active profile set, falling back to default profiles: default
2020-02-26 14:35:20,608 [INFO] (StartupInfoLogger.java:59)- Started BreastApplication in 6.902 seconds (JVM running for 10.531)
2020-02-26 14:35:38,657 [DEBUG] (BaseJdbcLogger.java:143)- ==>  Preparing: select id, title, description, img_url, category from article 
2020-02-26 14:35:38,685 [DEBUG] (BaseJdbcLogger.java:143)- ==> Parameters: 
2020-02-26 14:35:38,758 [DEBUG] (BaseJdbcLogger.java:143)- <==      Total: 20
2020-02-26 14:35:38,761 [DEBUG] (BaseJdbcLogger.java:143)- ==>  Preparing: select id, title, vedioURL, cover_url, category, description from vedio 
2020-02-26 14:35:38,762 [DEBUG] (BaseJdbcLogger.java:143)- ==> Parameters: 
2020-02-26 14:35:38,805 [DEBUG] (BaseJdbcLogger.java:143)- <==      Total: 9
2020-02-26 14:35:38,806 [DEBUG] (BaseJdbcLogger.java:143)- ==>  Preparing: select id, title, audioURL, category, cover_url from audio 
2020-02-26 14:35:38,806 [DEBUG] (BaseJdbcLogger.java:143)- ==> Parameters: 
2020-02-26 14:35:38,850 [DEBUG] (BaseJdbcLogger.java:143)- <==      Total: 6
2020-02-26 14:38:06,197 [DEBUG] (BaseJdbcLogger.java:143)- ==>  Preparing: select id, title, description, img_url, category from article 
2020-02-26 14:38:06,198 [DEBUG] (BaseJdbcLogger.java:143)- ==> Parameters: 
2020-02-26 14:38:06,199 [DEBUG] (BaseJdbcLogger.java:143)- ==>  Preparing: select id, title, audioURL, category, cover_url from audio 
2020-02-26 14:38:06,200 [DEBUG] (BaseJdbcLogger.java:143)- ==> Parameters: 
2020-02-26 14:38:06,239 [DEBUG] (BaseJdbcLogger.java:143)- <==      Total: 20
2020-02-26 14:38:06,244 [DEBUG] (BaseJdbcLogger.java:143)- <==      Total: 6
2020-02-26 14:38:06,245 [DEBUG] (BaseJdbcLogger.java:143)- ==>  Preparing: select id, title, vedioURL, cover_url, category, description from vedio 
2020-02-26 14:38:06,250 [DEBUG] (BaseJdbcLogger.java:143)- ==> Parameters: 
2020-02-26 14:38:06,291 [DEBUG] (BaseJdbcLogger.java:143)- <==      Total: 9
2020-02-26 14:38:24,107 [DEBUG] (BaseJdbcLogger.java:143)- ==>  Preparing: select user_id, age, credit_id, pregnant_type, pregnant_week, job, confinement_date, confinement_week, confinement_type, user_name, user_password, user_token from user where user_name = ? 
2020-02-26 14:38:24,108 [DEBUG] (BaseJdbcLogger.java:143)- ==> Parameters: lyf(String)
2020-02-26 14:38:24,156 [DEBUG] (BaseJdbcLogger.java:143)- <==      Total: 1
2020-02-26 16:50:11,742 [INFO] (StartupInfoLogger.java:50)- Starting BreastApplication on LAPTOP-SKN1FD88 with PID 26548 (started by 12284 in F:\Ajava\A母乳喂养项目\breastfeed\server\bfbackend)
2020-02-26 16:50:11,760 [DEBUG] (StartupInfoLogger.java:53)- Running with Spring Boot v2.1.9.RELEASE, Spring v5.1.10.RELEASE
2020-02-26 16:50:11,761 [INFO] (SpringApplication.java:648)- No active profile set, falling back to default profiles: default
2020-02-26 16:50:16,862 [INFO] (StartupInfoLogger.java:59)- Started BreastApplication in 6.206 seconds (JVM running for 11.922)
2020-02-26 16:50:45,668 [DEBUG] (BaseJdbcLogger.java:143)- ==>  Preparing: select user_id, age, credit_id, pregnant_type, pregnant_week, job, confinement_date, confinement_week, confinement_type, user_name, user_password, user_token from user where user_name = ? 
2020-02-26 16:50:45,737 [DEBUG] (BaseJdbcLogger.java:143)- ==> Parameters: lllr(String)
2020-02-26 16:50:45,875 [DEBUG] (BaseJdbcLogger.java:143)- <==      Total: 0
2020-02-26 16:50:45,878 [DEBUG] (BaseJdbcLogger.java:143)- ==>  Preparing: select user_id, age, credit_id, pregnant_type, pregnant_week, job, confinement_date, confinement_week, confinement_type, user_name, user_password, user_token from user where credit_id = ? 
2020-02-26 16:50:45,879 [DEBUG] (BaseJdbcLogger.java:143)- ==> Parameters: 440582199705127541(String)
2020-02-26 16:50:45,987 [DEBUG] (BaseJdbcLogger.java:143)- <==      Total: 0
2020-02-26 16:50:45,989 [DEBUG] (BaseJdbcLogger.java:143)- ==>  Preparing: insert into user (user_id, age, credit_id, pregnant_type, pregnant_week, job, confinement_date, confinement_week, confinement_type, user_name, user_password, user_token ) values (?, ?, ?, ?, ?, ?, ?, ?, ?, ?, ?, ? ) 
2020-02-26 16:50:45,993 [DEBUG] (BaseJdbcLogger.java:143)- ==> Parameters: null, 18(Integer), 440582199705127541(String), 1(Integer), 30(String), dsa(String), null, null, null, lllr(String), 21a217d114a6830b83e92cf80dd80073(String), 84630670323e40e38285075d1abefc0d(String)
2020-02-26 16:50:46,222 [DEBUG] (BaseJdbcLogger.java:143)- <==    Updates: 1
2020-02-26 16:55:11,333 [DEBUG] (BaseJdbcLogger.java:143)- ==>  Preparing: select user_id, age, credit_id, pregnant_type, pregnant_week, job, confinement_date, confinement_week, confinement_type, user_name, user_password, user_token from user where user_token = ? 
2020-02-26 16:55:11,334 [DEBUG] (BaseJdbcLogger.java:143)- ==> Parameters: bd4229cfb1bb4d56aa92cbca15649714(String)
2020-02-26 16:55:11,456 [DEBUG] (BaseJdbcLogger.java:143)- <==      Total: 1
2020-02-26 16:55:11,457 [DEBUG] (BaseJdbcLogger.java:143)- ==>  Preparing: select id, title, description, img_url, category from article 
2020-02-26 16:55:11,459 [DEBUG] (BaseJdbcLogger.java:143)- ==> Parameters: 
2020-02-26 16:55:11,636 [DEBUG] (BaseJdbcLogger.java:143)- <==      Total: 20
2020-02-26 16:55:11,637 [DEBUG] (BaseJdbcLogger.java:143)- ==>  Preparing: select id, title, audioURL, category, cover_url from audio 
2020-02-26 16:55:11,638 [DEBUG] (BaseJdbcLogger.java:143)- ==> Parameters: 
2020-02-26 16:55:11,802 [DEBUG] (BaseJdbcLogger.java:143)- <==      Total: 6
2020-02-26 16:55:11,805 [DEBUG] (BaseJdbcLogger.java:143)- ==>  Preparing: select id, title, vedioURL, cover_url, category, description from vedio 
2020-02-26 16:55:11,807 [DEBUG] (BaseJdbcLogger.java:143)- ==> Parameters: 
2020-02-26 16:55:11,946 [DEBUG] (BaseJdbcLogger.java:143)- <==      Total: 9
2020-02-26 18:12:57,348 [INFO] (StartupInfoLogger.java:50)- Starting BreastApplication on LAPTOP-SKN1FD88 with PID 25872 (started by 12284 in F:\Ajava\A母乳喂养项目\breastfeed\server\bfbackend)
2020-02-26 18:12:57,359 [DEBUG] (StartupInfoLogger.java:53)- Running with Spring Boot v2.1.9.RELEASE, Spring v5.1.10.RELEASE
2020-02-26 18:12:57,360 [INFO] (SpringApplication.java:648)- No active profile set, falling back to default profiles: default
2020-02-26 18:13:02,170 [INFO] (StartupInfoLogger.java:59)- Started BreastApplication in 6.703 seconds (JVM running for 11.13)
2020-02-26 18:13:40,335 [DEBUG] (BaseJdbcLogger.java:143)- ==>  Preparing: select user_id, age, credit_id, pregnant_type, pregnant_week, job, confinement_date, confinement_week, confinement_type, user_name, user_password, user_token from user where user_name = ? 
2020-02-26 18:13:40,392 [DEBUG] (BaseJdbcLogger.java:143)- ==> Parameters: abc(String)
2020-02-26 18:13:40,545 [DEBUG] (BaseJdbcLogger.java:143)- <==      Total: 0
2020-02-26 18:13:40,553 [DEBUG] (BaseJdbcLogger.java:143)- ==>  Preparing: select user_id, age, credit_id, pregnant_type, pregnant_week, job, confinement_date, confinement_week, confinement_type, user_name, user_password, user_token from user where credit_id = ? 
2020-02-26 18:13:40,554 [DEBUG] (BaseJdbcLogger.java:143)- ==> Parameters: 440582199205127532(String)
2020-02-26 18:13:40,718 [DEBUG] (BaseJdbcLogger.java:143)- <==      Total: 0
2020-02-26 18:13:40,719 [DEBUG] (BaseJdbcLogger.java:143)- ==>  Preparing: insert into user (user_id, age, credit_id, pregnant_type, pregnant_week, job, confinement_date, confinement_week, confinement_type, user_name, user_password, user_token ) values (?, ?, ?, ?, ?, ?, ?, ?, ?, ?, ?, ? ) 
2020-02-26 18:13:40,721 [DEBUG] (BaseJdbcLogger.java:143)- ==> Parameters: null, 13(Integer), 440582199205127532(String), 1(Integer), 20(String), 2sd(String), null, null, null, abc(String), 21a217d114a6830b83e92cf80dd80073(String), c2155b289a134e59b825e8afc391b417(String)
2020-02-26 18:13:40,946 [DEBUG] (BaseJdbcLogger.java:143)- <==    Updates: 1
2020-02-26 18:14:39,678 [DEBUG] (BaseJdbcLogger.java:143)- ==>  Preparing: select user_id, age, credit_id, pregnant_type, pregnant_week, job, confinement_date, confinement_week, confinement_type, user_name, user_password, user_token from user where user_token = ? 
2020-02-26 18:14:39,679 [DEBUG] (BaseJdbcLogger.java:143)- ==> Parameters: bd4229cfb1bb4d56aa92cbca15649714(String)
2020-02-26 18:14:39,807 [DEBUG] (BaseJdbcLogger.java:143)- <==      Total: 1
2020-02-26 18:14:40,000 [DEBUG] (BaseJdbcLogger.java:143)- ==>  Preparing: select id, title, audioURL, category, cover_url from audio 
2020-02-26 18:14:40,004 [DEBUG] (BaseJdbcLogger.java:143)- ==> Parameters: 
2020-02-26 18:14:40,203 [DEBUG] (BaseJdbcLogger.java:143)- <==      Total: 6
2020-02-26 18:14:40,205 [DEBUG] (BaseJdbcLogger.java:143)- ==>  Preparing: select id, title, description, img_url, category from article 
2020-02-26 18:14:40,208 [DEBUG] (BaseJdbcLogger.java:143)- ==> Parameters: 
2020-02-26 18:14:40,336 [DEBUG] (BaseJdbcLogger.java:143)- <==      Total: 20
2020-02-26 18:14:40,338 [DEBUG] (BaseJdbcLogger.java:143)- ==>  Preparing: select id, title, vedioURL, cover_url, category, description from vedio 
2020-02-26 18:14:40,341 [DEBUG] (BaseJdbcLogger.java:143)- ==> Parameters: 
2020-02-26 18:14:40,494 [DEBUG] (BaseJdbcLogger.java:143)- <==      Total: 9
2020-02-26 18:15:34,481 [DEBUG] (BaseJdbcLogger.java:143)- ==>  Preparing: select user_id, age, credit_id, pregnant_type, pregnant_week, job, confinement_date, confinement_week, confinement_type, user_name, user_password, user_token from user where user_name = ? 
2020-02-26 18:15:34,482 [DEBUG] (BaseJdbcLogger.java:143)- ==> Parameters: abcc(String)
2020-02-26 18:15:35,561 [DEBUG] (BaseJdbcLogger.java:143)- <==      Total: 0
2020-02-26 18:15:35,562 [DEBUG] (BaseJdbcLogger.java:143)- ==>  Preparing: select user_id, age, credit_id, pregnant_type, pregnant_week, job, confinement_date, confinement_week, confinement_type, user_name, user_password, user_token from user where credit_id = ? 
2020-02-26 18:15:35,562 [DEBUG] (BaseJdbcLogger.java:143)- ==> Parameters: 440582199505127523(String)
2020-02-26 18:15:36,923 [DEBUG] (BaseJdbcLogger.java:143)- <==      Total: 0
2020-02-26 18:15:36,924 [DEBUG] (BaseJdbcLogger.java:143)- ==>  Preparing: insert into user (user_id, age, credit_id, pregnant_type, pregnant_week, job, confinement_date, confinement_week, confinement_type, user_name, user_password, user_token ) values (?, ?, ?, ?, ?, ?, ?, ?, ?, ?, ?, ? ) 
2020-02-26 18:15:36,926 [DEBUG] (BaseJdbcLogger.java:143)- ==> Parameters: null, 30(Integer), 440582199505127523(String), 1(Integer), 30(String), sd(String), null, null, null, abcc(String), dd4c106fa236236a9fe656a9ea7f2728(String), 4ff43bbfa5a44982b573fd7391bb0009(String)
2020-02-26 18:15:52,048 [DEBUG] (BaseJdbcLogger.java:143)- <==    Updates: 1
2020-02-26 18:16:04,603 [DEBUG] (BaseJdbcLogger.java:143)- ==>  Preparing: select user_id, age, credit_id, pregnant_type, pregnant_week, job, confinement_date, confinement_week, confinement_type, user_name, user_password, user_token from user where user_name = ? 
2020-02-26 18:16:04,604 [DEBUG] (BaseJdbcLogger.java:143)- ==> Parameters: abcc(String)
2020-02-26 18:16:05,160 [DEBUG] (BaseJdbcLogger.java:143)- <==      Total: 1
2020-02-26 21:19:42,784 [INFO] (StartupInfoLogger.java:50)- Starting BreastApplication on LAPTOP-SKN1FD88 with PID 27160 (started by 12284 in F:\Ajava\A母乳喂养项目\breastfeed\server\bfbackend)
2020-02-26 21:19:42,801 [DEBUG] (StartupInfoLogger.java:53)- Running with Spring Boot v2.1.9.RELEASE, Spring v5.1.10.RELEASE
2020-02-26 21:19:42,802 [INFO] (SpringApplication.java:648)- No active profile set, falling back to default profiles: default
2020-02-26 21:19:48,989 [INFO] (StartupInfoLogger.java:59)- Started BreastApplication in 7.201 seconds (JVM running for 11.433)
2020-02-26 21:20:17,865 [DEBUG] (BaseJdbcLogger.java:143)- ==>  Preparing: select user_id, age, credit_id, pregnant_type, pregnant_week, job, confinement_date, confinement_week, confinement_type, user_name, user_password, user_token from user where user_token = ? 
2020-02-26 21:20:17,940 [DEBUG] (BaseJdbcLogger.java:143)- ==> Parameters: 4ff43bbfa5a44982b573fd7391bb0009(String)
2020-02-26 21:20:18,101 [DEBUG] (BaseJdbcLogger.java:143)- <==      Total: 1
2020-02-26 21:20:18,110 [DEBUG] (BaseJdbcLogger.java:143)- ==>  Preparing: select id, title, vedioURL, cover_url, category, description from vedio 
2020-02-26 21:20:18,111 [DEBUG] (BaseJdbcLogger.java:143)- ==> Parameters: 
2020-02-26 21:20:18,256 [DEBUG] (BaseJdbcLogger.java:143)- <==      Total: 9
2020-02-26 21:20:18,258 [DEBUG] (BaseJdbcLogger.java:143)- ==>  Preparing: select id, title, description, img_url, category from article 
2020-02-26 21:20:18,260 [DEBUG] (BaseJdbcLogger.java:143)- ==> Parameters: 
2020-02-26 21:20:18,359 [DEBUG] (BaseJdbcLogger.java:143)- <==      Total: 20
2020-02-26 21:20:18,360 [DEBUG] (BaseJdbcLogger.java:143)- ==>  Preparing: select id, title, audioURL, category, cover_url from audio 
2020-02-26 21:20:18,360 [DEBUG] (BaseJdbcLogger.java:143)- ==> Parameters: 
2020-02-26 21:20:18,499 [DEBUG] (BaseJdbcLogger.java:143)- <==      Total: 6
2020-02-26 21:22:47,789 [INFO] (StartupInfoLogger.java:50)- Starting BreastApplication on LAPTOP-SKN1FD88 with PID 4012 (started by 12284 in F:\Ajava\A母乳喂养项目\breastfeed\server\bfbackend)
2020-02-26 21:22:47,837 [DEBUG] (StartupInfoLogger.java:53)- Running with Spring Boot v2.1.9.RELEASE, Spring v5.1.10.RELEASE
2020-02-26 21:22:47,838 [INFO] (SpringApplication.java:648)- No active profile set, falling back to default profiles: default
2020-02-26 21:23:35,278 [INFO] (StartupInfoLogger.java:50)- Starting BreastApplication on LAPTOP-SKN1FD88 with PID 9204 (started by 12284 in F:\Ajava\A母乳喂养项目\breastfeed\server\bfbackend)
2020-02-26 21:23:35,281 [DEBUG] (StartupInfoLogger.java:53)- Running with Spring Boot v2.1.9.RELEASE, Spring v5.1.10.RELEASE
2020-02-26 21:23:35,282 [INFO] (SpringApplication.java:648)- No active profile set, falling back to default profiles: default
2020-02-26 21:23:38,512 [INFO] (StartupInfoLogger.java:59)- Started BreastApplication in 4.006 seconds (JVM running for 6.379)
2020-02-26 21:23:55,312 [DEBUG] (BaseJdbcLogger.java:143)- ==>  Preparing: select user_id, age, credit_id, pregnant_type, pregnant_week, job, confinement_date, confinement_week, confinement_type, user_name, user_password, user_token from user where user_token = ? 
2020-02-26 21:23:55,339 [DEBUG] (BaseJdbcLogger.java:143)- ==> Parameters: 4ff43bbfa5a44982b573fd7391bb0009(String)
2020-02-26 21:23:55,496 [DEBUG] (BaseJdbcLogger.java:143)- <==      Total: 1
2020-02-26 21:23:55,505 [DEBUG] (BaseJdbcLogger.java:143)- ==>  Preparing: select id, title, description, img_url, category from article 
2020-02-26 21:23:55,507 [DEBUG] (BaseJdbcLogger.java:143)- ==> Parameters: 
2020-02-26 21:23:55,623 [DEBUG] (BaseJdbcLogger.java:143)- <==      Total: 20
2020-02-26 21:23:55,625 [DEBUG] (BaseJdbcLogger.java:143)- ==>  Preparing: select id, title, vedioURL, cover_url, category, description from vedio 
2020-02-26 21:23:55,627 [DEBUG] (BaseJdbcLogger.java:143)- ==> Parameters: 
2020-02-26 21:23:55,798 [DEBUG] (BaseJdbcLogger.java:143)- <==      Total: 9
2020-02-26 21:23:55,798 [DEBUG] (BaseJdbcLogger.java:143)- ==>  Preparing: select id, title, audioURL, category, cover_url from audio 
2020-02-26 21:23:55,799 [DEBUG] (BaseJdbcLogger.java:143)- ==> Parameters: 
2020-02-26 21:23:55,938 [DEBUG] (BaseJdbcLogger.java:143)- <==      Total: 6
2020-02-26 21:26:38,021 [INFO] (StartupInfoLogger.java:50)- Starting BreastApplication on LAPTOP-SKN1FD88 with PID 20752 (started by 12284 in F:\Ajava\A母乳喂养项目\breastfeed\server\bfbackend)
2020-02-26 21:26:38,025 [DEBUG] (StartupInfoLogger.java:53)- Running with Spring Boot v2.1.9.RELEASE, Spring v5.1.10.RELEASE
2020-02-26 21:26:38,025 [INFO] (SpringApplication.java:648)- No active profile set, falling back to default profiles: default
2020-02-26 21:26:40,544 [INFO] (StartupInfoLogger.java:59)- Started BreastApplication in 3.231 seconds (JVM running for 5.431)
2020-02-26 21:26:54,969 [DEBUG] (BaseJdbcLogger.java:143)- ==>  Preparing: select user_id, age, credit_id, pregnant_type, pregnant_week, job, confinement_date, confinement_week, confinement_type, user_name, user_password, user_token from user where user_token = ? 
2020-02-26 21:26:55,053 [DEBUG] (BaseJdbcLogger.java:143)- ==> Parameters: 4ff43bbfa5a44982b573fd7391bb0009(String)
2020-02-26 21:26:55,311 [DEBUG] (BaseJdbcLogger.java:143)- <==      Total: 1
2020-02-26 21:26:55,314 [DEBUG] (BaseJdbcLogger.java:143)- ==>  Preparing: select id, title, vedioURL, cover_url, category, description from vedio 
2020-02-26 21:26:55,315 [DEBUG] (BaseJdbcLogger.java:143)- ==> Parameters: 
2020-02-26 21:26:55,555 [DEBUG] (BaseJdbcLogger.java:143)- <==      Total: 9
2020-02-26 21:26:55,566 [DEBUG] (BaseJdbcLogger.java:143)- ==>  Preparing: select id, title, audioURL, category, cover_url from audio 
2020-02-26 21:26:55,568 [DEBUG] (BaseJdbcLogger.java:143)- ==> Parameters: 
2020-02-26 21:26:55,732 [DEBUG] (BaseJdbcLogger.java:143)- <==      Total: 6
2020-02-26 21:26:55,733 [DEBUG] (BaseJdbcLogger.java:143)- ==>  Preparing: select id, title, description, img_url, category from article 
2020-02-26 21:26:55,734 [DEBUG] (BaseJdbcLogger.java:143)- ==> Parameters: 
2020-02-26 21:26:55,875 [DEBUG] (BaseJdbcLogger.java:143)- <==      Total: 20
2020-02-26 21:30:16,765 [INFO] (StartupInfoLogger.java:50)- Starting BreastApplication on LAPTOP-SKN1FD88 with PID 12600 (started by 12284 in F:\Ajava\A母乳喂养项目\breastfeed\server\bfbackend)
2020-02-26 21:30:16,768 [DEBUG] (StartupInfoLogger.java:53)- Running with Spring Boot v2.1.9.RELEASE, Spring v5.1.10.RELEASE
2020-02-26 21:30:16,769 [INFO] (SpringApplication.java:648)- No active profile set, falling back to default profiles: default
2020-02-26 21:30:19,394 [INFO] (StartupInfoLogger.java:59)- Started BreastApplication in 3.394 seconds (JVM running for 5.575)
2020-02-26 21:30:29,254 [DEBUG] (BaseJdbcLogger.java:143)- ==>  Preparing: select user_id, age, credit_id, pregnant_type, pregnant_week, job, confinement_date, confinement_week, confinement_type, user_name, user_password, user_token from user where user_name = ? 
2020-02-26 21:30:29,277 [DEBUG] (BaseJdbcLogger.java:143)- ==> Parameters: abbc(String)
2020-02-26 21:30:29,390 [DEBUG] (BaseJdbcLogger.java:143)- <==      Total: 0
2020-02-26 21:30:29,393 [DEBUG] (BaseJdbcLogger.java:143)- ==>  Preparing: select user_id, age, credit_id, pregnant_type, pregnant_week, job, confinement_date, confinement_week, confinement_type, user_name, user_password, user_token from user where credit_id = ? 
2020-02-26 21:30:29,394 [DEBUG] (BaseJdbcLogger.java:143)- ==> Parameters: asd(String)
2020-02-26 21:30:29,489 [DEBUG] (BaseJdbcLogger.java:143)- <==      Total: 0
2020-02-26 21:30:29,490 [DEBUG] (BaseJdbcLogger.java:143)- ==>  Preparing: insert into user (user_id, age, credit_id, pregnant_type, pregnant_week, job, confinement_date, confinement_week, confinement_type, user_name, user_password, user_token ) values (?, ?, ?, ?, ?, ?, ?, ?, ?, ?, ?, ? ) 
2020-02-26 21:30:29,492 [DEBUG] (BaseJdbcLogger.java:143)- ==> Parameters: null, 15(Integer), asd(String), 11(Integer), null, ad(String), null, null, null, abbc(String), 21a217d114a6830b83e92cf80dd80073(String), 664f0445493d4584b5355b054dab40c9(String)
2020-02-26 21:30:29,694 [DEBUG] (BaseJdbcLogger.java:143)- <==    Updates: 1
2020-02-26 21:32:21,129 [INFO] (StartupInfoLogger.java:50)- Starting BreastApplication on LAPTOP-SKN1FD88 with PID 25816 (started by 12284 in F:\Ajava\A母乳喂养项目\breastfeed\server\bfbackend)
2020-02-26 21:32:21,133 [DEBUG] (StartupInfoLogger.java:53)- Running with Spring Boot v2.1.9.RELEASE, Spring v5.1.10.RELEASE
2020-02-26 21:32:21,133 [INFO] (SpringApplication.java:648)- No active profile set, falling back to default profiles: default
2020-02-26 21:32:23,881 [INFO] (StartupInfoLogger.java:59)- Started BreastApplication in 3.38 seconds (JVM running for 5.69)
2020-02-26 21:32:49,704 [DEBUG] (BaseJdbcLogger.java:143)- ==>  Preparing: select user_id, age, credit_id, pregnant_type, pregnant_week, job, confinement_date, confinement_week, confinement_type, user_name, user_password, user_token from user where user_name = ? 
2020-02-26 21:32:49,762 [DEBUG] (BaseJdbcLogger.java:143)- ==> Parameters: abbc(String)
2020-02-26 21:32:49,917 [DEBUG] (BaseJdbcLogger.java:143)- <==      Total: 0
2020-02-26 21:32:49,925 [DEBUG] (BaseJdbcLogger.java:143)- ==>  Preparing: select user_id, age, credit_id, pregnant_type, pregnant_week, job, confinement_date, confinement_week, confinement_type, user_name, user_password, user_token from user where credit_id = ? 
2020-02-26 21:32:49,927 [DEBUG] (BaseJdbcLogger.java:143)- ==> Parameters: asd(String)
2020-02-26 21:32:50,025 [DEBUG] (BaseJdbcLogger.java:143)- <==      Total: 0
2020-02-26 21:32:50,027 [DEBUG] (BaseJdbcLogger.java:143)- ==>  Preparing: insert into user (user_id, age, credit_id, pregnant_type, pregnant_week, job, confinement_date, confinement_week, confinement_type, user_name, user_password, user_token ) values (?, ?, ?, ?, ?, ?, ?, ?, ?, ?, ?, ? ) 
2020-02-26 21:32:50,030 [DEBUG] (BaseJdbcLogger.java:143)- ==> Parameters: null, 15(Integer), asd(String), 1(Integer), 20(String), ad(String), null, null, null, abbc(String), 21a217d114a6830b83e92cf80dd80073(String), 124365149ef64866abb17738f7a2e933(String)
2020-02-26 21:32:50,227 [DEBUG] (BaseJdbcLogger.java:143)- <==    Updates: 1
2020-02-26 21:35:30,874 [INFO] (StartupInfoLogger.java:50)- Starting BreastApplication on LAPTOP-SKN1FD88 with PID 3724 (started by 12284 in F:\Ajava\A母乳喂养项目\breastfeed\server\bfbackend)
2020-02-26 21:35:30,877 [DEBUG] (StartupInfoLogger.java:53)- Running with Spring Boot v2.1.9.RELEASE, Spring v5.1.10.RELEASE
2020-02-26 21:35:30,878 [INFO] (SpringApplication.java:648)- No active profile set, falling back to default profiles: default
2020-02-26 21:35:34,487 [INFO] (StartupInfoLogger.java:59)- Started BreastApplication in 4.319 seconds (JVM running for 6.77)
2020-02-26 21:36:39,818 [DEBUG] (BaseJdbcLogger.java:143)- ==>  Preparing: select user_id, age, credit_id, pregnant_type, pregnant_week, job, confinement_date, confinement_week, confinement_type, user_name, user_password, user_token from user where user_name = ? 
2020-02-26 21:36:39,870 [DEBUG] (BaseJdbcLogger.java:143)- ==> Parameters: dasd(String)
2020-02-26 21:36:40,147 [DEBUG] (BaseJdbcLogger.java:143)- <==      Total: 0
2020-02-26 21:36:40,151 [DEBUG] (BaseJdbcLogger.java:143)- ==>  Preparing: select user_id, age, credit_id, pregnant_type, pregnant_week, job, confinement_date, confinement_week, confinement_type, user_name, user_password, user_token from user where credit_id = ? 
2020-02-26 21:36:40,152 [DEBUG] (BaseJdbcLogger.java:143)- ==> Parameters: sad(String)
2020-02-26 21:36:40,859 [DEBUG] (BaseJdbcLogger.java:143)- <==      Total: 0
2020-02-26 21:36:40,861 [DEBUG] (BaseJdbcLogger.java:143)- ==>  Preparing: insert into user (user_id, age, credit_id, pregnant_type, pregnant_week, job, confinement_date, confinement_week, confinement_type, user_name, user_password, user_token ) values (?, ?, ?, ?, ?, ?, ?, ?, ?, ?, ?, ? ) 
2020-02-26 21:36:40,866 [DEBUG] (BaseJdbcLogger.java:143)- ==> Parameters: null, 18(Integer), sad(String), 1(Integer), 20(String), das(String), null, null, null, dasd(String), 21a217d114a6830b83e92cf80dd80073(String), a3e8124b3d5745068ceb94fa79fda4d6(String)
2020-02-26 21:36:41,116 [DEBUG] (BaseJdbcLogger.java:143)- <==    Updates: 1
2020-02-26 21:42:34,291 [INFO] (StartupInfoLogger.java:50)- Starting BreastApplication on LAPTOP-SKN1FD88 with PID 26960 (started by 12284 in F:\Ajava\A母乳喂养项目\breastfeed\server\bfbackend)
2020-02-26 21:42:34,307 [DEBUG] (StartupInfoLogger.java:53)- Running with Spring Boot v2.1.9.RELEASE, Spring v5.1.10.RELEASE
2020-02-26 21:42:34,311 [INFO] (SpringApplication.java:648)- No active profile set, falling back to default profiles: default
2020-02-26 21:42:37,333 [INFO] (StartupInfoLogger.java:59)- Started BreastApplication in 3.853 seconds (JVM running for 6.272)
2020-02-26 21:43:29,676 [DEBUG] (BaseJdbcLogger.java:143)- ==>  Preparing: select user_id, age, credit_id, pregnant_type, pregnant_week, job, confinement_date, confinement_week, confinement_type, user_name, user_password, user_token from user where user_name = ? 
2020-02-26 21:43:29,744 [DEBUG] (BaseJdbcLogger.java:143)- ==> Parameters: dsada(String)
2020-02-26 21:43:29,892 [DEBUG] (BaseJdbcLogger.java:143)- <==      Total: 0
2020-02-26 21:43:29,899 [DEBUG] (BaseJdbcLogger.java:143)- ==>  Preparing: select user_id, age, credit_id, pregnant_type, pregnant_week, job, confinement_date, confinement_week, confinement_type, user_name, user_password, user_token from user where credit_id = ? 
2020-02-26 21:43:29,901 [DEBUG] (BaseJdbcLogger.java:143)- ==> Parameters: dfgd(String)
2020-02-26 21:43:30,017 [DEBUG] (BaseJdbcLogger.java:143)- <==      Total: 0
2020-02-26 21:43:30,020 [DEBUG] (BaseJdbcLogger.java:143)- ==>  Preparing: insert into user (user_id, age, credit_id, pregnant_type, pregnant_week, job, confinement_date, confinement_week, confinement_type, user_name, user_password, user_token ) values (?, ?, ?, ?, ?, ?, ?, ?, ?, ?, ?, ? ) 
2020-02-26 21:43:30,024 [DEBUG] (BaseJdbcLogger.java:143)- ==> Parameters: null, 20(Integer), dfgd(String), 1(Integer), 30(String), dfds(String), null, null, null, dsada(String), 75faf08c037d8ffd96eec0a413a017fe(String), 1db5ede0cf114acc8fb89463ca1bf8df(String)
2020-02-26 21:43:30,214 [DEBUG] (BaseJdbcLogger.java:143)- <==    Updates: 1
2020-02-26 21:52:56,210 [INFO] (StartupInfoLogger.java:50)- Starting BreastApplication on LAPTOP-SKN1FD88 with PID 4852 (started by 12284 in F:\Ajava\A母乳喂养项目\breastfeed\server\bfbackend)
2020-02-26 21:52:56,214 [DEBUG] (StartupInfoLogger.java:53)- Running with Spring Boot v2.1.9.RELEASE, Spring v5.1.10.RELEASE
2020-02-26 21:52:56,214 [INFO] (SpringApplication.java:648)- No active profile set, falling back to default profiles: default
2020-02-26 21:52:59,245 [INFO] (StartupInfoLogger.java:59)- Started BreastApplication in 3.963 seconds (JVM running for 6.246)
2020-02-26 21:53:22,824 [INFO] (StartupInfoLogger.java:50)- Starting BreastApplication on LAPTOP-SKN1FD88 with PID 26684 (started by 12284 in F:\Ajava\A母乳喂养项目\breastfeed\server\bfbackend)
2020-02-26 21:53:22,829 [DEBUG] (StartupInfoLogger.java:53)- Running with Spring Boot v2.1.9.RELEASE, Spring v5.1.10.RELEASE
2020-02-26 21:53:22,830 [INFO] (SpringApplication.java:648)- No active profile set, falling back to default profiles: default
2020-02-26 21:53:25,610 [INFO] (StartupInfoLogger.java:59)- Started BreastApplication in 3.513 seconds (JVM running for 5.736)
2020-02-26 21:56:20,927 [INFO] (StartupInfoLogger.java:50)- Starting BreastApplication on LAPTOP-SKN1FD88 with PID 20740 (started by 12284 in F:\Ajava\A母乳喂养项目\breastfeed\server\bfbackend)
2020-02-26 21:56:20,931 [DEBUG] (StartupInfoLogger.java:53)- Running with Spring Boot v2.1.9.RELEASE, Spring v5.1.10.RELEASE
2020-02-26 21:56:20,932 [INFO] (SpringApplication.java:648)- No active profile set, falling back to default profiles: default
2020-02-26 21:56:23,718 [INFO] (StartupInfoLogger.java:59)- Started BreastApplication in 3.474 seconds (JVM running for 5.983)
2020-02-26 21:58:03,107 [INFO] (StartupInfoLogger.java:50)- Starting BreastApplication on LAPTOP-SKN1FD88 with PID 7244 (started by 12284 in F:\Ajava\A母乳喂养项目\breastfeed\server\bfbackend)
2020-02-26 21:58:03,112 [DEBUG] (StartupInfoLogger.java:53)- Running with Spring Boot v2.1.9.RELEASE, Spring v5.1.10.RELEASE
2020-02-26 21:58:03,113 [INFO] (SpringApplication.java:648)- No active profile set, falling back to default profiles: default
2020-02-26 21:58:05,943 [INFO] (StartupInfoLogger.java:59)- Started BreastApplication in 3.475 seconds (JVM running for 5.545)
2020-02-26 21:59:17,698 [INFO] (StartupInfoLogger.java:50)- Starting BreastApplication on LAPTOP-SKN1FD88 with PID 27588 (started by 12284 in F:\Ajava\A母乳喂养项目\breastfeed\server\bfbackend)
2020-02-26 21:59:17,701 [DEBUG] (StartupInfoLogger.java:53)- Running with Spring Boot v2.1.9.RELEASE, Spring v5.1.10.RELEASE
2020-02-26 21:59:17,702 [INFO] (SpringApplication.java:648)- No active profile set, falling back to default profiles: default
2020-02-26 21:59:21,397 [INFO] (StartupInfoLogger.java:59)- Started BreastApplication in 4.315 seconds (JVM running for 6.428)
2020-02-26 22:06:36,893 [INFO] (StartupInfoLogger.java:50)- Starting BreastApplication on LAPTOP-SKN1FD88 with PID 23088 (started by 12284 in F:\Ajava\A母乳喂养项目\breastfeed\server\bfbackend)
2020-02-26 22:06:36,924 [DEBUG] (StartupInfoLogger.java:53)- Running with Spring Boot v2.1.9.RELEASE, Spring v5.1.10.RELEASE
2020-02-26 22:06:36,925 [INFO] (SpringApplication.java:648)- No active profile set, falling back to default profiles: default
2020-02-26 22:06:45,419 [INFO] (StartupInfoLogger.java:59)- Started BreastApplication in 9.781 seconds (JVM running for 16.063)
2020-02-26 22:08:38,876 [INFO] (StartupInfoLogger.java:50)- Starting BreastApplication on LAPTOP-SKN1FD88 with PID 21648 (started by 12284 in F:\Ajava\A母乳喂养项目\breastfeed\server\bfbackend)
2020-02-26 22:08:38,879 [DEBUG] (StartupInfoLogger.java:53)- Running with Spring Boot v2.1.9.RELEASE, Spring v5.1.10.RELEASE
2020-02-26 22:08:38,880 [INFO] (SpringApplication.java:648)- No active profile set, falling back to default profiles: default
2020-02-26 22:08:41,813 [INFO] (StartupInfoLogger.java:59)- Started BreastApplication in 3.473 seconds (JVM running for 5.722)
2020-02-26 22:11:49,308 [DEBUG] (BaseJdbcLogger.java:143)- ==>  Preparing: select id, title, audioURL, category, cover_url from audio 
2020-02-26 22:11:49,337 [DEBUG] (BaseJdbcLogger.java:143)- ==> Parameters: 
2020-02-26 22:11:49,573 [DEBUG] (BaseJdbcLogger.java:143)- <==      Total: 6
2020-02-26 22:11:49,576 [DEBUG] (BaseJdbcLogger.java:143)- ==>  Preparing: select id, title, vedioURL, cover_url, category, description from vedio 
2020-02-26 22:11:49,577 [DEBUG] (BaseJdbcLogger.java:143)- ==> Parameters: 
2020-02-26 22:11:49,786 [DEBUG] (BaseJdbcLogger.java:143)- <==      Total: 9
2020-02-26 22:11:49,786 [DEBUG] (BaseJdbcLogger.java:143)- ==>  Preparing: select id, title, description, img_url, category from article 
2020-02-26 22:11:49,787 [DEBUG] (BaseJdbcLogger.java:143)- ==> Parameters: 
2020-02-26 22:11:49,958 [DEBUG] (BaseJdbcLogger.java:143)- <==      Total: 20
2020-02-26 22:11:49,959 [DEBUG] (BaseJdbcLogger.java:143)- ==>  Preparing: select user_id, age, credit_id, pregnant_type, pregnant_week, job, confinement_date, confinement_week, confinement_type, user_name, user_password, user_token from user where user_token = ? 
2020-02-26 22:11:49,961 [DEBUG] (BaseJdbcLogger.java:143)- ==> Parameters: 4ff43bbfa5a44982b573fd7391bb0009(String)
2020-02-26 22:11:50,120 [DEBUG] (BaseJdbcLogger.java:143)- <==      Total: 1
