2020-03-12 09:38:16,167 [INFO] (StartupInfoLogger.java:50)- Starting BreastApplication on LAPTOP-562395R3 with PID 17444 (started by 爱哭的周小姐 in D:\软件应用\java IDE\IntelliJ IDEA 2019.1\项目\breastfeed\新建文件夹\server\bfbackend)
2020-03-12 09:38:16,176 [DEBUG] (StartupInfoLogger.java:53)- Running with Spring Boot v2.1.9.RELEASE, Spring v5.1.10.RELEASE
2020-03-12 09:38:16,177 [INFO] (SpringApplication.java:648)- No active profile set, falling back to default profiles: default
2020-03-12 09:38:21,027 [INFO] (StartupInfoLogger.java:59)- Started BreastApplication in 5.634 seconds (JVM running for 9.341)
2020-03-12 09:38:38,971 [DEBUG] (BaseJdbcLogger.java:143)- ==>  Preparing: select user_id, age, credit_id, pregnant_type, pregnant_week, job, confinement_date, confinement_week, confinement_type, user_name, user_password, user_token,open_id from user where user_token = ? 
2020-03-12 09:38:39,006 [DEBUG] (BaseJdbcLogger.java:143)- ==> Parameters: 885b3afcf63444fb8437eced031bb9a2(String)
2020-03-12 09:38:39,116 [DEBUG] (BaseJdbcLogger.java:143)- <==      Total: 1
2020-03-12 09:38:39,120 [DEBUG] (BaseJdbcLogger.java:143)- ==>  Preparing: select id, title, audioURL, category, cover_url from audio 
2020-03-12 09:38:39,120 [DEBUG] (BaseJdbcLogger.java:143)- ==> Parameters: 
2020-03-12 09:38:39,247 [DEBUG] (BaseJdbcLogger.java:143)- <==      Total: 6
2020-03-12 09:38:39,249 [DEBUG] (BaseJdbcLogger.java:143)- ==>  Preparing: select id, title, vedioURL, cover_url, category, description from vedio 
2020-03-12 09:38:39,250 [DEBUG] (BaseJdbcLogger.java:143)- ==> Parameters: 
2020-03-12 09:38:39,353 [DEBUG] (BaseJdbcLogger.java:143)- <==      Total: 9
2020-03-12 09:38:39,354 [DEBUG] (BaseJdbcLogger.java:143)- ==>  Preparing: select id, title, description, img_url, category from article 
2020-03-12 09:38:39,355 [DEBUG] (BaseJdbcLogger.java:143)- ==> Parameters: 
2020-03-12 09:38:39,437 [DEBUG] (BaseJdbcLogger.java:143)- <==      Total: 20
2020-03-12 09:38:39,597 [INFO] (ArticleController.java:66)- 母乳喂养的好处
2020-03-12 09:43:44,135 [DEBUG] (BaseJdbcLogger.java:143)- ==>  Preparing: select user_id, age, credit_id, pregnant_type, pregnant_week, job, confinement_date, confinement_week, confinement_type, user_name, user_password, user_token,open_id from user where user_token = ? 
2020-03-12 09:43:44,135 [DEBUG] (BaseJdbcLogger.java:143)- ==> Parameters: 885b3afcf63444fb8437eced031bb9a2(String)
2020-03-12 09:43:44,207 [DEBUG] (BaseJdbcLogger.java:143)- <==      Total: 1
2020-03-12 09:43:45,824 [DEBUG] (BaseJdbcLogger.java:143)- ==>  Preparing: select id, title, audioURL, category, cover_url from audio 
2020-03-12 09:43:45,825 [DEBUG] (BaseJdbcLogger.java:143)- ==> Parameters: 
2020-03-12 09:43:45,910 [DEBUG] (BaseJdbcLogger.java:143)- <==      Total: 6
2020-03-12 09:43:45,926 [DEBUG] (BaseJdbcLogger.java:143)- ==>  Preparing: select id, title, vedioURL, cover_url, category, description from vedio 
2020-03-12 09:43:45,927 [DEBUG] (BaseJdbcLogger.java:143)- ==> Parameters: 
2020-03-12 09:43:46,035 [DEBUG] (BaseJdbcLogger.java:143)- <==      Total: 9
2020-03-12 09:46:47,046 [DEBUG] (BaseJdbcLogger.java:143)- ==>  Preparing: select user_id, age, credit_id, pregnant_type, pregnant_week, job, confinement_date, confinement_week, confinement_type, user_name, user_password, user_token,open_id from user where user_token = ? 
2020-03-12 09:46:47,047 [DEBUG] (BaseJdbcLogger.java:143)- ==> Parameters: 885b3afcf63444fb8437eced031bb9a2(String)
2020-03-12 09:46:47,116 [DEBUG] (BaseJdbcLogger.java:143)- <==      Total: 1
2020-03-12 09:46:47,414 [DEBUG] (BaseJdbcLogger.java:143)- ==>  Preparing: select id, title, audioURL, category, cover_url from audio 
2020-03-12 09:46:47,415 [DEBUG] (BaseJdbcLogger.java:143)- ==> Parameters: 
2020-03-12 09:46:47,499 [DEBUG] (BaseJdbcLogger.java:143)- <==      Total: 6
2020-03-12 09:46:47,501 [DEBUG] (BaseJdbcLogger.java:143)- ==>  Preparing: select id, title, vedioURL, cover_url, category, description from vedio 
2020-03-12 09:46:47,501 [DEBUG] (BaseJdbcLogger.java:143)- ==> Parameters: 
2020-03-12 09:46:47,566 [DEBUG] (BaseJdbcLogger.java:143)- <==      Total: 9
2020-03-12 09:49:03,100 [DEBUG] (BaseJdbcLogger.java:143)- ==>  Preparing: select id, user_name, name, img_url, expert_in, imageText_cost, voice_cost, video_cost,open_id from doctor 
2020-03-12 09:49:03,102 [DEBUG] (BaseJdbcLogger.java:143)- ==> Parameters: 
2020-03-12 09:49:03,117 [DEBUG] (BaseJdbcLogger.java:143)- ==>  Preparing: select id, user_name, name, img_url, expert_in, imageText_cost, voice_cost, video_cost,open_id from doctor 
2020-03-12 09:49:03,119 [DEBUG] (BaseJdbcLogger.java:143)- ==> Parameters: 
2020-03-12 09:49:03,197 [DEBUG] (BaseJdbcLogger.java:143)- <==      Total: 9
2020-03-12 09:49:03,208 [DEBUG] (BaseJdbcLogger.java:143)- <==      Total: 9
2020-03-12 09:49:04,729 [INFO] (UserController.java:178)- 885b3afcf63444fb8437eced031bb9a2
2020-03-12 09:49:05,124 [DEBUG] (BaseJdbcLogger.java:143)- ==>  Preparing: select open_id from user where user_id = ? 
2020-03-12 09:49:05,125 [DEBUG] (BaseJdbcLogger.java:143)- ==> Parameters: 462(Integer)
2020-03-12 09:49:05,203 [DEBUG] (BaseJdbcLogger.java:143)- <==      Total: 1
2020-03-12 09:49:36,602 [DEBUG] (BaseJdbcLogger.java:143)- ==>  Preparing: select user_id, age, credit_id, pregnant_type, pregnant_week, job, confinement_date, confinement_week, confinement_type, user_name, user_password, user_token,open_id from user where user_token = ? 
2020-03-12 09:49:36,603 [DEBUG] (BaseJdbcLogger.java:143)- ==> Parameters: 885b3afcf63444fb8437eced031bb9a2(String)
2020-03-12 09:49:36,728 [DEBUG] (BaseJdbcLogger.java:143)- ==>  Preparing: select id, title, audioURL, category, cover_url from audio 
2020-03-12 09:49:36,729 [DEBUG] (BaseJdbcLogger.java:143)- ==> Parameters: 
2020-03-12 09:49:36,799 [DEBUG] (BaseJdbcLogger.java:143)- <==      Total: 1
2020-03-12 09:49:36,803 [DEBUG] (BaseJdbcLogger.java:143)- ==>  Preparing: select id, title, vedioURL, cover_url, category, description from vedio 
2020-03-12 09:49:36,804 [DEBUG] (BaseJdbcLogger.java:143)- ==> Parameters: 
2020-03-12 09:49:37,030 [DEBUG] (BaseJdbcLogger.java:143)- <==      Total: 6
2020-03-12 09:49:37,244 [DEBUG] (BaseJdbcLogger.java:143)- <==      Total: 9
2020-03-12 10:00:06,414 [DEBUG] (BaseJdbcLogger.java:143)- ==>  Preparing: select user_id, age, credit_id, pregnant_type, pregnant_week, job, confinement_date, confinement_week, confinement_type, user_name, user_password, user_token,open_id from user where user_token = ? 
2020-03-12 10:00:06,415 [DEBUG] (BaseJdbcLogger.java:143)- ==> Parameters: 885b3afcf63444fb8437eced031bb9a2(String)
2020-03-12 10:00:06,489 [DEBUG] (BaseJdbcLogger.java:143)- <==      Total: 1
2020-03-12 10:00:07,683 [DEBUG] (BaseJdbcLogger.java:143)- ==>  Preparing: select id, title, vedioURL, cover_url, category, description from vedio 
2020-03-12 10:00:07,683 [DEBUG] (BaseJdbcLogger.java:143)- ==> Parameters: 
2020-03-12 10:00:07,842 [DEBUG] (BaseJdbcLogger.java:143)- ==>  Preparing: select id, title, audioURL, category, cover_url from audio 
2020-03-12 10:00:07,844 [DEBUG] (BaseJdbcLogger.java:143)- ==> Parameters: 
2020-03-12 10:00:07,846 [DEBUG] (BaseJdbcLogger.java:143)- <==      Total: 9
2020-03-12 10:00:07,906 [DEBUG] (BaseJdbcLogger.java:143)- <==      Total: 6
2020-03-12 10:01:19,069 [DEBUG] (BaseJdbcLogger.java:143)- ==>  Preparing: select user_id, age, credit_id, pregnant_type, pregnant_week, job, confinement_date, confinement_week, confinement_type, user_name, user_password, user_token,open_id from user where user_token = ? 
2020-03-12 10:01:19,069 [DEBUG] (BaseJdbcLogger.java:143)- ==> Parameters: 885b3afcf63444fb8437eced031bb9a2(String)
2020-03-12 10:01:19,135 [DEBUG] (BaseJdbcLogger.java:143)- <==      Total: 1
2020-03-12 10:01:20,490 [DEBUG] (BaseJdbcLogger.java:143)- ==>  Preparing: select id, title, audioURL, category, cover_url from audio 
2020-03-12 10:01:20,492 [DEBUG] (BaseJdbcLogger.java:143)- ==> Parameters: 
2020-03-12 10:01:20,640 [DEBUG] (BaseJdbcLogger.java:143)- <==      Total: 6
2020-03-12 10:01:20,645 [DEBUG] (BaseJdbcLogger.java:143)- ==>  Preparing: select id, title, vedioURL, cover_url, category, description from vedio 
2020-03-12 10:01:20,656 [DEBUG] (BaseJdbcLogger.java:143)- ==> Parameters: 
2020-03-12 10:01:20,738 [DEBUG] (BaseJdbcLogger.java:143)- <==      Total: 9
2020-03-12 10:05:00,283 [DEBUG] (BaseJdbcLogger.java:143)- ==>  Preparing: select user_id, age, credit_id, pregnant_type, pregnant_week, job, confinement_date, confinement_week, confinement_type, user_name, user_password, user_token,open_id from user where user_token = ? 
2020-03-12 10:05:00,284 [DEBUG] (BaseJdbcLogger.java:143)- ==> Parameters: 885b3afcf63444fb8437eced031bb9a2(String)
2020-03-12 10:05:00,370 [DEBUG] (BaseJdbcLogger.java:143)- <==      Total: 1
2020-03-12 10:05:01,449 [DEBUG] (BaseJdbcLogger.java:143)- ==>  Preparing: select id, title, vedioURL, cover_url, category, description from vedio 
2020-03-12 10:05:01,450 [DEBUG] (BaseJdbcLogger.java:143)- ==> Parameters: 
2020-03-12 10:05:01,603 [DEBUG] (BaseJdbcLogger.java:143)- ==>  Preparing: select id, title, audioURL, category, cover_url from audio 
2020-03-12 10:05:01,603 [DEBUG] (BaseJdbcLogger.java:143)- ==> Parameters: 
2020-03-12 10:05:01,604 [DEBUG] (BaseJdbcLogger.java:143)- <==      Total: 9
2020-03-12 10:05:01,682 [DEBUG] (BaseJdbcLogger.java:143)- <==      Total: 6
2020-03-12 10:05:02,957 [DEBUG] (BaseJdbcLogger.java:143)- ==>  Preparing: select id, user_name, name, img_url, expert_in, imageText_cost, voice_cost, video_cost,open_id from doctor 
2020-03-12 10:05:02,958 [DEBUG] (BaseJdbcLogger.java:143)- ==> Parameters: 
2020-03-12 10:05:02,962 [DEBUG] (BaseJdbcLogger.java:143)- ==>  Preparing: select id, user_name, name, img_url, expert_in, imageText_cost, voice_cost, video_cost,open_id from doctor 
2020-03-12 10:05:02,962 [DEBUG] (BaseJdbcLogger.java:143)- ==> Parameters: 
2020-03-12 10:05:03,086 [DEBUG] (BaseJdbcLogger.java:143)- <==      Total: 9
2020-03-12 10:05:03,086 [DEBUG] (BaseJdbcLogger.java:143)- <==      Total: 9
2020-03-12 10:05:13,461 [INFO] (ConsultOrderController.java:75)- === AddConsultOrder:ConsultOrder{id=null, doctorId=1, userId=462, createTime=Thu Mar 12 10:05:13 CST 2020, lastingTime=86400000, contact='', contactPhone='1', symptomDescription='1', user=null, doctor=null, consultCost=5, status=null, oid='2fc081f6763d479fa9e2f5d48635eb6b', userOpenId='oby6g4gzlRYKAZKmINMKVC-Z12hY', doctorOpenId='oby6g4gzlRYKAZKmINMKVC-Z12hY', imgUrls=''} ===
2020-03-12 10:05:13,462 [DEBUG] (BaseJdbcLogger.java:143)- ==>  Preparing: insert into consult_order (id, doctor_id, user_id, create_time, lasting_time, contact, contact_phone, symptom_description,consult_cost,status,oid,user_open_id,doctor_open_id,img_urls ) values (?, ?, ?, ?, ?, ?, ?, ?, ?,?,?, ?,?,? ) 
2020-03-12 10:05:13,466 [DEBUG] (BaseJdbcLogger.java:143)- ==> Parameters: null, 1(Integer), 462(Integer), 2020-03-12 10:05:13.0(Timestamp), 86400000(Integer), (String), 1(String), 1(String), 5(Integer), null, 2fc081f6763d479fa9e2f5d48635eb6b(String), oby6g4gzlRYKAZKmINMKVC-Z12hY(String), oby6g4gzlRYKAZKmINMKVC-Z12hY(String), (String)
2020-03-12 10:05:13,720 [DEBUG] (BaseJdbcLogger.java:143)- <==    Updates: 1
2020-03-12 10:05:14,037 [DEBUG] (BaseJdbcLogger.java:143)- ==>  Preparing: select * from consult_order where oid = ? 
2020-03-12 10:05:14,038 [DEBUG] (BaseJdbcLogger.java:143)- ==> Parameters: 2fc081f6763d479fa9e2f5d48635eb6b(String)
2020-03-12 10:05:14,111 [INFO] (WebSocketController.java:92)- [WebSocket] 连接成功，当前连接人数:1
2020-03-12 10:05:14,116 [DEBUG] (BaseJdbcLogger.java:143)- ==>  Preparing: select id, from_user_id, to_user_id, message_type, message_content, time,oid from wechat_message_item where from_user_id = ? and to_user_id = ? or from_user_id = ? and to_user_id = ? 
2020-03-12 10:05:14,116 [DEBUG] (BaseJdbcLogger.java:143)- ==> Parameters: 462(Integer), 1(Integer), 1(Integer), 462(Integer)
2020-03-12 10:05:14,208 [DEBUG] (BaseJdbcLogger.java:143)- <==      Total: 2
2020-03-12 10:05:14,208 [DEBUG] (BaseJdbcLogger.java:143)- <==      Total: 1
2020-03-12 10:05:14,208 [INFO] (WebSocketController.java:103)-  === 用户 462和用户 1的聊天记录：[WeChatMessageItem{id=41, fromUserId=462, toUserId=1, messageType=0, messageContent='ewfewfewfew', time=Mon Mar 09 15:33:29 CST 2020, oid='6742d3461985435b85fa18482d534224'}, WeChatMessageItem{id=42, fromUserId=462, toUserId=1, messageType=0, messageContent='dsgfgfg', time=Mon Mar 09 15:33:44 CST 2020, oid='6742d3461985435b85fa18482d534224'}]
2020-03-12 10:05:14,225 [DEBUG] (WebSocketController.java:208)- ===  用户消息成功 消息数据：[{"fromUserId":462,"id":41,"messageContent":"ewfewfewfew","messageType":0,"oid":"6742d3461985435b85fa18482d534224","time":1583739209000,"toUserId":1},{"fromUserId":462,"id":42,"messageContent":"dsgfgfg","messageType":0,"oid":"6742d3461985435b85fa18482d534224","time":1583739224000,"toUserId":1}] ===
2020-03-12 10:06:08,125 [INFO] (WebSocketController.java:112)- [WebSocket] 退出成功，当前连接人数为：=0 当前在线人： {}
2020-03-12 10:06:08,910 [DEBUG] (BaseJdbcLogger.java:143)- ==>  Preparing: select user_id, age, credit_id, pregnant_type, pregnant_week, job, confinement_date, confinement_week, confinement_type, user_name, user_password, user_token,open_id from user where user_token = ? 
2020-03-12 10:06:08,911 [DEBUG] (BaseJdbcLogger.java:143)- ==> Parameters: 885b3afcf63444fb8437eced031bb9a2(String)
2020-03-12 10:06:08,985 [DEBUG] (BaseJdbcLogger.java:143)- <==      Total: 1
2020-03-12 10:06:09,557 [DEBUG] (BaseJdbcLogger.java:143)- ==>  Preparing: select id, title, audioURL, category, cover_url from audio 
2020-03-12 10:06:09,557 [DEBUG] (BaseJdbcLogger.java:143)- ==> Parameters: 
2020-03-12 10:06:09,560 [DEBUG] (BaseJdbcLogger.java:143)- ==>  Preparing: select id, title, vedioURL, cover_url, category, description from vedio 
2020-03-12 10:06:09,562 [DEBUG] (BaseJdbcLogger.java:143)- ==> Parameters: 
2020-03-12 10:06:09,626 [DEBUG] (BaseJdbcLogger.java:143)- <==      Total: 6
2020-03-12 10:06:09,644 [DEBUG] (BaseJdbcLogger.java:143)- <==      Total: 9
2020-03-12 10:06:12,716 [DEBUG] (BaseJdbcLogger.java:143)- ==>  Preparing: select id, user_name, name, img_url, expert_in, imageText_cost, voice_cost, video_cost,open_id from doctor 
2020-03-12 10:06:12,716 [DEBUG] (BaseJdbcLogger.java:143)- ==>  Preparing: select id, user_name, name, img_url, expert_in, imageText_cost, voice_cost, video_cost,open_id from doctor 
2020-03-12 10:06:12,716 [DEBUG] (BaseJdbcLogger.java:143)- ==> Parameters: 
2020-03-12 10:06:12,717 [DEBUG] (BaseJdbcLogger.java:143)- ==> Parameters: 
2020-03-12 10:06:13,005 [DEBUG] (BaseJdbcLogger.java:143)- <==      Total: 9
2020-03-12 10:06:13,009 [DEBUG] (BaseJdbcLogger.java:143)- <==      Total: 9
2020-03-12 10:06:21,980 [INFO] (ConsultOrderController.java:75)- === AddConsultOrder:ConsultOrder{id=null, doctorId=1, userId=462, createTime=Thu Mar 12 10:06:21 CST 2020, lastingTime=86400000, contact='', contactPhone='1', symptomDescription='1', user=null, doctor=null, consultCost=5, status=null, oid='2130bf72344d4b9c82f1eb75ba56a6d2', userOpenId='oby6g4gzlRYKAZKmINMKVC-Z12hY', doctorOpenId='oby6g4gzlRYKAZKmINMKVC-Z12hY', imgUrls=''} ===
2020-03-12 10:06:21,980 [DEBUG] (BaseJdbcLogger.java:143)- ==>  Preparing: insert into consult_order (id, doctor_id, user_id, create_time, lasting_time, contact, contact_phone, symptom_description,consult_cost,status,oid,user_open_id,doctor_open_id,img_urls ) values (?, ?, ?, ?, ?, ?, ?, ?, ?,?,?, ?,?,? ) 
2020-03-12 10:06:21,981 [DEBUG] (BaseJdbcLogger.java:143)- ==> Parameters: null, 1(Integer), 462(Integer), 2020-03-12 10:06:21.0(Timestamp), 86400000(Integer), (String), 1(String), 1(String), 5(Integer), null, 2130bf72344d4b9c82f1eb75ba56a6d2(String), oby6g4gzlRYKAZKmINMKVC-Z12hY(String), oby6g4gzlRYKAZKmINMKVC-Z12hY(String), (String)
2020-03-12 10:06:22,203 [DEBUG] (BaseJdbcLogger.java:143)- <==    Updates: 1
2020-03-12 10:06:22,460 [INFO] (WebSocketController.java:92)- [WebSocket] 连接成功，当前连接人数:1
2020-03-12 10:06:22,461 [DEBUG] (BaseJdbcLogger.java:143)- ==>  Preparing: select id, from_user_id, to_user_id, message_type, message_content, time,oid from wechat_message_item where from_user_id = ? and to_user_id = ? or from_user_id = ? and to_user_id = ? 
2020-03-12 10:06:22,474 [DEBUG] (BaseJdbcLogger.java:143)- ==> Parameters: 462(Integer), 1(Integer), 1(Integer), 462(Integer)
2020-03-12 10:06:22,489 [DEBUG] (BaseJdbcLogger.java:143)- ==>  Preparing: select * from consult_order where oid = ? 
2020-03-12 10:06:22,490 [DEBUG] (BaseJdbcLogger.java:143)- ==> Parameters: 2130bf72344d4b9c82f1eb75ba56a6d2(String)
2020-03-12 10:06:22,640 [DEBUG] (BaseJdbcLogger.java:143)- <==      Total: 1
2020-03-12 10:06:22,641 [DEBUG] (BaseJdbcLogger.java:143)- <==      Total: 2
2020-03-12 10:06:22,641 [INFO] (WebSocketController.java:103)-  === 用户 462和用户 1的聊天记录：[WeChatMessageItem{id=41, fromUserId=462, toUserId=1, messageType=0, messageContent='ewfewfewfew', time=Mon Mar 09 15:33:29 CST 2020, oid='6742d3461985435b85fa18482d534224'}, WeChatMessageItem{id=42, fromUserId=462, toUserId=1, messageType=0, messageContent='dsgfgfg', time=Mon Mar 09 15:33:44 CST 2020, oid='6742d3461985435b85fa18482d534224'}]
2020-03-12 10:06:22,642 [DEBUG] (WebSocketController.java:208)- ===  用户消息成功 消息数据：[{"fromUserId":462,"id":41,"messageContent":"ewfewfewfew","messageType":0,"oid":"6742d3461985435b85fa18482d534224","time":1583739209000,"toUserId":1},{"fromUserId":462,"id":42,"messageContent":"dsgfgfg","messageType":0,"oid":"6742d3461985435b85fa18482d534224","time":1583739224000,"toUserId":1}] ===
2020-03-12 10:06:30,467 [INFO] (WebSocketController.java:137)- [WebSocket] 收到消息：{"fromUserId":462,"toUserId":"1","messageType":0,"messageContent":"dfdsf","time":"2020-03-12 10:06:30","oid":"2130bf72344d4b9c82f1eb75ba56a6d2"}
2020-03-12 10:06:30,473 [DEBUG] (BaseJdbcLogger.java:143)- ==>  Preparing: insert into wechat_message_item (id, from_user_id, to_user_id, message_type, message_content, time,oid ) values (?, ?, ?, ?, ?, ?, ? ) 
2020-03-12 10:06:30,474 [DEBUG] (BaseJdbcLogger.java:143)- ==> Parameters: null, 462(Integer), 1(Integer), 0(Integer), dfdsf(String), 2020-03-12 10:06:30.0(Timestamp), 2130bf72344d4b9c82f1eb75ba56a6d2(String)
2020-03-12 10:06:30,721 [DEBUG] (BaseJdbcLogger.java:143)- <==    Updates: 1
2020-03-12 10:06:30,724 [DEBUG] (WebSocketController.java:208)- ===  用户消息成功 消息数据：{"msg":"成功发送!","status":1} ===
2020-03-12 10:11:27,517 [INFO] (WebSocketController.java:112)- [WebSocket] 退出成功，当前连接人数为：=0 当前在线人： {}
2020-03-12 10:11:28,763 [DEBUG] (BaseJdbcLogger.java:143)- ==>  Preparing: select user_id, age, credit_id, pregnant_type, pregnant_week, job, confinement_date, confinement_week, confinement_type, user_name, user_password, user_token,open_id from user where user_token = ? 
2020-03-12 10:11:28,763 [DEBUG] (BaseJdbcLogger.java:143)- ==> Parameters: 885b3afcf63444fb8437eced031bb9a2(String)
2020-03-12 10:11:28,826 [DEBUG] (BaseJdbcLogger.java:143)- ==>  Preparing: select id, title, audioURL, category, cover_url from audio 
2020-03-12 10:11:28,827 [DEBUG] (BaseJdbcLogger.java:143)- ==> Parameters: 
2020-03-12 10:11:28,840 [DEBUG] (BaseJdbcLogger.java:143)- <==      Total: 1
2020-03-12 10:11:28,842 [DEBUG] (BaseJdbcLogger.java:143)- ==>  Preparing: select id, title, vedioURL, cover_url, category, description from vedio 
2020-03-12 10:11:28,843 [DEBUG] (BaseJdbcLogger.java:143)- ==> Parameters: 
2020-03-12 10:11:28,906 [DEBUG] (BaseJdbcLogger.java:143)- <==      Total: 6
2020-03-12 10:11:28,910 [DEBUG] (BaseJdbcLogger.java:143)- <==      Total: 9
2020-03-12 10:11:32,158 [DEBUG] (BaseJdbcLogger.java:143)- ==>  Preparing: select id, user_name, name, img_url, expert_in, imageText_cost, voice_cost, video_cost,open_id from doctor 
2020-03-12 10:11:32,158 [DEBUG] (BaseJdbcLogger.java:143)- ==>  Preparing: select id, user_name, name, img_url, expert_in, imageText_cost, voice_cost, video_cost,open_id from doctor 
2020-03-12 10:11:32,158 [DEBUG] (BaseJdbcLogger.java:143)- ==> Parameters: 
2020-03-12 10:11:32,158 [DEBUG] (BaseJdbcLogger.java:143)- ==> Parameters: 
2020-03-12 10:11:32,240 [DEBUG] (BaseJdbcLogger.java:143)- <==      Total: 9
2020-03-12 10:11:32,241 [DEBUG] (BaseJdbcLogger.java:143)- <==      Total: 9
2020-03-12 10:11:42,590 [INFO] (ConsultOrderController.java:75)- === AddConsultOrder:ConsultOrder{id=null, doctorId=1, userId=462, createTime=Thu Mar 12 10:11:42 CST 2020, lastingTime=86400000, contact='', contactPhone='1', symptomDescription='1', user=null, doctor=null, consultCost=5, status=null, oid='4a154a9de6e849f2acb792a6cca6ce5b', userOpenId='oby6g4gzlRYKAZKmINMKVC-Z12hY', doctorOpenId='oby6g4gzlRYKAZKmINMKVC-Z12hY', imgUrls=''} ===
2020-03-12 10:11:42,591 [DEBUG] (BaseJdbcLogger.java:143)- ==>  Preparing: insert into consult_order (id, doctor_id, user_id, create_time, lasting_time, contact, contact_phone, symptom_description,consult_cost,status,oid,user_open_id,doctor_open_id,img_urls ) values (?, ?, ?, ?, ?, ?, ?, ?, ?,?,?, ?,?,? ) 
2020-03-12 10:11:42,592 [DEBUG] (BaseJdbcLogger.java:143)- ==> Parameters: null, 1(Integer), 462(Integer), 2020-03-12 10:11:42.0(Timestamp), 86400000(Integer), (String), 1(String), 1(String), 5(Integer), null, 4a154a9de6e849f2acb792a6cca6ce5b(String), oby6g4gzlRYKAZKmINMKVC-Z12hY(String), oby6g4gzlRYKAZKmINMKVC-Z12hY(String), (String)
2020-03-12 10:11:42,746 [DEBUG] (BaseJdbcLogger.java:143)- <==    Updates: 1
2020-03-12 10:11:43,038 [INFO] (WebSocketController.java:92)- [WebSocket] 连接成功，当前连接人数:1
2020-03-12 10:11:43,038 [DEBUG] (BaseJdbcLogger.java:143)- ==>  Preparing: select id, from_user_id, to_user_id, message_type, message_content, time,oid from wechat_message_item where from_user_id = ? and to_user_id = ? or from_user_id = ? and to_user_id = ? 
2020-03-12 10:11:43,039 [DEBUG] (BaseJdbcLogger.java:143)- ==> Parameters: 462(Integer), 1(Integer), 1(Integer), 462(Integer)
2020-03-12 10:11:43,198 [DEBUG] (BaseJdbcLogger.java:143)- <==      Total: 3
2020-03-12 10:11:43,199 [INFO] (WebSocketController.java:103)-  === 用户 462和用户 1的聊天记录：[WeChatMessageItem{id=41, fromUserId=462, toUserId=1, messageType=0, messageContent='ewfewfewfew', time=Mon Mar 09 15:33:29 CST 2020, oid='6742d3461985435b85fa18482d534224'}, WeChatMessageItem{id=42, fromUserId=462, toUserId=1, messageType=0, messageContent='dsgfgfg', time=Mon Mar 09 15:33:44 CST 2020, oid='6742d3461985435b85fa18482d534224'}, WeChatMessageItem{id=50, fromUserId=462, toUserId=1, messageType=0, messageContent='dfdsf', time=Thu Mar 12 10:06:30 CST 2020, oid='2130bf72344d4b9c82f1eb75ba56a6d2'}]
2020-03-12 10:11:43,200 [DEBUG] (WebSocketController.java:208)- ===  用户消息成功 消息数据：[{"fromUserId":462,"id":41,"messageContent":"ewfewfewfew","messageType":0,"oid":"6742d3461985435b85fa18482d534224","time":1583739209000,"toUserId":1},{"fromUserId":462,"id":42,"messageContent":"dsgfgfg","messageType":0,"oid":"6742d3461985435b85fa18482d534224","time":1583739224000,"toUserId":1},{"fromUserId":462,"id":50,"messageContent":"dfdsf","messageType":0,"oid":"2130bf72344d4b9c82f1eb75ba56a6d2","time":1583978790000,"toUserId":1}] ===
2020-03-12 10:11:47,730 [INFO] (WebSocketController.java:137)- [WebSocket] 收到消息：{"fromUserId":462,"toUserId":"1","messageType":0,"messageContent":"1","time":"2020-03-12 10:11:47","oid":"4a154a9de6e849f2acb792a6cca6ce5b"}
2020-03-12 10:11:47,731 [DEBUG] (BaseJdbcLogger.java:143)- ==>  Preparing: insert into wechat_message_item (id, from_user_id, to_user_id, message_type, message_content, time,oid ) values (?, ?, ?, ?, ?, ?, ? ) 
2020-03-12 10:11:47,731 [DEBUG] (BaseJdbcLogger.java:143)- ==> Parameters: null, 462(Integer), 1(Integer), 0(Integer), 1(String), 2020-03-12 10:11:47.0(Timestamp), 4a154a9de6e849f2acb792a6cca6ce5b(String)
2020-03-12 10:11:47,962 [DEBUG] (BaseJdbcLogger.java:143)- <==    Updates: 1
2020-03-12 10:11:47,963 [DEBUG] (WebSocketController.java:208)- ===  用户消息成功 消息数据：{"msg":"成功发送!","status":1} ===
2020-03-12 10:12:02,268 [INFO] (WebSocketController.java:112)- [WebSocket] 退出成功，当前连接人数为：=0 当前在线人： {}
2020-03-12 10:19:51,667 [DEBUG] (BaseJdbcLogger.java:143)- ==>  Preparing: select user_id, age, credit_id, pregnant_type, pregnant_week, job, confinement_date, confinement_week, confinement_type, user_name, user_password, user_token,open_id from user where user_token = ? 
2020-03-12 10:19:51,668 [DEBUG] (BaseJdbcLogger.java:143)- ==> Parameters: 885b3afcf63444fb8437eced031bb9a2(String)
2020-03-12 10:19:51,735 [DEBUG] (BaseJdbcLogger.java:143)- <==      Total: 1
2020-03-12 10:19:51,795 [DEBUG] (BaseJdbcLogger.java:143)- ==>  Preparing: select id, title, vedioURL, cover_url, category, description from vedio 
2020-03-12 10:19:51,796 [DEBUG] (BaseJdbcLogger.java:143)- ==> Parameters: 
2020-03-12 10:19:51,798 [DEBUG] (BaseJdbcLogger.java:143)- ==>  Preparing: select id, title, audioURL, category, cover_url from audio 
2020-03-12 10:19:51,798 [DEBUG] (BaseJdbcLogger.java:143)- ==> Parameters: 
2020-03-12 10:19:51,887 [DEBUG] (BaseJdbcLogger.java:143)- <==      Total: 6
2020-03-12 10:19:51,890 [DEBUG] (BaseJdbcLogger.java:143)- <==      Total: 9
2020-03-12 10:19:59,036 [DEBUG] (BaseJdbcLogger.java:143)- ==>  Preparing: select id, user_name, name, img_url, expert_in, imageText_cost, voice_cost, video_cost,open_id from doctor 
2020-03-12 10:19:59,036 [DEBUG] (BaseJdbcLogger.java:143)- ==> Parameters: 
2020-03-12 10:19:59,042 [DEBUG] (BaseJdbcLogger.java:143)- ==>  Preparing: select id, user_name, name, img_url, expert_in, imageText_cost, voice_cost, video_cost,open_id from doctor 
2020-03-12 10:19:59,044 [DEBUG] (BaseJdbcLogger.java:143)- ==> Parameters: 
2020-03-12 10:19:59,151 [DEBUG] (BaseJdbcLogger.java:143)- <==      Total: 9
2020-03-12 10:19:59,155 [DEBUG] (BaseJdbcLogger.java:143)- <==      Total: 9
2020-03-12 10:20:06,777 [INFO] (ConsultOrderController.java:75)- === AddConsultOrder:ConsultOrder{id=null, doctorId=1, userId=462, createTime=Thu Mar 12 10:20:06 CST 2020, lastingTime=86400000, contact='', contactPhone='1', symptomDescription='11', user=null, doctor=null, consultCost=5, status=null, oid='2d19ab39b6eb42a385ba8f778cecd1d2', userOpenId='oby6g4gzlRYKAZKmINMKVC-Z12hY', doctorOpenId='oby6g4gzlRYKAZKmINMKVC-Z12hY', imgUrls=''} ===
2020-03-12 10:20:06,778 [DEBUG] (BaseJdbcLogger.java:143)- ==>  Preparing: insert into consult_order (id, doctor_id, user_id, create_time, lasting_time, contact, contact_phone, symptom_description,consult_cost,status,oid,user_open_id,doctor_open_id,img_urls ) values (?, ?, ?, ?, ?, ?, ?, ?, ?,?,?, ?,?,? ) 
2020-03-12 10:20:06,778 [DEBUG] (BaseJdbcLogger.java:143)- ==> Parameters: null, 1(Integer), 462(Integer), 2020-03-12 10:20:06.0(Timestamp), 86400000(Integer), (String), 1(String), 11(String), 5(Integer), null, 2d19ab39b6eb42a385ba8f778cecd1d2(String), oby6g4gzlRYKAZKmINMKVC-Z12hY(String), oby6g4gzlRYKAZKmINMKVC-Z12hY(String), (String)
2020-03-12 10:20:07,295 [DEBUG] (BaseJdbcLogger.java:143)- <==    Updates: 1
2020-03-12 10:20:07,612 [INFO] (WebSocketController.java:92)- [WebSocket] 连接成功，当前连接人数:1
2020-03-12 10:20:07,615 [DEBUG] (BaseJdbcLogger.java:143)- ==>  Preparing: select id, from_user_id, to_user_id, message_type, message_content, time,oid from wechat_message_item where from_user_id = ? and to_user_id = ? or from_user_id = ? and to_user_id = ? 
2020-03-12 10:20:07,615 [DEBUG] (BaseJdbcLogger.java:143)- ==> Parameters: 462(Integer), 1(Integer), 1(Integer), 462(Integer)
2020-03-12 10:20:07,742 [DEBUG] (BaseJdbcLogger.java:143)- <==      Total: 4
2020-03-12 10:20:07,743 [INFO] (WebSocketController.java:103)-  === 用户 462和用户 1的聊天记录：[WeChatMessageItem{id=41, fromUserId=462, toUserId=1, messageType=0, messageContent='ewfewfewfew', time=Mon Mar 09 15:33:29 CST 2020, oid='6742d3461985435b85fa18482d534224'}, WeChatMessageItem{id=42, fromUserId=462, toUserId=1, messageType=0, messageContent='dsgfgfg', time=Mon Mar 09 15:33:44 CST 2020, oid='6742d3461985435b85fa18482d534224'}, WeChatMessageItem{id=50, fromUserId=462, toUserId=1, messageType=0, messageContent='dfdsf', time=Thu Mar 12 10:06:30 CST 2020, oid='2130bf72344d4b9c82f1eb75ba56a6d2'}, WeChatMessageItem{id=51, fromUserId=462, toUserId=1, messageType=0, messageContent='1', time=Thu Mar 12 10:11:47 CST 2020, oid='4a154a9de6e849f2acb792a6cca6ce5b'}]
2020-03-12 10:20:07,743 [DEBUG] (WebSocketController.java:208)- ===  用户消息成功 消息数据：[{"fromUserId":462,"id":41,"messageContent":"ewfewfewfew","messageType":0,"oid":"6742d3461985435b85fa18482d534224","time":1583739209000,"toUserId":1},{"fromUserId":462,"id":42,"messageContent":"dsgfgfg","messageType":0,"oid":"6742d3461985435b85fa18482d534224","time":1583739224000,"toUserId":1},{"fromUserId":462,"id":50,"messageContent":"dfdsf","messageType":0,"oid":"2130bf72344d4b9c82f1eb75ba56a6d2","time":1583978790000,"toUserId":1},{"fromUserId":462,"id":51,"messageContent":"1","messageType":0,"oid":"4a154a9de6e849f2acb792a6cca6ce5b","time":1583979107000,"toUserId":1}] ===
2020-03-12 10:22:37,896 [INFO] (WebSocketController.java:112)- [WebSocket] 退出成功，当前连接人数为：=0 当前在线人： {}
2020-03-12 10:22:39,324 [DEBUG] (BaseJdbcLogger.java:143)- ==>  Preparing: select user_id, age, credit_id, pregnant_type, pregnant_week, job, confinement_date, confinement_week, confinement_type, user_name, user_password, user_token,open_id from user where user_token = ? 
2020-03-12 10:22:39,325 [DEBUG] (BaseJdbcLogger.java:143)- ==> Parameters: 885b3afcf63444fb8437eced031bb9a2(String)
2020-03-12 10:22:39,366 [DEBUG] (BaseJdbcLogger.java:143)- ==>  Preparing: select id, title, vedioURL, cover_url, category, description from vedio 
2020-03-12 10:22:39,367 [DEBUG] (BaseJdbcLogger.java:143)- ==> Parameters: 
2020-03-12 10:22:39,368 [DEBUG] (BaseJdbcLogger.java:143)- ==>  Preparing: select id, title, audioURL, category, cover_url from audio 
2020-03-12 10:22:39,370 [DEBUG] (BaseJdbcLogger.java:143)- ==> Parameters: 
2020-03-12 10:22:39,401 [DEBUG] (BaseJdbcLogger.java:143)- <==      Total: 1
2020-03-12 10:22:39,451 [DEBUG] (BaseJdbcLogger.java:143)- <==      Total: 9
2020-03-12 10:22:39,452 [DEBUG] (BaseJdbcLogger.java:143)- <==      Total: 6
2020-03-12 10:22:42,256 [DEBUG] (BaseJdbcLogger.java:143)- ==>  Preparing: select id, user_name, name, img_url, expert_in, imageText_cost, voice_cost, video_cost,open_id from doctor 
2020-03-12 10:22:42,256 [DEBUG] (BaseJdbcLogger.java:143)- ==> Parameters: 
2020-03-12 10:22:42,257 [DEBUG] (BaseJdbcLogger.java:143)- ==>  Preparing: select id, user_name, name, img_url, expert_in, imageText_cost, voice_cost, video_cost,open_id from doctor 
2020-03-12 10:22:42,258 [DEBUG] (BaseJdbcLogger.java:143)- ==> Parameters: 
2020-03-12 10:22:42,368 [DEBUG] (BaseJdbcLogger.java:143)- <==      Total: 9
2020-03-12 10:22:42,370 [DEBUG] (BaseJdbcLogger.java:143)- <==      Total: 9
2020-03-12 10:22:50,674 [INFO] (ConsultOrderController.java:75)- === AddConsultOrder:ConsultOrder{id=null, doctorId=1, userId=462, createTime=Thu Mar 12 10:22:50 CST 2020, lastingTime=86400000, contact='', contactPhone='1', symptomDescription='111', user=null, doctor=null, consultCost=5, status=null, oid='7e9f557a65794ecf81f12a0d8c557f1f', userOpenId='oby6g4gzlRYKAZKmINMKVC-Z12hY', doctorOpenId='oby6g4gzlRYKAZKmINMKVC-Z12hY', imgUrls=''} ===
2020-03-12 10:22:50,674 [DEBUG] (BaseJdbcLogger.java:143)- ==>  Preparing: insert into consult_order (id, doctor_id, user_id, create_time, lasting_time, contact, contact_phone, symptom_description,consult_cost,status,oid,user_open_id,doctor_open_id,img_urls ) values (?, ?, ?, ?, ?, ?, ?, ?, ?,?,?, ?,?,? ) 
2020-03-12 10:22:50,675 [DEBUG] (BaseJdbcLogger.java:143)- ==> Parameters: null, 1(Integer), 462(Integer), 2020-03-12 10:22:50.0(Timestamp), 86400000(Integer), (String), 1(String), 111(String), 5(Integer), null, 7e9f557a65794ecf81f12a0d8c557f1f(String), oby6g4gzlRYKAZKmINMKVC-Z12hY(String), oby6g4gzlRYKAZKmINMKVC-Z12hY(String), (String)
2020-03-12 10:22:50,928 [DEBUG] (BaseJdbcLogger.java:143)- <==    Updates: 1
2020-03-12 10:22:51,226 [INFO] (WebSocketController.java:92)- [WebSocket] 连接成功，当前连接人数:1
2020-03-12 10:22:51,227 [DEBUG] (BaseJdbcLogger.java:143)- ==>  Preparing: select id, from_user_id, to_user_id, message_type, message_content, time,oid from wechat_message_item where from_user_id = ? and to_user_id = ? or from_user_id = ? and to_user_id = ? 
2020-03-12 10:22:51,320 [DEBUG] (BaseJdbcLogger.java:143)- ==> Parameters: 462(Integer), 1(Integer), 1(Integer), 462(Integer)
2020-03-12 10:22:51,396 [DEBUG] (BaseJdbcLogger.java:143)- <==      Total: 4
2020-03-12 10:22:51,397 [INFO] (WebSocketController.java:103)-  === 用户 462和用户 1的聊天记录：[WeChatMessageItem{id=41, fromUserId=462, toUserId=1, messageType=0, messageContent='ewfewfewfew', time=Mon Mar 09 15:33:29 CST 2020, oid='6742d3461985435b85fa18482d534224'}, WeChatMessageItem{id=42, fromUserId=462, toUserId=1, messageType=0, messageContent='dsgfgfg', time=Mon Mar 09 15:33:44 CST 2020, oid='6742d3461985435b85fa18482d534224'}, WeChatMessageItem{id=50, fromUserId=462, toUserId=1, messageType=0, messageContent='dfdsf', time=Thu Mar 12 10:06:30 CST 2020, oid='2130bf72344d4b9c82f1eb75ba56a6d2'}, WeChatMessageItem{id=51, fromUserId=462, toUserId=1, messageType=0, messageContent='1', time=Thu Mar 12 10:11:47 CST 2020, oid='4a154a9de6e849f2acb792a6cca6ce5b'}]
2020-03-12 10:22:51,398 [DEBUG] (WebSocketController.java:208)- ===  用户消息成功 消息数据：[{"fromUserId":462,"id":41,"messageContent":"ewfewfewfew","messageType":0,"oid":"6742d3461985435b85fa18482d534224","time":1583739209000,"toUserId":1},{"fromUserId":462,"id":42,"messageContent":"dsgfgfg","messageType":0,"oid":"6742d3461985435b85fa18482d534224","time":1583739224000,"toUserId":1},{"fromUserId":462,"id":50,"messageContent":"dfdsf","messageType":0,"oid":"2130bf72344d4b9c82f1eb75ba56a6d2","time":1583978790000,"toUserId":1},{"fromUserId":462,"id":51,"messageContent":"1","messageType":0,"oid":"4a154a9de6e849f2acb792a6cca6ce5b","time":1583979107000,"toUserId":1}] ===
2020-03-12 10:23:02,719 [INFO] (WebSocketController.java:112)- [WebSocket] 退出成功，当前连接人数为：=0 当前在线人： {}
2020-03-12 10:23:03,753 [INFO] (ConsultOrderController.java:75)- === AddConsultOrder:ConsultOrder{id=null, doctorId=1, userId=462, createTime=Thu Mar 12 10:23:03 CST 2020, lastingTime=86400000, contact='', contactPhone='1', symptomDescription='111', user=null, doctor=null, consultCost=5, status=null, oid='1272635a0f4d46d99e2cebe5828f9c9e', userOpenId='oby6g4gzlRYKAZKmINMKVC-Z12hY', doctorOpenId='oby6g4gzlRYKAZKmINMKVC-Z12hY', imgUrls=''} ===
2020-03-12 10:23:03,753 [DEBUG] (BaseJdbcLogger.java:143)- ==>  Preparing: insert into consult_order (id, doctor_id, user_id, create_time, lasting_time, contact, contact_phone, symptom_description,consult_cost,status,oid,user_open_id,doctor_open_id,img_urls ) values (?, ?, ?, ?, ?, ?, ?, ?, ?,?,?, ?,?,? ) 
2020-03-12 10:23:03,754 [DEBUG] (BaseJdbcLogger.java:143)- ==> Parameters: null, 1(Integer), 462(Integer), 2020-03-12 10:23:03.0(Timestamp), 86400000(Integer), (String), 1(String), 111(String), 5(Integer), null, 1272635a0f4d46d99e2cebe5828f9c9e(String), oby6g4gzlRYKAZKmINMKVC-Z12hY(String), oby6g4gzlRYKAZKmINMKVC-Z12hY(String), (String)
2020-03-12 10:23:03,954 [DEBUG] (BaseJdbcLogger.java:143)- <==    Updates: 1
2020-03-12 10:23:04,247 [INFO] (WebSocketController.java:92)- [WebSocket] 连接成功，当前连接人数:1
2020-03-12 10:23:04,248 [DEBUG] (BaseJdbcLogger.java:143)- ==>  Preparing: select id, from_user_id, to_user_id, message_type, message_content, time,oid from wechat_message_item where from_user_id = ? and to_user_id = ? or from_user_id = ? and to_user_id = ? 
2020-03-12 10:23:04,249 [DEBUG] (BaseJdbcLogger.java:143)- ==> Parameters: 462(Integer), 1(Integer), 1(Integer), 462(Integer)
2020-03-12 10:23:04,332 [DEBUG] (BaseJdbcLogger.java:143)- <==      Total: 4
2020-03-12 10:23:04,333 [INFO] (WebSocketController.java:103)-  === 用户 462和用户 1的聊天记录：[WeChatMessageItem{id=41, fromUserId=462, toUserId=1, messageType=0, messageContent='ewfewfewfew', time=Mon Mar 09 15:33:29 CST 2020, oid='6742d3461985435b85fa18482d534224'}, WeChatMessageItem{id=42, fromUserId=462, toUserId=1, messageType=0, messageContent='dsgfgfg', time=Mon Mar 09 15:33:44 CST 2020, oid='6742d3461985435b85fa18482d534224'}, WeChatMessageItem{id=50, fromUserId=462, toUserId=1, messageType=0, messageContent='dfdsf', time=Thu Mar 12 10:06:30 CST 2020, oid='2130bf72344d4b9c82f1eb75ba56a6d2'}, WeChatMessageItem{id=51, fromUserId=462, toUserId=1, messageType=0, messageContent='1', time=Thu Mar 12 10:11:47 CST 2020, oid='4a154a9de6e849f2acb792a6cca6ce5b'}]
2020-03-12 10:23:04,333 [DEBUG] (WebSocketController.java:208)- ===  用户消息成功 消息数据：[{"fromUserId":462,"id":41,"messageContent":"ewfewfewfew","messageType":0,"oid":"6742d3461985435b85fa18482d534224","time":1583739209000,"toUserId":1},{"fromUserId":462,"id":42,"messageContent":"dsgfgfg","messageType":0,"oid":"6742d3461985435b85fa18482d534224","time":1583739224000,"toUserId":1},{"fromUserId":462,"id":50,"messageContent":"dfdsf","messageType":0,"oid":"2130bf72344d4b9c82f1eb75ba56a6d2","time":1583978790000,"toUserId":1},{"fromUserId":462,"id":51,"messageContent":"1","messageType":0,"oid":"4a154a9de6e849f2acb792a6cca6ce5b","time":1583979107000,"toUserId":1}] ===
2020-03-12 10:29:17,629 [INFO] (WebSocketController.java:112)- [WebSocket] 退出成功，当前连接人数为：=0 当前在线人： {}
2020-03-12 10:29:18,966 [DEBUG] (BaseJdbcLogger.java:143)- ==>  Preparing: select user_id, age, credit_id, pregnant_type, pregnant_week, job, confinement_date, confinement_week, confinement_type, user_name, user_password, user_token,open_id from user where user_token = ? 
2020-03-12 10:29:18,966 [DEBUG] (BaseJdbcLogger.java:143)- ==> Parameters: 885b3afcf63444fb8437eced031bb9a2(String)
2020-03-12 10:29:19,015 [DEBUG] (BaseJdbcLogger.java:143)- ==>  Preparing: select id, title, vedioURL, cover_url, category, description from vedio 
2020-03-12 10:29:19,015 [DEBUG] (BaseJdbcLogger.java:143)- ==> Parameters: 
2020-03-12 10:29:19,017 [DEBUG] (BaseJdbcLogger.java:143)- ==>  Preparing: select id, title, audioURL, category, cover_url from audio 
2020-03-12 10:29:19,018 [DEBUG] (BaseJdbcLogger.java:143)- ==> Parameters: 
2020-03-12 10:29:19,042 [DEBUG] (BaseJdbcLogger.java:143)- <==      Total: 1
2020-03-12 10:29:19,092 [DEBUG] (BaseJdbcLogger.java:143)- <==      Total: 9
2020-03-12 10:29:19,092 [DEBUG] (BaseJdbcLogger.java:143)- <==      Total: 6
2020-03-12 10:32:18,114 [DEBUG] (BaseJdbcLogger.java:143)- ==>  Preparing: select user_id, age, credit_id, pregnant_type, pregnant_week, job, confinement_date, confinement_week, confinement_type, user_name, user_password, user_token,open_id from user where user_token = ? 
2020-03-12 10:32:18,115 [DEBUG] (BaseJdbcLogger.java:143)- ==> Parameters: 885b3afcf63444fb8437eced031bb9a2(String)
2020-03-12 10:32:18,148 [DEBUG] (BaseJdbcLogger.java:143)- ==>  Preparing: select id, title, audioURL, category, cover_url from audio 
2020-03-12 10:32:18,148 [DEBUG] (BaseJdbcLogger.java:143)- ==> Parameters: 
2020-03-12 10:32:18,150 [DEBUG] (BaseJdbcLogger.java:143)- ==>  Preparing: select id, title, vedioURL, cover_url, category, description from vedio 
2020-03-12 10:32:18,150 [DEBUG] (BaseJdbcLogger.java:143)- ==> Parameters: 
2020-03-12 10:32:18,189 [DEBUG] (BaseJdbcLogger.java:143)- <==      Total: 1
2020-03-12 10:32:18,242 [DEBUG] (BaseJdbcLogger.java:143)- <==      Total: 6
2020-03-12 10:32:18,243 [DEBUG] (BaseJdbcLogger.java:143)- <==      Total: 9
2020-03-12 10:32:27,409 [DEBUG] (BaseJdbcLogger.java:143)- ==>  Preparing: select user_id, age, credit_id, pregnant_type, pregnant_week, job, confinement_date, confinement_week, confinement_type, user_name, user_password, user_token,open_id from user where user_token = ? 
2020-03-12 10:32:27,410 [DEBUG] (BaseJdbcLogger.java:143)- ==> Parameters: 885b3afcf63444fb8437eced031bb9a2(String)
2020-03-12 10:32:27,503 [DEBUG] (BaseJdbcLogger.java:143)- <==      Total: 1
2020-03-12 10:32:27,530 [DEBUG] (BaseJdbcLogger.java:143)- ==>  Preparing: select id, title, audioURL, category, cover_url from audio 
2020-03-12 10:32:27,531 [DEBUG] (BaseJdbcLogger.java:143)- ==> Parameters: 
2020-03-12 10:32:27,531 [DEBUG] (BaseJdbcLogger.java:143)- ==>  Preparing: select id, title, vedioURL, cover_url, category, description from vedio 
2020-03-12 10:32:27,532 [DEBUG] (BaseJdbcLogger.java:143)- ==> Parameters: 
2020-03-12 10:32:27,608 [DEBUG] (BaseJdbcLogger.java:143)- <==      Total: 9
2020-03-12 10:32:27,609 [DEBUG] (BaseJdbcLogger.java:143)- <==      Total: 6
2020-03-12 10:32:30,833 [DEBUG] (BaseJdbcLogger.java:143)- ==>  Preparing: select id, user_name, name, img_url, expert_in, imageText_cost, voice_cost, video_cost,open_id from doctor 
2020-03-12 10:32:30,834 [DEBUG] (BaseJdbcLogger.java:143)- ==> Parameters: 
2020-03-12 10:32:30,838 [DEBUG] (BaseJdbcLogger.java:143)- ==>  Preparing: select id, user_name, name, img_url, expert_in, imageText_cost, voice_cost, video_cost,open_id from doctor 
2020-03-12 10:32:30,839 [DEBUG] (BaseJdbcLogger.java:143)- ==> Parameters: 
2020-03-12 10:32:30,991 [DEBUG] (BaseJdbcLogger.java:143)- <==      Total: 9
2020-03-12 10:32:30,993 [DEBUG] (BaseJdbcLogger.java:143)- <==      Total: 9
2020-03-12 10:32:38,489 [INFO] (ConsultOrderController.java:75)- === AddConsultOrder:ConsultOrder{id=null, doctorId=1, userId=462, createTime=Thu Mar 12 10:32:38 CST 2020, lastingTime=86400000, contact='', contactPhone='1', symptomDescription='11', user=null, doctor=null, consultCost=5, status=null, oid='bda0a919ee4b434a8f6ea1e8f9b924e9', userOpenId='oby6g4gzlRYKAZKmINMKVC-Z12hY', doctorOpenId='oby6g4gzlRYKAZKmINMKVC-Z12hY', imgUrls=''} ===
2020-03-12 10:32:38,489 [DEBUG] (BaseJdbcLogger.java:143)- ==>  Preparing: insert into consult_order (id, doctor_id, user_id, create_time, lasting_time, contact, contact_phone, symptom_description,consult_cost,status,oid,user_open_id,doctor_open_id,img_urls ) values (?, ?, ?, ?, ?, ?, ?, ?, ?,?,?, ?,?,? ) 
2020-03-12 10:32:38,490 [DEBUG] (BaseJdbcLogger.java:143)- ==> Parameters: null, 1(Integer), 462(Integer), 2020-03-12 10:32:38.0(Timestamp), 86400000(Integer), (String), 1(String), 11(String), 5(Integer), null, bda0a919ee4b434a8f6ea1e8f9b924e9(String), oby6g4gzlRYKAZKmINMKVC-Z12hY(String), oby6g4gzlRYKAZKmINMKVC-Z12hY(String), (String)
2020-03-12 10:32:38,776 [DEBUG] (BaseJdbcLogger.java:143)- <==    Updates: 1
2020-03-12 10:32:39,114 [INFO] (WebSocketController.java:92)- [WebSocket] 连接成功，当前连接人数:1
2020-03-12 10:32:39,114 [DEBUG] (BaseJdbcLogger.java:143)- ==>  Preparing: select id, from_user_id, to_user_id, message_type, message_content, time,oid from wechat_message_item where from_user_id = ? and to_user_id = ? or from_user_id = ? and to_user_id = ? 
2020-03-12 10:32:39,115 [DEBUG] (BaseJdbcLogger.java:143)- ==> Parameters: 462(Integer), 1(Integer), 1(Integer), 462(Integer)
2020-03-12 10:32:39,188 [DEBUG] (BaseJdbcLogger.java:143)- <==      Total: 4
2020-03-12 10:32:39,188 [INFO] (WebSocketController.java:103)-  === 用户 462和用户 1的聊天记录：[WeChatMessageItem{id=41, fromUserId=462, toUserId=1, messageType=0, messageContent='ewfewfewfew', time=Mon Mar 09 15:33:29 CST 2020, oid='6742d3461985435b85fa18482d534224'}, WeChatMessageItem{id=42, fromUserId=462, toUserId=1, messageType=0, messageContent='dsgfgfg', time=Mon Mar 09 15:33:44 CST 2020, oid='6742d3461985435b85fa18482d534224'}, WeChatMessageItem{id=50, fromUserId=462, toUserId=1, messageType=0, messageContent='dfdsf', time=Thu Mar 12 10:06:30 CST 2020, oid='2130bf72344d4b9c82f1eb75ba56a6d2'}, WeChatMessageItem{id=51, fromUserId=462, toUserId=1, messageType=0, messageContent='1', time=Thu Mar 12 10:11:47 CST 2020, oid='4a154a9de6e849f2acb792a6cca6ce5b'}]
2020-03-12 10:32:39,189 [DEBUG] (WebSocketController.java:208)- ===  用户消息成功 消息数据：[{"fromUserId":462,"id":41,"messageContent":"ewfewfewfew","messageType":0,"oid":"6742d3461985435b85fa18482d534224","time":1583739209000,"toUserId":1},{"fromUserId":462,"id":42,"messageContent":"dsgfgfg","messageType":0,"oid":"6742d3461985435b85fa18482d534224","time":1583739224000,"toUserId":1},{"fromUserId":462,"id":50,"messageContent":"dfdsf","messageType":0,"oid":"2130bf72344d4b9c82f1eb75ba56a6d2","time":1583978790000,"toUserId":1},{"fromUserId":462,"id":51,"messageContent":"1","messageType":0,"oid":"4a154a9de6e849f2acb792a6cca6ce5b","time":1583979107000,"toUserId":1}] ===
2020-03-12 10:32:44,237 [INFO] (WebSocketController.java:137)- [WebSocket] 收到消息：{"fromUserId":462,"toUserId":"1","messageType":0,"messageContent":"1111","time":"2020-03-12 10:32:44","oid":"bda0a919ee4b434a8f6ea1e8f9b924e9"}
2020-03-12 10:32:44,238 [DEBUG] (BaseJdbcLogger.java:143)- ==>  Preparing: insert into wechat_message_item (id, from_user_id, to_user_id, message_type, message_content, time,oid ) values (?, ?, ?, ?, ?, ?, ? ) 
2020-03-12 10:32:44,239 [DEBUG] (BaseJdbcLogger.java:143)- ==> Parameters: null, 462(Integer), 1(Integer), 0(Integer), 1111(String), 2020-03-12 10:32:44.0(Timestamp), bda0a919ee4b434a8f6ea1e8f9b924e9(String)
2020-03-12 10:32:44,543 [DEBUG] (BaseJdbcLogger.java:143)- <==    Updates: 1
2020-03-12 10:32:44,544 [DEBUG] (WebSocketController.java:208)- ===  用户消息成功 消息数据：{"msg":"成功发送!","status":1} ===
2020-03-12 10:32:52,271 [INFO] (WebSocketController.java:112)- [WebSocket] 退出成功，当前连接人数为：=0 当前在线人： {}
2020-03-12 10:36:09,441 [DEBUG] (BaseJdbcLogger.java:143)- ==>  Preparing: select id, title, vedioURL, cover_url, category, description from vedio 
2020-03-12 10:36:09,441 [DEBUG] (BaseJdbcLogger.java:143)- ==> Parameters: 
2020-03-12 10:36:09,452 [DEBUG] (BaseJdbcLogger.java:143)- ==>  Preparing: select id, title, audioURL, category, cover_url from audio 
2020-03-12 10:36:09,453 [DEBUG] (BaseJdbcLogger.java:143)- ==> Parameters: 
2020-03-12 10:36:09,455 [DEBUG] (BaseJdbcLogger.java:143)- ==>  Preparing: select user_id, age, credit_id, pregnant_type, pregnant_week, job, confinement_date, confinement_week, confinement_type, user_name, user_password, user_token,open_id from user where user_token = ? 
2020-03-12 10:36:09,455 [DEBUG] (BaseJdbcLogger.java:143)- ==> Parameters: 885b3afcf63444fb8437eced031bb9a2(String)
2020-03-12 10:36:09,506 [DEBUG] (BaseJdbcLogger.java:143)- <==      Total: 9
2020-03-12 10:36:09,529 [DEBUG] (BaseJdbcLogger.java:143)- <==      Total: 1
2020-03-12 10:36:09,529 [DEBUG] (BaseJdbcLogger.java:143)- <==      Total: 6
2020-03-12 10:36:12,588 [DEBUG] (BaseJdbcLogger.java:143)- ==>  Preparing: select id, user_name, name, img_url, expert_in, imageText_cost, voice_cost, video_cost,open_id from doctor 
2020-03-12 10:36:12,589 [DEBUG] (BaseJdbcLogger.java:143)- ==> Parameters: 
2020-03-12 10:36:12,599 [DEBUG] (BaseJdbcLogger.java:143)- ==>  Preparing: select id, user_name, name, img_url, expert_in, imageText_cost, voice_cost, video_cost,open_id from doctor 
2020-03-12 10:36:12,599 [DEBUG] (BaseJdbcLogger.java:143)- ==> Parameters: 
2020-03-12 10:36:12,655 [DEBUG] (BaseJdbcLogger.java:143)- <==      Total: 9
2020-03-12 10:36:12,664 [DEBUG] (BaseJdbcLogger.java:143)- <==      Total: 9
2020-03-12 10:36:20,050 [INFO] (ConsultOrderController.java:75)- === AddConsultOrder:ConsultOrder{id=null, doctorId=1, userId=462, createTime=Thu Mar 12 10:36:20 CST 2020, lastingTime=86400000, contact='', contactPhone='1', symptomDescription='111', user=null, doctor=null, consultCost=5, status=null, oid='ccd7a4f78a1845e4845176a01fe11c11', userOpenId='oby6g4gzlRYKAZKmINMKVC-Z12hY', doctorOpenId='oby6g4gzlRYKAZKmINMKVC-Z12hY', imgUrls=''} ===
2020-03-12 10:36:20,050 [DEBUG] (BaseJdbcLogger.java:143)- ==>  Preparing: insert into consult_order (id, doctor_id, user_id, create_time, lasting_time, contact, contact_phone, symptom_description,consult_cost,status,oid,user_open_id,doctor_open_id,img_urls ) values (?, ?, ?, ?, ?, ?, ?, ?, ?,?,?, ?,?,? ) 
2020-03-12 10:36:20,052 [DEBUG] (BaseJdbcLogger.java:143)- ==> Parameters: null, 1(Integer), 462(Integer), 2020-03-12 10:36:20.0(Timestamp), 86400000(Integer), (String), 1(String), 111(String), 5(Integer), null, ccd7a4f78a1845e4845176a01fe11c11(String), oby6g4gzlRYKAZKmINMKVC-Z12hY(String), oby6g4gzlRYKAZKmINMKVC-Z12hY(String), (String)
2020-03-12 10:36:20,407 [DEBUG] (BaseJdbcLogger.java:143)- <==    Updates: 1
2020-03-12 10:36:20,696 [INFO] (WebSocketController.java:92)- [WebSocket] 连接成功，当前连接人数:1
2020-03-12 10:36:20,696 [DEBUG] (BaseJdbcLogger.java:143)- ==>  Preparing: select id, from_user_id, to_user_id, message_type, message_content, time,oid from wechat_message_item where from_user_id = ? and to_user_id = ? or from_user_id = ? and to_user_id = ? 
2020-03-12 10:36:20,699 [DEBUG] (BaseJdbcLogger.java:143)- ==> Parameters: 462(Integer), 1(Integer), 1(Integer), 462(Integer)
2020-03-12 10:36:20,767 [DEBUG] (BaseJdbcLogger.java:143)- <==      Total: 5
2020-03-12 10:36:20,767 [INFO] (WebSocketController.java:103)-  === 用户 462和用户 1的聊天记录：[WeChatMessageItem{id=41, fromUserId=462, toUserId=1, messageType=0, messageContent='ewfewfewfew', time=Mon Mar 09 15:33:29 CST 2020, oid='6742d3461985435b85fa18482d534224'}, WeChatMessageItem{id=42, fromUserId=462, toUserId=1, messageType=0, messageContent='dsgfgfg', time=Mon Mar 09 15:33:44 CST 2020, oid='6742d3461985435b85fa18482d534224'}, WeChatMessageItem{id=50, fromUserId=462, toUserId=1, messageType=0, messageContent='dfdsf', time=Thu Mar 12 10:06:30 CST 2020, oid='2130bf72344d4b9c82f1eb75ba56a6d2'}, WeChatMessageItem{id=51, fromUserId=462, toUserId=1, messageType=0, messageContent='1', time=Thu Mar 12 10:11:47 CST 2020, oid='4a154a9de6e849f2acb792a6cca6ce5b'}, WeChatMessageItem{id=52, fromUserId=462, toUserId=1, messageType=0, messageContent='1111', time=Thu Mar 12 10:32:44 CST 2020, oid='bda0a919ee4b434a8f6ea1e8f9b924e9'}]
2020-03-12 10:36:20,768 [DEBUG] (WebSocketController.java:208)- ===  用户消息成功 消息数据：[{"fromUserId":462,"id":41,"messageContent":"ewfewfewfew","messageType":0,"oid":"6742d3461985435b85fa18482d534224","time":1583739209000,"toUserId":1},{"fromUserId":462,"id":42,"messageContent":"dsgfgfg","messageType":0,"oid":"6742d3461985435b85fa18482d534224","time":1583739224000,"toUserId":1},{"fromUserId":462,"id":50,"messageContent":"dfdsf","messageType":0,"oid":"2130bf72344d4b9c82f1eb75ba56a6d2","time":1583978790000,"toUserId":1},{"fromUserId":462,"id":51,"messageContent":"1","messageType":0,"oid":"4a154a9de6e849f2acb792a6cca6ce5b","time":1583979107000,"toUserId":1},{"fromUserId":462,"id":52,"messageContent":"1111","messageType":0,"oid":"bda0a919ee4b434a8f6ea1e8f9b924e9","time":1583980364000,"toUserId":1}] ===
2020-03-12 10:36:28,991 [INFO] (WebSocketController.java:137)- [WebSocket] 收到消息：{"fromUserId":462,"toUserId":"1","messageType":0,"messageContent":"1111111","time":"2020-03-12 10:36:28","oid":"ccd7a4f78a1845e4845176a01fe11c11"}
2020-03-12 10:36:28,992 [DEBUG] (BaseJdbcLogger.java:143)- ==>  Preparing: insert into wechat_message_item (id, from_user_id, to_user_id, message_type, message_content, time,oid ) values (?, ?, ?, ?, ?, ?, ? ) 
2020-03-12 10:36:28,992 [DEBUG] (BaseJdbcLogger.java:143)- ==> Parameters: null, 462(Integer), 1(Integer), 0(Integer), 1111111(String), 2020-03-12 10:36:28.0(Timestamp), ccd7a4f78a1845e4845176a01fe11c11(String)
2020-03-12 10:36:29,181 [DEBUG] (BaseJdbcLogger.java:143)- <==    Updates: 1
2020-03-12 10:36:29,182 [DEBUG] (WebSocketController.java:208)- ===  用户消息成功 消息数据：{"msg":"成功发送!","status":1} ===
2020-03-12 10:36:30,945 [INFO] (WebSocketController.java:112)- [WebSocket] 退出成功，当前连接人数为：=0 当前在线人： {}
2020-03-12 10:44:11,212 [DEBUG] (BaseJdbcLogger.java:143)- ==>  Preparing: select user_id, age, credit_id, pregnant_type, pregnant_week, job, confinement_date, confinement_week, confinement_type, user_name, user_password, user_token,open_id from user where user_token = ? 
2020-03-12 10:44:11,212 [DEBUG] (BaseJdbcLogger.java:143)- ==> Parameters: 885b3afcf63444fb8437eced031bb9a2(String)
2020-03-12 10:44:11,244 [DEBUG] (BaseJdbcLogger.java:143)- ==>  Preparing: select id, title, audioURL, category, cover_url from audio 
2020-03-12 10:44:11,244 [DEBUG] (BaseJdbcLogger.java:143)- ==> Parameters: 
2020-03-12 10:44:11,250 [DEBUG] (BaseJdbcLogger.java:143)- ==>  Preparing: select id, title, vedioURL, cover_url, category, description from vedio 
2020-03-12 10:44:11,251 [DEBUG] (BaseJdbcLogger.java:143)- ==> Parameters: 
2020-03-12 10:44:11,290 [DEBUG] (BaseJdbcLogger.java:143)- <==      Total: 1
2020-03-12 10:44:11,312 [DEBUG] (BaseJdbcLogger.java:143)- <==      Total: 6
2020-03-12 10:44:11,329 [DEBUG] (BaseJdbcLogger.java:143)- <==      Total: 9
2020-03-12 10:44:11,442 [DEBUG] (BaseJdbcLogger.java:143)- ==>  Preparing: select id, title, description, img_url, category from article 
2020-03-12 10:44:11,442 [DEBUG] (BaseJdbcLogger.java:143)- ==> Parameters: 
2020-03-12 10:44:11,521 [DEBUG] (BaseJdbcLogger.java:143)- <==      Total: 20
2020-03-12 10:44:11,695 [INFO] (ArticleController.java:66)- 母乳喂养的好处
2020-03-12 10:44:13,742 [DEBUG] (BaseJdbcLogger.java:143)- ==>  Preparing: select id, user_name, name, img_url, expert_in, imageText_cost, voice_cost, video_cost,open_id from doctor 
2020-03-12 10:44:13,743 [DEBUG] (BaseJdbcLogger.java:143)- ==> Parameters: 
2020-03-12 10:44:13,756 [DEBUG] (BaseJdbcLogger.java:143)- ==>  Preparing: select id, user_name, name, img_url, expert_in, imageText_cost, voice_cost, video_cost,open_id from doctor 
2020-03-12 10:44:13,756 [DEBUG] (BaseJdbcLogger.java:143)- ==> Parameters: 
2020-03-12 10:44:13,892 [DEBUG] (BaseJdbcLogger.java:143)- <==      Total: 9
2020-03-12 10:44:13,894 [DEBUG] (BaseJdbcLogger.java:143)- <==      Total: 9
2020-03-12 10:44:21,279 [INFO] (ConsultOrderController.java:75)- === AddConsultOrder:ConsultOrder{id=null, doctorId=1, userId=462, createTime=Thu Mar 12 10:44:25 CST 2020, lastingTime=86400000, contact='', contactPhone='1', symptomDescription='1', user=null, doctor=null, consultCost=5, status=null, oid='4e1b617c70064961801f061141695391', userOpenId='oby6g4gzlRYKAZKmINMKVC-Z12hY', doctorOpenId='oby6g4gzlRYKAZKmINMKVC-Z12hY', imgUrls=''} ===
2020-03-12 10:44:21,280 [DEBUG] (BaseJdbcLogger.java:143)- ==>  Preparing: insert into consult_order (id, doctor_id, user_id, create_time, lasting_time, contact, contact_phone, symptom_description,consult_cost,status,oid,user_open_id,doctor_open_id,img_urls ) values (?, ?, ?, ?, ?, ?, ?, ?, ?,?,?, ?,?,? ) 
2020-03-12 10:44:21,282 [DEBUG] (BaseJdbcLogger.java:143)- ==> Parameters: null, 1(Integer), 462(Integer), 2020-03-12 10:44:25.0(Timestamp), 86400000(Integer), (String), 1(String), 1(String), 5(Integer), null, 4e1b617c70064961801f061141695391(String), oby6g4gzlRYKAZKmINMKVC-Z12hY(String), oby6g4gzlRYKAZKmINMKVC-Z12hY(String), (String)
2020-03-12 10:44:21,445 [DEBUG] (BaseJdbcLogger.java:143)- <==    Updates: 1
2020-03-12 10:44:21,797 [INFO] (WebSocketController.java:92)- [WebSocket] 连接成功，当前连接人数:1
2020-03-12 10:44:21,798 [DEBUG] (BaseJdbcLogger.java:143)- ==>  Preparing: select id, from_user_id, to_user_id, message_type, message_content, time,oid from wechat_message_item where from_user_id = ? and to_user_id = ? or from_user_id = ? and to_user_id = ? 
2020-03-12 10:44:21,799 [DEBUG] (BaseJdbcLogger.java:143)- ==> Parameters: 462(Integer), 1(Integer), 1(Integer), 462(Integer)
2020-03-12 10:44:21,882 [DEBUG] (BaseJdbcLogger.java:143)- <==      Total: 6
2020-03-12 10:44:21,883 [INFO] (WebSocketController.java:103)-  === 用户 462和用户 1的聊天记录：[WeChatMessageItem{id=41, fromUserId=462, toUserId=1, messageType=0, messageContent='ewfewfewfew', time=Mon Mar 09 15:33:29 CST 2020, oid='6742d3461985435b85fa18482d534224'}, WeChatMessageItem{id=42, fromUserId=462, toUserId=1, messageType=0, messageContent='dsgfgfg', time=Mon Mar 09 15:33:44 CST 2020, oid='6742d3461985435b85fa18482d534224'}, WeChatMessageItem{id=50, fromUserId=462, toUserId=1, messageType=0, messageContent='dfdsf', time=Thu Mar 12 10:06:30 CST 2020, oid='2130bf72344d4b9c82f1eb75ba56a6d2'}, WeChatMessageItem{id=51, fromUserId=462, toUserId=1, messageType=0, messageContent='1', time=Thu Mar 12 10:11:47 CST 2020, oid='4a154a9de6e849f2acb792a6cca6ce5b'}, WeChatMessageItem{id=52, fromUserId=462, toUserId=1, messageType=0, messageContent='1111', time=Thu Mar 12 10:32:44 CST 2020, oid='bda0a919ee4b434a8f6ea1e8f9b924e9'}, WeChatMessageItem{id=53, fromUserId=462, toUserId=1, messageType=0, messageContent='1111111', time=Thu Mar 12 10:36:28 CST 2020, oid='ccd7a4f78a1845e4845176a01fe11c11'}]
2020-03-12 10:44:21,884 [DEBUG] (WebSocketController.java:208)- ===  用户消息成功 消息数据：[{"fromUserId":462,"id":41,"messageContent":"ewfewfewfew","messageType":0,"oid":"6742d3461985435b85fa18482d534224","time":1583739209000,"toUserId":1},{"fromUserId":462,"id":42,"messageContent":"dsgfgfg","messageType":0,"oid":"6742d3461985435b85fa18482d534224","time":1583739224000,"toUserId":1},{"fromUserId":462,"id":50,"messageContent":"dfdsf","messageType":0,"oid":"2130bf72344d4b9c82f1eb75ba56a6d2","time":1583978790000,"toUserId":1},{"fromUserId":462,"id":51,"messageContent":"1","messageType":0,"oid":"4a154a9de6e849f2acb792a6cca6ce5b","time":1583979107000,"toUserId":1},{"fromUserId":462,"id":52,"messageContent":"1111","messageType":0,"oid":"bda0a919ee4b434a8f6ea1e8f9b924e9","time":1583980364000,"toUserId":1},{"fromUserId":462,"id":53,"messageContent":"1111111","messageType":0,"oid":"ccd7a4f78a1845e4845176a01fe11c11","time":1583980588000,"toUserId":1}] ===
2020-03-12 10:44:27,275 [INFO] (WebSocketController.java:137)- [WebSocket] 收到消息：{"fromUserId":462,"toUserId":"1","messageType":0,"messageContent":"edfd","time":"2020-03-12 10:44:31","oid":"4e1b617c70064961801f061141695391"}
2020-03-12 10:44:27,276 [DEBUG] (BaseJdbcLogger.java:143)- ==>  Preparing: insert into wechat_message_item (id, from_user_id, to_user_id, message_type, message_content, time,oid ) values (?, ?, ?, ?, ?, ?, ? ) 
2020-03-12 10:44:27,277 [DEBUG] (BaseJdbcLogger.java:143)- ==> Parameters: null, 462(Integer), 1(Integer), 0(Integer), edfd(String), 2020-03-12 10:44:31.0(Timestamp), 4e1b617c70064961801f061141695391(String)
2020-03-12 10:44:27,512 [DEBUG] (BaseJdbcLogger.java:143)- <==    Updates: 1
2020-03-12 10:44:27,512 [DEBUG] (WebSocketController.java:208)- ===  用户消息成功 消息数据：{"msg":"成功发送!","status":1} ===
2020-03-12 10:45:23,114 [INFO] (WebSocketController.java:112)- [WebSocket] 退出成功，当前连接人数为：=0 当前在线人： {}
2020-03-12 14:26:06,094 [INFO] (StartupInfoLogger.java:50)- Starting BreastApplication on LAPTOP-562395R3 with PID 3644 (started by 爱哭的周小姐 in D:\软件应用\java IDE\IntelliJ IDEA 2019.1\项目\breastfeed\新建文件夹\server\bfbackend)
2020-03-12 14:26:06,109 [DEBUG] (StartupInfoLogger.java:53)- Running with Spring Boot v2.1.9.RELEASE, Spring v5.1.10.RELEASE
2020-03-12 14:26:06,110 [INFO] (SpringApplication.java:648)- No active profile set, falling back to default profiles: default
2020-03-12 14:26:10,645 [INFO] (StartupInfoLogger.java:59)- Started BreastApplication in 5.512 seconds (JVM running for 8.724)
2020-03-12 14:33:32,680 [INFO] (StartupInfoLogger.java:50)- Starting BreastApplication on LAPTOP-562395R3 with PID 15848 (started by 爱哭的周小姐 in D:\软件应用\java IDE\IntelliJ IDEA 2019.1\项目\breastfeed\新建文件夹\server\bfbackend)
2020-03-12 14:33:32,685 [DEBUG] (StartupInfoLogger.java:53)- Running with Spring Boot v2.1.9.RELEASE, Spring v5.1.10.RELEASE
2020-03-12 14:33:32,685 [INFO] (SpringApplication.java:648)- No active profile set, falling back to default profiles: default
2020-03-12 14:33:35,344 [INFO] (StartupInfoLogger.java:59)- Started BreastApplication in 4.224 seconds (JVM running for 6.027)
2020-03-12 14:38:34,618 [DEBUG] (BaseJdbcLogger.java:143)- ==>  Preparing: select user_id, age, credit_id, pregnant_type, pregnant_week, job, confinement_date, confinement_week, confinement_type, user_name, user_password, user_token, open_id from user where user_token = ? 
2020-03-12 14:38:34,651 [DEBUG] (BaseJdbcLogger.java:143)- ==> Parameters: 885b3afcf63444fb8437eced031bb9a2(String)
2020-03-12 14:38:34,768 [DEBUG] (BaseJdbcLogger.java:143)- <==      Total: 1
2020-03-12 14:38:34,771 [DEBUG] (BaseJdbcLogger.java:143)- ==>  Preparing: select id, title, audioURL, category, cover_url from audio 
2020-03-12 14:38:34,772 [DEBUG] (BaseJdbcLogger.java:143)- ==> Parameters: 
2020-03-12 14:38:34,863 [DEBUG] (BaseJdbcLogger.java:143)- <==      Total: 6
2020-03-12 14:38:34,865 [DEBUG] (BaseJdbcLogger.java:143)- ==>  Preparing: select id, title, vedioURL, cover_url, category, description from vedio 
2020-03-12 14:38:34,866 [DEBUG] (BaseJdbcLogger.java:143)- ==> Parameters: 
2020-03-12 14:38:34,944 [DEBUG] (BaseJdbcLogger.java:143)- <==      Total: 9
2020-03-12 14:38:34,945 [DEBUG] (BaseJdbcLogger.java:143)- ==>  Preparing: select id, title, description, img_url, category from article 
2020-03-12 14:38:34,946 [DEBUG] (BaseJdbcLogger.java:143)- ==> Parameters: 
2020-03-12 14:38:35,036 [DEBUG] (BaseJdbcLogger.java:143)- <==      Total: 20
2020-03-12 14:38:35,231 [INFO] (ArticleController.java:66)- 母乳喂养的好处
2020-03-12 14:38:48,152 [DEBUG] (BaseJdbcLogger.java:143)- ==>  Preparing: select id, user_name, name, img_url, expert_in, imageText_cost, voice_cost, video_cost,open_id from doctor 
2020-03-12 14:38:48,153 [DEBUG] (BaseJdbcLogger.java:143)- ==> Parameters: 
2020-03-12 14:38:48,169 [DEBUG] (BaseJdbcLogger.java:143)- ==>  Preparing: select id, user_name, name, img_url, expert_in, imageText_cost, voice_cost, video_cost,open_id from doctor 
2020-03-12 14:38:48,169 [DEBUG] (BaseJdbcLogger.java:143)- ==> Parameters: 
2020-03-12 14:38:48,234 [DEBUG] (BaseJdbcLogger.java:143)- <==      Total: 9
2020-03-12 14:38:48,247 [DEBUG] (BaseJdbcLogger.java:143)- <==      Total: 9
2020-03-12 14:38:59,882 [INFO] (ConsultOrderController.java:71)- === AddConsultOrder:ConsultOrder{id=null, doctorId=1, userId=462, createTime=Thu Mar 12 14:38:59 CST 2020, lastingTime=86400000, contact='', contactPhone='1', symptomDescription='11', user=null, doctor=null, consultCost=5, status=null, oid='afc661d1a48042feb274727f8113bb86', userOpenId='oby6g4gzlRYKAZKmINMKVC-Z12hY', doctorOpenId='oby6g4gzlRYKAZKmINMKVC-Z12hY', imgUrls=''} ===
2020-03-12 14:38:59,882 [DEBUG] (BaseJdbcLogger.java:143)- ==>  Preparing: insert into consult_order (id, doctor_id, user_id, create_time, lasting_time, contact, contact_phone, symptom_description,consult_cost,status,oid,user_open_id,doctor_open_id,img_urls ) values (?, ?, ?, ?, ?, ?, ?, ?, ?,?,?, ?,?,? ) 
2020-03-12 14:38:59,886 [DEBUG] (BaseJdbcLogger.java:143)- ==> Parameters: null, 1(Integer), 462(Integer), 2020-03-12 14:38:59.0(Timestamp), 86400000(Integer), (String), 1(String), 11(String), 5(Integer), null, afc661d1a48042feb274727f8113bb86(String), oby6g4gzlRYKAZKmINMKVC-Z12hY(String), oby6g4gzlRYKAZKmINMKVC-Z12hY(String), (String)
2020-03-12 14:39:00,137 [DEBUG] (BaseJdbcLogger.java:143)- <==    Updates: 1
2020-03-12 14:39:00,536 [INFO] (WebSocketController.java:92)- [WebSocket] 连接成功，当前连接人数:1
2020-03-12 14:39:00,538 [DEBUG] (BaseJdbcLogger.java:143)- ==>  Preparing: select id, from_user_id, to_user_id, message_type, message_content, time,oid from wechat_message_item where from_user_id = ? and to_user_id = ? or from_user_id = ? and to_user_id = ? 
2020-03-12 14:39:00,539 [DEBUG] (BaseJdbcLogger.java:143)- ==> Parameters: 462(Integer), 1(Integer), 1(Integer), 462(Integer)
2020-03-12 14:39:00,621 [DEBUG] (BaseJdbcLogger.java:143)- <==      Total: 7
2020-03-12 14:39:00,621 [INFO] (WebSocketController.java:103)-  === 用户 462和用户 1的聊天记录：[WeChatMessageItem{id=41, fromUserId=462, toUserId=1, messageType=0, messageContent='ewfewfewfew', time=Mon Mar 09 15:33:29 CST 2020, oid='6742d3461985435b85fa18482d534224'}, WeChatMessageItem{id=42, fromUserId=462, toUserId=1, messageType=0, messageContent='dsgfgfg', time=Mon Mar 09 15:33:44 CST 2020, oid='6742d3461985435b85fa18482d534224'}, WeChatMessageItem{id=50, fromUserId=462, toUserId=1, messageType=0, messageContent='dfdsf', time=Thu Mar 12 10:06:30 CST 2020, oid='2130bf72344d4b9c82f1eb75ba56a6d2'}, WeChatMessageItem{id=51, fromUserId=462, toUserId=1, messageType=0, messageContent='1', time=Thu Mar 12 10:11:47 CST 2020, oid='4a154a9de6e849f2acb792a6cca6ce5b'}, WeChatMessageItem{id=52, fromUserId=462, toUserId=1, messageType=0, messageContent='1111', time=Thu Mar 12 10:32:44 CST 2020, oid='bda0a919ee4b434a8f6ea1e8f9b924e9'}, WeChatMessageItem{id=53, fromUserId=462, toUserId=1, messageType=0, messageContent='1111111', time=Thu Mar 12 10:36:28 CST 2020, oid='ccd7a4f78a1845e4845176a01fe11c11'}, WeChatMessageItem{id=54, fromUserId=462, toUserId=1, messageType=0, messageContent='edfd', time=Thu Mar 12 10:44:31 CST 2020, oid='4e1b617c70064961801f061141695391'}]
2020-03-12 14:39:00,634 [DEBUG] (WebSocketController.java:209)- ===  用户消息成功 消息数据：[{"fromUserId":462,"id":41,"messageContent":"ewfewfewfew","messageType":0,"oid":"6742d3461985435b85fa18482d534224","time":1583739209000,"toUserId":1},{"fromUserId":462,"id":42,"messageContent":"dsgfgfg","messageType":0,"oid":"6742d3461985435b85fa18482d534224","time":1583739224000,"toUserId":1},{"fromUserId":462,"id":50,"messageContent":"dfdsf","messageType":0,"oid":"2130bf72344d4b9c82f1eb75ba56a6d2","time":1583978790000,"toUserId":1},{"fromUserId":462,"id":51,"messageContent":"1","messageType":0,"oid":"4a154a9de6e849f2acb792a6cca6ce5b","time":1583979107000,"toUserId":1},{"fromUserId":462,"id":52,"messageContent":"1111","messageType":0,"oid":"bda0a919ee4b434a8f6ea1e8f9b924e9","time":1583980364000,"toUserId":1},{"fromUserId":462,"id":53,"messageContent":"1111111","messageType":0,"oid":"ccd7a4f78a1845e4845176a01fe11c11","time":1583980588000,"toUserId":1},{"fromUserId":462,"id":54,"messageContent":"edfd","messageType":0,"oid":"4e1b617c70064961801f061141695391","time":1583981071000,"toUserId":1}] ===
2020-03-12 14:40:39,373 [INFO] (WebSocketController.java:112)- [WebSocket] 退出成功，当前连接人数为：=0 当前在线人： {}
2020-03-12 14:42:02,404 [INFO] (ConsultOrderController.java:71)- === AddConsultOrder:ConsultOrder{id=null, doctorId=1, userId=462, createTime=Thu Mar 12 14:40:44 CST 2020, lastingTime=86400000, contact='', contactPhone='1', symptomDescription='11', user=null, doctor=null, consultCost=5, status=null, oid='d223e52288e9455585b30a67597c9aa2', userOpenId='oby6g4gzlRYKAZKmINMKVC-Z12hY', doctorOpenId='oby6g4gzlRYKAZKmINMKVC-Z12hY', imgUrls=''} ===
2020-03-12 14:42:02,583 [DEBUG] (BaseJdbcLogger.java:143)- ==>  Preparing: insert into consult_order (id, doctor_id, user_id, create_time, lasting_time, contact, contact_phone, symptom_description,consult_cost,status,oid,user_open_id,doctor_open_id,img_urls ) values (?, ?, ?, ?, ?, ?, ?, ?, ?,?,?, ?,?,? ) 
2020-03-12 14:42:02,584 [DEBUG] (BaseJdbcLogger.java:143)- ==> Parameters: null, 1(Integer), 462(Integer), 2020-03-12 14:40:44.0(Timestamp), 86400000(Integer), (String), 1(String), 11(String), 5(Integer), null, d223e52288e9455585b30a67597c9aa2(String), oby6g4gzlRYKAZKmINMKVC-Z12hY(String), oby6g4gzlRYKAZKmINMKVC-Z12hY(String), (String)
2020-03-12 14:42:02,761 [DEBUG] (BaseJdbcLogger.java:143)- <==    Updates: 1
2020-03-12 14:42:09,781 [INFO] (StartupInfoLogger.java:50)- Starting BreastApplication on LAPTOP-562395R3 with PID 6940 (started by 爱哭的周小姐 in D:\软件应用\java IDE\IntelliJ IDEA 2019.1\项目\breastfeed\新建文件夹\server\bfbackend)
2020-03-12 14:42:09,798 [DEBUG] (StartupInfoLogger.java:53)- Running with Spring Boot v2.1.9.RELEASE, Spring v5.1.10.RELEASE
2020-03-12 14:42:09,799 [INFO] (SpringApplication.java:648)- No active profile set, falling back to default profiles: default
2020-03-12 14:42:12,746 [INFO] (StartupInfoLogger.java:59)- Started BreastApplication in 4.177 seconds (JVM running for 6.111)
2020-03-12 14:44:50,884 [INFO] (ConsultOrderController.java:71)- === AddConsultOrder:ConsultOrder{id=null, doctorId=1, userId=462, createTime=Thu Mar 12 14:42:17 CST 2020, lastingTime=86400000, contact='', contactPhone='1', symptomDescription='11', user=null, doctor=null, consultCost=5, status=null, oid='08cf1e681d2540ee85eedc07fc277948', userOpenId='oby6g4gzlRYKAZKmINMKVC-Z12hY', doctorOpenId='oby6g4gzlRYKAZKmINMKVC-Z12hY', imgUrls=''} ===
2020-03-12 14:47:19,818 [INFO] (StartupInfoLogger.java:50)- Starting BreastApplication on LAPTOP-562395R3 with PID 1452 (started by 爱哭的周小姐 in D:\软件应用\java IDE\IntelliJ IDEA 2019.1\项目\breastfeed\新建文件夹\server\bfbackend)
2020-03-12 14:47:19,821 [DEBUG] (StartupInfoLogger.java:53)- Running with Spring Boot v2.1.9.RELEASE, Spring v5.1.10.RELEASE
2020-03-12 14:47:19,822 [INFO] (SpringApplication.java:648)- No active profile set, falling back to default profiles: default
2020-03-12 14:47:23,478 [INFO] (StartupInfoLogger.java:59)- Started BreastApplication in 4.35 seconds (JVM running for 6.301)
2020-03-12 14:47:26,607 [DEBUG] (BaseJdbcLogger.java:143)- ==>  Preparing: select user_id, age, credit_id, pregnant_type, pregnant_week, job, confinement_date, confinement_week, confinement_type, user_name, user_password, user_token, open_id from user where user_name = ? 
2020-03-12 14:47:26,631 [DEBUG] (BaseJdbcLogger.java:143)- ==> Parameters: 111111(String)
2020-03-12 14:47:26,737 [DEBUG] (BaseJdbcLogger.java:143)- <==      Total: 0
2020-03-12 14:48:15,278 [DEBUG] (BaseJdbcLogger.java:143)- ==>  Preparing: select user_id, age, credit_id, pregnant_type, pregnant_week, job, confinement_date, confinement_week, confinement_type, user_name, user_password, user_token, open_id from user where user_token = ? 
2020-03-12 14:48:15,279 [DEBUG] (BaseJdbcLogger.java:143)- ==> Parameters: 885b3afcf63444fb8437eced031bb9a2(String)
2020-03-12 14:48:15,357 [DEBUG] (BaseJdbcLogger.java:143)- <==      Total: 1
2020-03-12 14:48:15,382 [DEBUG] (BaseJdbcLogger.java:143)- ==>  Preparing: select id, title, audioURL, category, cover_url from audio 
2020-03-12 14:48:15,382 [DEBUG] (BaseJdbcLogger.java:143)- ==> Parameters: 
2020-03-12 14:48:15,460 [DEBUG] (BaseJdbcLogger.java:143)- <==      Total: 6
2020-03-12 14:48:15,461 [DEBUG] (BaseJdbcLogger.java:143)- ==>  Preparing: select id, title, vedioURL, cover_url, category, description from vedio 
2020-03-12 14:48:15,462 [DEBUG] (BaseJdbcLogger.java:143)- ==> Parameters: 
2020-03-12 14:48:15,544 [DEBUG] (BaseJdbcLogger.java:143)- <==      Total: 9
2020-03-12 14:48:19,021 [DEBUG] (BaseJdbcLogger.java:143)- ==>  Preparing: select id, user_name, name, img_url, expert_in, imageText_cost, voice_cost, video_cost,open_id from doctor 
2020-03-12 14:48:19,022 [DEBUG] (BaseJdbcLogger.java:143)- ==> Parameters: 
2020-03-12 14:48:19,039 [DEBUG] (BaseJdbcLogger.java:143)- ==>  Preparing: select id, user_name, name, img_url, expert_in, imageText_cost, voice_cost, video_cost,open_id from doctor 
2020-03-12 14:48:19,039 [DEBUG] (BaseJdbcLogger.java:143)- ==> Parameters: 
2020-03-12 14:48:19,146 [DEBUG] (BaseJdbcLogger.java:143)- <==      Total: 9
2020-03-12 14:48:19,148 [DEBUG] (BaseJdbcLogger.java:143)- <==      Total: 9
2020-03-12 14:52:14,035 [INFO] (ConsultOrderController.java:71)- === AddConsultOrder:ConsultOrder{id=null, doctorId=1, userId=462, createTime=Thu Mar 12 14:48:30 CST 2020, lastingTime=86400000, contact='', contactPhone='1111', symptomDescription='111', user=null, doctor=null, consultCost=5, status=null, oid='6979d088924f49bbae9ba834ea2adbc0', userOpenId='oby6g4gzlRYKAZKmINMKVC-Z12hY', doctorOpenId='oby6g4gzlRYKAZKmINMKVC-Z12hY', imgUrls=''} ===
2020-03-12 14:52:14,145 [DEBUG] (BaseJdbcLogger.java:143)- ==>  Preparing: insert into consult_order (id, doctor_id, user_id, create_time, lasting_time, contact, contact_phone, symptom_description,consult_cost,status,oid,user_open_id,doctor_open_id,img_urls ) values (?, ?, ?, ?, ?, ?, ?, ?, ?,?,?, ?,?,? ) 
2020-03-12 14:52:14,149 [DEBUG] (BaseJdbcLogger.java:143)- ==> Parameters: null, 1(Integer), 462(Integer), 2020-03-12 14:48:30.0(Timestamp), 86400000(Integer), (String), 1111(String), 111(String), 5(Integer), null, 6979d088924f49bbae9ba834ea2adbc0(String), oby6g4gzlRYKAZKmINMKVC-Z12hY(String), oby6g4gzlRYKAZKmINMKVC-Z12hY(String), (String)
2020-03-12 14:52:14,308 [DEBUG] (BaseJdbcLogger.java:143)- <==    Updates: 1
2020-03-12 14:52:48,494 [INFO] (StartupInfoLogger.java:50)- Starting BreastApplication on LAPTOP-562395R3 with PID 16608 (started by 爱哭的周小姐 in D:\软件应用\java IDE\IntelliJ IDEA 2019.1\项目\breastfeed\新建文件夹\server\bfbackend)
2020-03-12 14:52:48,498 [DEBUG] (StartupInfoLogger.java:53)- Running with Spring Boot v2.1.9.RELEASE, Spring v5.1.10.RELEASE
2020-03-12 14:52:48,498 [INFO] (SpringApplication.java:648)- No active profile set, falling back to default profiles: default
2020-03-12 14:52:52,195 [INFO] (StartupInfoLogger.java:59)- Started BreastApplication in 4.173 seconds (JVM running for 5.561)
2020-03-12 14:53:35,964 [INFO] (StartupInfoLogger.java:50)- Starting BreastApplication on LAPTOP-562395R3 with PID 1748 (started by 爱哭的周小姐 in D:\软件应用\java IDE\IntelliJ IDEA 2019.1\项目\breastfeed\新建文件夹\server\bfbackend)
2020-03-12 14:53:35,968 [DEBUG] (StartupInfoLogger.java:53)- Running with Spring Boot v2.1.9.RELEASE, Spring v5.1.10.RELEASE
2020-03-12 14:53:35,968 [INFO] (SpringApplication.java:648)- No active profile set, falling back to default profiles: default
2020-03-12 14:53:38,694 [INFO] (StartupInfoLogger.java:59)- Started BreastApplication in 3.368 seconds (JVM running for 4.91)
2020-03-12 14:54:45,161 [INFO] (ConsultOrderController.java:71)- === AddConsultOrder:ConsultOrder{id=null, doctorId=1, userId=462, createTime=Thu Mar 12 14:54:45 CST 2020, lastingTime=86400000, contact='', contactPhone='1111', symptomDescription='111', user=null, doctor=null, consultCost=5, status=null, oid='f179dc3cd2dd4d9c9c0b6ae7970f0cce', userOpenId='oby6g4gzlRYKAZKmINMKVC-Z12hY', doctorOpenId='oby6g4gzlRYKAZKmINMKVC-Z12hY', imgUrls=''} ===
2020-03-12 14:54:47,323 [DEBUG] (BaseJdbcLogger.java:143)- ==>  Preparing: insert into consult_order (id, doctor_id, user_id, create_time, lasting_time, contact, contact_phone, symptom_description,consult_cost,status,oid,user_open_id,doctor_open_id,img_urls ) values (?, ?, ?, ?, ?, ?, ?, ?, ?,?,?, ?,?,? ) 
2020-03-12 14:54:47,349 [DEBUG] (BaseJdbcLogger.java:143)- ==> Parameters: null, 1(Integer), 462(Integer), 2020-03-12 14:54:45.0(Timestamp), 86400000(Integer), (String), 1111(String), 111(String), 5(Integer), null, f179dc3cd2dd4d9c9c0b6ae7970f0cce(String), oby6g4gzlRYKAZKmINMKVC-Z12hY(String), oby6g4gzlRYKAZKmINMKVC-Z12hY(String), (String)
2020-03-12 14:54:47,497 [DEBUG] (BaseJdbcLogger.java:143)- <==    Updates: 1
2020-03-12 14:54:47,916 [INFO] (WebSocketController.java:92)- [WebSocket] 连接成功，当前连接人数:1
2020-03-12 14:54:47,924 [DEBUG] (BaseJdbcLogger.java:143)- ==>  Preparing: select id, from_user_id, to_user_id, message_type, message_content, time,oid from wechat_message_item where from_user_id = ? and to_user_id = ? or from_user_id = ? and to_user_id = ? 
2020-03-12 14:54:47,925 [DEBUG] (BaseJdbcLogger.java:143)- ==> Parameters: 462(Integer), 1(Integer), 1(Integer), 462(Integer)
2020-03-12 14:54:48,078 [DEBUG] (BaseJdbcLogger.java:143)- <==      Total: 7
2020-03-12 14:54:48,081 [INFO] (WebSocketController.java:103)-  === 用户 462和用户 1的聊天记录：[WeChatMessageItem{id=41, fromUserId=462, toUserId=1, messageType=0, messageContent='ewfewfewfew', time=Mon Mar 09 15:33:29 CST 2020, oid='6742d3461985435b85fa18482d534224'}, WeChatMessageItem{id=42, fromUserId=462, toUserId=1, messageType=0, messageContent='dsgfgfg', time=Mon Mar 09 15:33:44 CST 2020, oid='6742d3461985435b85fa18482d534224'}, WeChatMessageItem{id=50, fromUserId=462, toUserId=1, messageType=0, messageContent='dfdsf', time=Thu Mar 12 10:06:30 CST 2020, oid='2130bf72344d4b9c82f1eb75ba56a6d2'}, WeChatMessageItem{id=51, fromUserId=462, toUserId=1, messageType=0, messageContent='1', time=Thu Mar 12 10:11:47 CST 2020, oid='4a154a9de6e849f2acb792a6cca6ce5b'}, WeChatMessageItem{id=52, fromUserId=462, toUserId=1, messageType=0, messageContent='1111', time=Thu Mar 12 10:32:44 CST 2020, oid='bda0a919ee4b434a8f6ea1e8f9b924e9'}, WeChatMessageItem{id=53, fromUserId=462, toUserId=1, messageType=0, messageContent='1111111', time=Thu Mar 12 10:36:28 CST 2020, oid='ccd7a4f78a1845e4845176a01fe11c11'}, WeChatMessageItem{id=54, fromUserId=462, toUserId=1, messageType=0, messageContent='edfd', time=Thu Mar 12 10:44:31 CST 2020, oid='4e1b617c70064961801f061141695391'}]
2020-03-12 14:54:48,195 [DEBUG] (WebSocketController.java:209)- ===  用户消息成功 消息数据：[{"fromUserId":462,"id":41,"messageContent":"ewfewfewfew","messageType":0,"oid":"6742d3461985435b85fa18482d534224","time":1583739209000,"toUserId":1},{"fromUserId":462,"id":42,"messageContent":"dsgfgfg","messageType":0,"oid":"6742d3461985435b85fa18482d534224","time":1583739224000,"toUserId":1},{"fromUserId":462,"id":50,"messageContent":"dfdsf","messageType":0,"oid":"2130bf72344d4b9c82f1eb75ba56a6d2","time":1583978790000,"toUserId":1},{"fromUserId":462,"id":51,"messageContent":"1","messageType":0,"oid":"4a154a9de6e849f2acb792a6cca6ce5b","time":1583979107000,"toUserId":1},{"fromUserId":462,"id":52,"messageContent":"1111","messageType":0,"oid":"bda0a919ee4b434a8f6ea1e8f9b924e9","time":1583980364000,"toUserId":1},{"fromUserId":462,"id":53,"messageContent":"1111111","messageType":0,"oid":"ccd7a4f78a1845e4845176a01fe11c11","time":1583980588000,"toUserId":1},{"fromUserId":462,"id":54,"messageContent":"edfd","messageType":0,"oid":"4e1b617c70064961801f061141695391","time":1583981071000,"toUserId":1}] ===
2020-03-12 14:54:53,998 [INFO] (WebSocketController.java:112)- [WebSocket] 退出成功，当前连接人数为：=0 当前在线人： {}
2020-03-12 14:55:13,358 [DEBUG] (BaseJdbcLogger.java:143)- ==>  Preparing: select user_id, age, credit_id, pregnant_type, pregnant_week, job, confinement_date, confinement_week, confinement_type, user_name, user_password, user_token, open_id from user where user_token = ? 
2020-03-12 14:55:13,359 [DEBUG] (BaseJdbcLogger.java:143)- ==> Parameters: 885b3afcf63444fb8437eced031bb9a2(String)
2020-03-12 14:55:13,450 [DEBUG] (BaseJdbcLogger.java:143)- <==      Total: 1
2020-03-12 14:55:24,411 [DEBUG] (BaseJdbcLogger.java:143)- ==>  Preparing: select user_id, age, credit_id, pregnant_type, pregnant_week, job, confinement_date, confinement_week, confinement_type, user_name, user_password, user_token, open_id from user where user_token = ? 
2020-03-12 14:55:24,412 [DEBUG] (BaseJdbcLogger.java:143)- ==> Parameters: 885b3afcf63444fb8437eced031bb9a2(String)
2020-03-12 14:55:24,499 [DEBUG] (BaseJdbcLogger.java:143)- <==      Total: 1
2020-03-12 14:55:41,281 [DEBUG] (BaseJdbcLogger.java:143)- ==>  Preparing: select user_id, age, credit_id, pregnant_type, pregnant_week, job, confinement_date, confinement_week, confinement_type, user_name, user_password, user_token, open_id from user where user_name = ? 
2020-03-12 14:55:41,283 [DEBUG] (BaseJdbcLogger.java:143)- ==> Parameters: 114(String)
2020-03-12 14:55:41,460 [DEBUG] (BaseJdbcLogger.java:143)- <==      Total: 1
2020-03-12 15:00:47,602 [DEBUG] (BaseJdbcLogger.java:143)- ==>  Preparing: select user_id, age, credit_id, pregnant_type, pregnant_week, job, confinement_date, confinement_week, confinement_type, user_name, user_password, user_token, open_id from user where user_name = ? 
2020-03-12 15:00:47,602 [DEBUG] (BaseJdbcLogger.java:143)- ==> Parameters: 1(String)
2020-03-12 15:00:47,691 [DEBUG] (BaseJdbcLogger.java:143)- <==      Total: 1
2020-03-12 15:01:10,500 [INFO] (StartupInfoLogger.java:50)- Starting BreastApplication on LAPTOP-562395R3 with PID 15752 (started by 爱哭的周小姐 in D:\软件应用\java IDE\IntelliJ IDEA 2019.1\项目\breastfeed\新建文件夹\server\bfbackend)
2020-03-12 15:01:10,518 [DEBUG] (StartupInfoLogger.java:53)- Running with Spring Boot v2.1.9.RELEASE, Spring v5.1.10.RELEASE
2020-03-12 15:01:10,519 [INFO] (SpringApplication.java:648)- No active profile set, falling back to default profiles: default
2020-03-12 15:01:14,112 [INFO] (StartupInfoLogger.java:59)- Started BreastApplication in 5.687 seconds (JVM running for 7.468)
2020-03-12 15:01:21,369 [DEBUG] (BaseJdbcLogger.java:143)- ==>  Preparing: select user_id, age, credit_id, pregnant_type, pregnant_week, job, confinement_date, confinement_week, confinement_type, user_name, user_password, user_token, open_id from user where user_name = ? 
2020-03-12 15:01:21,394 [DEBUG] (BaseJdbcLogger.java:143)- ==> Parameters: 114(String)
2020-03-12 15:01:21,490 [DEBUG] (BaseJdbcLogger.java:143)- <==      Total: 1
2020-03-12 15:11:40,101 [INFO] (StartupInfoLogger.java:50)- Starting BreastApplication on LAPTOP-562395R3 with PID 12872 (started by 爱哭的周小姐 in D:\软件应用\java IDE\IntelliJ IDEA 2019.1\项目\breastfeed\新建文件夹\server\bfbackend)
2020-03-12 15:11:40,108 [DEBUG] (StartupInfoLogger.java:53)- Running with Spring Boot v2.1.9.RELEASE, Spring v5.1.10.RELEASE
2020-03-12 15:11:40,109 [INFO] (SpringApplication.java:648)- No active profile set, falling back to default profiles: default
2020-03-12 15:11:42,779 [INFO] (StartupInfoLogger.java:59)- Started BreastApplication in 4.183 seconds (JVM running for 5.752)
2020-03-12 15:11:53,624 [DEBUG] (BaseJdbcLogger.java:143)- ==>  Preparing: select user_id, age, credit_id, pregnant_type, pregnant_week, job, confinement_date, confinement_week, confinement_type, user_name, user_password, user_token, open_id from user where user_name = ? 
2020-03-12 15:11:53,647 [DEBUG] (BaseJdbcLogger.java:143)- ==> Parameters: 114(String)
2020-03-12 15:11:53,754 [DEBUG] (BaseJdbcLogger.java:143)- <==      Total: 1
2020-03-12 20:57:18,907 [INFO] (StartupInfoLogger.java:50)- Starting BreastApplication on LAPTOP-562395R3 with PID 3496 (started by 爱哭的周小姐 in D:\软件应用\java IDE\IntelliJ IDEA 2019.1\项目\breastfeed\新建文件夹\server\bfbackend)
2020-03-12 20:57:18,963 [DEBUG] (StartupInfoLogger.java:53)- Running with Spring Boot v2.1.9.RELEASE, Spring v5.1.10.RELEASE
2020-03-12 20:57:18,963 [INFO] (SpringApplication.java:648)- No active profile set, falling back to default profiles: default
2020-03-12 20:57:24,201 [INFO] (StartupInfoLogger.java:59)- Started BreastApplication in 6.483 seconds (JVM running for 11.217)
2020-03-12 20:57:39,533 [DEBUG] (BaseJdbcLogger.java:143)- ==>  Preparing: select user_id, age, credit_id, pregnant_type, pregnant_week, job, confinement_date, confinement_week, confinement_type, user_name, user_password, user_token, open_id from user where user_token = ? 
2020-03-12 20:57:39,567 [DEBUG] (BaseJdbcLogger.java:143)- ==> Parameters: 885b3afcf63444fb8437eced031bb9a2(String)
2020-03-12 20:57:39,675 [DEBUG] (BaseJdbcLogger.java:143)- <==      Total: 1
2020-03-12 20:57:47,746 [DEBUG] (BaseJdbcLogger.java:143)- ==>  Preparing: select user_id, age, credit_id, pregnant_type, pregnant_week, job, confinement_date, confinement_week, confinement_type, user_name, user_password, user_token, open_id from user where user_name = ? 
2020-03-12 20:57:47,747 [DEBUG] (BaseJdbcLogger.java:143)- ==> Parameters: 11(String)
2020-03-12 20:57:47,868 [DEBUG] (BaseJdbcLogger.java:143)- <==      Total: 0
2020-03-12 20:57:58,132 [DEBUG] (BaseJdbcLogger.java:143)- ==>  Preparing: select user_id, age, credit_id, pregnant_type, pregnant_week, job, confinement_date, confinement_week, confinement_type, user_name, user_password, user_token, open_id from user where user_name = ? 
2020-03-12 20:57:58,133 [DEBUG] (BaseJdbcLogger.java:143)- ==> Parameters: 111(String)
2020-03-12 20:57:58,229 [DEBUG] (BaseJdbcLogger.java:143)- <==      Total: 1
2020-03-12 20:58:04,195 [DEBUG] (BaseJdbcLogger.java:143)- ==>  Preparing: select user_id, age, credit_id, pregnant_type, pregnant_week, job, confinement_date, confinement_week, confinement_type, user_name, user_password, user_token, open_id from user where user_name = ? 
2020-03-12 20:58:04,196 [DEBUG] (BaseJdbcLogger.java:143)- ==> Parameters: 114(String)
2020-03-12 20:58:04,325 [DEBUG] (BaseJdbcLogger.java:143)- <==      Total: 1
2020-03-12 20:58:50,723 [DEBUG] (BaseJdbcLogger.java:143)- ==>  Preparing: select user_id, age, credit_id, pregnant_type, pregnant_week, job, confinement_date, confinement_week, confinement_type, user_name, user_password, user_token, open_id from user where user_name = ? 
2020-03-12 20:58:50,724 [DEBUG] (BaseJdbcLogger.java:143)- ==> Parameters: 119(String)
2020-03-12 20:58:50,818 [DEBUG] (BaseJdbcLogger.java:143)- <==      Total: 1
2020-03-12 20:59:36,015 [DEBUG] (BaseJdbcLogger.java:143)- ==>  Preparing: select user_id, age, credit_id, pregnant_type, pregnant_week, job, confinement_date, confinement_week, confinement_type, user_name, user_password, user_token, open_id from user where user_name = ? 
2020-03-12 20:59:36,016 [DEBUG] (BaseJdbcLogger.java:143)- ==> Parameters: 119(String)
2020-03-12 20:59:36,150 [DEBUG] (BaseJdbcLogger.java:143)- <==      Total: 1
2020-03-12 20:59:43,473 [DEBUG] (BaseJdbcLogger.java:143)- ==>  Preparing: select user_id, age, credit_id, pregnant_type, pregnant_week, job, confinement_date, confinement_week, confinement_type, user_name, user_password, user_token, open_id from user where user_token = ? 
2020-03-12 20:59:43,473 [DEBUG] (BaseJdbcLogger.java:143)- ==> Parameters: 885b3afcf63444fb8437eced031bb9a2(String)
2020-03-12 20:59:43,569 [DEBUG] (BaseJdbcLogger.java:143)- <==      Total: 1
2020-03-12 21:00:42,010 [DEBUG] (BaseJdbcLogger.java:143)- ==>  Preparing: select user_id, age, credit_id, pregnant_type, pregnant_week, job, confinement_date, confinement_week, confinement_type, user_name, user_password, user_token, open_id from user where user_token = ? 
2020-03-12 21:00:42,011 [DEBUG] (BaseJdbcLogger.java:143)- ==> Parameters: 885b3afcf63444fb8437eced031bb9a2(String)
2020-03-12 21:00:42,109 [DEBUG] (BaseJdbcLogger.java:143)- <==      Total: 1
2020-03-12 21:01:19,773 [DEBUG] (BaseJdbcLogger.java:143)- ==>  Preparing: select user_id, age, credit_id, pregnant_type, pregnant_week, job, confinement_date, confinement_week, confinement_type, user_name, user_password, user_token, open_id from user where user_name = ? 
2020-03-12 21:01:19,774 [DEBUG] (BaseJdbcLogger.java:143)- ==> Parameters: 119(String)
2020-03-12 21:01:19,868 [DEBUG] (BaseJdbcLogger.java:143)- <==      Total: 1
2020-03-12 21:01:27,716 [DEBUG] (BaseJdbcLogger.java:143)- ==>  Preparing: select user_id, age, credit_id, pregnant_type, pregnant_week, job, confinement_date, confinement_week, confinement_type, user_name, user_password, user_token, open_id from user where user_name = ? 
2020-03-12 21:01:27,717 [DEBUG] (BaseJdbcLogger.java:143)- ==> Parameters: 120(String)
2020-03-12 21:01:27,867 [DEBUG] (BaseJdbcLogger.java:143)- <==      Total: 0
2020-03-12 21:01:27,868 [DEBUG] (BaseJdbcLogger.java:143)- ==>  Preparing: select user_id, age, credit_id, pregnant_type, pregnant_week, job, confinement_date, confinement_week, confinement_type, user_name, user_password, user_token, open_id from user where credit_id = ? 
2020-03-12 21:01:27,869 [DEBUG] (BaseJdbcLogger.java:143)- ==> Parameters: 440506199912124789(String)
2020-03-12 21:01:27,949 [DEBUG] (BaseJdbcLogger.java:143)- <==      Total: 0
2020-03-12 21:01:27,950 [DEBUG] (BaseJdbcLogger.java:143)- ==>  Preparing: insert into user (user_id, age, credit_id, pregnant_type, pregnant_week, job, confinement_date, confinement_week, confinement_type, user_name, user_password, user_token, open_id) values (?, ?, ?, ?, ?, ?, ?, ?, ?, ?, ?, ?, ?) 
2020-03-12 21:01:27,951 [DEBUG] (BaseJdbcLogger.java:143)- ==> Parameters: null, 48(Integer), 440506199912124789(String), 11(Integer), null, (String), null, null, null, 120(String), 38523981dac3034f43cacb0d3b9ac911(String), f8d8da7923554b6ca764a9cb40c2f9ad(String), oby6g4gzlRYKAZKmINMKVC-Z12hY(String)
2020-03-12 21:01:28,106 [DEBUG] (BaseJdbcLogger.java:143)- <==    Updates: 1
2020-03-12 21:04:24,638 [DEBUG] (BaseJdbcLogger.java:143)- ==>  Preparing: select id, user_name, img_url, user_password, token, name, license_number, expert_in, imageText_cost, voice_cost, video_cost,open_id from doctor where user_name = ? 
2020-03-12 21:04:24,638 [DEBUG] (BaseJdbcLogger.java:143)- ==> Parameters: 119(String)
2020-03-12 21:04:24,727 [DEBUG] (BaseJdbcLogger.java:143)- <==      Total: 0
2020-03-12 21:04:29,667 [DEBUG] (BaseJdbcLogger.java:143)- ==>  Preparing: select id, user_name, img_url, user_password, token, name, license_number, expert_in, imageText_cost, voice_cost, video_cost,open_id from doctor where user_name = ? 
2020-03-12 21:04:29,667 [DEBUG] (BaseJdbcLogger.java:143)- ==> Parameters: 119(String)
2020-03-12 21:04:29,787 [DEBUG] (BaseJdbcLogger.java:143)- <==      Total: 0
2020-03-12 21:05:02,251 [DEBUG] (BaseJdbcLogger.java:143)- ==>  Preparing: select id, user_name, img_url, user_password, token, name, license_number, expert_in, imageText_cost, voice_cost, video_cost,open_id from doctor where user_name = ? 
2020-03-12 21:05:02,251 [DEBUG] (BaseJdbcLogger.java:143)- ==> Parameters: 119(String)
2020-03-12 21:05:02,447 [DEBUG] (BaseJdbcLogger.java:143)- <==      Total: 0
2020-03-12 21:05:02,448 [DEBUG] (BaseJdbcLogger.java:143)- ==>  Preparing: insert into doctor (id, user_name, user_password, token, name, license_number, expert_in, imageText_cost, voice_cost, video_cost,img_url,open_id ) values (?, ?, ?, ?, ?, ?, ?, ?, ?, ?,?,? ) 
2020-03-12 21:05:02,450 [DEBUG] (BaseJdbcLogger.java:143)- ==> Parameters: null, 119(String), 38523981dac3034f43cacb0d3b9ac911(String), a09faea2c89146f4b5f9c178c5e7ccf2(String), 119(String), 119(String), 大师傅但是(String), null, null, null, undefined(String), oby6g4gzlRYKAZKmINMKVC-Z12hY(String)
2020-03-12 21:05:02,610 [DEBUG] (BaseJdbcLogger.java:143)- <==    Updates: 1
2020-03-12 21:05:20,059 [DEBUG] (BaseJdbcLogger.java:143)- ==>  Preparing: select id, user_name, img_url, user_password, token, name, license_number, expert_in, imageText_cost, voice_cost, video_cost,open_id from doctor where user_name = ? 
2020-03-12 21:05:20,060 [DEBUG] (BaseJdbcLogger.java:143)- ==> Parameters: 119(String)
2020-03-12 21:05:20,227 [DEBUG] (BaseJdbcLogger.java:143)- <==      Total: 1
2020-03-12 21:05:36,005 [DEBUG] (BaseJdbcLogger.java:143)- ==>  Preparing: select id, user_name, img_url, user_password, token, name, license_number, expert_in, imageText_cost, voice_cost, video_cost,open_id from doctor where user_name = ? 
2020-03-12 21:05:36,006 [DEBUG] (BaseJdbcLogger.java:143)- ==> Parameters: 119(String)
2020-03-12 21:05:36,265 [DEBUG] (BaseJdbcLogger.java:143)- <==      Total: 1
2020-03-12 21:06:03,532 [DEBUG] (BaseJdbcLogger.java:143)- ==>  Preparing: select id, title, audioURL, category, cover_url from audio 
2020-03-12 21:06:03,532 [DEBUG] (BaseJdbcLogger.java:143)- ==> Parameters: 
2020-03-12 21:06:03,630 [DEBUG] (BaseJdbcLogger.java:143)- <==      Total: 6
2020-03-12 21:06:03,632 [DEBUG] (BaseJdbcLogger.java:143)- ==>  Preparing: select id, title, vedioURL, cover_url, category, description from vedio 
2020-03-12 21:06:03,632 [DEBUG] (BaseJdbcLogger.java:143)- ==> Parameters: 
2020-03-12 21:06:03,725 [DEBUG] (BaseJdbcLogger.java:143)- <==      Total: 9
2020-03-12 21:06:03,949 [DEBUG] (BaseJdbcLogger.java:143)- ==>  Preparing: select id, title, description, img_url, category from article 
2020-03-12 21:06:03,949 [DEBUG] (BaseJdbcLogger.java:143)- ==> Parameters: 
2020-03-12 21:06:04,031 [DEBUG] (BaseJdbcLogger.java:143)- <==      Total: 20
2020-03-12 21:06:04,396 [INFO] (ArticleController.java:66)- 母乳喂养的好处
2020-03-12 21:06:38,237 [DEBUG] (BaseJdbcLogger.java:143)- ==>  Preparing: select id, user_name, name, img_url, expert_in, imageText_cost, voice_cost, video_cost,open_id from doctor 
2020-03-12 21:06:38,237 [DEBUG] (BaseJdbcLogger.java:143)- ==>  Preparing: select id, user_name, name, img_url, expert_in, imageText_cost, voice_cost, video_cost,open_id from doctor 
2020-03-12 21:06:38,238 [DEBUG] (BaseJdbcLogger.java:143)- ==> Parameters: 
2020-03-12 21:06:38,238 [DEBUG] (BaseJdbcLogger.java:143)- ==> Parameters: 
2020-03-12 21:06:38,399 [DEBUG] (BaseJdbcLogger.java:143)- <==      Total: 10
2020-03-12 21:06:38,407 [DEBUG] (BaseJdbcLogger.java:143)- <==      Total: 10
2020-03-12 21:07:14,935 [DEBUG] (BaseJdbcLogger.java:143)- ==>  Preparing: select user_id, age, credit_id, pregnant_type, pregnant_week, job, confinement_date, confinement_week, confinement_type, user_name, user_password, user_token, open_id from user where user_token = ? 
2020-03-12 21:07:14,936 [DEBUG] (BaseJdbcLogger.java:143)- ==> Parameters: 885b3afcf63444fb8437eced031bb9a2(String)
2020-03-12 21:07:15,105 [DEBUG] (BaseJdbcLogger.java:143)- <==      Total: 1
2020-03-12 21:07:16,022 [DEBUG] (BaseJdbcLogger.java:143)- ==>  Preparing: select id, title, audioURL, category, cover_url from audio 
2020-03-12 21:07:16,023 [DEBUG] (BaseJdbcLogger.java:143)- ==> Parameters: 
2020-03-12 21:07:16,023 [DEBUG] (BaseJdbcLogger.java:143)- ==>  Preparing: select id, title, vedioURL, cover_url, category, description from vedio 
2020-03-12 21:07:16,024 [DEBUG] (BaseJdbcLogger.java:143)- ==> Parameters: 
2020-03-12 21:07:16,172 [DEBUG] (BaseJdbcLogger.java:143)- <==      Total: 6
2020-03-12 21:07:16,175 [DEBUG] (BaseJdbcLogger.java:143)- <==      Total: 9
2020-03-12 21:07:49,045 [DEBUG] (BaseJdbcLogger.java:143)- ==>  Preparing: select id, user_name, name, img_url, expert_in, imageText_cost, voice_cost, video_cost,open_id from doctor 
2020-03-12 21:07:49,046 [DEBUG] (BaseJdbcLogger.java:143)- ==> Parameters: 
2020-03-12 21:07:49,050 [DEBUG] (BaseJdbcLogger.java:143)- ==>  Preparing: select id, user_name, name, img_url, expert_in, imageText_cost, voice_cost, video_cost,open_id from doctor 
2020-03-12 21:07:49,050 [DEBUG] (BaseJdbcLogger.java:143)- ==> Parameters: 
2020-03-12 21:07:49,381 [DEBUG] (BaseJdbcLogger.java:143)- <==      Total: 10
2020-03-12 21:07:49,382 [DEBUG] (BaseJdbcLogger.java:143)- <==      Total: 10
2020-03-12 21:07:56,674 [INFO] (ConsultOrderController.java:71)- === AddConsultOrder:ConsultOrder{id=null, doctorId=1, userId=462, createTime=Thu Mar 12 21:07:56 CST 2020, lastingTime=86400000, contact='', contactPhone='1', symptomDescription='111', user=null, doctor=null, consultCost=5, status=null, oid='3d91328393984765a5939a5278dc80d9', userOpenId='oby6g4gzlRYKAZKmINMKVC-Z12hY', doctorOpenId='oby6g4gzlRYKAZKmINMKVC-Z12hY', imgUrls=''} ===
2020-03-12 21:07:56,675 [DEBUG] (BaseJdbcLogger.java:143)- ==>  Preparing: insert into consult_order (id, doctor_id, user_id, create_time, lasting_time, contact, contact_phone, symptom_description,consult_cost,status,oid,user_open_id,doctor_open_id,img_urls ) values (?, ?, ?, ?, ?, ?, ?, ?, ?,?,?, ?,?,? ) 
2020-03-12 21:07:56,678 [DEBUG] (BaseJdbcLogger.java:143)- ==> Parameters: null, 1(Integer), 462(Integer), 2020-03-12 21:07:56.0(Timestamp), 86400000(Integer), (String), 1(String), 111(String), 5(Integer), null, 3d91328393984765a5939a5278dc80d9(String), oby6g4gzlRYKAZKmINMKVC-Z12hY(String), oby6g4gzlRYKAZKmINMKVC-Z12hY(String), (String)
2020-03-12 21:07:57,111 [DEBUG] (BaseJdbcLogger.java:143)- <==    Updates: 1
2020-03-12 21:07:57,454 [INFO] (WebSocketController.java:92)- [WebSocket] 连接成功，当前连接人数:1
2020-03-12 21:07:57,456 [DEBUG] (BaseJdbcLogger.java:143)- ==>  Preparing: select id, from_user_id, to_user_id, message_type, message_content, time,oid from wechat_message_item where from_user_id = ? and to_user_id = ? or from_user_id = ? and to_user_id = ? 
2020-03-12 21:07:57,456 [DEBUG] (BaseJdbcLogger.java:143)- ==> Parameters: 462(Integer), 1(Integer), 1(Integer), 462(Integer)
2020-03-12 21:07:57,543 [DEBUG] (BaseJdbcLogger.java:143)- <==      Total: 7
2020-03-12 21:07:57,545 [INFO] (WebSocketController.java:103)-  === 用户 462和用户 1的聊天记录：[WeChatMessageItem{id=41, fromUserId=462, toUserId=1, messageType=0, messageContent='ewfewfewfew', time=Mon Mar 09 15:33:29 CST 2020, oid='6742d3461985435b85fa18482d534224'}, WeChatMessageItem{id=42, fromUserId=462, toUserId=1, messageType=0, messageContent='dsgfgfg', time=Mon Mar 09 15:33:44 CST 2020, oid='6742d3461985435b85fa18482d534224'}, WeChatMessageItem{id=50, fromUserId=462, toUserId=1, messageType=0, messageContent='dfdsf', time=Thu Mar 12 10:06:30 CST 2020, oid='2130bf72344d4b9c82f1eb75ba56a6d2'}, WeChatMessageItem{id=51, fromUserId=462, toUserId=1, messageType=0, messageContent='1', time=Thu Mar 12 10:11:47 CST 2020, oid='4a154a9de6e849f2acb792a6cca6ce5b'}, WeChatMessageItem{id=52, fromUserId=462, toUserId=1, messageType=0, messageContent='1111', time=Thu Mar 12 10:32:44 CST 2020, oid='bda0a919ee4b434a8f6ea1e8f9b924e9'}, WeChatMessageItem{id=53, fromUserId=462, toUserId=1, messageType=0, messageContent='1111111', time=Thu Mar 12 10:36:28 CST 2020, oid='ccd7a4f78a1845e4845176a01fe11c11'}, WeChatMessageItem{id=54, fromUserId=462, toUserId=1, messageType=0, messageContent='edfd', time=Thu Mar 12 10:44:31 CST 2020, oid='4e1b617c70064961801f061141695391'}]
2020-03-12 21:07:57,561 [DEBUG] (WebSocketController.java:209)- ===  用户消息成功 消息数据：[{"fromUserId":462,"id":41,"messageContent":"ewfewfewfew","messageType":0,"oid":"6742d3461985435b85fa18482d534224","time":1583739209000,"toUserId":1},{"fromUserId":462,"id":42,"messageContent":"dsgfgfg","messageType":0,"oid":"6742d3461985435b85fa18482d534224","time":1583739224000,"toUserId":1},{"fromUserId":462,"id":50,"messageContent":"dfdsf","messageType":0,"oid":"2130bf72344d4b9c82f1eb75ba56a6d2","time":1583978790000,"toUserId":1},{"fromUserId":462,"id":51,"messageContent":"1","messageType":0,"oid":"4a154a9de6e849f2acb792a6cca6ce5b","time":1583979107000,"toUserId":1},{"fromUserId":462,"id":52,"messageContent":"1111","messageType":0,"oid":"bda0a919ee4b434a8f6ea1e8f9b924e9","time":1583980364000,"toUserId":1},{"fromUserId":462,"id":53,"messageContent":"1111111","messageType":0,"oid":"ccd7a4f78a1845e4845176a01fe11c11","time":1583980588000,"toUserId":1},{"fromUserId":462,"id":54,"messageContent":"edfd","messageType":0,"oid":"4e1b617c70064961801f061141695391","time":1583981071000,"toUserId":1}] ===
2020-03-12 21:08:03,430 [INFO] (WebSocketController.java:137)- [WebSocket] 收到消息：{"fromUserId":462,"toUserId":"1","messageType":0,"messageContent":"fdsfdfdsfds","time":"2020-03-12 21:08:03","oid":"3d91328393984765a5939a5278dc80d9"}
2020-03-12 21:08:03,443 [DEBUG] (BaseJdbcLogger.java:143)- ==>  Preparing: insert into wechat_message_item (id, from_user_id, to_user_id, message_type, message_content, time,oid ) values (?, ?, ?, ?, ?, ?, ? ) 
2020-03-12 21:08:03,446 [DEBUG] (BaseJdbcLogger.java:143)- ==> Parameters: null, 462(Integer), 1(Integer), 0(Integer), fdsfdfdsfds(String), 2020-03-12 21:08:03.0(Timestamp), 3d91328393984765a5939a5278dc80d9(String)
2020-03-12 21:08:03,714 [DEBUG] (BaseJdbcLogger.java:143)- <==    Updates: 1
2020-03-12 21:08:03,717 [DEBUG] (WebSocketController.java:209)- ===  用户消息成功 消息数据：{"msg":"成功发送!","status":1} ===
2020-03-12 21:08:10,068 [INFO] (WebSocketController.java:137)- [WebSocket] 收到消息：{"fromUserId":462,"toUserId":"1","messageType":0,"messageContent":"sfsasdfsf","time":"2020-03-12 21:08:10","oid":"3d91328393984765a5939a5278dc80d9"}
2020-03-12 21:08:10,068 [DEBUG] (BaseJdbcLogger.java:143)- ==>  Preparing: insert into wechat_message_item (id, from_user_id, to_user_id, message_type, message_content, time,oid ) values (?, ?, ?, ?, ?, ?, ? ) 
2020-03-12 21:08:10,070 [DEBUG] (BaseJdbcLogger.java:143)- ==> Parameters: null, 462(Integer), 1(Integer), 0(Integer), sfsasdfsf(String), 2020-03-12 21:08:10.0(Timestamp), 3d91328393984765a5939a5278dc80d9(String)
2020-03-12 21:08:10,349 [DEBUG] (BaseJdbcLogger.java:143)- <==    Updates: 1
2020-03-12 21:08:10,349 [DEBUG] (WebSocketController.java:209)- ===  用户消息成功 消息数据：{"msg":"成功发送!","status":1} ===
2020-03-12 21:11:39,314 [INFO] (WebSocketController.java:112)- [WebSocket] 退出成功，当前连接人数为：=0 当前在线人： {}
2020-03-12 21:11:40,628 [DEBUG] (BaseJdbcLogger.java:143)- ==>  Preparing: select user_id, age, credit_id, pregnant_type, pregnant_week, job, confinement_date, confinement_week, confinement_type, user_name, user_password, user_token, open_id from user where user_token = ? 
2020-03-12 21:11:40,629 [DEBUG] (BaseJdbcLogger.java:143)- ==> Parameters: 885b3afcf63444fb8437eced031bb9a2(String)
2020-03-12 21:11:40,698 [DEBUG] (BaseJdbcLogger.java:143)- ==>  Preparing: select id, title, audioURL, category, cover_url from audio 
2020-03-12 21:11:40,699 [DEBUG] (BaseJdbcLogger.java:143)- ==> Parameters: 
2020-03-12 21:11:40,722 [DEBUG] (BaseJdbcLogger.java:143)- <==      Total: 1
2020-03-12 21:11:40,724 [DEBUG] (BaseJdbcLogger.java:143)- ==>  Preparing: select id, title, vedioURL, cover_url, category, description from vedio 
2020-03-12 21:11:40,725 [DEBUG] (BaseJdbcLogger.java:143)- ==> Parameters: 
2020-03-12 21:11:40,804 [DEBUG] (BaseJdbcLogger.java:143)- <==      Total: 6
2020-03-12 21:11:40,821 [DEBUG] (BaseJdbcLogger.java:143)- <==      Total: 9
