2020-02-29 16:58:32,205 [INFO] (StartupInfoLogger.java:50)- Starting BreastApplication on LAPTOP-SKN1FD88 with PID 19780 (started by 12284 in F:\Ajava\A母乳喂养项目\breastfeed\server\bfbackend)
2020-02-29 16:58:32,219 [DEBUG] (StartupInfoLogger.java:53)- Running with Spring Boot v2.1.9.RELEASE, Spring v5.1.10.RELEASE
2020-02-29 16:58:32,219 [INFO] (SpringApplication.java:648)- No active profile set, falling back to default profiles: default
2020-02-29 16:58:38,799 [INFO] (StartupInfoLogger.java:59)- Started BreastApplication in 8.625 seconds (JVM running for 13.784)
2020-02-29 16:58:51,309 [DEBUG] (BaseJdbcLogger.java:143)- ==>  Preparing: select user_id, age, credit_id, pregnant_type, pregnant_week, job, confinement_date, confinement_week, confinement_type, user_name, user_password, user_token from user where user_token = ? 
2020-02-29 16:58:51,389 [DEBUG] (BaseJdbcLogger.java:143)- ==> Parameters: c2155b289a134e59b825e8afc391b417(String)
2020-02-29 16:58:51,613 [DEBUG] (BaseJdbcLogger.java:143)- <==      Total: 1
2020-02-29 16:58:51,621 [DEBUG] (BaseJdbcLogger.java:143)- ==>  Preparing: select id, title, description, img_url, category from article 
2020-02-29 16:58:51,623 [DEBUG] (BaseJdbcLogger.java:143)- ==> Parameters: 
2020-02-29 16:58:51,773 [DEBUG] (BaseJdbcLogger.java:143)- <==      Total: 20
2020-02-29 16:58:51,776 [DEBUG] (BaseJdbcLogger.java:143)- ==>  Preparing: select id, title, audioURL, category, cover_url from audio 
2020-02-29 16:58:51,779 [DEBUG] (BaseJdbcLogger.java:143)- ==> Parameters: 
2020-02-29 16:58:51,955 [DEBUG] (BaseJdbcLogger.java:143)- <==      Total: 6
2020-02-29 16:58:51,957 [DEBUG] (BaseJdbcLogger.java:143)- ==>  Preparing: select id, title, vedioURL, cover_url, category, description from vedio 
2020-02-29 16:58:51,960 [DEBUG] (BaseJdbcLogger.java:143)- ==> Parameters: 
2020-02-29 16:58:52,132 [DEBUG] (BaseJdbcLogger.java:143)- <==      Total: 9
2020-02-29 16:59:00,117 [DEBUG] (BaseJdbcLogger.java:143)- ==>  Preparing: select id, title, description, img_url, category , content from article where id = ? 
2020-02-29 16:59:00,119 [DEBUG] (BaseJdbcLogger.java:143)- ==> Parameters: 1(Integer)
2020-02-29 16:59:00,260 [DEBUG] (BaseJdbcLogger.java:143)- <==      Total: 1
2020-02-29 16:59:02,593 [DEBUG] (BaseJdbcLogger.java:143)- ==>  Preparing: insert into collection (id, user_id, coll_type, coll_id) values (?, ?, ?, ?) 
2020-02-29 16:59:02,596 [DEBUG] (BaseJdbcLogger.java:143)- ==> Parameters: null, 456(Integer), 1(Integer), 1(Integer)
2020-02-29 17:02:39,693 [DEBUG] (BaseJdbcLogger.java:143)- ==>  Preparing: insert into collection (id, user_id, coll_type, coll_id) values (?, ?, ?, ?) 
2020-02-29 17:02:39,720 [DEBUG] (BaseJdbcLogger.java:143)- ==> Parameters: null, 456(Integer), 1(Integer), 1(Integer)
2020-02-29 17:02:39,949 [DEBUG] (BaseJdbcLogger.java:143)- <==    Updates: 1
2020-02-29 17:02:40,412 [DEBUG] (BaseJdbcLogger.java:143)- ==>  Preparing: insert into collection (id, user_id, coll_type, coll_id) values (?, ?, ?, ?) 
2020-02-29 17:02:40,414 [DEBUG] (BaseJdbcLogger.java:143)- ==> Parameters: null, 456(Integer), 1(Integer), 1(Integer)
2020-02-29 17:02:40,647 [DEBUG] (BaseJdbcLogger.java:143)- <==    Updates: 1
