2020-04-02 15:32:50,213 [DEBUG] (BaseJdbcLogger.java:143)- ==>  Preparing: SELECT consult_order.* ,doctor.name, doctor.license_number, doctor.img_url FROM consult_order inner join doctor on doctor.id = consult_order.doctor_id and consult_order.user_id = ?; 
2020-04-02 15:32:50,230 [DEBUG] (BaseJdbcLogger.java:143)- ==> Parameters: 462(Integer)
2020-04-02 15:32:50,359 [DEBUG] (BaseJdbcLogger.java:143)- <==      Total: 0
2020-04-02 15:32:50,360 [INFO] (ConsultOrderServiceImpl.java:37)- selectConsultOrderByUserId： []
2020-04-02 15:33:11,498 [INFO] (ConsultOrderController.java:73)- === AddConsultOrder:ConsultOrder{id=null, doctorId=1, userId=462, createTime=Thu Apr 02 15:33:11 CST 2020, lastingTime=86400000, contact='', contactPhone='19927577844', symptomDescription='fdgfdsfg', user=null, doctor=null, consultCost=5, status=null, oid='ea78b783c56b431db38e9de2dd5fdc42', userOpenId='oby6g4gzlRYKAZKmINMKVC-Z12hY', doctorOpenId='oby6g4gzlRYKAZKmINMKVC-Z12hY', imgUrls=''} ===
2020-04-02 15:33:11,499 [DEBUG] (BaseJdbcLogger.java:143)- ==>  Preparing: insert into consult_order (id, doctor_id, user_id, create_time, lasting_time, contact, contact_phone, symptom_description,consult_cost,status,oid,user_open_id,doctor_open_id,img_urls ) values (?, ?, ?, ?, ?, ?, ?, ?, ?,?,?, ?,?,? ) 
2020-04-02 15:33:11,505 [DEBUG] (BaseJdbcLogger.java:143)- ==> Parameters: null, 1(Integer), 462(Integer), 2020-04-02 15:33:11.0(Timestamp), 86400000(Integer), (String), 19927577844(String), fdgfdsfg(String), 5(Integer), null, ea78b783c56b431db38e9de2dd5fdc42(String), oby6g4gzlRYKAZKmINMKVC-Z12hY(String), oby6g4gzlRYKAZKmINMKVC-Z12hY(String), (String)
2020-04-02 15:33:11,780 [DEBUG] (BaseJdbcLogger.java:143)- <==    Updates: 1
2020-04-02 15:33:12,137 [INFO] (WebSocketController.java:98)- [WebSocket] 连接成功，当前连接人数:1
2020-04-02 15:33:12,138 [DEBUG] (BaseJdbcLogger.java:143)- ==>  Preparing: select id, from_user_id, to_user_id, message_type, message_content, time,oid from wechat_message_item where from_user_id = ? and to_user_id = ? or from_user_id = ? and to_user_id = ? and oid = ? 
2020-04-02 15:33:12,138 [DEBUG] (BaseJdbcLogger.java:143)- ==> Parameters: 462(Integer), 1(Integer), 1(Integer), 462(Integer), ea78b783c56b431db38e9de2dd5fdc42(String)
2020-04-02 15:33:12,253 [DEBUG] (BaseJdbcLogger.java:143)- <==      Total: 0
2020-04-02 15:33:12,253 [INFO] (WebSocketController.java:109)-  === 用户 462和用户 1的聊天记录：[]
2020-04-02 15:33:12,254 [DEBUG] (WebSocketController.java:215)- ===  用户消息成功 消息数据：[] ===
2020-04-02 15:33:20,294 [INFO] (WebSocketController.java:143)- [WebSocket] 收到消息：{"fromUserId":"462","toUserId":"1","messageType":0,"messageContent":"114","time":"2020-04-02 15:33:20","oid":"ea78b783c56b431db38e9de2dd5fdc42"}
2020-04-02 15:33:20,295 [DEBUG] (BaseJdbcLogger.java:143)- ==>  Preparing: insert into wechat_message_item (id, from_user_id, to_user_id, message_type, message_content, time,oid ) values (?, ?, ?, ?, ?, ?, ? ) 
2020-04-02 15:33:20,296 [DEBUG] (BaseJdbcLogger.java:143)- ==> Parameters: null, 462(Integer), 1(Integer), 0(Integer), 114(String), 2020-04-02 15:33:20.0(Timestamp), ea78b783c56b431db38e9de2dd5fdc42(String)
2020-04-02 15:33:20,552 [DEBUG] (BaseJdbcLogger.java:143)- <==    Updates: 1
2020-04-02 15:33:20,555 [DEBUG] (WebSocketController.java:215)- ===  用户消息成功 消息数据：{"msg":"成功发送!","status":1} ===
2020-04-02 15:33:26,097 [INFO] (WebSocketController.java:143)- [WebSocket] 收到消息：{"fromUserId":"462","toUserId":"1","messageType":0,"messageContent":"114114114114141","time":"2020-04-02 15:33:26","oid":"ea78b783c56b431db38e9de2dd5fdc42"}
2020-04-02 15:33:26,097 [DEBUG] (BaseJdbcLogger.java:143)- ==>  Preparing: insert into wechat_message_item (id, from_user_id, to_user_id, message_type, message_content, time,oid ) values (?, ?, ?, ?, ?, ?, ? ) 
2020-04-02 15:33:26,098 [DEBUG] (BaseJdbcLogger.java:143)- ==> Parameters: null, 462(Integer), 1(Integer), 0(Integer), 114114114114141(String), 2020-04-02 15:33:26.0(Timestamp), ea78b783c56b431db38e9de2dd5fdc42(String)
2020-04-02 15:33:26,352 [DEBUG] (BaseJdbcLogger.java:143)- <==    Updates: 1
2020-04-02 15:33:26,353 [DEBUG] (WebSocketController.java:215)- ===  用户消息成功 消息数据：{"msg":"成功发送!","status":1} ===
2020-04-02 15:33:31,461 [INFO] (WebSocketController.java:118)- [WebSocket] 退出成功，当前连接人数为：=0 当前在线人： {}
2020-04-02 15:33:36,646 [DEBUG] (BaseJdbcLogger.java:143)- ==>  Preparing: SELECT consult_order.* ,doctor.name, doctor.license_number, doctor.img_url FROM consult_order inner join doctor on doctor.id = consult_order.doctor_id and consult_order.user_id = ?; 
2020-04-02 15:33:36,647 [DEBUG] (BaseJdbcLogger.java:143)- ==> Parameters: 462(Integer)
2020-04-02 15:33:36,833 [DEBUG] (BaseJdbcLogger.java:143)- <==      Total: 1
2020-04-02 15:33:36,834 [INFO] (ConsultOrderServiceImpl.java:37)- selectConsultOrderByUserId： [ConsultOrder{id=135, doctorId=1, userId=462, createTime=Thu Apr 02 15:33:11 CST 2020, lastingTime=86400000, contact='', contactPhone='19927577844', symptomDescription='fdgfdsfg', user=null, doctor=Doctor{id=135, userName='null', userPassword='null', token='null', name='111', licenseNumber='null', expertIn='null', imagetextCost=null, voiceCost=null, videoCost=null, imgUrl='http://q6le9us69.bkt.clouddn.com/doctorRegister_1583240137.jpg', openId='null'}, consultCost=5, status=null, oid='ea78b783c56b431db38e9de2dd5fdc42', userOpenId='oby6g4gzlRYKAZKmINMKVC-Z12hY', doctorOpenId='oby6g4gzlRYKAZKmINMKVC-Z12hY', imgUrls=''}]
2020-04-02 15:33:44,236 [INFO] (WebSocketController.java:98)- [WebSocket] 连接成功，当前连接人数:1
2020-04-02 15:33:44,237 [DEBUG] (BaseJdbcLogger.java:143)- ==>  Preparing: select id, from_user_id, to_user_id, message_type, message_content, time,oid from wechat_message_item where from_user_id = ? and to_user_id = ? or from_user_id = ? and to_user_id = ? and oid = ? 
2020-04-02 15:33:44,237 [DEBUG] (BaseJdbcLogger.java:143)- ==> Parameters: 462(Integer), 1(Integer), 1(Integer), 462(Integer), ea78b783c56b431db38e9de2dd5fdc42(String)
2020-04-02 15:33:44,329 [DEBUG] (BaseJdbcLogger.java:143)- <==      Total: 2
2020-04-02 15:33:44,330 [INFO] (WebSocketController.java:109)-  === 用户 462和用户 1的聊天记录：[WeChatMessageItem{id=71, fromUserId=462, toUserId=1, messageType=0, messageContent='114', time=Thu Apr 02 15:33:20 CST 2020, oid='ea78b783c56b431db38e9de2dd5fdc42'}, WeChatMessageItem{id=72, fromUserId=462, toUserId=1, messageType=0, messageContent='114114114114141', time=Thu Apr 02 15:33:26 CST 2020, oid='ea78b783c56b431db38e9de2dd5fdc42'}]
2020-04-02 15:33:44,330 [DEBUG] (WebSocketController.java:215)- ===  用户消息成功 消息数据：[{"fromUserId":462,"id":71,"messageContent":"114","messageType":0,"oid":"ea78b783c56b431db38e9de2dd5fdc42","time":1585812800000,"toUserId":1},{"fromUserId":462,"id":72,"messageContent":"114114114114141","messageType":0,"oid":"ea78b783c56b431db38e9de2dd5fdc42","time":1585812806000,"toUserId":1}] ===
2020-04-02 15:33:51,072 [INFO] (WebSocketController.java:143)- [WebSocket] 收到消息：{"fromUserId":"462","toUserId":"1","messageType":0,"messageContent":"1141414141414","time":"2020-04-02 15:33:51","oid":"ea78b783c56b431db38e9de2dd5fdc42"}
2020-04-02 15:33:51,072 [DEBUG] (BaseJdbcLogger.java:143)- ==>  Preparing: insert into wechat_message_item (id, from_user_id, to_user_id, message_type, message_content, time,oid ) values (?, ?, ?, ?, ?, ?, ? ) 
2020-04-02 15:33:51,073 [DEBUG] (BaseJdbcLogger.java:143)- ==> Parameters: null, 462(Integer), 1(Integer), 0(Integer), 1141414141414(String), 2020-04-02 15:33:51.0(Timestamp), ea78b783c56b431db38e9de2dd5fdc42(String)
2020-04-02 15:33:51,324 [DEBUG] (BaseJdbcLogger.java:143)- <==    Updates: 1
2020-04-02 15:33:51,325 [DEBUG] (WebSocketController.java:215)- ===  用户消息成功 消息数据：{"msg":"成功发送!","status":1} ===
2020-04-02 15:33:57,205 [INFO] (WebSocketController.java:143)- [WebSocket] 收到消息：{"fromUserId":"462","toUserId":"1","messageType":0,"messageContent":"14141414","time":"2020-04-02 15:33:57","oid":"ea78b783c56b431db38e9de2dd5fdc42"}
2020-04-02 15:33:57,206 [DEBUG] (BaseJdbcLogger.java:143)- ==>  Preparing: insert into wechat_message_item (id, from_user_id, to_user_id, message_type, message_content, time,oid ) values (?, ?, ?, ?, ?, ?, ? ) 
2020-04-02 15:33:57,206 [DEBUG] (BaseJdbcLogger.java:143)- ==> Parameters: null, 462(Integer), 1(Integer), 0(Integer), 14141414(String), 2020-04-02 15:33:57.0(Timestamp), ea78b783c56b431db38e9de2dd5fdc42(String)
2020-04-02 15:33:57,457 [DEBUG] (BaseJdbcLogger.java:143)- <==    Updates: 1
2020-04-02 15:33:57,458 [DEBUG] (WebSocketController.java:215)- ===  用户消息成功 消息数据：{"msg":"成功发送!","status":1} ===
2020-04-02 15:34:19,854 [INFO] (WebSocketController.java:118)- [WebSocket] 退出成功，当前连接人数为：=0 当前在线人： {}
2020-04-02 15:34:24,937 [DEBUG] (BaseJdbcLogger.java:143)- ==>  Preparing: select id, user_name, name, img_url, expert_in, imageText_cost, voice_cost, video_cost,open_id from doctor 
2020-04-02 15:34:24,938 [DEBUG] (BaseJdbcLogger.java:143)- ==> Parameters: 
2020-04-02 15:34:25,056 [DEBUG] (BaseJdbcLogger.java:143)- <==      Total: 13
2020-04-02 15:34:35,376 [DEBUG] (BaseJdbcLogger.java:143)- ==>  Preparing: select id, user_name, img_url, user_password, token, name, license_number, expert_in, imageText_cost, voice_cost, video_cost,open_id from doctor where user_name = ? 
2020-04-02 15:34:35,376 [DEBUG] (BaseJdbcLogger.java:143)- ==> Parameters: 111(String)
2020-04-02 15:34:35,512 [DEBUG] (BaseJdbcLogger.java:143)- <==      Total: 1
2020-04-02 15:34:35,906 [DEBUG] (BaseJdbcLogger.java:143)- ==>  Preparing: select id, title, audioURL, category, cover_url from audio 
2020-04-02 15:34:35,907 [DEBUG] (BaseJdbcLogger.java:143)- ==> Parameters: 
2020-04-02 15:34:36,072 [DEBUG] (BaseJdbcLogger.java:143)- <==      Total: 6
2020-04-02 15:34:36,076 [DEBUG] (BaseJdbcLogger.java:143)- ==>  Preparing: select id, title, vedioURL, cover_url, category, description from vedio 
2020-04-02 15:34:36,077 [DEBUG] (BaseJdbcLogger.java:143)- ==> Parameters: 
2020-04-02 15:34:36,162 [DEBUG] (BaseJdbcLogger.java:143)- <==      Total: 9
2020-04-02 15:34:41,616 [DEBUG] (BaseJdbcLogger.java:143)- ==>  Preparing: SELECT consult_order.* ,user.user_name FROM consult_order inner join user on user.user_id = consult_order.user_id and consult_order.doctor_id = ?; 
2020-04-02 15:34:41,617 [DEBUG] (BaseJdbcLogger.java:143)- ==> Parameters: 1(Integer)
2020-04-02 15:34:41,791 [DEBUG] (BaseJdbcLogger.java:143)- <==      Total: 1
2020-04-02 15:34:45,094 [INFO] (WebSocketController.java:98)- [WebSocket] 连接成功，当前连接人数:1
2020-04-02 15:34:45,094 [DEBUG] (BaseJdbcLogger.java:143)- ==>  Preparing: select id, from_user_id, to_user_id, message_type, message_content, time,oid from wechat_message_item where from_user_id = ? and to_user_id = ? or from_user_id = ? and to_user_id = ? and oid = ? 
2020-04-02 15:34:45,095 [DEBUG] (BaseJdbcLogger.java:143)- ==> Parameters: 1(Integer), 462(Integer), 462(Integer), 1(Integer), ea78b783c56b431db38e9de2dd5fdc42(String)
2020-04-02 15:34:45,192 [DEBUG] (BaseJdbcLogger.java:143)- <==      Total: 4
2020-04-02 15:34:45,193 [INFO] (WebSocketController.java:109)-  === 用户 1和用户 462的聊天记录：[WeChatMessageItem{id=71, fromUserId=462, toUserId=1, messageType=0, messageContent='114', time=Thu Apr 02 15:33:20 CST 2020, oid='ea78b783c56b431db38e9de2dd5fdc42'}, WeChatMessageItem{id=72, fromUserId=462, toUserId=1, messageType=0, messageContent='114114114114141', time=Thu Apr 02 15:33:26 CST 2020, oid='ea78b783c56b431db38e9de2dd5fdc42'}, WeChatMessageItem{id=73, fromUserId=462, toUserId=1, messageType=0, messageContent='1141414141414', time=Thu Apr 02 15:33:51 CST 2020, oid='ea78b783c56b431db38e9de2dd5fdc42'}, WeChatMessageItem{id=74, fromUserId=462, toUserId=1, messageType=0, messageContent='14141414', time=Thu Apr 02 15:33:57 CST 2020, oid='ea78b783c56b431db38e9de2dd5fdc42'}]
2020-04-02 15:34:45,193 [DEBUG] (WebSocketController.java:215)- ===  用户消息成功 消息数据：[{"fromUserId":462,"id":71,"messageContent":"114","messageType":0,"oid":"ea78b783c56b431db38e9de2dd5fdc42","time":1585812800000,"toUserId":1},{"fromUserId":462,"id":72,"messageContent":"114114114114141","messageType":0,"oid":"ea78b783c56b431db38e9de2dd5fdc42","time":1585812806000,"toUserId":1},{"fromUserId":462,"id":73,"messageContent":"1141414141414","messageType":0,"oid":"ea78b783c56b431db38e9de2dd5fdc42","time":1585812831000,"toUserId":1},{"fromUserId":462,"id":74,"messageContent":"14141414","messageType":0,"oid":"ea78b783c56b431db38e9de2dd5fdc42","time":1585812837000,"toUserId":1}] ===
2020-04-02 15:38:08,111 [INFO] (WebSocketController.java:143)- [WebSocket] 收到消息：{"fromUserId":"462","toUserId":"1","messageType":0,"messageContent":"111","time":"2020-04-02 15:38:08","oid":"ea78b783c56b431db38e9de2dd5fdc42"}
2020-04-02 15:38:08,112 [DEBUG] (WebSocketController.java:215)- ===  用户消息成功 消息数据：{"fromUserId":462,"messageContent":"111","messageType":0,"oid":"ea78b783c56b431db38e9de2dd5fdc42","time":1585813088000,"toUserId":1} ===
2020-04-02 15:38:08,286 [DEBUG] (BaseJdbcLogger.java:143)- ==>  Preparing: insert into wechat_message_item (id, from_user_id, to_user_id, message_type, message_content, time,oid ) values (?, ?, ?, ?, ?, ?, ? ) 
2020-04-02 15:38:08,287 [DEBUG] (BaseJdbcLogger.java:143)- ==> Parameters: null, 462(Integer), 1(Integer), 0(Integer), 111(String), 2020-04-02 15:38:08.0(Timestamp), ea78b783c56b431db38e9de2dd5fdc42(String)
2020-04-02 15:38:08,457 [DEBUG] (BaseJdbcLogger.java:143)- <==    Updates: 1
2020-04-02 15:38:11,791 [INFO] (WebSocketController.java:143)- [WebSocket] 收到消息：{"fromUserId":"462","toUserId":"1","messageType":0,"messageContent":"11111","time":"2020-04-02 15:38:11","oid":"ea78b783c56b431db38e9de2dd5fdc42"}
2020-04-02 15:38:11,792 [DEBUG] (WebSocketController.java:215)- ===  用户消息成功 消息数据：{"fromUserId":462,"messageContent":"11111","messageType":0,"oid":"ea78b783c56b431db38e9de2dd5fdc42","time":1585813091000,"toUserId":1} ===
2020-04-02 15:38:11,792 [DEBUG] (BaseJdbcLogger.java:143)- ==>  Preparing: insert into wechat_message_item (id, from_user_id, to_user_id, message_type, message_content, time,oid ) values (?, ?, ?, ?, ?, ?, ? ) 
2020-04-02 15:38:11,793 [DEBUG] (BaseJdbcLogger.java:143)- ==> Parameters: null, 462(Integer), 1(Integer), 0(Integer), 11111(String), 2020-04-02 15:38:11.0(Timestamp), ea78b783c56b431db38e9de2dd5fdc42(String)
2020-04-02 15:38:12,070 [DEBUG] (BaseJdbcLogger.java:143)- <==    Updates: 1
2020-04-02 15:38:13,166 [INFO] (WebSocketController.java:143)- [WebSocket] 收到消息：{"fromUserId":"462","toUserId":"1","messageType":0,"messageContent":"1111","time":"2020-04-02 15:38:13","oid":"ea78b783c56b431db38e9de2dd5fdc42"}
2020-04-02 15:38:13,167 [DEBUG] (WebSocketController.java:215)- ===  用户消息成功 消息数据：{"fromUserId":462,"messageContent":"1111","messageType":0,"oid":"ea78b783c56b431db38e9de2dd5fdc42","time":1585813093000,"toUserId":1} ===
2020-04-02 15:38:13,167 [DEBUG] (BaseJdbcLogger.java:143)- ==>  Preparing: insert into wechat_message_item (id, from_user_id, to_user_id, message_type, message_content, time,oid ) values (?, ?, ?, ?, ?, ?, ? ) 
2020-04-02 15:38:13,168 [DEBUG] (BaseJdbcLogger.java:143)- ==> Parameters: null, 462(Integer), 1(Integer), 0(Integer), 1111(String), 2020-04-02 15:38:13.0(Timestamp), ea78b783c56b431db38e9de2dd5fdc42(String)
2020-04-02 15:38:13,350 [DEBUG] (BaseJdbcLogger.java:143)- <==    Updates: 1
2020-04-02 15:38:14,366 [INFO] (WebSocketController.java:143)- [WebSocket] 收到消息：{"fromUserId":"462","toUserId":"1","messageType":0,"messageContent":"1","time":"2020-04-02 15:38:14","oid":"ea78b783c56b431db38e9de2dd5fdc42"}
2020-04-02 15:38:14,366 [DEBUG] (WebSocketController.java:215)- ===  用户消息成功 消息数据：{"fromUserId":462,"messageContent":"1","messageType":0,"oid":"ea78b783c56b431db38e9de2dd5fdc42","time":1585813094000,"toUserId":1} ===
2020-04-02 15:38:14,367 [DEBUG] (BaseJdbcLogger.java:143)- ==>  Preparing: insert into wechat_message_item (id, from_user_id, to_user_id, message_type, message_content, time,oid ) values (?, ?, ?, ?, ?, ?, ? ) 
2020-04-02 15:38:14,368 [DEBUG] (BaseJdbcLogger.java:143)- ==> Parameters: null, 462(Integer), 1(Integer), 0(Integer), 1(String), 2020-04-02 15:38:14.0(Timestamp), ea78b783c56b431db38e9de2dd5fdc42(String)
2020-04-02 15:38:14,631 [DEBUG] (BaseJdbcLogger.java:143)- <==    Updates: 1
2020-04-02 15:38:15,530 [INFO] (WebSocketController.java:118)- [WebSocket] 退出成功，当前连接人数为：=0 当前在线人： {}
2020-04-02 15:38:21,678 [DEBUG] (BaseJdbcLogger.java:143)- ==>  Preparing: select id, user_name, name, img_url, expert_in, imageText_cost, voice_cost, video_cost,open_id from doctor 
2020-04-02 15:38:21,678 [DEBUG] (BaseJdbcLogger.java:143)- ==> Parameters: 
2020-04-02 15:38:21,843 [DEBUG] (BaseJdbcLogger.java:143)- <==      Total: 13
2020-04-02 15:38:35,401 [DEBUG] (BaseJdbcLogger.java:143)- ==>  Preparing: select user_id, age, credit_id, pregnant_type, pregnant_week, job, confinement_date, confinement_week, confinement_type, user_name, user_password, user_token, open_id from user where user_name = ? 
2020-04-02 15:38:35,402 [DEBUG] (BaseJdbcLogger.java:143)- ==> Parameters: 114(String)
2020-04-02 15:38:35,532 [DEBUG] (BaseJdbcLogger.java:143)- <==      Total: 1
2020-04-02 15:38:36,229 [DEBUG] (BaseJdbcLogger.java:143)- ==>  Preparing: select id, title, vedioURL, cover_url, category, description from vedio 
2020-04-02 15:38:36,230 [DEBUG] (BaseJdbcLogger.java:143)- ==> Parameters: 
2020-04-02 15:38:36,393 [DEBUG] (BaseJdbcLogger.java:143)- ==>  Preparing: select id, title, audioURL, category, cover_url from audio 
2020-04-02 15:38:36,394 [DEBUG] (BaseJdbcLogger.java:143)- ==> Parameters: 
2020-04-02 15:38:36,400 [DEBUG] (BaseJdbcLogger.java:143)- <==      Total: 9
2020-04-02 15:38:36,479 [DEBUG] (BaseJdbcLogger.java:143)- <==      Total: 6
2020-04-02 15:38:39,460 [DEBUG] (BaseJdbcLogger.java:143)- ==>  Preparing: SELECT consult_order.* ,doctor.name, doctor.license_number, doctor.img_url FROM consult_order inner join doctor on doctor.id = consult_order.doctor_id and consult_order.user_id = ?; 
2020-04-02 15:38:39,461 [DEBUG] (BaseJdbcLogger.java:143)- ==> Parameters: 462(Integer)
2020-04-02 15:38:39,607 [DEBUG] (BaseJdbcLogger.java:143)- <==      Total: 1
2020-04-02 15:38:39,608 [INFO] (ConsultOrderServiceImpl.java:37)- selectConsultOrderByUserId： [ConsultOrder{id=135, doctorId=1, userId=462, createTime=Thu Apr 02 15:33:11 CST 2020, lastingTime=86400000, contact='', contactPhone='19927577844', symptomDescription='fdgfdsfg', user=null, doctor=Doctor{id=135, userName='null', userPassword='null', token='null', name='111', licenseNumber='null', expertIn='null', imagetextCost=null, voiceCost=null, videoCost=null, imgUrl='http://q6le9us69.bkt.clouddn.com/doctorRegister_1583240137.jpg', openId='null'}, consultCost=5, status=null, oid='ea78b783c56b431db38e9de2dd5fdc42', userOpenId='oby6g4gzlRYKAZKmINMKVC-Z12hY', doctorOpenId='oby6g4gzlRYKAZKmINMKVC-Z12hY', imgUrls=''}]
2020-04-02 15:38:42,590 [INFO] (WebSocketController.java:98)- [WebSocket] 连接成功，当前连接人数:1
2020-04-02 15:38:42,590 [DEBUG] (BaseJdbcLogger.java:143)- ==>  Preparing: select id, from_user_id, to_user_id, message_type, message_content, time,oid from wechat_message_item where from_user_id = ? and to_user_id = ? or from_user_id = ? and to_user_id = ? and oid = ? 
2020-04-02 15:38:42,591 [DEBUG] (BaseJdbcLogger.java:143)- ==> Parameters: 462(Integer), 1(Integer), 1(Integer), 462(Integer), ea78b783c56b431db38e9de2dd5fdc42(String)
2020-04-02 15:38:42,672 [DEBUG] (BaseJdbcLogger.java:143)- <==      Total: 8
2020-04-02 15:38:42,672 [INFO] (WebSocketController.java:109)-  === 用户 462和用户 1的聊天记录：[WeChatMessageItem{id=71, fromUserId=462, toUserId=1, messageType=0, messageContent='114', time=Thu Apr 02 15:33:20 CST 2020, oid='ea78b783c56b431db38e9de2dd5fdc42'}, WeChatMessageItem{id=72, fromUserId=462, toUserId=1, messageType=0, messageContent='114114114114141', time=Thu Apr 02 15:33:26 CST 2020, oid='ea78b783c56b431db38e9de2dd5fdc42'}, WeChatMessageItem{id=73, fromUserId=462, toUserId=1, messageType=0, messageContent='1141414141414', time=Thu Apr 02 15:33:51 CST 2020, oid='ea78b783c56b431db38e9de2dd5fdc42'}, WeChatMessageItem{id=74, fromUserId=462, toUserId=1, messageType=0, messageContent='14141414', time=Thu Apr 02 15:33:57 CST 2020, oid='ea78b783c56b431db38e9de2dd5fdc42'}, WeChatMessageItem{id=75, fromUserId=462, toUserId=1, messageType=0, messageContent='111', time=Thu Apr 02 15:38:08 CST 2020, oid='ea78b783c56b431db38e9de2dd5fdc42'}, WeChatMessageItem{id=76, fromUserId=462, toUserId=1, messageType=0, messageContent='11111', time=Thu Apr 02 15:38:11 CST 2020, oid='ea78b783c56b431db38e9de2dd5fdc42'}, WeChatMessageItem{id=77, fromUserId=462, toUserId=1, messageType=0, messageContent='1111', time=Thu Apr 02 15:38:13 CST 2020, oid='ea78b783c56b431db38e9de2dd5fdc42'}, WeChatMessageItem{id=78, fromUserId=462, toUserId=1, messageType=0, messageContent='1', time=Thu Apr 02 15:38:14 CST 2020, oid='ea78b783c56b431db38e9de2dd5fdc42'}]
2020-04-02 15:38:42,673 [DEBUG] (WebSocketController.java:215)- ===  用户消息成功 消息数据：[{"fromUserId":462,"id":71,"messageContent":"114","messageType":0,"oid":"ea78b783c56b431db38e9de2dd5fdc42","time":1585812800000,"toUserId":1},{"fromUserId":462,"id":72,"messageContent":"114114114114141","messageType":0,"oid":"ea78b783c56b431db38e9de2dd5fdc42","time":1585812806000,"toUserId":1},{"fromUserId":462,"id":73,"messageContent":"1141414141414","messageType":0,"oid":"ea78b783c56b431db38e9de2dd5fdc42","time":1585812831000,"toUserId":1},{"fromUserId":462,"id":74,"messageContent":"14141414","messageType":0,"oid":"ea78b783c56b431db38e9de2dd5fdc42","time":1585812837000,"toUserId":1},{"fromUserId":462,"id":75,"messageContent":"111","messageType":0,"oid":"ea78b783c56b431db38e9de2dd5fdc42","time":1585813088000,"toUserId":1},{"fromUserId":462,"id":76,"messageContent":"11111","messageType":0,"oid":"ea78b783c56b431db38e9de2dd5fdc42","time":1585813091000,"toUserId":1},{"fromUserId":462,"id":77,"messageContent":"1111","messageType":0,"oid":"ea78b783c56b431db38e9de2dd5fdc42","time":1585813093000,"toUserId":1},{"fromUserId":462,"id":78,"messageContent":"1","messageType":0,"oid":"ea78b783c56b431db38e9de2dd5fdc42","time":1585813094000,"toUserId":1}] ===
2020-04-02 15:38:50,854 [INFO] (WebSocketController.java:118)- [WebSocket] 退出成功，当前连接人数为：=0 当前在线人： {}
2020-04-02 15:39:14,768 [INFO] (ConsultOrderController.java:73)- === AddConsultOrder:ConsultOrder{id=null, doctorId=1, userId=462, createTime=Thu Apr 02 15:39:14 CST 2020, lastingTime=86400000, contact='', contactPhone='18824577896', symptomDescription='dsfsdfd', user=null, doctor=null, consultCost=5, status=null, oid='06117e7620fd44bdb02bb8e0562ff84d', userOpenId='oby6g4gzlRYKAZKmINMKVC-Z12hY', doctorOpenId='oby6g4gzlRYKAZKmINMKVC-Z12hY', imgUrls=''} ===
2020-04-02 15:39:14,769 [DEBUG] (BaseJdbcLogger.java:143)- ==>  Preparing: insert into consult_order (id, doctor_id, user_id, create_time, lasting_time, contact, contact_phone, symptom_description,consult_cost,status,oid,user_open_id,doctor_open_id,img_urls ) values (?, ?, ?, ?, ?, ?, ?, ?, ?,?,?, ?,?,? ) 
2020-04-02 15:39:14,770 [DEBUG] (BaseJdbcLogger.java:143)- ==> Parameters: null, 1(Integer), 462(Integer), 2020-04-02 15:39:14.0(Timestamp), 86400000(Integer), (String), 18824577896(String), dsfsdfd(String), 5(Integer), null, 06117e7620fd44bdb02bb8e0562ff84d(String), oby6g4gzlRYKAZKmINMKVC-Z12hY(String), oby6g4gzlRYKAZKmINMKVC-Z12hY(String), (String)
2020-04-02 15:39:15,247 [DEBUG] (BaseJdbcLogger.java:143)- <==    Updates: 1
2020-04-02 15:39:15,607 [INFO] (WebSocketController.java:98)- [WebSocket] 连接成功，当前连接人数:1
2020-04-02 15:39:15,608 [DEBUG] (BaseJdbcLogger.java:143)- ==>  Preparing: select id, from_user_id, to_user_id, message_type, message_content, time,oid from wechat_message_item where from_user_id = ? and to_user_id = ? or from_user_id = ? and to_user_id = ? and oid = ? 
2020-04-02 15:39:15,608 [DEBUG] (BaseJdbcLogger.java:143)- ==> Parameters: 462(Integer), 1(Integer), 1(Integer), 462(Integer), 06117e7620fd44bdb02bb8e0562ff84d(String)
2020-04-02 15:39:15,688 [DEBUG] (BaseJdbcLogger.java:143)- <==      Total: 8
2020-04-02 15:39:15,689 [INFO] (WebSocketController.java:109)-  === 用户 462和用户 1的聊天记录：[WeChatMessageItem{id=71, fromUserId=462, toUserId=1, messageType=0, messageContent='114', time=Thu Apr 02 15:33:20 CST 2020, oid='ea78b783c56b431db38e9de2dd5fdc42'}, WeChatMessageItem{id=72, fromUserId=462, toUserId=1, messageType=0, messageContent='114114114114141', time=Thu Apr 02 15:33:26 CST 2020, oid='ea78b783c56b431db38e9de2dd5fdc42'}, WeChatMessageItem{id=73, fromUserId=462, toUserId=1, messageType=0, messageContent='1141414141414', time=Thu Apr 02 15:33:51 CST 2020, oid='ea78b783c56b431db38e9de2dd5fdc42'}, WeChatMessageItem{id=74, fromUserId=462, toUserId=1, messageType=0, messageContent='14141414', time=Thu Apr 02 15:33:57 CST 2020, oid='ea78b783c56b431db38e9de2dd5fdc42'}, WeChatMessageItem{id=75, fromUserId=462, toUserId=1, messageType=0, messageContent='111', time=Thu Apr 02 15:38:08 CST 2020, oid='ea78b783c56b431db38e9de2dd5fdc42'}, WeChatMessageItem{id=76, fromUserId=462, toUserId=1, messageType=0, messageContent='11111', time=Thu Apr 02 15:38:11 CST 2020, oid='ea78b783c56b431db38e9de2dd5fdc42'}, WeChatMessageItem{id=77, fromUserId=462, toUserId=1, messageType=0, messageContent='1111', time=Thu Apr 02 15:38:13 CST 2020, oid='ea78b783c56b431db38e9de2dd5fdc42'}, WeChatMessageItem{id=78, fromUserId=462, toUserId=1, messageType=0, messageContent='1', time=Thu Apr 02 15:38:14 CST 2020, oid='ea78b783c56b431db38e9de2dd5fdc42'}]
2020-04-02 15:39:15,689 [DEBUG] (WebSocketController.java:215)- ===  用户消息成功 消息数据：[{"fromUserId":462,"id":71,"messageContent":"114","messageType":0,"oid":"ea78b783c56b431db38e9de2dd5fdc42","time":1585812800000,"toUserId":1},{"fromUserId":462,"id":72,"messageContent":"114114114114141","messageType":0,"oid":"ea78b783c56b431db38e9de2dd5fdc42","time":1585812806000,"toUserId":1},{"fromUserId":462,"id":73,"messageContent":"1141414141414","messageType":0,"oid":"ea78b783c56b431db38e9de2dd5fdc42","time":1585812831000,"toUserId":1},{"fromUserId":462,"id":74,"messageContent":"14141414","messageType":0,"oid":"ea78b783c56b431db38e9de2dd5fdc42","time":1585812837000,"toUserId":1},{"fromUserId":462,"id":75,"messageContent":"111","messageType":0,"oid":"ea78b783c56b431db38e9de2dd5fdc42","time":1585813088000,"toUserId":1},{"fromUserId":462,"id":76,"messageContent":"11111","messageType":0,"oid":"ea78b783c56b431db38e9de2dd5fdc42","time":1585813091000,"toUserId":1},{"fromUserId":462,"id":77,"messageContent":"1111","messageType":0,"oid":"ea78b783c56b431db38e9de2dd5fdc42","time":1585813093000,"toUserId":1},{"fromUserId":462,"id":78,"messageContent":"1","messageType":0,"oid":"ea78b783c56b431db38e9de2dd5fdc42","time":1585813094000,"toUserId":1}] ===
2020-04-02 15:41:12,187 [INFO] (WebSocketController.java:118)- [WebSocket] 退出成功，当前连接人数为：=0 当前在线人： {}
2020-04-02 16:27:50,128 [INFO] (StartupInfoLogger.java:50)- Starting BreastApplication on LAPTOP-562395R3 with PID 19304 (started by 爱哭的周小姐 in D:\软件应用\java IDE\IntelliJ IDEA 2019.1\项目\breastfeed\新建文件夹\server\bfbackend)
2020-04-02 16:27:50,131 [DEBUG] (StartupInfoLogger.java:53)- Running with Spring Boot v2.1.9.RELEASE, Spring v5.1.10.RELEASE
2020-04-02 16:27:50,131 [INFO] (SpringApplication.java:648)- No active profile set, falling back to default profiles: default
2020-04-02 16:27:54,932 [INFO] (StartupInfoLogger.java:59)- Started BreastApplication in 5.683 seconds (JVM running for 7.556)
2020-04-02 16:27:59,821 [DEBUG] (BaseJdbcLogger.java:143)- ==>  Preparing: select user_id, age, credit_id, pregnant_type, pregnant_week, job, confinement_date, confinement_week, confinement_type, user_name, user_password, user_token, open_id from user where user_token = ? 
2020-04-02 16:27:59,845 [DEBUG] (BaseJdbcLogger.java:143)- ==> Parameters: 885b3afcf63444fb8437eced031bb9a2(String)
2020-04-02 16:27:59,958 [DEBUG] (BaseJdbcLogger.java:143)- <==      Total: 1
2020-04-02 16:27:59,961 [DEBUG] (BaseJdbcLogger.java:143)- ==>  Preparing: select id, user_name, name, img_url, expert_in, imageText_cost, voice_cost, video_cost,open_id from doctor 
2020-04-02 16:27:59,962 [DEBUG] (BaseJdbcLogger.java:143)- ==> Parameters: 
2020-04-02 16:28:00,049 [DEBUG] (BaseJdbcLogger.java:143)- <==      Total: 13
2020-04-02 16:28:08,196 [DEBUG] (BaseJdbcLogger.java:143)- ==>  Preparing: select id, user_name, name, img_url, expert_in, imageText_cost, voice_cost, video_cost,open_id from doctor 
2020-04-02 16:28:08,197 [DEBUG] (BaseJdbcLogger.java:143)- ==>  Preparing: select user_id, age, credit_id, pregnant_type, pregnant_week, job, confinement_date, confinement_week, confinement_type, user_name, user_password, user_token, open_id from user where user_token = ? 
2020-04-02 16:28:08,197 [DEBUG] (BaseJdbcLogger.java:143)- ==> Parameters: 
2020-04-02 16:28:08,197 [DEBUG] (BaseJdbcLogger.java:143)- ==> Parameters: 885b3afcf63444fb8437eced031bb9a2(String)
2020-04-02 16:28:08,319 [DEBUG] (BaseJdbcLogger.java:143)- <==      Total: 1
2020-04-02 16:28:08,325 [DEBUG] (BaseJdbcLogger.java:143)- <==      Total: 13
2020-04-02 16:28:08,550 [DEBUG] (BaseJdbcLogger.java:143)- ==>  Preparing: select id, title, audioURL, category, cover_url from audio 
2020-04-02 16:28:08,550 [DEBUG] (BaseJdbcLogger.java:143)- ==> Parameters: 
2020-04-02 16:28:08,556 [DEBUG] (BaseJdbcLogger.java:143)- ==>  Preparing: select id, title, vedioURL, cover_url, category, description from vedio 
2020-04-02 16:28:08,557 [DEBUG] (BaseJdbcLogger.java:143)- ==> Parameters: 
2020-04-02 16:28:08,619 [DEBUG] (BaseJdbcLogger.java:143)- <==      Total: 6
2020-04-02 16:28:08,648 [DEBUG] (BaseJdbcLogger.java:143)- <==      Total: 9
2020-04-02 16:28:12,937 [DEBUG] (BaseJdbcLogger.java:143)- ==>  Preparing: SELECT consult_order.* ,doctor.name, doctor.license_number, doctor.img_url FROM consult_order inner join doctor on doctor.id = consult_order.doctor_id and consult_order.user_id = ?; 
2020-04-02 16:28:12,938 [DEBUG] (BaseJdbcLogger.java:143)- ==> Parameters: 462(Integer)
2020-04-02 16:28:13,079 [DEBUG] (BaseJdbcLogger.java:143)- <==      Total: 2
2020-04-02 16:28:13,080 [INFO] (ConsultOrderServiceImpl.java:37)- selectConsultOrderByUserId： [ConsultOrder{id=135, doctorId=1, userId=462, createTime=Thu Apr 02 15:33:11 CST 2020, lastingTime=86400000, contact='', contactPhone='19927577844', symptomDescription='fdgfdsfg', user=null, doctor=Doctor{id=135, userName='null', userPassword='null', token='null', name='111', licenseNumber='null', expertIn='null', imagetextCost=null, voiceCost=null, videoCost=null, imgUrl='http://q6le9us69.bkt.clouddn.com/doctorRegister_1583240137.jpg', openId='null'}, consultCost=5, status=null, oid='ea78b783c56b431db38e9de2dd5fdc42', userOpenId='oby6g4gzlRYKAZKmINMKVC-Z12hY', doctorOpenId='oby6g4gzlRYKAZKmINMKVC-Z12hY', imgUrls=''}, ConsultOrder{id=136, doctorId=1, userId=462, createTime=Thu Apr 02 15:39:14 CST 2020, lastingTime=86400000, contact='', contactPhone='18824577896', symptomDescription='dsfsdfd', user=null, doctor=Doctor{id=136, userName='null', userPassword='null', token='null', name='111', licenseNumber='null', expertIn='null', imagetextCost=null, voiceCost=null, videoCost=null, imgUrl='http://q6le9us69.bkt.clouddn.com/doctorRegister_1583240137.jpg', openId='null'}, consultCost=5, status=null, oid='06117e7620fd44bdb02bb8e0562ff84d', userOpenId='oby6g4gzlRYKAZKmINMKVC-Z12hY', doctorOpenId='oby6g4gzlRYKAZKmINMKVC-Z12hY', imgUrls=''}]
2020-04-02 16:28:16,578 [INFO] (WebSocketController.java:98)- [WebSocket] 连接成功，当前连接人数:1
2020-04-02 16:28:16,582 [DEBUG] (BaseJdbcLogger.java:143)- ==>  Preparing: select id, from_user_id, to_user_id, message_type, message_content, time,oid from wechat_message_item where from_user_id = ? and to_user_id = ? or from_user_id = ? and to_user_id = ? and oid = ? 
2020-04-02 16:28:16,582 [DEBUG] (BaseJdbcLogger.java:143)- ==> Parameters: 462(Integer), 1(Integer), 1(Integer), 462(Integer), ea78b783c56b431db38e9de2dd5fdc42(String)
2020-04-02 16:28:16,660 [DEBUG] (BaseJdbcLogger.java:143)- <==      Total: 8
2020-04-02 16:28:16,661 [INFO] (WebSocketController.java:109)-  === 用户 462和用户 1的聊天记录：[WeChatMessageItem{id=71, fromUserId=462, toUserId=1, messageType=0, messageContent='114', time=Thu Apr 02 15:33:20 CST 2020, oid='ea78b783c56b431db38e9de2dd5fdc42'}, WeChatMessageItem{id=72, fromUserId=462, toUserId=1, messageType=0, messageContent='114114114114141', time=Thu Apr 02 15:33:26 CST 2020, oid='ea78b783c56b431db38e9de2dd5fdc42'}, WeChatMessageItem{id=73, fromUserId=462, toUserId=1, messageType=0, messageContent='1141414141414', time=Thu Apr 02 15:33:51 CST 2020, oid='ea78b783c56b431db38e9de2dd5fdc42'}, WeChatMessageItem{id=74, fromUserId=462, toUserId=1, messageType=0, messageContent='14141414', time=Thu Apr 02 15:33:57 CST 2020, oid='ea78b783c56b431db38e9de2dd5fdc42'}, WeChatMessageItem{id=75, fromUserId=462, toUserId=1, messageType=0, messageContent='111', time=Thu Apr 02 15:38:08 CST 2020, oid='ea78b783c56b431db38e9de2dd5fdc42'}, WeChatMessageItem{id=76, fromUserId=462, toUserId=1, messageType=0, messageContent='11111', time=Thu Apr 02 15:38:11 CST 2020, oid='ea78b783c56b431db38e9de2dd5fdc42'}, WeChatMessageItem{id=77, fromUserId=462, toUserId=1, messageType=0, messageContent='1111', time=Thu Apr 02 15:38:13 CST 2020, oid='ea78b783c56b431db38e9de2dd5fdc42'}, WeChatMessageItem{id=78, fromUserId=462, toUserId=1, messageType=0, messageContent='1', time=Thu Apr 02 15:38:14 CST 2020, oid='ea78b783c56b431db38e9de2dd5fdc42'}]
2020-04-02 16:28:16,684 [DEBUG] (WebSocketController.java:215)- ===  用户消息成功 消息数据：[{"fromUserId":462,"id":71,"messageContent":"114","messageType":0,"oid":"ea78b783c56b431db38e9de2dd5fdc42","time":1585812800000,"toUserId":1},{"fromUserId":462,"id":72,"messageContent":"114114114114141","messageType":0,"oid":"ea78b783c56b431db38e9de2dd5fdc42","time":1585812806000,"toUserId":1},{"fromUserId":462,"id":73,"messageContent":"1141414141414","messageType":0,"oid":"ea78b783c56b431db38e9de2dd5fdc42","time":1585812831000,"toUserId":1},{"fromUserId":462,"id":74,"messageContent":"14141414","messageType":0,"oid":"ea78b783c56b431db38e9de2dd5fdc42","time":1585812837000,"toUserId":1},{"fromUserId":462,"id":75,"messageContent":"111","messageType":0,"oid":"ea78b783c56b431db38e9de2dd5fdc42","time":1585813088000,"toUserId":1},{"fromUserId":462,"id":76,"messageContent":"11111","messageType":0,"oid":"ea78b783c56b431db38e9de2dd5fdc42","time":1585813091000,"toUserId":1},{"fromUserId":462,"id":77,"messageContent":"1111","messageType":0,"oid":"ea78b783c56b431db38e9de2dd5fdc42","time":1585813093000,"toUserId":1},{"fromUserId":462,"id":78,"messageContent":"1","messageType":0,"oid":"ea78b783c56b431db38e9de2dd5fdc42","time":1585813094000,"toUserId":1}] ===
2020-04-02 16:28:19,413 [INFO] (WebSocketController.java:118)- [WebSocket] 退出成功，当前连接人数为：=0 当前在线人： {}
2020-04-02 16:28:22,130 [INFO] (WebSocketController.java:98)- [WebSocket] 连接成功，当前连接人数:1
2020-04-02 16:28:22,131 [DEBUG] (BaseJdbcLogger.java:143)- ==>  Preparing: select id, from_user_id, to_user_id, message_type, message_content, time,oid from wechat_message_item where from_user_id = ? and to_user_id = ? or from_user_id = ? and to_user_id = ? and oid = ? 
2020-04-02 16:28:22,131 [DEBUG] (BaseJdbcLogger.java:143)- ==> Parameters: 462(Integer), 1(Integer), 1(Integer), 462(Integer), 06117e7620fd44bdb02bb8e0562ff84d(String)
2020-04-02 16:28:22,478 [DEBUG] (BaseJdbcLogger.java:143)- <==      Total: 8
2020-04-02 16:28:22,479 [INFO] (WebSocketController.java:109)-  === 用户 462和用户 1的聊天记录：[WeChatMessageItem{id=71, fromUserId=462, toUserId=1, messageType=0, messageContent='114', time=Thu Apr 02 15:33:20 CST 2020, oid='ea78b783c56b431db38e9de2dd5fdc42'}, WeChatMessageItem{id=72, fromUserId=462, toUserId=1, messageType=0, messageContent='114114114114141', time=Thu Apr 02 15:33:26 CST 2020, oid='ea78b783c56b431db38e9de2dd5fdc42'}, WeChatMessageItem{id=73, fromUserId=462, toUserId=1, messageType=0, messageContent='1141414141414', time=Thu Apr 02 15:33:51 CST 2020, oid='ea78b783c56b431db38e9de2dd5fdc42'}, WeChatMessageItem{id=74, fromUserId=462, toUserId=1, messageType=0, messageContent='14141414', time=Thu Apr 02 15:33:57 CST 2020, oid='ea78b783c56b431db38e9de2dd5fdc42'}, WeChatMessageItem{id=75, fromUserId=462, toUserId=1, messageType=0, messageContent='111', time=Thu Apr 02 15:38:08 CST 2020, oid='ea78b783c56b431db38e9de2dd5fdc42'}, WeChatMessageItem{id=76, fromUserId=462, toUserId=1, messageType=0, messageContent='11111', time=Thu Apr 02 15:38:11 CST 2020, oid='ea78b783c56b431db38e9de2dd5fdc42'}, WeChatMessageItem{id=77, fromUserId=462, toUserId=1, messageType=0, messageContent='1111', time=Thu Apr 02 15:38:13 CST 2020, oid='ea78b783c56b431db38e9de2dd5fdc42'}, WeChatMessageItem{id=78, fromUserId=462, toUserId=1, messageType=0, messageContent='1', time=Thu Apr 02 15:38:14 CST 2020, oid='ea78b783c56b431db38e9de2dd5fdc42'}]
2020-04-02 16:28:22,480 [DEBUG] (WebSocketController.java:215)- ===  用户消息成功 消息数据：[{"fromUserId":462,"id":71,"messageContent":"114","messageType":0,"oid":"ea78b783c56b431db38e9de2dd5fdc42","time":1585812800000,"toUserId":1},{"fromUserId":462,"id":72,"messageContent":"114114114114141","messageType":0,"oid":"ea78b783c56b431db38e9de2dd5fdc42","time":1585812806000,"toUserId":1},{"fromUserId":462,"id":73,"messageContent":"1141414141414","messageType":0,"oid":"ea78b783c56b431db38e9de2dd5fdc42","time":1585812831000,"toUserId":1},{"fromUserId":462,"id":74,"messageContent":"14141414","messageType":0,"oid":"ea78b783c56b431db38e9de2dd5fdc42","time":1585812837000,"toUserId":1},{"fromUserId":462,"id":75,"messageContent":"111","messageType":0,"oid":"ea78b783c56b431db38e9de2dd5fdc42","time":1585813088000,"toUserId":1},{"fromUserId":462,"id":76,"messageContent":"11111","messageType":0,"oid":"ea78b783c56b431db38e9de2dd5fdc42","time":1585813091000,"toUserId":1},{"fromUserId":462,"id":77,"messageContent":"1111","messageType":0,"oid":"ea78b783c56b431db38e9de2dd5fdc42","time":1585813093000,"toUserId":1},{"fromUserId":462,"id":78,"messageContent":"1","messageType":0,"oid":"ea78b783c56b431db38e9de2dd5fdc42","time":1585813094000,"toUserId":1}] ===
2020-04-02 21:20:18,644 [INFO] (StartupInfoLogger.java:50)- Starting BreastApplication on LAPTOP-562395R3 with PID 10640 (started by 爱哭的周小姐 in D:\软件应用\java IDE\IntelliJ IDEA 2019.1\项目\breastfeed\新建文件夹\server\bfbackend)
2020-04-02 21:20:18,669 [DEBUG] (StartupInfoLogger.java:53)- Running with Spring Boot v2.1.9.RELEASE, Spring v5.1.10.RELEASE
2020-04-02 21:20:18,670 [INFO] (SpringApplication.java:648)- No active profile set, falling back to default profiles: default
2020-04-02 21:20:29,726 [INFO] (StartupInfoLogger.java:59)- Started BreastApplication in 12.678 seconds (JVM running for 24.851)
2020-04-02 21:22:41,636 [INFO] (StartupInfoLogger.java:50)- Starting BreastApplication on LAPTOP-562395R3 with PID 13440 (started by 爱哭的周小姐 in D:\软件应用\java IDE\IntelliJ IDEA 2019.1\项目\breastfeed\新建文件夹\server\bfbackend)
2020-04-02 21:22:41,640 [DEBUG] (StartupInfoLogger.java:53)- Running with Spring Boot v2.1.9.RELEASE, Spring v5.1.10.RELEASE
2020-04-02 21:22:41,640 [INFO] (SpringApplication.java:648)- No active profile set, falling back to default profiles: default
2020-04-02 21:22:46,330 [INFO] (StartupInfoLogger.java:59)- Started BreastApplication in 5.413 seconds (JVM running for 7.68)
2020-04-02 21:24:12,083 [DEBUG] (BaseJdbcLogger.java:143)- ==>  Preparing: select id, user_name, name, img_url, expert_in, imageText_cost, voice_cost, video_cost,open_id from doctor 
2020-04-02 21:24:12,165 [DEBUG] (BaseJdbcLogger.java:143)- ==> Parameters: 
2020-04-02 21:24:12,269 [DEBUG] (BaseJdbcLogger.java:143)- <==      Total: 13
2020-04-02 21:24:12,274 [DEBUG] (BaseJdbcLogger.java:143)- ==>  Preparing: select user_id, age, credit_id, pregnant_type, pregnant_week, job, confinement_date, confinement_week, confinement_type, user_name, user_password, user_token, open_id from user where user_token = ? 
2020-04-02 21:24:12,275 [DEBUG] (BaseJdbcLogger.java:143)- ==> Parameters: 885b3afcf63444fb8437eced031bb9a2(String)
2020-04-02 21:24:12,323 [DEBUG] (BaseJdbcLogger.java:143)- <==      Total: 1
2020-04-02 21:24:12,323 [DEBUG] (BaseJdbcLogger.java:143)- ==>  Preparing: select id, title, audioURL, category, cover_url from audio 
2020-04-02 21:24:12,327 [DEBUG] (BaseJdbcLogger.java:143)- ==> Parameters: 
2020-04-02 21:24:12,372 [DEBUG] (BaseJdbcLogger.java:143)- <==      Total: 6
2020-04-02 21:24:12,373 [DEBUG] (BaseJdbcLogger.java:143)- ==>  Preparing: select id, title, vedioURL, cover_url, category, description from vedio 
2020-04-02 21:24:12,374 [DEBUG] (BaseJdbcLogger.java:143)- ==> Parameters: 
2020-04-02 21:24:12,422 [DEBUG] (BaseJdbcLogger.java:143)- <==      Total: 9
2020-04-02 21:24:12,423 [DEBUG] (BaseJdbcLogger.java:143)- ==>  Preparing: select id, title, description, img_url, category from article 
2020-04-02 21:24:12,423 [DEBUG] (BaseJdbcLogger.java:143)- ==> Parameters: 
2020-04-02 21:24:12,468 [DEBUG] (BaseJdbcLogger.java:143)- <==      Total: 20
2020-04-02 21:24:12,578 [INFO] (ArticleController.java:66)- 母乳喂养的好处
2020-04-02 21:24:23,788 [DEBUG] (BaseJdbcLogger.java:143)- ==>  Preparing: SELECT consult_order.* ,doctor.name, doctor.license_number, doctor.img_url FROM consult_order inner join doctor on doctor.id = consult_order.doctor_id and consult_order.user_id = ?; 
2020-04-02 21:24:23,789 [DEBUG] (BaseJdbcLogger.java:143)- ==> Parameters: 462(Integer)
2020-04-02 21:24:23,836 [DEBUG] (BaseJdbcLogger.java:143)- <==      Total: 2
2020-04-02 21:24:23,837 [INFO] (ConsultOrderServiceImpl.java:37)- selectConsultOrderByUserId： [ConsultOrder{id=135, doctorId=1, userId=462, createTime=Thu Apr 02 15:33:11 CST 2020, lastingTime=86400000, contact='', contactPhone='19927577844', symptomDescription='fdgfdsfg', user=null, doctor=Doctor{id=135, userName='null', userPassword='null', token='null', name='111', licenseNumber='null', expertIn='null', imagetextCost=null, voiceCost=null, videoCost=null, imgUrl='http://q6le9us69.bkt.clouddn.com/doctorRegister_1583240137.jpg', openId='null'}, consultCost=5, status=null, oid='ea78b783c56b431db38e9de2dd5fdc42', userOpenId='oby6g4gzlRYKAZKmINMKVC-Z12hY', doctorOpenId='oby6g4gzlRYKAZKmINMKVC-Z12hY', imgUrls=''}, ConsultOrder{id=136, doctorId=1, userId=462, createTime=Thu Apr 02 15:39:14 CST 2020, lastingTime=86400000, contact='', contactPhone='18824577896', symptomDescription='dsfsdfd', user=null, doctor=Doctor{id=136, userName='null', userPassword='null', token='null', name='111', licenseNumber='null', expertIn='null', imagetextCost=null, voiceCost=null, videoCost=null, imgUrl='http://q6le9us69.bkt.clouddn.com/doctorRegister_1583240137.jpg', openId='null'}, consultCost=5, status=null, oid='06117e7620fd44bdb02bb8e0562ff84d', userOpenId='oby6g4gzlRYKAZKmINMKVC-Z12hY', doctorOpenId='oby6g4gzlRYKAZKmINMKVC-Z12hY', imgUrls=''}]
2020-04-02 21:24:27,228 [INFO] (WebSocketController.java:98)- [WebSocket] 连接成功，当前连接人数:1
2020-04-02 21:24:27,230 [DEBUG] (BaseJdbcLogger.java:143)- ==>  Preparing: select id, from_user_id, to_user_id, message_type, message_content, time,oid from wechat_message_item where from_user_id = ? and to_user_id = ? oid = ? or from_user_id = ? and to_user_id = ? and oid = ? 
2020-04-02 21:24:27,231 [DEBUG] (BaseJdbcLogger.java:143)- ==> Parameters: 462(Integer), 1(Integer), ea78b783c56b431db38e9de2dd5fdc42(String), 1(Integer), 462(Integer), ea78b783c56b431db38e9de2dd5fdc42(String)
2020-04-02 21:24:27,347 [INFO] (WebSocketController.java:118)- [WebSocket] 退出成功，当前连接人数为：=1 当前在线人： {462=lllr.test.breast.controller.websocket.WebSocketController@2762a615}
2020-04-02 21:24:33,678 [INFO] (WebSocketController.java:98)- [WebSocket] 连接成功，当前连接人数:1
2020-04-02 21:24:33,679 [DEBUG] (BaseJdbcLogger.java:143)- ==>  Preparing: select id, from_user_id, to_user_id, message_type, message_content, time,oid from wechat_message_item where from_user_id = ? and to_user_id = ? oid = ? or from_user_id = ? and to_user_id = ? and oid = ? 
2020-04-02 21:24:33,679 [DEBUG] (BaseJdbcLogger.java:143)- ==> Parameters: 462(Integer), 1(Integer), 06117e7620fd44bdb02bb8e0562ff84d(String), 1(Integer), 462(Integer), 06117e7620fd44bdb02bb8e0562ff84d(String)
2020-04-02 21:24:33,726 [INFO] (WebSocketController.java:118)- [WebSocket] 退出成功，当前连接人数为：=1 当前在线人： {462=lllr.test.breast.controller.websocket.WebSocketController@1dbf59cb}
2020-04-02 21:25:50,562 [INFO] (StartupInfoLogger.java:50)- Starting BreastApplication on LAPTOP-562395R3 with PID 17052 (started by 爱哭的周小姐 in D:\软件应用\java IDE\IntelliJ IDEA 2019.1\项目\breastfeed\新建文件夹\server\bfbackend)
2020-04-02 21:25:50,566 [DEBUG] (StartupInfoLogger.java:53)- Running with Spring Boot v2.1.9.RELEASE, Spring v5.1.10.RELEASE
2020-04-02 21:25:50,566 [INFO] (SpringApplication.java:648)- No active profile set, falling back to default profiles: default
2020-04-02 21:25:54,253 [INFO] (StartupInfoLogger.java:59)- Started BreastApplication in 4.222 seconds (JVM running for 6.088)
2020-04-02 21:26:32,838 [DEBUG] (BaseJdbcLogger.java:143)- ==>  Preparing: select user_id, age, credit_id, pregnant_type, pregnant_week, job, confinement_date, confinement_week, confinement_type, user_name, user_password, user_token, open_id from user where user_token = ? 
2020-04-02 21:26:32,864 [DEBUG] (BaseJdbcLogger.java:143)- ==> Parameters: 885b3afcf63444fb8437eced031bb9a2(String)
2020-04-02 21:26:32,931 [DEBUG] (BaseJdbcLogger.java:143)- <==      Total: 1
2020-04-02 21:26:32,935 [DEBUG] (BaseJdbcLogger.java:143)- ==>  Preparing: select id, user_name, name, img_url, expert_in, imageText_cost, voice_cost, video_cost,open_id from doctor 
2020-04-02 21:26:32,935 [DEBUG] (BaseJdbcLogger.java:143)- ==> Parameters: 
2020-04-02 21:26:32,981 [DEBUG] (BaseJdbcLogger.java:143)- <==      Total: 13
2020-04-02 21:26:32,985 [DEBUG] (BaseJdbcLogger.java:143)- ==>  Preparing: select id, title, audioURL, category, cover_url from audio 
2020-04-02 21:26:32,986 [DEBUG] (BaseJdbcLogger.java:143)- ==> Parameters: 
2020-04-02 21:26:33,040 [DEBUG] (BaseJdbcLogger.java:143)- <==      Total: 6
2020-04-02 21:26:33,044 [DEBUG] (BaseJdbcLogger.java:143)- ==>  Preparing: select id, title, vedioURL, cover_url, category, description from vedio 
2020-04-02 21:26:33,046 [DEBUG] (BaseJdbcLogger.java:143)- ==> Parameters: 
2020-04-02 21:26:33,093 [DEBUG] (BaseJdbcLogger.java:143)- <==      Total: 9
2020-04-02 21:26:35,641 [DEBUG] (BaseJdbcLogger.java:143)- ==>  Preparing: SELECT consult_order.* ,doctor.name, doctor.license_number, doctor.img_url FROM consult_order inner join doctor on doctor.id = consult_order.doctor_id and consult_order.user_id = ?; 
2020-04-02 21:26:35,642 [DEBUG] (BaseJdbcLogger.java:143)- ==> Parameters: 462(Integer)
2020-04-02 21:26:35,692 [DEBUG] (BaseJdbcLogger.java:143)- <==      Total: 2
2020-04-02 21:26:35,693 [INFO] (ConsultOrderServiceImpl.java:37)- selectConsultOrderByUserId： [ConsultOrder{id=135, doctorId=1, userId=462, createTime=Thu Apr 02 15:33:11 CST 2020, lastingTime=86400000, contact='', contactPhone='19927577844', symptomDescription='fdgfdsfg', user=null, doctor=Doctor{id=135, userName='null', userPassword='null', token='null', name='111', licenseNumber='null', expertIn='null', imagetextCost=null, voiceCost=null, videoCost=null, imgUrl='http://q6le9us69.bkt.clouddn.com/doctorRegister_1583240137.jpg', openId='null'}, consultCost=5, status=null, oid='ea78b783c56b431db38e9de2dd5fdc42', userOpenId='oby6g4gzlRYKAZKmINMKVC-Z12hY', doctorOpenId='oby6g4gzlRYKAZKmINMKVC-Z12hY', imgUrls=''}, ConsultOrder{id=136, doctorId=1, userId=462, createTime=Thu Apr 02 15:39:14 CST 2020, lastingTime=86400000, contact='', contactPhone='18824577896', symptomDescription='dsfsdfd', user=null, doctor=Doctor{id=136, userName='null', userPassword='null', token='null', name='111', licenseNumber='null', expertIn='null', imagetextCost=null, voiceCost=null, videoCost=null, imgUrl='http://q6le9us69.bkt.clouddn.com/doctorRegister_1583240137.jpg', openId='null'}, consultCost=5, status=null, oid='06117e7620fd44bdb02bb8e0562ff84d', userOpenId='oby6g4gzlRYKAZKmINMKVC-Z12hY', doctorOpenId='oby6g4gzlRYKAZKmINMKVC-Z12hY', imgUrls=''}]
2020-04-02 21:26:38,950 [INFO] (WebSocketController.java:98)- [WebSocket] 连接成功，当前连接人数:1
2020-04-02 21:26:38,955 [DEBUG] (BaseJdbcLogger.java:143)- ==>  Preparing: select id, from_user_id, to_user_id, message_type, message_content, time,oid from wechat_message_item where from_user_id = ? and to_user_id = ? and oid = ? or from_user_id = ? and to_user_id = ? and oid = ? 
2020-04-02 21:26:38,955 [DEBUG] (BaseJdbcLogger.java:143)- ==> Parameters: 462(Integer), 1(Integer), ea78b783c56b431db38e9de2dd5fdc42(String), 1(Integer), 462(Integer), ea78b783c56b431db38e9de2dd5fdc42(String)
2020-04-02 21:26:39,005 [DEBUG] (BaseJdbcLogger.java:143)- <==      Total: 8
2020-04-02 21:26:39,006 [INFO] (WebSocketController.java:109)-  === 用户 462和用户 1的聊天记录：[WeChatMessageItem{id=71, fromUserId=462, toUserId=1, messageType=0, messageContent='114', time=Thu Apr 02 15:33:20 CST 2020, oid='ea78b783c56b431db38e9de2dd5fdc42'}, WeChatMessageItem{id=72, fromUserId=462, toUserId=1, messageType=0, messageContent='114114114114141', time=Thu Apr 02 15:33:26 CST 2020, oid='ea78b783c56b431db38e9de2dd5fdc42'}, WeChatMessageItem{id=73, fromUserId=462, toUserId=1, messageType=0, messageContent='1141414141414', time=Thu Apr 02 15:33:51 CST 2020, oid='ea78b783c56b431db38e9de2dd5fdc42'}, WeChatMessageItem{id=74, fromUserId=462, toUserId=1, messageType=0, messageContent='14141414', time=Thu Apr 02 15:33:57 CST 2020, oid='ea78b783c56b431db38e9de2dd5fdc42'}, WeChatMessageItem{id=75, fromUserId=462, toUserId=1, messageType=0, messageContent='111', time=Thu Apr 02 15:38:08 CST 2020, oid='ea78b783c56b431db38e9de2dd5fdc42'}, WeChatMessageItem{id=76, fromUserId=462, toUserId=1, messageType=0, messageContent='11111', time=Thu Apr 02 15:38:11 CST 2020, oid='ea78b783c56b431db38e9de2dd5fdc42'}, WeChatMessageItem{id=77, fromUserId=462, toUserId=1, messageType=0, messageContent='1111', time=Thu Apr 02 15:38:13 CST 2020, oid='ea78b783c56b431db38e9de2dd5fdc42'}, WeChatMessageItem{id=78, fromUserId=462, toUserId=1, messageType=0, messageContent='1', time=Thu Apr 02 15:38:14 CST 2020, oid='ea78b783c56b431db38e9de2dd5fdc42'}]
2020-04-02 21:26:39,035 [DEBUG] (WebSocketController.java:215)- ===  用户消息成功 消息数据：[{"fromUserId":462,"id":71,"messageContent":"114","messageType":0,"oid":"ea78b783c56b431db38e9de2dd5fdc42","time":1585812800000,"toUserId":1},{"fromUserId":462,"id":72,"messageContent":"114114114114141","messageType":0,"oid":"ea78b783c56b431db38e9de2dd5fdc42","time":1585812806000,"toUserId":1},{"fromUserId":462,"id":73,"messageContent":"1141414141414","messageType":0,"oid":"ea78b783c56b431db38e9de2dd5fdc42","time":1585812831000,"toUserId":1},{"fromUserId":462,"id":74,"messageContent":"14141414","messageType":0,"oid":"ea78b783c56b431db38e9de2dd5fdc42","time":1585812837000,"toUserId":1},{"fromUserId":462,"id":75,"messageContent":"111","messageType":0,"oid":"ea78b783c56b431db38e9de2dd5fdc42","time":1585813088000,"toUserId":1},{"fromUserId":462,"id":76,"messageContent":"11111","messageType":0,"oid":"ea78b783c56b431db38e9de2dd5fdc42","time":1585813091000,"toUserId":1},{"fromUserId":462,"id":77,"messageContent":"1111","messageType":0,"oid":"ea78b783c56b431db38e9de2dd5fdc42","time":1585813093000,"toUserId":1},{"fromUserId":462,"id":78,"messageContent":"1","messageType":0,"oid":"ea78b783c56b431db38e9de2dd5fdc42","time":1585813094000,"toUserId":1}] ===
2020-04-02 21:26:46,202 [INFO] (WebSocketController.java:118)- [WebSocket] 退出成功，当前连接人数为：=1 当前在线人： {462=lllr.test.breast.controller.websocket.WebSocketController@32fe491}
2020-04-02 21:26:50,672 [INFO] (WebSocketController.java:98)- [WebSocket] 连接成功，当前连接人数:1
2020-04-02 21:26:50,673 [DEBUG] (BaseJdbcLogger.java:143)- ==>  Preparing: select id, from_user_id, to_user_id, message_type, message_content, time,oid from wechat_message_item where from_user_id = ? and to_user_id = ? and oid = ? or from_user_id = ? and to_user_id = ? and oid = ? 
2020-04-02 21:26:50,673 [DEBUG] (BaseJdbcLogger.java:143)- ==> Parameters: 462(Integer), 1(Integer), 06117e7620fd44bdb02bb8e0562ff84d(String), 1(Integer), 462(Integer), 06117e7620fd44bdb02bb8e0562ff84d(String)
2020-04-02 21:26:50,722 [DEBUG] (BaseJdbcLogger.java:143)- <==      Total: 2
2020-04-02 21:26:50,722 [INFO] (WebSocketController.java:109)-  === 用户 462和用户 1的聊天记录：[WeChatMessageItem{id=79, fromUserId=462, toUserId=1, messageType=0, messageContent='2222', time=Thu Apr 02 15:38:14 CST 2020, oid='06117e7620fd44bdb02bb8e0562ff84d'}, WeChatMessageItem{id=80, fromUserId=1, toUserId=462, messageType=0, messageContent='333', time=Thu Apr 02 15:38:14 CST 2020, oid='06117e7620fd44bdb02bb8e0562ff84d'}]
2020-04-02 21:26:50,722 [DEBUG] (WebSocketController.java:215)- ===  用户消息成功 消息数据：[{"fromUserId":462,"id":79,"messageContent":"2222","messageType":0,"oid":"06117e7620fd44bdb02bb8e0562ff84d","time":1585813094000,"toUserId":1},{"fromUserId":1,"id":80,"messageContent":"333","messageType":0,"oid":"06117e7620fd44bdb02bb8e0562ff84d","time":1585813094000,"toUserId":462}] ===
2020-04-02 21:30:14,472 [INFO] (WebSocketController.java:118)- [WebSocket] 退出成功，当前连接人数为：=1 当前在线人： {462=lllr.test.breast.controller.websocket.WebSocketController@f616fb8}
