<<<<<<< HEAD
2020-03-06 16:07:22,840 [DEBUG] (BaseJdbcLogger.java:143)- ==> Parameters: c2155b289a134e59b825e8afc391b417(String)
2020-03-06 16:07:22,892 [DEBUG] (BaseJdbcLogger.java:143)- <==      Total: 1
2020-03-06 16:07:23,217 [DEBUG] (BaseJdbcLogger.java:143)- ==>  Preparing: select id, user_name, name, img_url, expert_in, imageText_cost, voice_cost, video_cost from doctor 
2020-03-06 16:07:23,219 [DEBUG] (BaseJdbcLogger.java:143)- ==> Parameters: 
2020-03-06 16:07:23,262 [DEBUG] (BaseJdbcLogger.java:143)- <==      Total: 7
2020-03-06 16:07:28,486 [INFO] (WebSocketController.java:92)- [WebSocket] 连接成功，当前连接人数:1
2020-03-06 16:07:28,488 [DEBUG] (BaseJdbcLogger.java:143)- ==>  Preparing: select id, from_user_id, to_user_id, message_type, message_content, time from wechat_message_item where from_user_id = ? and to_user_id = ? or from_user_id = ? and to_user_id = ? 
2020-03-06 16:07:28,489 [DEBUG] (BaseJdbcLogger.java:143)- ==> Parameters: 456(Integer), 1(Integer), 1(Integer), 456(Integer)
2020-03-06 16:07:28,549 [DEBUG] (BaseJdbcLogger.java:143)- <==      Total: 0
2020-03-06 16:07:28,550 [INFO] (WebSocketController.java:103)-  === 用户 456和用户 1的聊天记录：[]
2020-03-06 16:07:28,551 [DEBUG] (WebSocketController.java:209)- ===  用户消息成功 消息数据：[] ===
2020-03-06 16:08:42,285 [INFO] (WebSocketController.java:112)- [WebSocket] 退出成功，当前连接人数为：=0 当前在线人： {}
2020-03-06 16:08:43,538 [DEBUG] (BaseJdbcLogger.java:143)- ==>  Preparing: select user_id, age, credit_id, pregnant_type, pregnant_week, job, confinement_date, confinement_week, confinement_type, user_name, user_password, user_token from user where user_token = ? 
2020-03-06 16:08:43,539 [DEBUG] (BaseJdbcLogger.java:143)- ==> Parameters: c2155b289a134e59b825e8afc391b417(String)
2020-03-06 16:08:43,579 [DEBUG] (BaseJdbcLogger.java:143)- <==      Total: 1
2020-03-06 16:08:43,655 [DEBUG] (BaseJdbcLogger.java:143)- ==>  Preparing: select id, user_name, name, img_url, expert_in, imageText_cost, voice_cost, video_cost from doctor 
2020-03-06 16:08:43,657 [DEBUG] (BaseJdbcLogger.java:143)- ==> Parameters: 
2020-03-06 16:08:43,698 [DEBUG] (BaseJdbcLogger.java:143)- <==      Total: 7
2020-03-06 16:08:47,814 [INFO] (WebSocketController.java:92)- [WebSocket] 连接成功，当前连接人数:1
2020-03-06 16:08:47,814 [DEBUG] (BaseJdbcLogger.java:143)- ==>  Preparing: select id, from_user_id, to_user_id, message_type, message_content, time from wechat_message_item where from_user_id = ? and to_user_id = ? or from_user_id = ? and to_user_id = ? 
2020-03-06 16:08:47,815 [DEBUG] (BaseJdbcLogger.java:143)- ==> Parameters: 456(Integer), 1(Integer), 1(Integer), 456(Integer)
2020-03-06 16:08:47,860 [DEBUG] (BaseJdbcLogger.java:143)- <==      Total: 0
2020-03-06 16:08:47,861 [INFO] (WebSocketController.java:103)-  === 用户 456和用户 1的聊天记录：[]
2020-03-06 16:08:47,861 [DEBUG] (WebSocketController.java:209)- ===  用户消息成功 消息数据：[] ===
2020-03-06 16:10:02,555 [INFO] (WebSocketController.java:112)- [WebSocket] 退出成功，当前连接人数为：=0 当前在线人： {}
2020-03-06 16:10:04,615 [DEBUG] (BaseJdbcLogger.java:143)- ==>  Preparing: select user_id, age, credit_id, pregnant_type, pregnant_week, job, confinement_date, confinement_week, confinement_type, user_name, user_password, user_token from user where user_token = ? 
2020-03-06 16:10:04,615 [DEBUG] (BaseJdbcLogger.java:143)- ==> Parameters: c2155b289a134e59b825e8afc391b417(String)
2020-03-06 16:10:04,670 [DEBUG] (BaseJdbcLogger.java:143)- <==      Total: 1
2020-03-06 16:10:05,020 [DEBUG] (BaseJdbcLogger.java:143)- ==>  Preparing: select id, user_name, name, img_url, expert_in, imageText_cost, voice_cost, video_cost from doctor 
2020-03-06 16:10:05,021 [DEBUG] (BaseJdbcLogger.java:143)- ==> Parameters: 
2020-03-06 16:10:05,119 [DEBUG] (BaseJdbcLogger.java:143)- <==      Total: 7
2020-03-06 16:15:39,949 [DEBUG] (BaseJdbcLogger.java:143)- ==>  Preparing: select user_id, age, credit_id, pregnant_type, pregnant_week, job, confinement_date, confinement_week, confinement_type, user_name, user_password, user_token from user where user_token = ? 
2020-03-06 16:15:39,953 [DEBUG] (BaseJdbcLogger.java:143)- ==> Parameters: c2155b289a134e59b825e8afc391b417(String)
2020-03-06 16:15:39,998 [DEBUG] (BaseJdbcLogger.java:143)- <==      Total: 1
2020-03-06 16:15:39,999 [DEBUG] (BaseJdbcLogger.java:143)- ==>  Preparing: select id, user_name, name, img_url, expert_in, imageText_cost, voice_cost, video_cost from doctor 
2020-03-06 16:15:40,001 [DEBUG] (BaseJdbcLogger.java:143)- ==> Parameters: 
2020-03-06 16:15:40,046 [DEBUG] (BaseJdbcLogger.java:143)- <==      Total: 7
2020-03-06 16:15:43,490 [DEBUG] (BaseJdbcLogger.java:143)- ==>  Preparing: select user_id, age, credit_id, pregnant_type, pregnant_week, job, confinement_date, confinement_week, confinement_type, user_name, user_password, user_token from user where user_token = ? 
2020-03-06 16:15:43,491 [DEBUG] (BaseJdbcLogger.java:143)- ==> Parameters: c2155b289a134e59b825e8afc391b417(String)
2020-03-06 16:15:43,531 [DEBUG] (BaseJdbcLogger.java:143)- <==      Total: 1
2020-03-06 16:15:43,685 [DEBUG] (BaseJdbcLogger.java:143)- ==>  Preparing: select id, user_name, name, img_url, expert_in, imageText_cost, voice_cost, video_cost from doctor 
2020-03-06 16:15:43,686 [DEBUG] (BaseJdbcLogger.java:143)- ==> Parameters: 
2020-03-06 16:15:43,729 [DEBUG] (BaseJdbcLogger.java:143)- <==      Total: 7
2020-03-06 16:15:51,330 [INFO] (WebSocketController.java:92)- [WebSocket] 连接成功，当前连接人数:1
2020-03-06 16:15:51,331 [DEBUG] (BaseJdbcLogger.java:143)- ==>  Preparing: select id, from_user_id, to_user_id, message_type, message_content, time from wechat_message_item where from_user_id = ? and to_user_id = ? or from_user_id = ? and to_user_id = ? 
2020-03-06 16:15:51,332 [DEBUG] (BaseJdbcLogger.java:143)- ==> Parameters: 456(Integer), 1(Integer), 1(Integer), 456(Integer)
2020-03-06 16:15:51,370 [DEBUG] (BaseJdbcLogger.java:143)- <==      Total: 0
2020-03-06 16:15:51,370 [INFO] (WebSocketController.java:103)-  === 用户 456和用户 1的聊天记录：[]
2020-03-06 16:15:51,371 [DEBUG] (WebSocketController.java:209)- ===  用户消息成功 消息数据：[] ===
=======
2020-03-06 16:07:22,840 [DEBUG] (BaseJdbcLogger.java:143)- ==> Parameters: c2155b289a134e59b825e8afc391b417(String)
2020-03-06 16:07:22,892 [DEBUG] (BaseJdbcLogger.java:143)- <==      Total: 1
2020-03-06 16:07:23,217 [DEBUG] (BaseJdbcLogger.java:143)- ==>  Preparing: select id, user_name, name, img_url, expert_in, imageText_cost, voice_cost, video_cost from doctor 
2020-03-06 16:07:23,219 [DEBUG] (BaseJdbcLogger.java:143)- ==> Parameters: 
2020-03-06 16:07:23,262 [DEBUG] (BaseJdbcLogger.java:143)- <==      Total: 7
2020-03-06 16:07:28,486 [INFO] (WebSocketController.java:92)- [WebSocket] 连接成功，当前连接人数:1
2020-03-06 16:07:28,488 [DEBUG] (BaseJdbcLogger.java:143)- ==>  Preparing: select id, from_user_id, to_user_id, message_type, message_content, time from wechat_message_item where from_user_id = ? and to_user_id = ? or from_user_id = ? and to_user_id = ? 
2020-03-06 16:07:28,489 [DEBUG] (BaseJdbcLogger.java:143)- ==> Parameters: 456(Integer), 1(Integer), 1(Integer), 456(Integer)
2020-03-06 16:07:28,549 [DEBUG] (BaseJdbcLogger.java:143)- <==      Total: 0
2020-03-06 16:07:28,550 [INFO] (WebSocketController.java:103)-  === 用户 456和用户 1的聊天记录：[]
2020-03-06 16:07:28,551 [DEBUG] (WebSocketController.java:209)- ===  用户消息成功 消息数据：[] ===
2020-03-06 16:08:42,285 [INFO] (WebSocketController.java:112)- [WebSocket] 退出成功，当前连接人数为：=0 当前在线人： {}
2020-03-06 16:08:43,538 [DEBUG] (BaseJdbcLogger.java:143)- ==>  Preparing: select user_id, age, credit_id, pregnant_type, pregnant_week, job, confinement_date, confinement_week, confinement_type, user_name, user_password, user_token from user where user_token = ? 
2020-03-06 16:08:43,539 [DEBUG] (BaseJdbcLogger.java:143)- ==> Parameters: c2155b289a134e59b825e8afc391b417(String)
2020-03-06 16:08:43,579 [DEBUG] (BaseJdbcLogger.java:143)- <==      Total: 1
2020-03-06 16:08:43,655 [DEBUG] (BaseJdbcLogger.java:143)- ==>  Preparing: select id, user_name, name, img_url, expert_in, imageText_cost, voice_cost, video_cost from doctor 
2020-03-06 16:08:43,657 [DEBUG] (BaseJdbcLogger.java:143)- ==> Parameters: 
2020-03-06 16:08:43,698 [DEBUG] (BaseJdbcLogger.java:143)- <==      Total: 7
2020-03-06 16:08:47,814 [INFO] (WebSocketController.java:92)- [WebSocket] 连接成功，当前连接人数:1
2020-03-06 16:08:47,814 [DEBUG] (BaseJdbcLogger.java:143)- ==>  Preparing: select id, from_user_id, to_user_id, message_type, message_content, time from wechat_message_item where from_user_id = ? and to_user_id = ? or from_user_id = ? and to_user_id = ? 
2020-03-06 16:08:47,815 [DEBUG] (BaseJdbcLogger.java:143)- ==> Parameters: 456(Integer), 1(Integer), 1(Integer), 456(Integer)
2020-03-06 16:08:47,860 [DEBUG] (BaseJdbcLogger.java:143)- <==      Total: 0
2020-03-06 16:08:47,861 [INFO] (WebSocketController.java:103)-  === 用户 456和用户 1的聊天记录：[]
2020-03-06 16:08:47,861 [DEBUG] (WebSocketController.java:209)- ===  用户消息成功 消息数据：[] ===
2020-03-06 16:10:02,555 [INFO] (WebSocketController.java:112)- [WebSocket] 退出成功，当前连接人数为：=0 当前在线人： {}
2020-03-06 16:10:04,615 [DEBUG] (BaseJdbcLogger.java:143)- ==>  Preparing: select user_id, age, credit_id, pregnant_type, pregnant_week, job, confinement_date, confinement_week, confinement_type, user_name, user_password, user_token from user where user_token = ? 
2020-03-06 16:10:04,615 [DEBUG] (BaseJdbcLogger.java:143)- ==> Parameters: c2155b289a134e59b825e8afc391b417(String)
2020-03-06 16:10:04,670 [DEBUG] (BaseJdbcLogger.java:143)- <==      Total: 1
2020-03-06 16:10:05,020 [DEBUG] (BaseJdbcLogger.java:143)- ==>  Preparing: select id, user_name, name, img_url, expert_in, imageText_cost, voice_cost, video_cost from doctor 
2020-03-06 16:10:05,021 [DEBUG] (BaseJdbcLogger.java:143)- ==> Parameters: 
2020-03-06 16:10:05,119 [DEBUG] (BaseJdbcLogger.java:143)- <==      Total: 7
2020-03-06 16:15:39,949 [DEBUG] (BaseJdbcLogger.java:143)- ==>  Preparing: select user_id, age, credit_id, pregnant_type, pregnant_week, job, confinement_date, confinement_week, confinement_type, user_name, user_password, user_token from user where user_token = ? 
2020-03-06 16:15:39,953 [DEBUG] (BaseJdbcLogger.java:143)- ==> Parameters: c2155b289a134e59b825e8afc391b417(String)
2020-03-06 16:15:39,998 [DEBUG] (BaseJdbcLogger.java:143)- <==      Total: 1
2020-03-06 16:15:39,999 [DEBUG] (BaseJdbcLogger.java:143)- ==>  Preparing: select id, user_name, name, img_url, expert_in, imageText_cost, voice_cost, video_cost from doctor 
2020-03-06 16:15:40,001 [DEBUG] (BaseJdbcLogger.java:143)- ==> Parameters: 
2020-03-06 16:15:40,046 [DEBUG] (BaseJdbcLogger.java:143)- <==      Total: 7
2020-03-06 16:15:43,490 [DEBUG] (BaseJdbcLogger.java:143)- ==>  Preparing: select user_id, age, credit_id, pregnant_type, pregnant_week, job, confinement_date, confinement_week, confinement_type, user_name, user_password, user_token from user where user_token = ? 
2020-03-06 16:15:43,491 [DEBUG] (BaseJdbcLogger.java:143)- ==> Parameters: c2155b289a134e59b825e8afc391b417(String)
2020-03-06 16:15:43,531 [DEBUG] (BaseJdbcLogger.java:143)- <==      Total: 1
2020-03-06 16:15:43,685 [DEBUG] (BaseJdbcLogger.java:143)- ==>  Preparing: select id, user_name, name, img_url, expert_in, imageText_cost, voice_cost, video_cost from doctor 
2020-03-06 16:15:43,686 [DEBUG] (BaseJdbcLogger.java:143)- ==> Parameters: 
2020-03-06 16:15:43,729 [DEBUG] (BaseJdbcLogger.java:143)- <==      Total: 7
2020-03-06 16:15:51,330 [INFO] (WebSocketController.java:92)- [WebSocket] 连接成功，当前连接人数:1
2020-03-06 16:15:51,331 [DEBUG] (BaseJdbcLogger.java:143)- ==>  Preparing: select id, from_user_id, to_user_id, message_type, message_content, time from wechat_message_item where from_user_id = ? and to_user_id = ? or from_user_id = ? and to_user_id = ? 
2020-03-06 16:15:51,332 [DEBUG] (BaseJdbcLogger.java:143)- ==> Parameters: 456(Integer), 1(Integer), 1(Integer), 456(Integer)
2020-03-06 16:15:51,370 [DEBUG] (BaseJdbcLogger.java:143)- <==      Total: 0
2020-03-06 16:15:51,370 [INFO] (WebSocketController.java:103)-  === 用户 456和用户 1的聊天记录：[]
2020-03-06 16:15:51,371 [DEBUG] (WebSocketController.java:209)- ===  用户消息成功 消息数据：[] ===
>>>>>>> 5fea1af460d7b96725d7fab3b4dd3a4cb5400ac4
