<<<<<<< HEAD
2020-03-19 22:05:48,099 [DEBUG] (BaseJdbcLogger.java:143)- ==>  Preparing: select id, from_user_id, to_user_id, message_type, message_content, time,oid from wechat_message_item where from_user_id = ? and to_user_id = ? or from_user_id = ? and to_user_id = ? 
2020-03-19 22:05:48,105 [DEBUG] (BaseJdbcLogger.java:143)- ==> Parameters: 462(Integer), 1(Integer), 1(Integer), 462(Integer)
2020-03-19 22:05:48,194 [DEBUG] (BaseJdbcLogger.java:143)- <==      Total: 13
2020-03-19 22:05:48,195 [INFO] (WebSocketController.java:103)-  === 用户 462和用户 1的聊天记录：[WeChatMessageItem{id=1, fromUserId=1, toUserId=462, messageType=0, messageContent='小明很有力量', time=Sun Feb 09 22:16:46 CST 2020, oid='6742d3461985435b85fa18482d534224'}, WeChatMessageItem{id=2, fromUserId=1, toUserId=462, messageType=0, messageContent='一起奋斗出一片新天地', time=Sun Feb 09 22:16:47 CST 2020, oid='6742d3461985435b85fa18482d534224'}, WeChatMessageItem{id=37, fromUserId=1, toUserId=462, messageType=3, messageContent='[{"answerTemplate":"12465","consultId":1,"questionKey":"母乳喂养的好处"},{"answerTemplate":"fghgfd","consultId":5,"questionKey":"母乳喂养的正确姿势姿势"},{"answerTemplate":"534534","consultId":27,"questionKey":"乳头凹陷怎么办"}]', time=Wed Feb 12 11:16:32 CST 2020, oid='6742d3461985435b85fa18482d534224'}, WeChatMessageItem{id=41, fromUserId=462, toUserId=1, messageType=0, messageContent='ewfewfewfew', time=Mon Mar 09 15:33:29 CST 2020, oid='6742d3461985435b85fa18482d534224'}, WeChatMessageItem{id=42, fromUserId=462, toUserId=1, messageType=0, messageContent='dsgfgfg', time=Mon Mar 09 15:33:44 CST 2020, oid='6742d3461985435b85fa18482d534224'}, WeChatMessageItem{id=50, fromUserId=462, toUserId=1, messageType=0, messageContent='dfdsf', time=Thu Mar 12 10:06:30 CST 2020, oid='2130bf72344d4b9c82f1eb75ba56a6d2'}, WeChatMessageItem{id=51, fromUserId=462, toUserId=1, messageType=0, messageContent='1', time=Thu Mar 12 10:11:47 CST 2020, oid='4a154a9de6e849f2acb792a6cca6ce5b'}, WeChatMessageItem{id=52, fromUserId=462, toUserId=1, messageType=0, messageContent='1111', time=Thu Mar 12 10:32:44 CST 2020, oid='bda0a919ee4b434a8f6ea1e8f9b924e9'}, WeChatMessageItem{id=53, fromUserId=462, toUserId=1, messageType=0, messageContent='1111111', time=Thu Mar 12 10:36:28 CST 2020, oid='ccd7a4f78a1845e4845176a01fe11c11'}, WeChatMessageItem{id=54, fromUserId=462, toUserId=1, messageType=0, messageContent='edfd', time=Thu Mar 12 10:44:31 CST 2020, oid='4e1b617c70064961801f061141695391'}, WeChatMessageItem{id=55, fromUserId=462, toUserId=1, messageType=0, messageContent='fdsfdfdsfds', time=Thu Mar 12 21:08:03 CST 2020, oid='3d91328393984765a5939a5278dc80d9'}, WeChatMessageItem{id=56, fromUserId=462, toUserId=1, messageType=0, messageContent='sfsasdfsf', time=Thu Mar 12 21:08:10 CST 2020, oid='3d91328393984765a5939a5278dc80d9'}, WeChatMessageItem{id=57, fromUserId=462, toUserId=1, messageType=0, messageContent='sdfsfds', time=Thu Mar 12 21:11:54 CST 2020, oid='a19317bfee0c4ba287934134dcada610'}]
2020-03-19 22:05:48,196 [DEBUG] (WebSocketController.java:209)- ===  用户消息成功 消息数据：[{"fromUserId":1,"id":1,"messageContent":"小明很有力量","messageType":0,"oid":"6742d3461985435b85fa18482d534224","time":1581257806000,"toUserId":462},{"fromUserId":1,"id":2,"messageContent":"一起奋斗出一片新天地","messageType":0,"oid":"6742d3461985435b85fa18482d534224","time":1581257807000,"toUserId":462},{"fromUserId":1,"id":37,"messageContent":"[{\"answerTemplate\":\"12465\",\"consultId\":1,\"questionKey\":\"母乳喂养的好处\"},{\"answerTemplate\":\"fghgfd\",\"consultId\":5,\"questionKey\":\"母乳喂养的正确姿势姿势\"},{\"answerTemplate\":\"534534\",\"consultId\":27,\"questionKey\":\"乳头凹陷怎么办\"}]","messageType":3,"oid":"6742d3461985435b85fa18482d534224","time":1581477392000,"toUserId":462},{"fromUserId":462,"id":41,"messageContent":"ewfewfewfew","messageType":0,"oid":"6742d3461985435b85fa18482d534224","time":1583739209000,"toUserId":1},{"fromUserId":462,"id":42,"messageContent":"dsgfgfg","messageType":0,"oid":"6742d3461985435b85fa18482d534224","time":1583739224000,"toUserId":1},{"fromUserId":462,"id":50,"messageContent":"dfdsf","messageType":0,"oid":"2130bf72344d4b9c82f1eb75ba56a6d2","time":1583978790000,"toUserId":1},{"fromUserId":462,"id":51,"messageContent":"1","messageType":0,"oid":"4a154a9de6e849f2acb792a6cca6ce5b","time":1583979107000,"toUserId":1},{"fromUserId":462,"id":52,"messageContent":"1111","messageType":0,"oid":"bda0a919ee4b434a8f6ea1e8f9b924e9","time":1583980364000,"toUserId":1},{"fromUserId":462,"id":53,"messageContent":"1111111","messageType":0,"oid":"ccd7a4f78a1845e4845176a01fe11c11","time":1583980588000,"toUserId":1},{"fromUserId":462,"id":54,"messageContent":"edfd","messageType":0,"oid":"4e1b617c70064961801f061141695391","time":1583981071000,"toUserId":1},{"fromUserId":462,"id":55,"messageContent":"fdsfdfdsfds","messageType":0,"oid":"3d91328393984765a5939a5278dc80d9","time":1584018483000,"toUserId":1},{"fromUserId":462,"id":56,"messageContent":"sfsasdfsf","messageType":0,"oid":"3d91328393984765a5939a5278dc80d9","time":1584018490000,"toUserId":1},{"fromUserId":462,"id":57,"messageContent":"sdfsfds","messageType":0,"oid":"a19317bfee0c4ba287934134dcada610","time":1584018714000,"toUserId":1}] ===
2020-03-19 22:08:58,940 [INFO] (WebSocketController.java:112)- [WebSocket] 退出成功，当前连接人数为：=0 当前在线人： {}
2020-03-19 22:09:00,437 [DEBUG] (BaseJdbcLogger.java:143)- ==>  Preparing: select user_id, age, credit_id, pregnant_type, pregnant_week, job, confinement_date, confinement_week, confinement_type, user_name, user_password, user_token, open_id from user where user_token = ? 
2020-03-19 22:09:00,437 [DEBUG] (BaseJdbcLogger.java:143)- ==> Parameters: 885b3afcf63444fb8437eced031bb9a2(String)
2020-03-19 22:09:00,513 [DEBUG] (BaseJdbcLogger.java:143)- <==      Total: 1
2020-03-19 22:09:00,518 [DEBUG] (BaseJdbcLogger.java:143)- ==>  Preparing: select id, user_name, name, img_url, expert_in, imageText_cost, voice_cost, video_cost,open_id from doctor 
2020-03-19 22:09:00,518 [DEBUG] (BaseJdbcLogger.java:143)- ==> Parameters: 
2020-03-19 22:09:00,520 [DEBUG] (BaseJdbcLogger.java:143)- ==>  Preparing: select id, user_name, name, img_url, expert_in, imageText_cost, voice_cost, video_cost,open_id from doctor 
2020-03-19 22:09:00,520 [DEBUG] (BaseJdbcLogger.java:143)- ==> Parameters: 
2020-03-19 22:09:00,592 [DEBUG] (BaseJdbcLogger.java:143)- <==      Total: 11
2020-03-19 22:09:00,609 [DEBUG] (BaseJdbcLogger.java:143)- <==      Total: 11
2020-03-19 22:09:06,764 [INFO] (ConsultOrderController.java:71)- === AddConsultOrder:ConsultOrder{id=null, doctorId=1, userId=462, createTime=Thu Mar 19 22:09:06 CST 2020, lastingTime=86400000, contact='', contactPhone='ewr', symptomDescription='rewr', user=null, doctor=null, consultCost=5, status=null, oid='81e407e89f3c47ab8399e420944f8256', userOpenId='oby6g4gzlRYKAZKmINMKVC-Z12hY', doctorOpenId='oby6g4gzlRYKAZKmINMKVC-Z12hY', imgUrls=''} ===
2020-03-19 22:09:06,765 [DEBUG] (BaseJdbcLogger.java:143)- ==>  Preparing: insert into consult_order (id, doctor_id, user_id, create_time, lasting_time, contact, contact_phone, symptom_description,consult_cost,status,oid,user_open_id,doctor_open_id,img_urls ) values (?, ?, ?, ?, ?, ?, ?, ?, ?,?,?, ?,?,? ) 
2020-03-19 22:09:06,766 [DEBUG] (BaseJdbcLogger.java:143)- ==> Parameters: null, 1(Integer), 462(Integer), 2020-03-19 22:09:06.0(Timestamp), 86400000(Integer), (String), ewr(String), rewr(String), 5(Integer), null, 81e407e89f3c47ab8399e420944f8256(String), oby6g4gzlRYKAZKmINMKVC-Z12hY(String), oby6g4gzlRYKAZKmINMKVC-Z12hY(String), (String)
2020-03-19 22:09:07,071 [DEBUG] (BaseJdbcLogger.java:143)- <==    Updates: 1
2020-03-19 22:09:07,412 [INFO] (WebSocketController.java:92)- [WebSocket] 连接成功，当前连接人数:1
2020-03-19 22:09:07,413 [DEBUG] (BaseJdbcLogger.java:143)- ==>  Preparing: select id, from_user_id, to_user_id, message_type, message_content, time,oid from wechat_message_item where from_user_id = ? and to_user_id = ? or from_user_id = ? and to_user_id = ? 
2020-03-19 22:09:07,413 [DEBUG] (BaseJdbcLogger.java:143)- ==> Parameters: 462(Integer), 1(Integer), 1(Integer), 462(Integer)
2020-03-19 22:09:07,513 [DEBUG] (BaseJdbcLogger.java:143)- <==      Total: 13
2020-03-19 22:09:07,513 [INFO] (WebSocketController.java:103)-  === 用户 462和用户 1的聊天记录：[WeChatMessageItem{id=1, fromUserId=1, toUserId=462, messageType=0, messageContent='小明很有力量', time=Sun Feb 09 22:16:46 CST 2020, oid='6742d3461985435b85fa18482d534224'}, WeChatMessageItem{id=2, fromUserId=1, toUserId=462, messageType=0, messageContent='一起奋斗出一片新天地', time=Sun Feb 09 22:16:47 CST 2020, oid='6742d3461985435b85fa18482d534224'}, WeChatMessageItem{id=37, fromUserId=1, toUserId=462, messageType=3, messageContent='[{"answerTemplate":"12465","consultId":1,"questionKey":"母乳喂养的好处"},{"answerTemplate":"fghgfd","consultId":5,"questionKey":"母乳喂养的正确姿势姿势"},{"answerTemplate":"534534","consultId":27,"questionKey":"乳头凹陷怎么办"}]', time=Wed Feb 12 11:16:32 CST 2020, oid='6742d3461985435b85fa18482d534224'}, WeChatMessageItem{id=41, fromUserId=462, toUserId=1, messageType=0, messageContent='ewfewfewfew', time=Mon Mar 09 15:33:29 CST 2020, oid='6742d3461985435b85fa18482d534224'}, WeChatMessageItem{id=42, fromUserId=462, toUserId=1, messageType=0, messageContent='dsgfgfg', time=Mon Mar 09 15:33:44 CST 2020, oid='6742d3461985435b85fa18482d534224'}, WeChatMessageItem{id=50, fromUserId=462, toUserId=1, messageType=0, messageContent='dfdsf', time=Thu Mar 12 10:06:30 CST 2020, oid='2130bf72344d4b9c82f1eb75ba56a6d2'}, WeChatMessageItem{id=51, fromUserId=462, toUserId=1, messageType=0, messageContent='1', time=Thu Mar 12 10:11:47 CST 2020, oid='4a154a9de6e849f2acb792a6cca6ce5b'}, WeChatMessageItem{id=52, fromUserId=462, toUserId=1, messageType=0, messageContent='1111', time=Thu Mar 12 10:32:44 CST 2020, oid='bda0a919ee4b434a8f6ea1e8f9b924e9'}, WeChatMessageItem{id=53, fromUserId=462, toUserId=1, messageType=0, messageContent='1111111', time=Thu Mar 12 10:36:28 CST 2020, oid='ccd7a4f78a1845e4845176a01fe11c11'}, WeChatMessageItem{id=54, fromUserId=462, toUserId=1, messageType=0, messageContent='edfd', time=Thu Mar 12 10:44:31 CST 2020, oid='4e1b617c70064961801f061141695391'}, WeChatMessageItem{id=55, fromUserId=462, toUserId=1, messageType=0, messageContent='fdsfdfdsfds', time=Thu Mar 12 21:08:03 CST 2020, oid='3d91328393984765a5939a5278dc80d9'}, WeChatMessageItem{id=56, fromUserId=462, toUserId=1, messageType=0, messageContent='sfsasdfsf', time=Thu Mar 12 21:08:10 CST 2020, oid='3d91328393984765a5939a5278dc80d9'}, WeChatMessageItem{id=57, fromUserId=462, toUserId=1, messageType=0, messageContent='sdfsfds', time=Thu Mar 12 21:11:54 CST 2020, oid='a19317bfee0c4ba287934134dcada610'}]
2020-03-19 22:09:07,514 [DEBUG] (WebSocketController.java:209)- ===  用户消息成功 消息数据：[{"fromUserId":1,"id":1,"messageContent":"小明很有力量","messageType":0,"oid":"6742d3461985435b85fa18482d534224","time":1581257806000,"toUserId":462},{"fromUserId":1,"id":2,"messageContent":"一起奋斗出一片新天地","messageType":0,"oid":"6742d3461985435b85fa18482d534224","time":1581257807000,"toUserId":462},{"fromUserId":1,"id":37,"messageContent":"[{\"answerTemplate\":\"12465\",\"consultId\":1,\"questionKey\":\"母乳喂养的好处\"},{\"answerTemplate\":\"fghgfd\",\"consultId\":5,\"questionKey\":\"母乳喂养的正确姿势姿势\"},{\"answerTemplate\":\"534534\",\"consultId\":27,\"questionKey\":\"乳头凹陷怎么办\"}]","messageType":3,"oid":"6742d3461985435b85fa18482d534224","time":1581477392000,"toUserId":462},{"fromUserId":462,"id":41,"messageContent":"ewfewfewfew","messageType":0,"oid":"6742d3461985435b85fa18482d534224","time":1583739209000,"toUserId":1},{"fromUserId":462,"id":42,"messageContent":"dsgfgfg","messageType":0,"oid":"6742d3461985435b85fa18482d534224","time":1583739224000,"toUserId":1},{"fromUserId":462,"id":50,"messageContent":"dfdsf","messageType":0,"oid":"2130bf72344d4b9c82f1eb75ba56a6d2","time":1583978790000,"toUserId":1},{"fromUserId":462,"id":51,"messageContent":"1","messageType":0,"oid":"4a154a9de6e849f2acb792a6cca6ce5b","time":1583979107000,"toUserId":1},{"fromUserId":462,"id":52,"messageContent":"1111","messageType":0,"oid":"bda0a919ee4b434a8f6ea1e8f9b924e9","time":1583980364000,"toUserId":1},{"fromUserId":462,"id":53,"messageContent":"1111111","messageType":0,"oid":"ccd7a4f78a1845e4845176a01fe11c11","time":1583980588000,"toUserId":1},{"fromUserId":462,"id":54,"messageContent":"edfd","messageType":0,"oid":"4e1b617c70064961801f061141695391","time":1583981071000,"toUserId":1},{"fromUserId":462,"id":55,"messageContent":"fdsfdfdsfds","messageType":0,"oid":"3d91328393984765a5939a5278dc80d9","time":1584018483000,"toUserId":1},{"fromUserId":462,"id":56,"messageContent":"sfsasdfsf","messageType":0,"oid":"3d91328393984765a5939a5278dc80d9","time":1584018490000,"toUserId":1},{"fromUserId":462,"id":57,"messageContent":"sdfsfds","messageType":0,"oid":"a19317bfee0c4ba287934134dcada610","time":1584018714000,"toUserId":1}] ===
2020-03-19 22:09:23,803 [INFO] (WebSocketController.java:137)- [WebSocket] 收到消息：{"fromUserId":462,"toUserId":"1","messageType":0,"messageContent":"terte","time":"2020-03-19 22:09:23","oid":"81e407e89f3c47ab8399e420944f8256"}
2020-03-19 22:09:23,803 [DEBUG] (BaseJdbcLogger.java:143)- ==>  Preparing: insert into wechat_message_item (id, from_user_id, to_user_id, message_type, message_content, time,oid ) values (?, ?, ?, ?, ?, ?, ? ) 
2020-03-19 22:09:23,804 [DEBUG] (BaseJdbcLogger.java:143)- ==> Parameters: null, 462(Integer), 1(Integer), 0(Integer), terte(String), 2020-03-19 22:09:23.0(Timestamp), 81e407e89f3c47ab8399e420944f8256(String)
2020-03-19 22:09:24,071 [DEBUG] (BaseJdbcLogger.java:143)- <==    Updates: 1
2020-03-19 22:09:24,077 [DEBUG] (WebSocketController.java:209)- ===  用户消息成功 消息数据：{"msg":"成功发送!","status":1} ===
2020-03-19 22:10:36,293 [INFO] (WebSocketController.java:112)- [WebSocket] 退出成功，当前连接人数为：=0 当前在线人： {}
=======
2020-03-17 15:18:56,716 [INFO] (StartupInfoLogger.java:50)- Starting BreastApplication on LAPTOP-SKN1FD88 with PID 2236 (started by 12284 in F:\Ajava\A母乳喂养项目\breastfeed\server\bfbackend)
2020-03-17 15:18:56,742 [DEBUG] (StartupInfoLogger.java:53)- Running with Spring Boot v2.1.9.RELEASE, Spring v5.1.10.RELEASE
2020-03-17 15:18:56,742 [INFO] (SpringApplication.java:648)- No active profile set, falling back to default profiles: default
2020-03-17 15:19:03,872 [INFO] (StartupInfoLogger.java:59)- Started BreastApplication in 8.296 seconds (JVM running for 13.843)
2020-03-17 15:19:24,672 [DEBUG] (BaseJdbcLogger.java:143)- ==>  Preparing: select id, t_title, img_url, content from test 
2020-03-17 15:19:24,731 [DEBUG] (BaseJdbcLogger.java:143)- ==> Parameters: 
2020-03-17 15:19:24,838 [DEBUG] (BaseJdbcLogger.java:143)- <==      Total: 2
2020-03-17 15:19:29,740 [DEBUG] (BaseJdbcLogger.java:143)- ==>  Preparing: select id, title, audioURL, category, cover_url from audio 
2020-03-17 15:19:29,741 [DEBUG] (BaseJdbcLogger.java:143)- ==> Parameters: 
2020-03-17 15:19:29,801 [DEBUG] (BaseJdbcLogger.java:143)- <==      Total: 6
2020-03-17 15:19:29,804 [DEBUG] (BaseJdbcLogger.java:143)- ==>  Preparing: select id, title, vedioURL, cover_url, category, description from vedio 
2020-03-17 15:19:29,806 [DEBUG] (BaseJdbcLogger.java:143)- ==> Parameters: 
2020-03-17 15:19:29,877 [DEBUG] (BaseJdbcLogger.java:143)- <==      Total: 9
2020-03-17 15:19:30,023 [DEBUG] (BaseJdbcLogger.java:143)- ==>  Preparing: select id, title, description, img_url, category from article 
2020-03-17 15:19:30,029 [DEBUG] (BaseJdbcLogger.java:143)- ==> Parameters: 
2020-03-17 15:19:30,092 [DEBUG] (BaseJdbcLogger.java:143)- <==      Total: 20
2020-03-17 15:19:30,215 [INFO] (ArticleController.java:66)- 母乳喂养的好处
2020-03-17 15:19:34,637 [DEBUG] (BaseJdbcLogger.java:143)- ==>  Preparing: select id, user_name, name, img_url, expert_in, imageText_cost, voice_cost, video_cost,open_id from doctor 
2020-03-17 15:19:34,637 [DEBUG] (BaseJdbcLogger.java:143)- ==>  Preparing: select id, user_name, name, img_url, expert_in, imageText_cost, voice_cost, video_cost,open_id from doctor 
2020-03-17 15:19:34,639 [DEBUG] (BaseJdbcLogger.java:143)- ==> Parameters: 
2020-03-17 15:19:34,639 [DEBUG] (BaseJdbcLogger.java:143)- ==> Parameters: 
2020-03-17 15:19:34,705 [DEBUG] (BaseJdbcLogger.java:143)- <==      Total: 11
2020-03-17 15:19:34,706 [DEBUG] (BaseJdbcLogger.java:143)- <==      Total: 11
2020-03-17 16:29:19,260 [DEBUG] (BaseJdbcLogger.java:143)- ==>  Preparing: select id, title, description, img_url, category , content from article where id = ? 
2020-03-17 16:29:19,369 [DEBUG] (BaseJdbcLogger.java:143)- ==> Parameters: 1(Integer)
2020-03-17 16:29:19,454 [DEBUG] (BaseJdbcLogger.java:143)- <==      Total: 1
2020-03-17 16:29:19,455 [DEBUG] (BaseJdbcLogger.java:143)- ==>  Preparing: select id, title, description, img_url, category , content from article where id = ? 
2020-03-17 16:29:19,456 [DEBUG] (BaseJdbcLogger.java:143)- ==> Parameters: 108(Integer)
2020-03-17 16:29:19,497 [DEBUG] (BaseJdbcLogger.java:143)- <==      Total: 1
2020-03-17 16:29:37,069 [DEBUG] (BaseJdbcLogger.java:143)- ==>  Preparing: select id, title, description, img_url, category , content from article where id = ? 
2020-03-17 16:29:37,070 [DEBUG] (BaseJdbcLogger.java:143)- ==> Parameters: 108(Integer)
2020-03-17 16:29:37,120 [DEBUG] (BaseJdbcLogger.java:143)- <==      Total: 1
2020-03-17 16:37:01,636 [DEBUG] (BaseJdbcLogger.java:143)- ==>  Preparing: select id, title, description, img_url, category , content from article where id = ? 
2020-03-17 16:37:01,636 [DEBUG] (BaseJdbcLogger.java:143)- ==> Parameters: 108(Integer)
2020-03-17 16:37:01,689 [DEBUG] (BaseJdbcLogger.java:143)- <==      Total: 1
2020-03-17 16:42:15,654 [DEBUG] (BaseJdbcLogger.java:143)- ==>  Preparing: select id, title, description, img_url, category , content from article where id = ? 
2020-03-17 16:42:15,658 [DEBUG] (BaseJdbcLogger.java:143)- ==> Parameters: 108(Integer)
2020-03-17 16:42:15,814 [DEBUG] (BaseJdbcLogger.java:143)- <==      Total: 1
2020-03-17 16:45:13,191 [DEBUG] (BaseJdbcLogger.java:143)- ==>  Preparing: select id, title, description, img_url, category , content from article where id = ? 
2020-03-17 16:45:13,192 [DEBUG] (BaseJdbcLogger.java:143)- ==> Parameters: 108(Integer)
2020-03-17 16:45:13,243 [DEBUG] (BaseJdbcLogger.java:143)- <==      Total: 1
2020-03-17 17:29:17,075 [DEBUG] (BaseJdbcLogger.java:143)- ==>  Preparing: select id, title, audioURL, category, cover_url from audio 
2020-03-17 17:29:17,115 [DEBUG] (BaseJdbcLogger.java:143)- ==> Parameters: 
2020-03-17 17:29:17,204 [DEBUG] (BaseJdbcLogger.java:143)- <==      Total: 6
2020-03-17 17:29:17,206 [DEBUG] (BaseJdbcLogger.java:143)- ==>  Preparing: select id, title, vedioURL, cover_url, category, description from vedio 
2020-03-17 17:29:17,207 [DEBUG] (BaseJdbcLogger.java:143)- ==> Parameters: 
2020-03-17 17:29:17,287 [DEBUG] (BaseJdbcLogger.java:143)- <==      Total: 9
2020-03-17 17:29:26,180 [DEBUG] (BaseJdbcLogger.java:143)- ==>  Preparing: select id, user_name, name, img_url, expert_in, imageText_cost, voice_cost, video_cost,open_id from doctor 
2020-03-17 17:29:26,181 [DEBUG] (BaseJdbcLogger.java:143)- ==> Parameters: 
2020-03-17 17:29:26,254 [DEBUG] (BaseJdbcLogger.java:143)- ==>  Preparing: select id, user_name, name, img_url, expert_in, imageText_cost, voice_cost, video_cost,open_id from doctor 
2020-03-17 17:29:26,274 [DEBUG] (BaseJdbcLogger.java:143)- ==> Parameters: 
2020-03-17 17:29:27,023 [DEBUG] (BaseJdbcLogger.java:143)- <==      Total: 11
2020-03-17 17:29:27,024 [DEBUG] (BaseJdbcLogger.java:143)- <==      Total: 11
2020-03-17 17:29:30,238 [DEBUG] (BaseJdbcLogger.java:143)- ==>  Preparing: select id, t_title, img_url, content from test 
2020-03-17 17:29:30,241 [DEBUG] (BaseJdbcLogger.java:143)- ==> Parameters: 
2020-03-17 17:29:30,318 [DEBUG] (BaseJdbcLogger.java:143)- <==      Total: 2
2020-03-17 17:29:33,275 [DEBUG] (BaseJdbcLogger.java:143)- ==>  Preparing: select q_id, t_id, q_type, q_content, q_opstions from question where t_id = ? 
2020-03-17 17:29:33,278 [DEBUG] (BaseJdbcLogger.java:143)- ==> Parameters: 1(Integer)
2020-03-17 17:29:33,380 [DEBUG] (BaseJdbcLogger.java:143)- <==      Total: 5
2020-03-17 17:29:37,293 [DEBUG] (BaseJdbcLogger.java:143)- ==>  Preparing: insert into uanswer (id, user_id, t_id, answers) values (?, ?, ?, ?) 
2020-03-17 17:29:37,374 [DEBUG] (BaseJdbcLogger.java:143)- ==> Parameters: null, -1(Integer), 1(Integer), 母亲放松，觉得舒适|婴儿身体贴近母亲，面向乳房|(String)
2020-03-17 17:29:37,556 [DEBUG] (BaseJdbcLogger.java:143)- <==    Updates: 1
2020-03-17 17:29:39,421 [DEBUG] (BaseJdbcLogger.java:143)- ==>  Preparing: insert into uanswer (id, user_id, t_id, answers) values (?, ?, ?, ?) 
2020-03-17 17:29:39,424 [DEBUG] (BaseJdbcLogger.java:143)- ==> Parameters: null, -1(Integer), 1(Integer), 婴儿在乳房部位很安静，很机敏|婴儿含接乳房|(String)
2020-03-17 17:29:39,519 [DEBUG] (BaseJdbcLogger.java:143)- <==    Updates: 1
2020-03-17 17:29:41,903 [DEBUG] (BaseJdbcLogger.java:143)- ==>  Preparing: insert into uanswer (id, user_id, t_id, answers) values (?, ?, ?, ?) 
2020-03-17 17:29:41,905 [DEBUG] (BaseJdbcLogger.java:143)- ==> Parameters: null, -1(Integer), 1(Integer), 紧张或无力地抱着婴儿|无母婴目光的接触|(String)
2020-03-17 17:29:41,995 [DEBUG] (BaseJdbcLogger.java:143)- <==    Updates: 1
2020-03-17 17:29:44,121 [DEBUG] (BaseJdbcLogger.java:143)- ==>  Preparing: insert into uanswer (id, user_id, t_id, answers) values (?, ?, ?, ?) 
2020-03-17 17:29:44,123 [DEBUG] (BaseJdbcLogger.java:143)- ==> Parameters: null, -1(Integer), 1(Integer), 乳房肿胀|乳头扁平或凹陷|(String)
2020-03-17 17:29:44,204 [DEBUG] (BaseJdbcLogger.java:143)- <==    Updates: 1
2020-03-17 17:29:46,950 [DEBUG] (BaseJdbcLogger.java:143)- ==>  Preparing: select user_id, score from score where user_id = ? 
2020-03-17 17:29:46,982 [DEBUG] (BaseJdbcLogger.java:143)- ==> Parameters: -1(Integer)
2020-03-17 17:29:47,026 [DEBUG] (BaseJdbcLogger.java:143)- <==      Total: 0
>>>>>>> 53146c62afe7a371e8595773e06e84e87d7d197b
2020-03-19 22:19:29,134 [INFO] (StartupInfoLogger.java:50)- Starting BreastApplication on LAPTOP-562395R3 with PID 16144 (started by 爱哭的周小姐 in D:\软件应用\java IDE\IntelliJ IDEA 2019.1\项目\breastfeed\新建文件夹\server\bfbackend)
2020-03-19 22:19:29,144 [DEBUG] (StartupInfoLogger.java:53)- Running with Spring Boot v2.1.9.RELEASE, Spring v5.1.10.RELEASE
2020-03-19 22:19:29,144 [INFO] (SpringApplication.java:648)- No active profile set, falling back to default profiles: default
2020-03-19 22:19:31,869 [INFO] (StartupInfoLogger.java:59)- Started BreastApplication in 4.203 seconds (JVM running for 6.292)
2020-03-19 22:19:42,311 [DEBUG] (BaseJdbcLogger.java:143)- ==>  Preparing: select user_id, age, credit_id, pregnant_type, pregnant_week, job, confinement_date, confinement_week, confinement_type, user_name, user_password, user_token, open_id from user where user_token = ? 
2020-03-19 22:19:42,341 [DEBUG] (BaseJdbcLogger.java:143)- ==> Parameters: 885b3afcf63444fb8437eced031bb9a2(String)
2020-03-19 22:19:42,508 [DEBUG] (BaseJdbcLogger.java:143)- <==      Total: 1
2020-03-19 22:19:42,511 [DEBUG] (BaseJdbcLogger.java:143)- ==>  Preparing: select id, title, audioURL, category, cover_url from audio 
2020-03-19 22:19:42,512 [DEBUG] (BaseJdbcLogger.java:143)- ==> Parameters: 
2020-03-19 22:19:42,598 [DEBUG] (BaseJdbcLogger.java:143)- <==      Total: 6
2020-03-19 22:19:42,599 [DEBUG] (BaseJdbcLogger.java:143)- ==>  Preparing: select id, title, vedioURL, cover_url, category, description from vedio 
2020-03-19 22:19:42,600 [DEBUG] (BaseJdbcLogger.java:143)- ==> Parameters: 
2020-03-19 22:19:42,687 [DEBUG] (BaseJdbcLogger.java:143)- <==      Total: 9
2020-03-19 22:19:42,688 [DEBUG] (BaseJdbcLogger.java:143)- ==>  Preparing: select id, title, description, img_url, category from article 
2020-03-19 22:19:42,688 [DEBUG] (BaseJdbcLogger.java:143)- ==> Parameters: 
2020-03-19 22:19:42,766 [DEBUG] (BaseJdbcLogger.java:143)- <==      Total: 20
2020-03-19 22:19:42,925 [INFO] (ArticleController.java:66)- 母乳喂养的好处
2020-03-19 22:20:10,066 [DEBUG] (BaseJdbcLogger.java:143)- ==>  Preparing: select user_id, age, credit_id, pregnant_type, pregnant_week, job, confinement_date, confinement_week, confinement_type, user_name, user_password, user_token, open_id from user where user_token = ? 
2020-03-19 22:20:10,067 [DEBUG] (BaseJdbcLogger.java:143)- ==> Parameters: 885b3afcf63444fb8437eced031bb9a2(String)
2020-03-19 22:20:10,157 [DEBUG] (BaseJdbcLogger.java:143)- <==      Total: 1
2020-03-19 22:20:11,785 [DEBUG] (BaseJdbcLogger.java:143)- ==>  Preparing: select id, title, audioURL, category, cover_url from audio 
2020-03-19 22:20:11,786 [DEBUG] (BaseJdbcLogger.java:143)- ==> Parameters: 
2020-03-19 22:20:11,787 [DEBUG] (BaseJdbcLogger.java:143)- ==>  Preparing: select id, title, vedioURL, cover_url, category, description from vedio 
2020-03-19 22:20:11,787 [DEBUG] (BaseJdbcLogger.java:143)- ==> Parameters: 
2020-03-19 22:20:11,958 [DEBUG] (BaseJdbcLogger.java:143)- <==      Total: 6
2020-03-19 22:20:11,959 [DEBUG] (BaseJdbcLogger.java:143)- <==      Total: 9
2020-03-19 22:20:15,469 [DEBUG] (BaseJdbcLogger.java:143)- ==>  Preparing: select id, user_name, name, img_url, expert_in, imageText_cost, voice_cost, video_cost,open_id from doctor 
2020-03-19 22:20:15,469 [DEBUG] (BaseJdbcLogger.java:143)- ==> Parameters: 
2020-03-19 22:20:15,472 [DEBUG] (BaseJdbcLogger.java:143)- ==>  Preparing: select id, user_name, name, img_url, expert_in, imageText_cost, voice_cost, video_cost,open_id from doctor 
2020-03-19 22:20:15,473 [DEBUG] (BaseJdbcLogger.java:143)- ==> Parameters: 
2020-03-19 22:20:15,579 [DEBUG] (BaseJdbcLogger.java:143)- <==      Total: 11
2020-03-19 22:20:15,581 [DEBUG] (BaseJdbcLogger.java:143)- <==      Total: 11
2020-03-19 22:20:20,429 [INFO] (ConsultOrderController.java:71)- === AddConsultOrder:ConsultOrder{id=null, doctorId=1, userId=462, createTime=Thu Mar 19 22:20:20 CST 2020, lastingTime=86400000, contact='', contactPhone='324', symptomDescription='34324', user=null, doctor=null, consultCost=5, status=null, oid='497203cfca494c62a75d265bd846d384', userOpenId='oby6g4gzlRYKAZKmINMKVC-Z12hY', doctorOpenId='oby6g4gzlRYKAZKmINMKVC-Z12hY', imgUrls=''} ===
2020-03-19 22:20:20,430 [DEBUG] (BaseJdbcLogger.java:143)- ==>  Preparing: insert into consult_order (id, doctor_id, user_id, create_time, lasting_time, contact, contact_phone, symptom_description,consult_cost,status,oid,user_open_id,doctor_open_id,img_urls ) values (?, ?, ?, ?, ?, ?, ?, ?, ?,?,?, ?,?,? ) 
2020-03-19 22:20:20,432 [DEBUG] (BaseJdbcLogger.java:143)- ==> Parameters: null, 1(Integer), 462(Integer), 2020-03-19 22:20:20.0(Timestamp), 86400000(Integer), (String), 324(String), 34324(String), 5(Integer), null, 497203cfca494c62a75d265bd846d384(String), oby6g4gzlRYKAZKmINMKVC-Z12hY(String), oby6g4gzlRYKAZKmINMKVC-Z12hY(String), (String)
2020-03-19 22:20:20,699 [DEBUG] (BaseJdbcLogger.java:143)- <==    Updates: 1
2020-03-19 22:20:21,048 [INFO] (WebSocketController.java:92)- [WebSocket] 连接成功，当前连接人数:1
2020-03-19 22:20:21,050 [DEBUG] (BaseJdbcLogger.java:143)- ==>  Preparing: select id, from_user_id, to_user_id, message_type, message_content, time,oid from wechat_message_item where from_user_id = ? and to_user_id = ? or from_user_id = ? and to_user_id = ? 
2020-03-19 22:20:21,051 [DEBUG] (BaseJdbcLogger.java:143)- ==> Parameters: 462(Integer), 1(Integer), 1(Integer), 462(Integer)
2020-03-19 22:20:21,140 [DEBUG] (BaseJdbcLogger.java:143)- <==      Total: 14
2020-03-19 22:20:21,141 [INFO] (WebSocketController.java:103)-  === 用户 462和用户 1的聊天记录：[WeChatMessageItem{id=1, fromUserId=1, toUserId=462, messageType=0, messageContent='小明很有力量', time=Sun Feb 09 22:16:46 CST 2020, oid='6742d3461985435b85fa18482d534224'}, WeChatMessageItem{id=2, fromUserId=1, toUserId=462, messageType=0, messageContent='一起奋斗出一片新天地', time=Sun Feb 09 22:16:47 CST 2020, oid='6742d3461985435b85fa18482d534224'}, WeChatMessageItem{id=37, fromUserId=1, toUserId=462, messageType=3, messageContent='[{"answerTemplate":"12465","consultId":1,"questionKey":"母乳喂养的好处"},{"answerTemplate":"fghgfd","consultId":5,"questionKey":"母乳喂养的正确姿势姿势"},{"answerTemplate":"534534","consultId":27,"questionKey":"乳头凹陷怎么办"}]', time=Wed Feb 12 11:16:32 CST 2020, oid='6742d3461985435b85fa18482d534224'}, WeChatMessageItem{id=41, fromUserId=462, toUserId=1, messageType=0, messageContent='ewfewfewfew', time=Mon Mar 09 15:33:29 CST 2020, oid='6742d3461985435b85fa18482d534224'}, WeChatMessageItem{id=42, fromUserId=462, toUserId=1, messageType=0, messageContent='dsgfgfg', time=Mon Mar 09 15:33:44 CST 2020, oid='6742d3461985435b85fa18482d534224'}, WeChatMessageItem{id=50, fromUserId=462, toUserId=1, messageType=0, messageContent='dfdsf', time=Thu Mar 12 10:06:30 CST 2020, oid='2130bf72344d4b9c82f1eb75ba56a6d2'}, WeChatMessageItem{id=51, fromUserId=462, toUserId=1, messageType=0, messageContent='1', time=Thu Mar 12 10:11:47 CST 2020, oid='4a154a9de6e849f2acb792a6cca6ce5b'}, WeChatMessageItem{id=52, fromUserId=462, toUserId=1, messageType=0, messageContent='1111', time=Thu Mar 12 10:32:44 CST 2020, oid='bda0a919ee4b434a8f6ea1e8f9b924e9'}, WeChatMessageItem{id=53, fromUserId=462, toUserId=1, messageType=0, messageContent='1111111', time=Thu Mar 12 10:36:28 CST 2020, oid='ccd7a4f78a1845e4845176a01fe11c11'}, WeChatMessageItem{id=54, fromUserId=462, toUserId=1, messageType=0, messageContent='edfd', time=Thu Mar 12 10:44:31 CST 2020, oid='4e1b617c70064961801f061141695391'}, WeChatMessageItem{id=55, fromUserId=462, toUserId=1, messageType=0, messageContent='fdsfdfdsfds', time=Thu Mar 12 21:08:03 CST 2020, oid='3d91328393984765a5939a5278dc80d9'}, WeChatMessageItem{id=56, fromUserId=462, toUserId=1, messageType=0, messageContent='sfsasdfsf', time=Thu Mar 12 21:08:10 CST 2020, oid='3d91328393984765a5939a5278dc80d9'}, WeChatMessageItem{id=57, fromUserId=462, toUserId=1, messageType=0, messageContent='sdfsfds', time=Thu Mar 12 21:11:54 CST 2020, oid='a19317bfee0c4ba287934134dcada610'}, WeChatMessageItem{id=62, fromUserId=462, toUserId=1, messageType=0, messageContent='terte', time=Thu Mar 19 22:09:23 CST 2020, oid='81e407e89f3c47ab8399e420944f8256'}]
2020-03-19 22:20:21,151 [DEBUG] (WebSocketController.java:209)- ===  用户消息成功 消息数据：[{"fromUserId":1,"id":1,"messageContent":"小明很有力量","messageType":0,"oid":"6742d3461985435b85fa18482d534224","time":1581257806000,"toUserId":462},{"fromUserId":1,"id":2,"messageContent":"一起奋斗出一片新天地","messageType":0,"oid":"6742d3461985435b85fa18482d534224","time":1581257807000,"toUserId":462},{"fromUserId":1,"id":37,"messageContent":"[{\"answerTemplate\":\"12465\",\"consultId\":1,\"questionKey\":\"母乳喂养的好处\"},{\"answerTemplate\":\"fghgfd\",\"consultId\":5,\"questionKey\":\"母乳喂养的正确姿势姿势\"},{\"answerTemplate\":\"534534\",\"consultId\":27,\"questionKey\":\"乳头凹陷怎么办\"}]","messageType":3,"oid":"6742d3461985435b85fa18482d534224","time":1581477392000,"toUserId":462},{"fromUserId":462,"id":41,"messageContent":"ewfewfewfew","messageType":0,"oid":"6742d3461985435b85fa18482d534224","time":1583739209000,"toUserId":1},{"fromUserId":462,"id":42,"messageContent":"dsgfgfg","messageType":0,"oid":"6742d3461985435b85fa18482d534224","time":1583739224000,"toUserId":1},{"fromUserId":462,"id":50,"messageContent":"dfdsf","messageType":0,"oid":"2130bf72344d4b9c82f1eb75ba56a6d2","time":1583978790000,"toUserId":1},{"fromUserId":462,"id":51,"messageContent":"1","messageType":0,"oid":"4a154a9de6e849f2acb792a6cca6ce5b","time":1583979107000,"toUserId":1},{"fromUserId":462,"id":52,"messageContent":"1111","messageType":0,"oid":"bda0a919ee4b434a8f6ea1e8f9b924e9","time":1583980364000,"toUserId":1},{"fromUserId":462,"id":53,"messageContent":"1111111","messageType":0,"oid":"ccd7a4f78a1845e4845176a01fe11c11","time":1583980588000,"toUserId":1},{"fromUserId":462,"id":54,"messageContent":"edfd","messageType":0,"oid":"4e1b617c70064961801f061141695391","time":1583981071000,"toUserId":1},{"fromUserId":462,"id":55,"messageContent":"fdsfdfdsfds","messageType":0,"oid":"3d91328393984765a5939a5278dc80d9","time":1584018483000,"toUserId":1},{"fromUserId":462,"id":56,"messageContent":"sfsasdfsf","messageType":0,"oid":"3d91328393984765a5939a5278dc80d9","time":1584018490000,"toUserId":1},{"fromUserId":462,"id":57,"messageContent":"sdfsfds","messageType":0,"oid":"a19317bfee0c4ba287934134dcada610","time":1584018714000,"toUserId":1},{"fromUserId":462,"id":62,"messageContent":"terte","messageType":0,"oid":"81e407e89f3c47ab8399e420944f8256","time":1584626963000,"toUserId":1}] ===
2020-03-19 22:20:24,552 [INFO] (WebSocketController.java:137)- [WebSocket] 收到消息：{"fromUserId":462,"toUserId":"1","messageType":0,"messageContent":"ewrew","time":"2020-03-19 22:20:24","oid":"497203cfca494c62a75d265bd846d384"}
2020-03-19 22:20:24,559 [DEBUG] (BaseJdbcLogger.java:143)- ==>  Preparing: insert into wechat_message_item (id, from_user_id, to_user_id, message_type, message_content, time,oid ) values (?, ?, ?, ?, ?, ?, ? ) 
2020-03-19 22:20:24,561 [DEBUG] (BaseJdbcLogger.java:143)- ==> Parameters: null, 462(Integer), 1(Integer), 0(Integer), ewrew(String), 2020-03-19 22:20:24.0(Timestamp), 497203cfca494c62a75d265bd846d384(String)
2020-03-19 22:20:24,803 [DEBUG] (BaseJdbcLogger.java:143)- <==    Updates: 1
2020-03-19 22:20:24,806 [DEBUG] (WebSocketController.java:209)- ===  用户消息成功 消息数据：{"msg":"成功发送!","status":1} ===
2020-03-19 22:22:04,229 [INFO] (WebSocketController.java:112)- [WebSocket] 退出成功，当前连接人数为：=0 当前在线人： {}
